[ 2017-12-27T03:34:11+08:00 ] 222.42.245.33 /
INFO: [ app_init ] --START--
INFO: Run Behavior\BuildLiteBehavior [ RunTime:0.000021s ]
INFO: [ app_init ] --END-- [ RunTime:0.002127s ]
SQL: SHOW COLUMNS FROM `lj_conf` [ RunTime:0.0305s ]
SQL: SELECT `confing` FROM `lj_conf` WHERE `id` = 0 LIMIT 1   [ RunTime:0.0005s ]
NOTIC: [8] Use of undefined constant __APP__ - assumed '__APP__' D:\wwwroot\yunguanjia_y81sj9\web\ThinkPHP\Common\functions.php 第 1003 行.
NOTIC: [8] Use of undefined constant __APP__ - assumed '__APP__' D:\wwwroot\yunguanjia_y81sj9\web\ThinkPHP\Common\functions.php 第 1003 行.
INFO: [ app_begin ] --START--
INFO: Run Behavior\ReadHtmlCacheBehavior [ RunTime:0.012344s ]
INFO: [ app_begin ] --END-- [ RunTime:0.012434s ]
NOTIC: [8192] mysql_connect(): The mysql extension is deprecated and will be removed in the future: use mysqli or PDO instead D:\wwwroot\yunguanjia_y81sj9\web\ThinkPHP\Library\Think\Session\Driver\Db.class.php 第 95 行.

[ 2017-12-27T09:58:24+08:00 ] 111.178.7.207 /
INFO: [ app_init ] --START--
INFO: Run Behavior\BuildLiteBehavior [ RunTime:0.000023s ]
INFO: [ app_init ] --END-- [ RunTime:0.001369s ]
SQL: SHOW COLUMNS FROM `lj_conf` [ RunTime:0.0161s ]
SQL: SELECT `confing` FROM `lj_conf` WHERE `id` = 0 LIMIT 1   [ RunTime:0.0004s ]
NOTIC: [8] Use of undefined constant __APP__ - assumed '__APP__' D:\wwwroot\yunguanjia_y81sj9\web\ThinkPHP\Common\functions.php 第 1003 行.
NOTIC: [8] Use of undefined constant __APP__ - assumed '__APP__' D:\wwwroot\yunguanjia_y81sj9\web\ThinkPHP\Common\functions.php 第 1003 行.
INFO: [ app_begin ] --START--
INFO: Run Behavior\ReadHtmlCacheBehavior [ RunTime:0.001551s ]
INFO: [ app_begin ] --END-- [ RunTime:0.001649s ]
NOTIC: [8192] mysql_connect(): The mysql extension is deprecated and will be removed in the future: use mysqli or PDO instead D:\wwwroot\yunguanjia_y81sj9\web\ThinkPHP\Library\Think\Session\Driver\Db.class.php 第 95 行.
NOTIC: [8] Undefined index: code D:\wwwroot\yunguanjia_y81sj9\web\WEB\Index\Common\function.php 第 29 行.

[ 2017-12-27T09:58:26+08:00 ] 111.178.7.207 /index.php/Index/Index/index/id/.html?code=021WP1W407FlQI1mRCT40UVPV40WP1Wa&state=123456
INFO: [ app_init ] --START--
INFO: Run Behavior\BuildLiteBehavior [ RunTime:0.000022s ]
INFO: [ app_init ] --END-- [ RunTime:0.000792s ]
SQL: SHOW COLUMNS FROM `lj_conf` [ RunTime:0.0101s ]
SQL: SELECT `confing` FROM `lj_conf` WHERE `id` = 0 LIMIT 1   [ RunTime:0.0004s ]
NOTIC: [8] Use of undefined constant __APP__ - assumed '__APP__' D:\wwwroot\yunguanjia_y81sj9\web\ThinkPHP\Common\functions.php 第 1003 行.
NOTIC: [8] Use of undefined constant __APP__ - assumed '__APP__' D:\wwwroot\yunguanjia_y81sj9\web\ThinkPHP\Common\functions.php 第 1003 行.
INFO: [ app_begin ] --START--
INFO: Run Behavior\ReadHtmlCacheBehavior [ RunTime:0.000970s ]
INFO: [ app_begin ] --END-- [ RunTime:0.001067s ]
NOTIC: [8192] mysql_connect(): The mysql extension is deprecated and will be removed in the future: use mysqli or PDO instead D:\wwwroot\yunguanjia_y81sj9\web\ThinkPHP\Library\Think\Session\Driver\Db.class.php 第 95 行.
SQL: SHOW COLUMNS FROM `lj_member` [ RunTime:0.0414s ]
SQL: SELECT * FROM `lj_member` WHERE `openid` = null LIMIT 1   [ RunTime:0.0039s ]
NOTIC: [8] Undefined index: code D:\wwwroot\yunguanjia_y81sj9\web\WEB\Index\Common\function.php 第 45 行.

[ 2017-12-27T09:58:33+08:00 ] 111.178.7.207 /index.php/Index/Index/index/id/.html?code=011yhwEz0yEfvg19gjDz0LazEz0yhwEV&state=123456
INFO: [ app_init ] --START--
INFO: Run Behavior\BuildLiteBehavior [ RunTime:0.000021s ]
INFO: [ app_init ] --END-- [ RunTime:0.000818s ]
SQL: SHOW COLUMNS FROM `lj_conf` [ RunTime:0.0103s ]
SQL: SELECT `confing` FROM `lj_conf` WHERE `id` = 0 LIMIT 1   [ RunTime:0.0004s ]
NOTIC: [8] Use of undefined constant __APP__ - assumed '__APP__' D:\wwwroot\yunguanjia_y81sj9\web\ThinkPHP\Common\functions.php 第 1003 行.
NOTIC: [8] Use of undefined constant __APP__ - assumed '__APP__' D:\wwwroot\yunguanjia_y81sj9\web\ThinkPHP\Common\functions.php 第 1003 行.
INFO: [ app_begin ] --START--
INFO: Run Behavior\ReadHtmlCacheBehavior [ RunTime:0.000999s ]
INFO: [ app_begin ] --END-- [ RunTime:0.001090s ]
NOTIC: [8192] mysql_connect(): The mysql extension is deprecated and will be removed in the future: use mysqli or PDO instead D:\wwwroot\yunguanjia_y81sj9\web\ThinkPHP\Library\Think\Session\Driver\Db.class.php 第 95 行.
SQL: SHOW COLUMNS FROM `lj_member` [ RunTime:0.0099s ]
SQL: SELECT * FROM `lj_member` WHERE `openid` = null LIMIT 1   [ RunTime:0.0005s ]
SQL: SELECT `id` FROM `lj_member` WHERE `openid` = 'oUUPD1aBExeZcIVPIpldP9YqJSwA' LIMIT 1   [ RunTime:0.0004s ]
NOTIC: [8] Undefined index: state D:\wwwroot\yunguanjia_y81sj9\web\WEB\Index\Common\function.php 第 99 行.
INFO: [ view_parse ] --START--
NOTIC: [8] Undefined index: flag D:\wwwroot\yunguanjia_y81sj9\web\WEB\TagLib\TagLibLj.class.php 第 47 行.
NOTIC: [8] Undefined index: attrid D:\wwwroot\yunguanjia_y81sj9\web\WEB\TagLib\TagLibLj.class.php 第 42 行.
NOTIC: [8] Undefined index: flag D:\wwwroot\yunguanjia_y81sj9\web\WEB\TagLib\TagLibLj.class.php 第 47 行.
INFO: [ template_filter ] --START--
INFO: Run Behavior\ContentReplaceBehavior [ RunTime:0.001227s ]
INFO: [ template_filter ] --END-- [ RunTime:0.001317s ]
INFO: [ view_parse ] --START--
INFO: [ template_filter ] --START--
INFO: Run Behavior\ContentReplaceBehavior [ RunTime:0.000061s ]
INFO: [ template_filter ] --END-- [ RunTime:-0.029980s ]
SQL: SHOW COLUMNS FROM `lj_banner` [ RunTime:0.0682s ]
SQL: SELECT * FROM `lj_banner` WHERE ( type=1 and img is not null ) ORDER BY sort ASC,id DESC LIMIT 5   [ RunTime:0.0005s ]
INFO: Run Behavior\ParseTemplateBehavior [ RunTime:0.076159s ]
INFO: [ view_parse ] --END-- [ RunTime:0.076238s ]
INFO: [ view_filter ] --START--
INFO: Run Behavior\WriteHtmlCacheBehavior [ RunTime:0.013393s ]
INFO: [ view_filter ] --END-- [ RunTime:0.013464s ]
SQL: SHOW COLUMNS FROM `lj_cate` [ RunTime:0.0430s ]
SQL: SELECT * FROM `lj_cate` WHERE `stauts` = 0 AND `pid` = 3 ORDER BY sort ASC,id ASC LIMIT 4   [ RunTime:0.0006s ]
NOTIC: [8] Use of undefined constant Article - assumed 'Article' D:\wwwroot\yunguanjia_y81sj9\web\WEB\Runtime\Cache\Index\a823037c95891132233348d6d2fce91e.php 第 25 行.
NOTIC: [8] Use of undefined constant Info - assumed 'Info' D:\wwwroot\yunguanjia_y81sj9\web\WEB\Runtime\Cache\Index\a823037c95891132233348d6d2fce91e.php 第 25 行.
NOTIC: [8] Use of undefined constant Atlas - assumed 'Atlas' D:\wwwroot\yunguanjia_y81sj9\web\WEB\Runtime\Cache\Index\a823037c95891132233348d6d2fce91e.php 第 25 行.
NOTIC: [8] Use of undefined constant Gbook - assumed 'Gbook' D:\wwwroot\yunguanjia_y81sj9\web\WEB\Runtime\Cache\Index\a823037c95891132233348d6d2fce91e.php 第 25 行.
NOTIC: [8] Use of undefined constant Slink - assumed 'Slink' D:\wwwroot\yunguanjia_y81sj9\web\WEB\Runtime\Cache\Index\a823037c95891132233348d6d2fce91e.php 第 25 行.
NOTIC: [8] Use of undefined constant Jobs - assumed 'Jobs' D:\wwwroot\yunguanjia_y81sj9\web\WEB\Runtime\Cache\Index\a823037c95891132233348d6d2fce91e.php 第 25 行.
NOTIC: [8] Use of undefined constant Goods - assumed 'Goods' D:\wwwroot\yunguanjia_y81sj9\web\WEB\Runtime\Cache\Index\a823037c95891132233348d6d2fce91e.php 第 25 行.
NOTIC: [8] Use of undefined constant Article - assumed 'Article' D:\wwwroot\yunguanjia_y81sj9\web\WEB\Runtime\Cache\Index\a823037c95891132233348d6d2fce91e.php 第 25 行.
NOTIC: [8] Use of undefined constant Info - assumed 'Info' D:\wwwroot\yunguanjia_y81sj9\web\WEB\Runtime\Cache\Index\a823037c95891132233348d6d2fce91e.php 第 25 行.
NOTIC: [8] Use of undefined constant Atlas - assumed 'Atlas' D:\wwwroot\yunguanjia_y81sj9\web\WEB\Runtime\Cache\Index\a823037c95891132233348d6d2fce91e.php 第 25 行.
NOTIC: [8] Use of undefined constant Gbook - assumed 'Gbook' D:\wwwroot\yunguanjia_y81sj9\web\WEB\Runtime\Cache\Index\a823037c95891132233348d6d2fce91e.php 第 25 行.
NOTIC: [8] Use of undefined constant Slink - assumed 'Slink' D:\wwwroot\yunguanjia_y81sj9\web\WEB\Runtime\Cache\Index\a823037c95891132233348d6d2fce91e.php 第 25 行.
NOTIC: [8] Use of undefined constant Jobs - assumed 'Jobs' D:\wwwroot\yunguanjia_y81sj9\web\WEB\Runtime\Cache\Index\a823037c95891132233348d6d2fce91e.php 第 25 行.
NOTIC: [8] Use of undefined constant Goods - assumed 'Goods' D:\wwwroot\yunguanjia_y81sj9\web\WEB\Runtime\Cache\Index\a823037c95891132233348d6d2fce91e.php 第 25 行.
NOTIC: [8] Use of undefined constant Article - assumed 'Article' D:\wwwroot\yunguanjia_y81sj9\web\WEB\Runtime\Cache\Index\a823037c95891132233348d6d2fce91e.php 第 25 行.
NOTIC: [8] Use of undefined constant Info - assumed 'Info' D:\wwwroot\yunguanjia_y81sj9\web\WEB\Runtime\Cache\Index\a823037c95891132233348d6d2fce91e.php 第 25 行.
NOTIC: [8] Use of undefined constant Atlas - assumed 'Atlas' D:\wwwroot\yunguanjia_y81sj9\web\WEB\Runtime\Cache\Index\a823037c95891132233348d6d2fce91e.php 第 25 行.
NOTIC: [8] Use of undefined constant Gbook - assumed 'Gbook' D:\wwwroot\yunguanjia_y81sj9\web\WEB\Runtime\Cache\Index\a823037c95891132233348d6d2fce91e.php 第 25 行.
NOTIC: [8] Use of undefined constant Slink - assumed 'Slink' D:\wwwroot\yunguanjia_y81sj9\web\WEB\Runtime\Cache\Index\a823037c95891132233348d6d2fce91e.php 第 25 行.
NOTIC: [8] Use of undefined constant Jobs - assumed 'Jobs' D:\wwwroot\yunguanjia_y81sj9\web\WEB\Runtime\Cache\Index\a823037c95891132233348d6d2fce91e.php 第 25 行.
NOTIC: [8] Use of undefined constant Goods - assumed 'Goods' D:\wwwroot\yunguanjia_y81sj9\web\WEB\Runtime\Cache\Index\a823037c95891132233348d6d2fce91e.php 第 25 行.
NOTIC: [8] Use of undefined constant Article - assumed 'Article' D:\wwwroot\yunguanjia_y81sj9\web\WEB\Runtime\Cache\Index\a823037c95891132233348d6d2fce91e.php 第 25 行.
NOTIC: [8] Use of undefined constant Info - assumed 'Info' D:\wwwroot\yunguanjia_y81sj9\web\WEB\Runtime\Cache\Index\a823037c95891132233348d6d2fce91e.php 第 25 行.
NOTIC: [8] Use of undefined constant Atlas - assumed 'Atlas' D:\wwwroot\yunguanjia_y81sj9\web\WEB\Runtime\Cache\Index\a823037c95891132233348d6d2fce91e.php 第 25 行.
NOTIC: [8] Use of undefined constant Gbook - assumed 'Gbook' D:\wwwroot\yunguanjia_y81sj9\web\WEB\Runtime\Cache\Index\a823037c95891132233348d6d2fce91e.php 第 25 行.
NOTIC: [8] Use of undefined constant Slink - assumed 'Slink' D:\wwwroot\yunguanjia_y81sj9\web\WEB\Runtime\Cache\Index\a823037c95891132233348d6d2fce91e.php 第 25 行.
NOTIC: [8] Use of undefined constant Jobs - assumed 'Jobs' D:\wwwroot\yunguanjia_y81sj9\web\WEB\Runtime\Cache\Index\a823037c95891132233348d6d2fce91e.php 第 25 行.
NOTIC: [8] Use of undefined constant Goods - assumed 'Goods' D:\wwwroot\yunguanjia_y81sj9\web\WEB\Runtime\Cache\Index\a823037c95891132233348d6d2fce91e.php 第 25 行.
SQL: SHOW COLUMNS FROM `lj_article` [ RunTime:0.0490s ]
SQL: SELECT `id`,`title`,`description`,`jf`,`pic`,`time`,`click` FROM `lj_article` INNER JOIN lj_article_attr ON lj_article.id = lj_article_attr.artid  WHERE ( cid in (2) and del=0 and pic<>'' ) ORDER BY time desc LIMIT 3   [ RunTime:0.0394s ]
SQL: SHOW COLUMNS FROM `lj_article` [ RunTime:0.0102s ]
SQL: SELECT `id`,`title`,`description`,`jf`,`pic`,`time`,`click` FROM `lj_article` WHERE ( cid in (2) and del=0 and pic<>'' ) ORDER BY time desc LIMIT 8   [ RunTime:0.0087s ]
SQL: SHOW COLUMNS FROM `lj_attr` [ RunTime:0.0504s ]
NOTIC: [8] Undefined index: mapping_order D:\wwwroot\yunguanjia_y81sj9\web\ThinkPHP\Library\Think\Model\RelationModel.class.php 第 186 行.
NOTIC: [8] Undefined index: mapping_limit D:\wwwroot\yunguanjia_y81sj9\web\ThinkPHP\Library\Think\Model\RelationModel.class.php 第 187 行.
SQL: SELECT b.* FROM lj_article_attr AS a, lj_attr AS b WHERE a.attrid = b.id AND a. artid='1' [ RunTime:0.0005s ]
NOTIC: [8] Undefined variable: cid D:\wwwroot\yunguanjia_y81sj9\web\WEB\Runtime\Cache\Index\a823037c95891132233348d6d2fce91e.php 第 76 行.
INFO: Run Behavior\ParseTemplateBehavior [ RunTime:0.324500s ]
INFO: [ view_parse ] --END-- [ RunTime:0.076238s ]
INFO: [ view_filter ] --START--
INFO: Run Behavior\WriteHtmlCacheBehavior [ RunTime:0.000018s ]
INFO: [ view_filter ] --END-- [ RunTime:-0.234865s ]
INFO: [ app_end ] --START--
INFO: Run Behavior\ShowPageTraceBehavior [ RunTime:0.019801s ]
INFO: [ app_end ] --END-- [ RunTime:0.019872s ]

[ 2017-12-27T09:58:33+08:00 ] 111.178.7.207 /index.php/Index/member/cart/num/1
INFO: [ app_init ] --START--
INFO: Run Behavior\BuildLiteBehavior [ RunTime:0.000020s ]
INFO: [ app_init ] --END-- [ RunTime:0.000817s ]
SQL: SHOW COLUMNS FROM `lj_conf` [ RunTime:0.0097s ]
SQL: SELECT `confing` FROM `lj_conf` WHERE `id` = 0 LIMIT 1   [ RunTime:0.0004s ]
NOTIC: [8] Use of undefined constant __APP__ - assumed '__APP__' D:\wwwroot\yunguanjia_y81sj9\web\ThinkPHP\Common\functions.php 第 1003 行.
NOTIC: [8] Use of undefined constant __APP__ - assumed '__APP__' D:\wwwroot\yunguanjia_y81sj9\web\ThinkPHP\Common\functions.php 第 1003 行.
INFO: [ app_begin ] --START--
INFO: Run Behavior\ReadHtmlCacheBehavior [ RunTime:0.001025s ]
INFO: [ app_begin ] --END-- [ RunTime:0.001112s ]
NOTIC: [8192] mysql_connect(): The mysql extension is deprecated and will be removed in the future: use mysqli or PDO instead D:\wwwroot\yunguanjia_y81sj9\web\ThinkPHP\Library\Think\Session\Driver\Db.class.php 第 95 行.
SQL: SHOW COLUMNS FROM `lj_orders` [ RunTime:0.0377s ]
SQL: SELECT COUNT(*) AS tp_count FROM `lj_orders` WHERE `uid` = 10002 AND `status` <= 1 LIMIT 1   [ RunTime:0.0046s ]
INFO: [ app_end ] --START--
INFO: Run Behavior\ShowPageTraceBehavior [ RunTime:0.001697s ]
INFO: [ app_end ] --END-- [ RunTime:0.001771s ]

[ 2017-12-27T09:58:35+08:00 ] 111.178.7.207 /index.php/Index/member/index/spread/10002
INFO: [ app_init ] --START--
INFO: Run Behavior\BuildLiteBehavior [ RunTime:0.000021s ]
INFO: [ app_init ] --END-- [ RunTime:0.000802s ]
SQL: SHOW COLUMNS FROM `lj_conf` [ RunTime:0.0096s ]
SQL: SELECT `confing` FROM `lj_conf` WHERE `id` = 0 LIMIT 1   [ RunTime:0.0004s ]
NOTIC: [8] Use of undefined constant __APP__ - assumed '__APP__' D:\wwwroot\yunguanjia_y81sj9\web\ThinkPHP\Common\functions.php 第 1003 行.
NOTIC: [8] Use of undefined constant __APP__ - assumed '__APP__' D:\wwwroot\yunguanjia_y81sj9\web\ThinkPHP\Common\functions.php 第 1003 行.
INFO: [ app_begin ] --START--
INFO: Run Behavior\ReadHtmlCacheBehavior [ RunTime:0.000980s ]
INFO: [ app_begin ] --END-- [ RunTime:0.001070s ]
NOTIC: [8192] mysql_connect(): The mysql extension is deprecated and will be removed in the future: use mysqli or PDO instead D:\wwwroot\yunguanjia_y81sj9\web\ThinkPHP\Library\Think\Session\Driver\Db.class.php 第 95 行.
SQL: SHOW COLUMNS FROM `lj_member` [ RunTime:0.0105s ]
SQL: SELECT * FROM `lj_member` WHERE `openid` = 'oUUPD1aBExeZcIVPIpldP9YqJSwA' LIMIT 1   [ RunTime:0.0005s ]
SQL: SHOW COLUMNS FROM `lj_orders` [ RunTime:0.0105s ]
SQL: SELECT `id`,`sumprice`,`pname`,`order`,`price`,`num`,`buytime`,`status` FROM `lj_orders` WHERE `uid` = 10002 AND `status` >= 2 ORDER BY id desc LIMIT 6   [ RunTime:0.0005s ]
SQL: SELECT `username`,`photo` FROM `lj_member` WHERE `yqrid` = 10002 ORDER BY id desc  [ RunTime:0.0004s ]
INFO: [ view_parse ] --START--
INFO: [ template_filter ] --START--
INFO: Run Behavior\ContentReplaceBehavior [ RunTime:0.000162s ]
INFO: [ template_filter ] --END-- [ RunTime:0.000237s ]
NOTIC: [8] Undefined variable: cid D:\wwwroot\yunguanjia_y81sj9\web\WEB\Runtime\Cache\Index\b859f6176146e866a525313fe478b237.php 第 171 行.
INFO: Run Behavior\ParseTemplateBehavior [ RunTime:0.033593s ]
INFO: [ view_parse ] --END-- [ RunTime:0.033682s ]
INFO: [ view_filter ] --START--
INFO: Run Behavior\WriteHtmlCacheBehavior [ RunTime:0.001346s ]
INFO: [ view_filter ] --END-- [ RunTime:0.001417s ]
INFO: [ app_end ] --START--
INFO: Run Behavior\ShowPageTraceBehavior [ RunTime:0.001637s ]
INFO: [ app_end ] --END-- [ RunTime:0.001709s ]

[ 2017-12-27T09:58:39+08:00 ] 111.178.7.207 /index.php/Index/member/ewm
INFO: [ app_init ] --START--
INFO: Run Behavior\BuildLiteBehavior [ RunTime:0.000022s ]
INFO: [ app_init ] --END-- [ RunTime:0.000793s ]
SQL: SHOW COLUMNS FROM `lj_conf` [ RunTime:0.0105s ]
SQL: SELECT `confing` FROM `lj_conf` WHERE `id` = 0 LIMIT 1   [ RunTime:0.0004s ]
NOTIC: [8] Use of undefined constant __APP__ - assumed '__APP__' D:\wwwroot\yunguanjia_y81sj9\web\ThinkPHP\Common\functions.php 第 1003 行.
NOTIC: [8] Use of undefined constant __APP__ - assumed '__APP__' D:\wwwroot\yunguanjia_y81sj9\web\ThinkPHP\Common\functions.php 第 1003 行.
INFO: [ app_begin ] --START--
INFO: Run Behavior\ReadHtmlCacheBehavior [ RunTime:0.000966s ]
INFO: [ app_begin ] --END-- [ RunTime:0.001055s ]
NOTIC: [8192] mysql_connect(): The mysql extension is deprecated and will be removed in the future: use mysqli or PDO instead D:\wwwroot\yunguanjia_y81sj9\web\ThinkPHP\Library\Think\Session\Driver\Db.class.php 第 95 行.

[ 2017-12-27T10:30:07+08:00 ] 111.178.7.207 /index.php/Index/member
INFO: [ app_init ] --START--
INFO: Run Behavior\BuildLiteBehavior [ RunTime:0.000022s ]
INFO: [ app_init ] --END-- [ RunTime:0.001329s ]
SQL: SHOW COLUMNS FROM `lj_conf` [ RunTime:0.0099s ]
SQL: SELECT `confing` FROM `lj_conf` WHERE `id` = 0 LIMIT 1   [ RunTime:0.0004s ]
NOTIC: [8] Use of undefined constant __APP__ - assumed '__APP__' D:\wwwroot\yunguanjia_y81sj9\web\ThinkPHP\Common\functions.php 第 1003 行.
NOTIC: [8] Use of undefined constant __APP__ - assumed '__APP__' D:\wwwroot\yunguanjia_y81sj9\web\ThinkPHP\Common\functions.php 第 1003 行.
INFO: [ app_begin ] --START--
INFO: Run Behavior\ReadHtmlCacheBehavior [ RunTime:0.001439s ]
INFO: [ app_begin ] --END-- [ RunTime:0.001532s ]
NOTIC: [8192] mysql_connect(): The mysql extension is deprecated and will be removed in the future: use mysqli or PDO instead D:\wwwroot\yunguanjia_y81sj9\web\ThinkPHP\Library\Think\Session\Driver\Db.class.php 第 95 行.

[ 2017-12-27T10:30:21+08:00 ] 111.178.7.207 /index.php/Index/member
INFO: [ app_init ] --START--
INFO: Run Behavior\BuildLiteBehavior [ RunTime:0.000022s ]
INFO: [ app_init ] --END-- [ RunTime:0.000825s ]
SQL: SHOW COLUMNS FROM `lj_conf` [ RunTime:0.0131s ]
SQL: SELECT `confing` FROM `lj_conf` WHERE `id` = 0 LIMIT 1   [ RunTime:0.0004s ]
NOTIC: [8] Use of undefined constant __APP__ - assumed '__APP__' D:\wwwroot\yunguanjia_y81sj9\web\ThinkPHP\Common\functions.php 第 1003 行.
NOTIC: [8] Use of undefined constant __APP__ - assumed '__APP__' D:\wwwroot\yunguanjia_y81sj9\web\ThinkPHP\Common\functions.php 第 1003 行.
INFO: [ app_begin ] --START--
INFO: Run Behavior\ReadHtmlCacheBehavior [ RunTime:0.000981s ]
INFO: [ app_begin ] --END-- [ RunTime:0.001073s ]
NOTIC: [8192] mysql_connect(): The mysql extension is deprecated and will be removed in the future: use mysqli or PDO instead D:\wwwroot\yunguanjia_y81sj9\web\ThinkPHP\Library\Think\Session\Driver\Db.class.php 第 95 行.

[ 2017-12-27T10:30:21+08:00 ] 111.178.7.207 /index.php/Index/member
INFO: [ app_init ] --START--
INFO: Run Behavior\BuildLiteBehavior [ RunTime:0.000022s ]
INFO: [ app_init ] --END-- [ RunTime:0.000828s ]
SQL: SHOW COLUMNS FROM `lj_conf` [ RunTime:0.0132s ]
SQL: SELECT `confing` FROM `lj_conf` WHERE `id` = 0 LIMIT 1   [ RunTime:0.0004s ]
NOTIC: [8] Use of undefined constant __APP__ - assumed '__APP__' D:\wwwroot\yunguanjia_y81sj9\web\ThinkPHP\Common\functions.php 第 1003 行.
NOTIC: [8] Use of undefined constant __APP__ - assumed '__APP__' D:\wwwroot\yunguanjia_y81sj9\web\ThinkPHP\Common\functions.php 第 1003 行.
INFO: [ app_begin ] --START--
INFO: Run Behavior\ReadHtmlCacheBehavior [ RunTime:0.000972s ]
INFO: [ app_begin ] --END-- [ RunTime:0.001065s ]
NOTIC: [8192] mysql_connect(): The mysql extension is deprecated and will be removed in the future: use mysqli or PDO instead D:\wwwroot\yunguanjia_y81sj9\web\ThinkPHP\Library\Think\Session\Driver\Db.class.php 第 95 行.

[ 2017-12-27T10:30:25+08:00 ] 111.178.7.207 /index.php/Index/member/ewm
INFO: [ app_init ] --START--
INFO: Run Behavior\BuildLiteBehavior [ RunTime:0.000027s ]
INFO: [ app_init ] --END-- [ RunTime:0.000805s ]
SQL: SHOW COLUMNS FROM `lj_conf` [ RunTime:0.0131s ]
SQL: SELECT `confing` FROM `lj_conf` WHERE `id` = 0 LIMIT 1   [ RunTime:0.0004s ]
NOTIC: [8] Use of undefined constant __APP__ - assumed '__APP__' D:\wwwroot\yunguanjia_y81sj9\web\ThinkPHP\Common\functions.php 第 1003 行.
NOTIC: [8] Use of undefined constant __APP__ - assumed '__APP__' D:\wwwroot\yunguanjia_y81sj9\web\ThinkPHP\Common\functions.php 第 1003 行.
INFO: [ app_begin ] --START--
INFO: Run Behavior\ReadHtmlCacheBehavior [ RunTime:0.000986s ]
INFO: [ app_begin ] --END-- [ RunTime:0.001081s ]
NOTIC: [8192] mysql_connect(): The mysql extension is deprecated and will be removed in the future: use mysqli or PDO instead D:\wwwroot\yunguanjia_y81sj9\web\ThinkPHP\Library\Think\Session\Driver\Db.class.php 第 95 行.

[ 2017-12-27T10:30:29+08:00 ] 111.178.7.207 /index.php/Index/member/index/spread/10002
INFO: [ app_init ] --START--
INFO: Run Behavior\BuildLiteBehavior [ RunTime:0.000021s ]
INFO: [ app_init ] --END-- [ RunTime:0.000828s ]
SQL: SHOW COLUMNS FROM `lj_conf` [ RunTime:0.0142s ]
SQL: SELECT `confing` FROM `lj_conf` WHERE `id` = 0 LIMIT 1   [ RunTime:0.0004s ]
NOTIC: [8] Use of undefined constant __APP__ - assumed '__APP__' D:\wwwroot\yunguanjia_y81sj9\web\ThinkPHP\Common\functions.php 第 1003 行.
NOTIC: [8] Use of undefined constant __APP__ - assumed '__APP__' D:\wwwroot\yunguanjia_y81sj9\web\ThinkPHP\Common\functions.php 第 1003 行.
INFO: [ app_begin ] --START--
INFO: Run Behavior\ReadHtmlCacheBehavior [ RunTime:0.000988s ]
INFO: [ app_begin ] --END-- [ RunTime:0.001080s ]
NOTIC: [8192] mysql_connect(): The mysql extension is deprecated and will be removed in the future: use mysqli or PDO instead D:\wwwroot\yunguanjia_y81sj9\web\ThinkPHP\Library\Think\Session\Driver\Db.class.php 第 95 行.

[ 2017-12-27T10:30:30+08:00 ] 111.178.7.207 /index.php/Index/member/index/spread/10002
INFO: [ app_init ] --START--
INFO: Run Behavior\BuildLiteBehavior [ RunTime:0.000023s ]
INFO: [ app_init ] --END-- [ RunTime:0.000977s ]
SQL: SHOW COLUMNS FROM `lj_conf` [ RunTime:0.0145s ]
SQL: SELECT `confing` FROM `lj_conf` WHERE `id` = 0 LIMIT 1   [ RunTime:0.0003s ]
NOTIC: [8] Use of undefined constant __APP__ - assumed '__APP__' D:\wwwroot\yunguanjia_y81sj9\web\ThinkPHP\Common\functions.php 第 1003 行.
NOTIC: [8] Use of undefined constant __APP__ - assumed '__APP__' D:\wwwroot\yunguanjia_y81sj9\web\ThinkPHP\Common\functions.php 第 1003 行.
INFO: [ app_begin ] --START--
INFO: Run Behavior\ReadHtmlCacheBehavior [ RunTime:0.000922s ]
INFO: [ app_begin ] --END-- [ RunTime:0.001014s ]
NOTIC: [8192] mysql_connect(): The mysql extension is deprecated and will be removed in the future: use mysqli or PDO instead D:\wwwroot\yunguanjia_y81sj9\web\ThinkPHP\Library\Think\Session\Driver\Db.class.php 第 95 行.

[ 2017-12-27T10:31:28+08:00 ] 111.178.7.207 /index.php/Index/member/index/spread/10002
INFO: [ app_init ] --START--
INFO: Run Behavior\BuildLiteBehavior [ RunTime:0.000037s ]
INFO: [ app_init ] --END-- [ RunTime:0.001184s ]
SQL: SHOW COLUMNS FROM `lj_conf` [ RunTime:0.0106s ]
SQL: SELECT `confing` FROM `lj_conf` WHERE `id` = 0 LIMIT 1   [ RunTime:0.0004s ]
NOTIC: [8] Use of undefined constant __APP__ - assumed '__APP__' D:\wwwroot\yunguanjia_y81sj9\web\ThinkPHP\Common\functions.php 第 1003 行.
NOTIC: [8] Use of undefined constant __APP__ - assumed '__APP__' D:\wwwroot\yunguanjia_y81sj9\web\ThinkPHP\Common\functions.php 第 1003 行.
INFO: [ app_begin ] --START--
INFO: Run Behavior\ReadHtmlCacheBehavior [ RunTime:0.000985s ]
INFO: [ app_begin ] --END-- [ RunTime:0.001081s ]
NOTIC: [8192] mysql_connect(): The mysql extension is deprecated and will be removed in the future: use mysqli or PDO instead D:\wwwroot\yunguanjia_y81sj9\web\ThinkPHP\Library\Think\Session\Driver\Db.class.php 第 95 行.

[ 2017-12-27T10:31:32+08:00 ] 111.178.7.207 /index.php/Index/member/index/spread/10002
INFO: [ app_init ] --START--
INFO: Run Behavior\BuildLiteBehavior [ RunTime:0.000031s ]
INFO: [ app_init ] --END-- [ RunTime:0.002878s ]
SQL: SHOW COLUMNS FROM `lj_conf` [ RunTime:0.0143s ]
SQL: SELECT `confing` FROM `lj_conf` WHERE `id` = 0 LIMIT 1   [ RunTime:0.0004s ]
NOTIC: [8] Use of undefined constant __APP__ - assumed '__APP__' D:\wwwroot\yunguanjia_y81sj9\web\ThinkPHP\Common\functions.php 第 1003 行.
NOTIC: [8] Use of undefined constant __APP__ - assumed '__APP__' D:\wwwroot\yunguanjia_y81sj9\web\ThinkPHP\Common\functions.php 第 1003 行.
INFO: [ app_begin ] --START--
INFO: Run Behavior\ReadHtmlCacheBehavior [ RunTime:0.001408s ]
INFO: [ app_begin ] --END-- [ RunTime:0.001542s ]
NOTIC: [8192] mysql_connect(): The mysql extension is deprecated and will be removed in the future: use mysqli or PDO instead D:\wwwroot\yunguanjia_y81sj9\web\ThinkPHP\Library\Think\Session\Driver\Db.class.php 第 95 行.

[ 2017-12-27T10:31:32+08:00 ] 111.178.7.207 /index.php/Index/member/index/spread/10002
INFO: [ app_init ] --START--
INFO: Run Behavior\BuildLiteBehavior [ RunTime:0.000032s ]
INFO: [ app_init ] --END-- [ RunTime:0.002371s ]
SQL: SHOW COLUMNS FROM `lj_conf` [ RunTime:0.0121s ]
SQL: SELECT `confing` FROM `lj_conf` WHERE `id` = 0 LIMIT 1   [ RunTime:0.0006s ]
NOTIC: [8] Use of undefined constant __APP__ - assumed '__APP__' D:\wwwroot\yunguanjia_y81sj9\web\ThinkPHP\Common\functions.php 第 1003 行.
NOTIC: [8] Use of undefined constant __APP__ - assumed '__APP__' D:\wwwroot\yunguanjia_y81sj9\web\ThinkPHP\Common\functions.php 第 1003 行.
INFO: [ app_begin ] --START--
INFO: Run Behavior\ReadHtmlCacheBehavior [ RunTime:0.002200s ]
INFO: [ app_begin ] --END-- [ RunTime:0.002319s ]
NOTIC: [8192] mysql_connect(): The mysql extension is deprecated and will be removed in the future: use mysqli or PDO instead D:\wwwroot\yunguanjia_y81sj9\web\ThinkPHP\Library\Think\Session\Driver\Db.class.php 第 95 行.

[ 2017-12-27T10:31:32+08:00 ] 111.178.7.207 /index.php/Index/member/index/spread/10002
INFO: [ app_init ] --START--
INFO: Run Behavior\BuildLiteBehavior [ RunTime:0.000034s ]
INFO: [ app_init ] --END-- [ RunTime:0.001730s ]
SQL: SHOW COLUMNS FROM `lj_conf` [ RunTime:0.0130s ]
SQL: SELECT `confing` FROM `lj_conf` WHERE `id` = 0 LIMIT 1   [ RunTime:0.0005s ]
NOTIC: [8] Use of undefined constant __APP__ - assumed '__APP__' D:\wwwroot\yunguanjia_y81sj9\web\ThinkPHP\Common\functions.php 第 1003 行.
NOTIC: [8] Use of undefined constant __APP__ - assumed '__APP__' D:\wwwroot\yunguanjia_y81sj9\web\ThinkPHP\Common\functions.php 第 1003 行.
INFO: [ app_begin ] --START--
INFO: Run Behavior\ReadHtmlCacheBehavior [ RunTime:0.002001s ]
INFO: [ app_begin ] --END-- [ RunTime:0.002147s ]
NOTIC: [8192] mysql_connect(): The mysql extension is deprecated and will be removed in the future: use mysqli or PDO instead D:\wwwroot\yunguanjia_y81sj9\web\ThinkPHP\Library\Think\Session\Driver\Db.class.php 第 95 行.

[ 2017-12-27T10:31:32+08:00 ] 111.178.7.207 /index.php/Index/member/index/spread/10002
INFO: [ app_init ] --START--
INFO: Run Behavior\BuildLiteBehavior [ RunTime:0.000023s ]
INFO: [ app_init ] --END-- [ RunTime:0.004965s ]
SQL: SHOW COLUMNS FROM `lj_conf` [ RunTime:0.0132s ]
SQL: SELECT `confing` FROM `lj_conf` WHERE `id` = 0 LIMIT 1   [ RunTime:0.0004s ]
NOTIC: [8] Use of undefined constant __APP__ - assumed '__APP__' D:\wwwroot\yunguanjia_y81sj9\web\ThinkPHP\Common\functions.php 第 1003 行.
NOTIC: [8] Use of undefined constant __APP__ - assumed '__APP__' D:\wwwroot\yunguanjia_y81sj9\web\ThinkPHP\Common\functions.php 第 1003 行.
INFO: [ app_begin ] --START--
INFO: Run Behavior\ReadHtmlCacheBehavior [ RunTime:0.001800s ]
INFO: [ app_begin ] --END-- [ RunTime:0.001936s ]
NOTIC: [8192] mysql_connect(): The mysql extension is deprecated and will be removed in the future: use mysqli or PDO instead D:\wwwroot\yunguanjia_y81sj9\web\ThinkPHP\Library\Think\Session\Driver\Db.class.php 第 95 行.

[ 2017-12-27T10:31:32+08:00 ] 111.178.7.207 /index.php/Index/member/index/spread/10002
INFO: [ app_init ] --START--
INFO: Run Behavior\BuildLiteBehavior [ RunTime:0.000029s ]
INFO: [ app_init ] --END-- [ RunTime:0.001522s ]
SQL: SHOW COLUMNS FROM `lj_conf` [ RunTime:0.0137s ]
SQL: SELECT `confing` FROM `lj_conf` WHERE `id` = 0 LIMIT 1   [ RunTime:0.0004s ]
NOTIC: [8] Use of undefined constant __APP__ - assumed '__APP__' D:\wwwroot\yunguanjia_y81sj9\web\ThinkPHP\Common\functions.php 第 1003 行.
NOTIC: [8] Use of undefined constant __APP__ - assumed '__APP__' D:\wwwroot\yunguanjia_y81sj9\web\ThinkPHP\Common\functions.php 第 1003 行.
INFO: [ app_begin ] --START--
INFO: Run Behavior\ReadHtmlCacheBehavior [ RunTime:0.001648s ]
INFO: [ app_begin ] --END-- [ RunTime:0.001776s ]
NOTIC: [8192] mysql_connect(): The mysql extension is deprecated and will be removed in the future: use mysqli or PDO instead D:\wwwroot\yunguanjia_y81sj9\web\ThinkPHP\Library\Think\Session\Driver\Db.class.php 第 95 行.

[ 2017-12-27T10:31:32+08:00 ] 111.178.7.207 /index.php/Index/member/index/spread/10002
INFO: [ app_init ] --START--
INFO: Run Behavior\BuildLiteBehavior [ RunTime:0.000032s ]
INFO: [ app_init ] --END-- [ RunTime:0.001650s ]
SQL: SHOW COLUMNS FROM `lj_conf` [ RunTime:0.0177s ]
SQL: SELECT `confing` FROM `lj_conf` WHERE `id` = 0 LIMIT 1   [ RunTime:0.0004s ]
NOTIC: [8] Use of undefined constant __APP__ - assumed '__APP__' D:\wwwroot\yunguanjia_y81sj9\web\ThinkPHP\Common\functions.php 第 1003 行.
NOTIC: [8] Use of undefined constant __APP__ - assumed '__APP__' D:\wwwroot\yunguanjia_y81sj9\web\ThinkPHP\Common\functions.php 第 1003 行.
INFO: [ app_begin ] --START--
INFO: Run Behavior\ReadHtmlCacheBehavior [ RunTime:0.001538s ]
INFO: [ app_begin ] --END-- [ RunTime:0.001654s ]
NOTIC: [8192] mysql_connect(): The mysql extension is deprecated and will be removed in the future: use mysqli or PDO instead D:\wwwroot\yunguanjia_y81sj9\web\ThinkPHP\Library\Think\Session\Driver\Db.class.php 第 95 行.

[ 2017-12-27T10:31:32+08:00 ] 111.178.7.207 /index.php/Index/member/index/spread/10002
INFO: [ app_init ] --START--
INFO: Run Behavior\BuildLiteBehavior [ RunTime:0.000028s ]
INFO: [ app_init ] --END-- [ RunTime:0.001462s ]
SQL: SHOW COLUMNS FROM `lj_conf` [ RunTime:0.0216s ]
SQL: SELECT `confing` FROM `lj_conf` WHERE `id` = 0 LIMIT 1   [ RunTime:0.0004s ]
NOTIC: [8] Use of undefined constant __APP__ - assumed '__APP__' D:\wwwroot\yunguanjia_y81sj9\web\ThinkPHP\Common\functions.php 第 1003 行.
NOTIC: [8] Use of undefined constant __APP__ - assumed '__APP__' D:\wwwroot\yunguanjia_y81sj9\web\ThinkPHP\Common\functions.php 第 1003 行.
INFO: [ app_begin ] --START--
INFO: Run Behavior\ReadHtmlCacheBehavior [ RunTime:0.001648s ]
INFO: [ app_begin ] --END-- [ RunTime:0.001777s ]
NOTIC: [8192] mysql_connect(): The mysql extension is deprecated and will be removed in the future: use mysqli or PDO instead D:\wwwroot\yunguanjia_y81sj9\web\ThinkPHP\Library\Think\Session\Driver\Db.class.php 第 95 行.

[ 2017-12-27T10:31:32+08:00 ] 111.178.7.207 /index.php/Index/member/index/spread/10002
INFO: [ app_init ] --START--
INFO: Run Behavior\BuildLiteBehavior [ RunTime:0.000035s ]
INFO: [ app_init ] --END-- [ RunTime:0.001592s ]
SQL: SHOW COLUMNS FROM `lj_conf` [ RunTime:0.0145s ]
SQL: SELECT `confing` FROM `lj_conf` WHERE `id` = 0 LIMIT 1   [ RunTime:0.0004s ]
NOTIC: [8] Use of undefined constant __APP__ - assumed '__APP__' D:\wwwroot\yunguanjia_y81sj9\web\ThinkPHP\Common\functions.php 第 1003 行.
NOTIC: [8] Use of undefined constant __APP__ - assumed '__APP__' D:\wwwroot\yunguanjia_y81sj9\web\ThinkPHP\Common\functions.php 第 1003 行.
INFO: [ app_begin ] --START--
INFO: Run Behavior\ReadHtmlCacheBehavior [ RunTime:0.001268s ]
INFO: [ app_begin ] --END-- [ RunTime:0.001374s ]
NOTIC: [8192] mysql_connect(): The mysql extension is deprecated and will be removed in the future: use mysqli or PDO instead D:\wwwroot\yunguanjia_y81sj9\web\ThinkPHP\Library\Think\Session\Driver\Db.class.php 第 95 行.

[ 2017-12-27T10:31:32+08:00 ] 111.178.7.207 /index.php/Index/member/index/spread/10002
INFO: [ app_init ] --START--
INFO: Run Behavior\BuildLiteBehavior [ RunTime:0.000028s ]
INFO: [ app_init ] --END-- [ RunTime:0.001212s ]
SQL: SHOW COLUMNS FROM `lj_conf` [ RunTime:0.0087s ]
SQL: SELECT `confing` FROM `lj_conf` WHERE `id` = 0 LIMIT 1   [ RunTime:0.0003s ]
NOTIC: [8] Use of undefined constant __APP__ - assumed '__APP__' D:\wwwroot\yunguanjia_y81sj9\web\ThinkPHP\Common\functions.php 第 1003 行.
NOTIC: [8] Use of undefined constant __APP__ - assumed '__APP__' D:\wwwroot\yunguanjia_y81sj9\web\ThinkPHP\Common\functions.php 第 1003 行.
INFO: [ app_begin ] --START--
INFO: Run Behavior\ReadHtmlCacheBehavior [ RunTime:0.001083s ]
INFO: [ app_begin ] --END-- [ RunTime:0.001171s ]
NOTIC: [8192] mysql_connect(): The mysql extension is deprecated and will be removed in the future: use mysqli or PDO instead D:\wwwroot\yunguanjia_y81sj9\web\ThinkPHP\Library\Think\Session\Driver\Db.class.php 第 95 行.

[ 2017-12-27T15:05:52+08:00 ] 222.42.245.33 /
INFO: [ app_init ] --START--
INFO: Run Behavior\BuildLiteBehavior [ RunTime:0.000027s ]
INFO: [ app_init ] --END-- [ RunTime:0.001417s ]
SQL: SHOW COLUMNS FROM `lj_conf` [ RunTime:0.0152s ]
SQL: SELECT `confing` FROM `lj_conf` WHERE `id` = 0 LIMIT 1   [ RunTime:0.0003s ]
NOTIC: [8] Use of undefined constant __APP__ - assumed '__APP__' D:\wwwroot\yunguanjia_y81sj9\web\ThinkPHP\Common\functions.php 第 1003 行.
NOTIC: [8] Use of undefined constant __APP__ - assumed '__APP__' D:\wwwroot\yunguanjia_y81sj9\web\ThinkPHP\Common\functions.php 第 1003 行.
INFO: [ app_begin ] --START--
INFO: Run Behavior\ReadHtmlCacheBehavior [ RunTime:0.001529s ]
INFO: [ app_begin ] --END-- [ RunTime:0.001624s ]
NOTIC: [8192] mysql_connect(): The mysql extension is deprecated and will be removed in the future: use mysqli or PDO instead D:\wwwroot\yunguanjia_y81sj9\web\ThinkPHP\Library\Think\Session\Driver\Db.class.php 第 95 行.

