[ 2017-12-16T03:38:39+08:00 ] 222.42.245.33 /
INFO: [ app_init ] --START--
INFO: Run Behavior\BuildLiteBehavior [ RunTime:0.000020s ]
INFO: [ app_init ] --END-- [ RunTime:0.001236s ]
SQL: SHOW COLUMNS FROM `lj_conf` [ RunTime:0.0101s ]
SQL: SELECT `confing` FROM `lj_conf` WHERE `id` = 0 LIMIT 1   [ RunTime:0.0004s ]
NOTIC: [8] Use of undefined constant __APP__ - assumed '__APP__' D:\wwwroot\yunguanjia_y81sj9\web\ThinkPHP\Common\functions.php 第 1003 行.
NOTIC: [8] Use of undefined constant __APP__ - assumed '__APP__' D:\wwwroot\yunguanjia_y81sj9\web\ThinkPHP\Common\functions.php 第 1003 行.
INFO: [ app_begin ] --START--
INFO: Run Behavior\ReadHtmlCacheBehavior [ RunTime:0.001438s ]
INFO: [ app_begin ] --END-- [ RunTime:0.001528s ]
NOTIC: [8192] mysql_connect(): The mysql extension is deprecated and will be removed in the future: use mysqli or PDO instead D:\wwwroot\yunguanjia_y81sj9\web\ThinkPHP\Library\Think\Session\Driver\Db.class.php 第 95 行.

[ 2017-12-16T15:08:33+08:00 ] 222.42.245.33 /
INFO: [ app_init ] --START--
INFO: Run Behavior\BuildLiteBehavior [ RunTime:0.000021s ]
INFO: [ app_init ] --END-- [ RunTime:0.001260s ]
SQL: SHOW COLUMNS FROM `lj_conf` [ RunTime:0.0110s ]
SQL: SELECT `confing` FROM `lj_conf` WHERE `id` = 0 LIMIT 1   [ RunTime:0.0004s ]
NOTIC: [8] Use of undefined constant __APP__ - assumed '__APP__' D:\wwwroot\yunguanjia_y81sj9\web\ThinkPHP\Common\functions.php 第 1003 行.
NOTIC: [8] Use of undefined constant __APP__ - assumed '__APP__' D:\wwwroot\yunguanjia_y81sj9\web\ThinkPHP\Common\functions.php 第 1003 行.
INFO: [ app_begin ] --START--
INFO: Run Behavior\ReadHtmlCacheBehavior [ RunTime:0.001405s ]
INFO: [ app_begin ] --END-- [ RunTime:0.001495s ]
NOTIC: [8192] mysql_connect(): The mysql extension is deprecated and will be removed in the future: use mysqli or PDO instead D:\wwwroot\yunguanjia_y81sj9\web\ThinkPHP\Library\Think\Session\Driver\Db.class.php 第 95 行.

[ 2017-12-16T17:37:03+08:00 ] 101.226.225.86 /index.php/alist_1.html
INFO: [ app_init ] --START--
INFO: Run Behavior\BuildLiteBehavior [ RunTime:0.000022s ]
INFO: [ app_init ] --END-- [ RunTime:0.001283s ]
SQL: SHOW COLUMNS FROM `lj_conf` [ RunTime:0.0108s ]
SQL: SELECT `confing` FROM `lj_conf` WHERE `id` = 0 LIMIT 1   [ RunTime:0.0004s ]
NOTIC: [8] Use of undefined constant __APP__ - assumed '__APP__' D:\wwwroot\yunguanjia_y81sj9\web\ThinkPHP\Common\functions.php 第 1003 行.
NOTIC: [8] Use of undefined constant __APP__ - assumed '__APP__' D:\wwwroot\yunguanjia_y81sj9\web\ThinkPHP\Common\functions.php 第 1003 行.
INFO: [ app_begin ] --START--
INFO: Run Behavior\ReadHtmlCacheBehavior [ RunTime:0.001250s ]
INFO: [ app_begin ] --END-- [ RunTime:0.001345s ]
NOTIC: [8192] mysql_connect(): The mysql extension is deprecated and will be removed in the future: use mysqli or PDO instead D:\wwwroot\yunguanjia_y81sj9\web\ThinkPHP\Library\Think\Session\Driver\Db.class.php 第 95 行.
NOTIC: [8] Undefined index: gz D:\wwwroot\yunguanjia_y81sj9\web\WEB\Index\Controller\CommonController.class.php 第 20 行.
NOTIC: [8] Undefined index: code D:\wwwroot\yunguanjia_y81sj9\web\WEB\Index\Common\function.php 第 29 行.

[ 2017-12-16T17:37:05+08:00 ] 101.226.225.86 /index.php/Index/Article/index/id/1.html?code=071C2nfy0i6Vkf139xey01ynfy0C2nfH&state=123456
INFO: [ app_init ] --START--
INFO: Run Behavior\BuildLiteBehavior [ RunTime:0.000022s ]
INFO: [ app_init ] --END-- [ RunTime:0.000928s ]
SQL: SHOW COLUMNS FROM `lj_conf` [ RunTime:0.0107s ]
SQL: SELECT `confing` FROM `lj_conf` WHERE `id` = 0 LIMIT 1   [ RunTime:0.0004s ]
NOTIC: [8] Use of undefined constant __APP__ - assumed '__APP__' D:\wwwroot\yunguanjia_y81sj9\web\ThinkPHP\Common\functions.php 第 1003 行.
NOTIC: [8] Use of undefined constant __APP__ - assumed '__APP__' D:\wwwroot\yunguanjia_y81sj9\web\ThinkPHP\Common\functions.php 第 1003 行.
INFO: [ app_begin ] --START--
INFO: Run Behavior\ReadHtmlCacheBehavior [ RunTime:0.000932s ]
INFO: [ app_begin ] --END-- [ RunTime:0.001020s ]
NOTIC: [8192] mysql_connect(): The mysql extension is deprecated and will be removed in the future: use mysqli or PDO instead D:\wwwroot\yunguanjia_y81sj9\web\ThinkPHP\Library\Think\Session\Driver\Db.class.php 第 95 行.
NOTIC: [8] Undefined index: gz D:\wwwroot\yunguanjia_y81sj9\web\WEB\Index\Controller\CommonController.class.php 第 20 行.
SQL: SHOW COLUMNS FROM `lj_member` [ RunTime:0.0102s ]
SQL: SELECT * FROM `lj_member` WHERE `openid` = null  [ RunTime:0.0004s ]
NOTIC: [8] Undefined index: code D:\wwwroot\yunguanjia_y81sj9\web\WEB\Index\Common\function.php 第 45 行.

[ 2017-12-16T17:37:09+08:00 ] 101.226.225.86 /index.php/Index/Article/index/id/1.html?code=061Sd7Av04xpOc1OzeCv0Lc9Av0Sd7AN&state=123456
INFO: [ app_init ] --START--
INFO: Run Behavior\BuildLiteBehavior [ RunTime:0.000022s ]
INFO: [ app_init ] --END-- [ RunTime:0.000934s ]
SQL: SHOW COLUMNS FROM `lj_conf` [ RunTime:0.0111s ]
SQL: SELECT `confing` FROM `lj_conf` WHERE `id` = 0 LIMIT 1   [ RunTime:0.0004s ]
NOTIC: [8] Use of undefined constant __APP__ - assumed '__APP__' D:\wwwroot\yunguanjia_y81sj9\web\ThinkPHP\Common\functions.php 第 1003 行.
NOTIC: [8] Use of undefined constant __APP__ - assumed '__APP__' D:\wwwroot\yunguanjia_y81sj9\web\ThinkPHP\Common\functions.php 第 1003 行.
INFO: [ app_begin ] --START--
INFO: Run Behavior\ReadHtmlCacheBehavior [ RunTime:0.000967s ]
INFO: [ app_begin ] --END-- [ RunTime:0.001062s ]
NOTIC: [8192] mysql_connect(): The mysql extension is deprecated and will be removed in the future: use mysqli or PDO instead D:\wwwroot\yunguanjia_y81sj9\web\ThinkPHP\Library\Think\Session\Driver\Db.class.php 第 95 行.
NOTIC: [8] Undefined index: gz D:\wwwroot\yunguanjia_y81sj9\web\WEB\Index\Controller\CommonController.class.php 第 20 行.
SQL: SHOW COLUMNS FROM `lj_member` [ RunTime:0.0114s ]
SQL: SELECT * FROM `lj_member` WHERE `openid` = null  [ RunTime:0.0004s ]
SQL: SELECT `id` FROM `lj_member` WHERE `openid` = 'oUUPD1Z047j8fnBomaw4zTHt-_Z0' LIMIT 1   [ RunTime:0.0005s ]
NOTIC: [8] Undefined index: state D:\wwwroot\yunguanjia_y81sj9\web\WEB\Index\Common\function.php 第 98 行.
NOTIC: [8] Use of undefined constant intval - assumed 'intval' D:\wwwroot\yunguanjia_y81sj9\web\WEB\Index\Controller\ArticleController.class.php 第 9 行.
SQL: SHOW COLUMNS FROM `lj_cate` [ RunTime:0.0112s ]
SQL: SELECT * FROM `lj_cate` WHERE `pid` = 1  [ RunTime:0.0005s ]
SQL: SELECT * FROM `lj_cate` WHERE `id` = 1  [ RunTime:0.0004s ]
SQL: SELECT * FROM `lj_cate` WHERE `id` = 0  [ RunTime:0.0003s ]
NOTIC: [8] Undefined offset: 0 D:\wwwroot\yunguanjia_y81sj9\web\WEB\Index\Controller\ArticleController.class.php 第 50 行.
SQL: SHOW COLUMNS FROM `lj_article` [ RunTime:0.0104s ]
SQL: SELECT COUNT(*) AS tp_count FROM `lj_article` WHERE `cid` = 1 AND `del` = 0 LIMIT 1   [ RunTime:0.0004s ]
SQL: SELECT `attrid`,`id`,`title`,`description`,`time`,`click`,`cid`,`pic`,`author`,`tel`,`jf` FROM `lj_article` WHERE `cid` = 1 AND `del` = 0 ORDER BY time DESC,id DESC LIMIT 0,10   [ RunTime:0.0005s ]
NOTIC: [8] Use of undefined constant index_cx - assumed 'index_cx' D:\wwwroot\yunguanjia_y81sj9\web\WEB\Index\Controller\ArticleController.class.php 第 74 行.
INFO: [ view_parse ] --START--
INFO: [ template_filter ] --START--
INFO: Run Behavior\ContentReplaceBehavior [ RunTime:0.000125s ]
INFO: [ template_filter ] --END-- [ RunTime:0.000200s ]
INFO: Run Behavior\ParseTemplateBehavior [ RunTime:0.047181s ]
INFO: [ view_parse ] --END-- [ RunTime:0.047267s ]
INFO: [ view_filter ] --START--
INFO: Run Behavior\WriteHtmlCacheBehavior [ RunTime:0.001384s ]
INFO: [ view_filter ] --END-- [ RunTime:0.001452s ]
INFO: [ app_end ] --START--
INFO: Run Behavior\ShowPageTraceBehavior [ RunTime:0.001787s ]
INFO: [ app_end ] --END-- [ RunTime:0.001859s ]

[ 2017-12-16T17:37:11+08:00 ] 101.226.225.86 /index.php/Member/index
INFO: [ app_init ] --START--
INFO: Run Behavior\BuildLiteBehavior [ RunTime:0.000020s ]
INFO: [ app_init ] --END-- [ RunTime:0.000805s ]
SQL: SHOW COLUMNS FROM `lj_conf` [ RunTime:0.0104s ]
SQL: SELECT `confing` FROM `lj_conf` WHERE `id` = 0 LIMIT 1   [ RunTime:0.0004s ]
NOTIC: [8] Use of undefined constant __APP__ - assumed '__APP__' D:\wwwroot\yunguanjia_y81sj9\web\ThinkPHP\Common\functions.php 第 1003 行.
NOTIC: [8] Use of undefined constant __APP__ - assumed '__APP__' D:\wwwroot\yunguanjia_y81sj9\web\ThinkPHP\Common\functions.php 第 1003 行.
INFO: [ app_begin ] --START--
INFO: Run Behavior\ReadHtmlCacheBehavior [ RunTime:0.000953s ]
INFO: [ app_begin ] --END-- [ RunTime:0.001040s ]
NOTIC: [8192] mysql_connect(): The mysql extension is deprecated and will be removed in the future: use mysqli or PDO instead D:\wwwroot\yunguanjia_y81sj9\web\ThinkPHP\Library\Think\Session\Driver\Db.class.php 第 95 行.
INFO: [ view_parse ] --START--
INFO: [ template_filter ] --START--
INFO: Run Behavior\ContentReplaceBehavior [ RunTime:0.000125s ]
INFO: [ template_filter ] --END-- [ RunTime:0.000195s ]

[ 2017-12-16T17:37:24+08:00 ] 120.204.17.67 /index.php/Member/index
INFO: [ app_init ] --START--
INFO: Run Behavior\BuildLiteBehavior [ RunTime:0.000020s ]
INFO: [ app_init ] --END-- [ RunTime:0.000798s ]
SQL: SHOW COLUMNS FROM `lj_conf` [ RunTime:0.0104s ]
SQL: SELECT `confing` FROM `lj_conf` WHERE `id` = 0 LIMIT 1   [ RunTime:0.0004s ]
NOTIC: [8] Use of undefined constant __APP__ - assumed '__APP__' D:\wwwroot\yunguanjia_y81sj9\web\ThinkPHP\Common\functions.php 第 1003 行.
NOTIC: [8] Use of undefined constant __APP__ - assumed '__APP__' D:\wwwroot\yunguanjia_y81sj9\web\ThinkPHP\Common\functions.php 第 1003 行.
INFO: [ app_begin ] --START--
INFO: Run Behavior\ReadHtmlCacheBehavior [ RunTime:0.000953s ]
INFO: [ app_begin ] --END-- [ RunTime:0.001038s ]
NOTIC: [8192] mysql_connect(): The mysql extension is deprecated and will be removed in the future: use mysqli or PDO instead D:\wwwroot\yunguanjia_y81sj9\web\ThinkPHP\Library\Think\Session\Driver\Db.class.php 第 95 行.
NOTIC: [8] Undefined index: gz D:\wwwroot\yunguanjia_y81sj9\web\WEB\Index\Controller\CommonController.class.php 第 20 行.
NOTIC: [8] Undefined index: code D:\wwwroot\yunguanjia_y81sj9\web\WEB\Index\Common\function.php 第 29 行.

[ 2017-12-16T17:37:26+08:00 ] 101.226.225.86 /index.php/Member/index
INFO: [ app_init ] --START--
INFO: Run Behavior\BuildLiteBehavior [ RunTime:0.000020s ]
INFO: [ app_init ] --END-- [ RunTime:0.000787s ]
SQL: SHOW COLUMNS FROM `lj_conf` [ RunTime:0.0118s ]
SQL: SELECT `confing` FROM `lj_conf` WHERE `id` = 0 LIMIT 1   [ RunTime:0.0004s ]
NOTIC: [8] Use of undefined constant __APP__ - assumed '__APP__' D:\wwwroot\yunguanjia_y81sj9\web\ThinkPHP\Common\functions.php 第 1003 行.
NOTIC: [8] Use of undefined constant __APP__ - assumed '__APP__' D:\wwwroot\yunguanjia_y81sj9\web\ThinkPHP\Common\functions.php 第 1003 行.
INFO: [ app_begin ] --START--
INFO: Run Behavior\ReadHtmlCacheBehavior [ RunTime:0.000961s ]
INFO: [ app_begin ] --END-- [ RunTime:0.001048s ]
NOTIC: [8192] mysql_connect(): The mysql extension is deprecated and will be removed in the future: use mysqli or PDO instead D:\wwwroot\yunguanjia_y81sj9\web\ThinkPHP\Library\Think\Session\Driver\Db.class.php 第 95 行.
INFO: [ view_parse ] --START--
INFO: [ template_filter ] --START--
INFO: Run Behavior\ContentReplaceBehavior [ RunTime:0.000125s ]
INFO: [ template_filter ] --END-- [ RunTime:0.000194s ]

[ 2017-12-16T17:38:07+08:00 ] 101.226.225.86 /index.php/alist_1.html
INFO: [ app_init ] --START--
INFO: Run Behavior\BuildLiteBehavior [ RunTime:0.000020s ]
INFO: [ app_init ] --END-- [ RunTime:0.000803s ]
SQL: SHOW COLUMNS FROM `lj_conf` [ RunTime:0.0104s ]
SQL: SELECT `confing` FROM `lj_conf` WHERE `id` = 0 LIMIT 1   [ RunTime:0.0004s ]
NOTIC: [8] Use of undefined constant __APP__ - assumed '__APP__' D:\wwwroot\yunguanjia_y81sj9\web\ThinkPHP\Common\functions.php 第 1003 行.
NOTIC: [8] Use of undefined constant __APP__ - assumed '__APP__' D:\wwwroot\yunguanjia_y81sj9\web\ThinkPHP\Common\functions.php 第 1003 行.
INFO: [ app_begin ] --START--
INFO: Run Behavior\ReadHtmlCacheBehavior [ RunTime:0.000941s ]
INFO: [ app_begin ] --END-- [ RunTime:0.001026s ]
NOTIC: [8192] mysql_connect(): The mysql extension is deprecated and will be removed in the future: use mysqli or PDO instead D:\wwwroot\yunguanjia_y81sj9\web\ThinkPHP\Library\Think\Session\Driver\Db.class.php 第 95 行.
NOTIC: [8] Use of undefined constant intval - assumed 'intval' D:\wwwroot\yunguanjia_y81sj9\web\WEB\Index\Controller\ArticleController.class.php 第 9 行.
SQL: SHOW COLUMNS FROM `lj_cate` [ RunTime:0.0106s ]
SQL: SELECT * FROM `lj_cate` WHERE `pid` = 1  [ RunTime:0.0004s ]
SQL: SELECT * FROM `lj_cate` WHERE `id` = 1  [ RunTime:0.0005s ]
SQL: SELECT * FROM `lj_cate` WHERE `id` = 0  [ RunTime:0.0004s ]
NOTIC: [8] Undefined offset: 0 D:\wwwroot\yunguanjia_y81sj9\web\WEB\Index\Controller\ArticleController.class.php 第 50 行.
SQL: SHOW COLUMNS FROM `lj_article` [ RunTime:0.0106s ]
SQL: SELECT COUNT(*) AS tp_count FROM `lj_article` WHERE `cid` = 1 AND `del` = 0 LIMIT 1   [ RunTime:0.0005s ]
SQL: SELECT `attrid`,`id`,`title`,`description`,`time`,`click`,`cid`,`pic`,`author`,`tel`,`jf` FROM `lj_article` WHERE `cid` = 1 AND `del` = 0 ORDER BY time DESC,id DESC LIMIT 0,10   [ RunTime:0.0006s ]
NOTIC: [8] Use of undefined constant index_cx - assumed 'index_cx' D:\wwwroot\yunguanjia_y81sj9\web\WEB\Index\Controller\ArticleController.class.php 第 74 行.
INFO: [ view_parse ] --START--
INFO: [ template_filter ] --START--
INFO: Run Behavior\ContentReplaceBehavior [ RunTime:0.000101s ]
INFO: [ template_filter ] --END-- [ RunTime:0.000173s ]
INFO: Run Behavior\ParseTemplateBehavior [ RunTime:0.017108s ]
INFO: [ view_parse ] --END-- [ RunTime:0.017193s ]
INFO: [ view_filter ] --START--
INFO: Run Behavior\WriteHtmlCacheBehavior [ RunTime:0.001259s ]
INFO: [ view_filter ] --END-- [ RunTime:0.001318s ]
INFO: [ app_end ] --START--
INFO: Run Behavior\ShowPageTraceBehavior [ RunTime:0.001597s ]
INFO: [ app_end ] --END-- [ RunTime:0.001663s ]

[ 2017-12-16T17:38:08+08:00 ] 101.226.225.86 /index.php/Member/index
INFO: [ app_init ] --START--
INFO: Run Behavior\BuildLiteBehavior [ RunTime:0.000021s ]
INFO: [ app_init ] --END-- [ RunTime:0.000796s ]
SQL: SHOW COLUMNS FROM `lj_conf` [ RunTime:0.0102s ]
SQL: SELECT `confing` FROM `lj_conf` WHERE `id` = 0 LIMIT 1   [ RunTime:0.0004s ]
NOTIC: [8] Use of undefined constant __APP__ - assumed '__APP__' D:\wwwroot\yunguanjia_y81sj9\web\ThinkPHP\Common\functions.php 第 1003 行.
NOTIC: [8] Use of undefined constant __APP__ - assumed '__APP__' D:\wwwroot\yunguanjia_y81sj9\web\ThinkPHP\Common\functions.php 第 1003 行.
INFO: [ app_begin ] --START--
INFO: Run Behavior\ReadHtmlCacheBehavior [ RunTime:0.000960s ]
INFO: [ app_begin ] --END-- [ RunTime:0.001047s ]
NOTIC: [8192] mysql_connect(): The mysql extension is deprecated and will be removed in the future: use mysqli or PDO instead D:\wwwroot\yunguanjia_y81sj9\web\ThinkPHP\Library\Think\Session\Driver\Db.class.php 第 95 行.
SQL: SHOW COLUMNS FROM `lj_member` [ RunTime:0.0107s ]
SQL: SELECT * FROM `lj_member` WHERE `id` = null LIMIT 1   [ RunTime:0.0004s ]
SQL: SHOW COLUMNS FROM `lj_orders` [ RunTime:0.0128s ]
SQL: SELECT `id`,`sumprice`,`pname`,`order`,`price`,`num`,`buytime`,`status` FROM `lj_orders` WHERE `uid` = null AND `status` <> 0 ORDER BY id desc LIMIT 6   [ RunTime:0.0004s ]
SQL: SELECT `username`,`photo` FROM `lj_member` WHERE `yqrid` = null ORDER BY id desc  [ RunTime:0.0004s ]
INFO: [ view_parse ] --START--
INFO: [ template_filter ] --START--
INFO: Run Behavior\ContentReplaceBehavior [ RunTime:0.000125s ]
INFO: [ template_filter ] --END-- [ RunTime:0.000192s ]

[ 2017-12-16T17:38:14+08:00 ] 101.226.225.86 /index.php/Member/index
INFO: [ app_init ] --START--
INFO: Run Behavior\BuildLiteBehavior [ RunTime:0.000019s ]
INFO: [ app_init ] --END-- [ RunTime:0.000770s ]
SQL: SHOW COLUMNS FROM `lj_conf` [ RunTime:0.0069s ]
SQL: SELECT `confing` FROM `lj_conf` WHERE `id` = 0 LIMIT 1   [ RunTime:0.0004s ]
NOTIC: [8] Use of undefined constant __APP__ - assumed '__APP__' D:\wwwroot\yunguanjia_y81sj9\web\ThinkPHP\Common\functions.php 第 1003 行.
NOTIC: [8] Use of undefined constant __APP__ - assumed '__APP__' D:\wwwroot\yunguanjia_y81sj9\web\ThinkPHP\Common\functions.php 第 1003 行.
INFO: [ app_begin ] --START--
INFO: Run Behavior\ReadHtmlCacheBehavior [ RunTime:0.000592s ]
INFO: [ app_begin ] --END-- [ RunTime:0.000641s ]
NOTIC: [8192] mysql_connect(): The mysql extension is deprecated and will be removed in the future: use mysqli or PDO instead D:\wwwroot\yunguanjia_y81sj9\web\ThinkPHP\Library\Think\Session\Driver\Db.class.php 第 95 行.
SQL: SHOW COLUMNS FROM `lj_member` [ RunTime:0.0095s ]
SQL: SELECT * FROM `lj_member` WHERE `id` = null LIMIT 1   [ RunTime:0.0004s ]
SQL: SHOW COLUMNS FROM `lj_orders` [ RunTime:0.0104s ]
SQL: SELECT `id`,`sumprice`,`pname`,`order`,`price`,`num`,`buytime`,`status` FROM `lj_orders` WHERE `uid` = null AND `status` <> 0 ORDER BY id desc LIMIT 6   [ RunTime:0.0004s ]
SQL: SELECT `username`,`photo` FROM `lj_member` WHERE `yqrid` = null ORDER BY id desc  [ RunTime:0.0004s ]
INFO: [ view_parse ] --START--
INFO: [ template_filter ] --START--
INFO: Run Behavior\ContentReplaceBehavior [ RunTime:0.000134s ]
INFO: [ template_filter ] --END-- [ RunTime:0.000202s ]

[ 2017-12-16T17:39:06+08:00 ] 111.178.13.212 /index.php/Index/ashow_3.html
INFO: [ app_init ] --START--
INFO: Run Behavior\BuildLiteBehavior [ RunTime:0.000021s ]
INFO: [ app_init ] --END-- [ RunTime:0.001148s ]
SQL: SHOW COLUMNS FROM `lj_conf` [ RunTime:0.0105s ]
SQL: SELECT `confing` FROM `lj_conf` WHERE `id` = 0 LIMIT 1   [ RunTime:0.0004s ]
NOTIC: [8] Use of undefined constant __APP__ - assumed '__APP__' D:\wwwroot\yunguanjia_y81sj9\web\ThinkPHP\Common\functions.php 第 1003 行.
NOTIC: [8] Use of undefined constant __APP__ - assumed '__APP__' D:\wwwroot\yunguanjia_y81sj9\web\ThinkPHP\Common\functions.php 第 1003 行.
INFO: [ app_begin ] --START--
INFO: Run Behavior\ReadHtmlCacheBehavior [ RunTime:0.001283s ]
INFO: [ app_begin ] --END-- [ RunTime:0.001374s ]
NOTIC: [8192] mysql_connect(): The mysql extension is deprecated and will be removed in the future: use mysqli or PDO instead D:\wwwroot\yunguanjia_y81sj9\web\ThinkPHP\Library\Think\Session\Driver\Db.class.php 第 95 行.
NOTIC: [8] Undefined index: gz D:\wwwroot\yunguanjia_y81sj9\web\WEB\Index\Controller\CommonController.class.php 第 20 行.
NOTIC: [8] Undefined index: code D:\wwwroot\yunguanjia_y81sj9\web\WEB\Index\Common\function.php 第 29 行.

[ 2017-12-16T17:39:07+08:00 ] 111.178.13.212 /index.php/Index/Article/shows/id/3.html?code=061CVRM11LO5oN1E75J11vTNM11CVRMH&state=123456
INFO: [ app_init ] --START--
INFO: Run Behavior\BuildLiteBehavior [ RunTime:0.000021s ]
INFO: [ app_init ] --END-- [ RunTime:0.000804s ]
SQL: SHOW COLUMNS FROM `lj_conf` [ RunTime:0.0104s ]
SQL: SELECT `confing` FROM `lj_conf` WHERE `id` = 0 LIMIT 1   [ RunTime:0.0004s ]
NOTIC: [8] Use of undefined constant __APP__ - assumed '__APP__' D:\wwwroot\yunguanjia_y81sj9\web\ThinkPHP\Common\functions.php 第 1003 行.
NOTIC: [8] Use of undefined constant __APP__ - assumed '__APP__' D:\wwwroot\yunguanjia_y81sj9\web\ThinkPHP\Common\functions.php 第 1003 行.
INFO: [ app_begin ] --START--
INFO: Run Behavior\ReadHtmlCacheBehavior [ RunTime:0.000943s ]
INFO: [ app_begin ] --END-- [ RunTime:0.001027s ]
NOTIC: [8192] mysql_connect(): The mysql extension is deprecated and will be removed in the future: use mysqli or PDO instead D:\wwwroot\yunguanjia_y81sj9\web\ThinkPHP\Library\Think\Session\Driver\Db.class.php 第 95 行.
NOTIC: [8] Undefined index: gz D:\wwwroot\yunguanjia_y81sj9\web\WEB\Index\Controller\CommonController.class.php 第 20 行.
SQL: SHOW COLUMNS FROM `lj_member` [ RunTime:0.0110s ]
SQL: SELECT * FROM `lj_member` WHERE `openid` = null  [ RunTime:0.0004s ]
NOTIC: [8] Undefined index: code D:\wwwroot\yunguanjia_y81sj9\web\WEB\Index\Common\function.php 第 45 行.

[ 2017-12-16T17:39:13+08:00 ] 111.178.13.212 /index.php/Index/Article/shows/id/3.html?code=071YCpFh2M4odI0OvdFh2RhcFh2YCpFQ&state=123456
INFO: [ app_init ] --START--
INFO: Run Behavior\BuildLiteBehavior [ RunTime:0.000021s ]
INFO: [ app_init ] --END-- [ RunTime:0.000881s ]
SQL: SHOW COLUMNS FROM `lj_conf` [ RunTime:0.0102s ]
SQL: SELECT `confing` FROM `lj_conf` WHERE `id` = 0 LIMIT 1   [ RunTime:0.0004s ]
NOTIC: [8] Use of undefined constant __APP__ - assumed '__APP__' D:\wwwroot\yunguanjia_y81sj9\web\ThinkPHP\Common\functions.php 第 1003 行.
NOTIC: [8] Use of undefined constant __APP__ - assumed '__APP__' D:\wwwroot\yunguanjia_y81sj9\web\ThinkPHP\Common\functions.php 第 1003 行.
INFO: [ app_begin ] --START--
INFO: Run Behavior\ReadHtmlCacheBehavior [ RunTime:0.000896s ]
INFO: [ app_begin ] --END-- [ RunTime:0.000986s ]
NOTIC: [8192] mysql_connect(): The mysql extension is deprecated and will be removed in the future: use mysqli or PDO instead D:\wwwroot\yunguanjia_y81sj9\web\ThinkPHP\Library\Think\Session\Driver\Db.class.php 第 95 行.
NOTIC: [8] Undefined index: gz D:\wwwroot\yunguanjia_y81sj9\web\WEB\Index\Controller\CommonController.class.php 第 20 行.
SQL: SHOW COLUMNS FROM `lj_member` [ RunTime:0.0111s ]
SQL: SELECT * FROM `lj_member` WHERE `openid` = null  [ RunTime:0.0004s ]
SQL: SELECT `id` FROM `lj_member` WHERE `openid` = 'oUUPD1aBExeZcIVPIpldP9YqJSwA' LIMIT 1   [ RunTime:0.0004s ]
NOTIC: [8] Undefined index: state D:\wwwroot\yunguanjia_y81sj9\web\WEB\Index\Common\function.php 第 98 行.
NOTIC: [8] Use of undefined constant intval - assumed 'intval' D:\wwwroot\yunguanjia_y81sj9\web\WEB\Index\Controller\ArticleController.class.php 第 85 行.
SQL: SHOW COLUMNS FROM `lj_article` [ RunTime:0.0107s ]
SQL: SELECT * FROM `lj_article` WHERE `id` = 3 AND `cid` <> 1  [ RunTime:0.0005s ]
SQL: SHOW COLUMNS FROM `lj_jf` [ RunTime:0.0106s ]
SQL: SELECT * FROM `lj_jf` WHERE `aid` = 3 AND `mid` = 10002 LIMIT 1   [ RunTime:0.0003s ]
NOTIC: [8] Undefined index: video D:\wwwroot\yunguanjia_y81sj9\web\WEB\Index\Controller\ArticleController.class.php 第 102 行.
SQL: SHOW COLUMNS FROM `lj_ping` [ RunTime:0.0108s ]
SQL: SELECT COUNT(*) AS tp_count FROM `lj_ping` WHERE `fz` = 'Article_3' AND `dis` = 1 LIMIT 1   [ RunTime:0.0004s ]
SQL: SELECT lj_ping.*,lj_member.photo,lj_member.username FROM `lj_ping` LEFT JOIN lj_member ON lj_ping.mid = lj_member.id  WHERE `fz` = 'Article_3' AND ( dis=1 or hfid <>0 ) ORDER BY lj_ping.id DESC  [ RunTime:0.0005s ]
SQL: SHOW COLUMNS FROM `lj_cate` [ RunTime:0.0102s ]
SQL: SELECT * FROM `lj_cate` WHERE `id` = 2  [ RunTime:0.0004s ]
SQL: SELECT `id`,`title`,`description`,`time`,`click`,`pic`,`jf` FROM `lj_article` WHERE `cid` = 2 AND `del` = 0 AND `id` <> 3 ORDER BY rand() LIMIT 5   [ RunTime:0.0012s ]
SQL: SELECT * FROM `lj_article` WHERE `id` > 3 AND `del` = 0 AND `cid` = 2 ORDER BY `id` ASC LIMIT 1   [ RunTime:0.0004s ]
SQL: SELECT * FROM `lj_article` WHERE `id` < 3 AND `del` = 0 AND `cid` = 2 ORDER BY `id` DESC LIMIT 1   [ RunTime:0.0006s ]
INFO: [ view_parse ] --START--
INFO: [ template_filter ] --START--
INFO: Run Behavior\ContentReplaceBehavior [ RunTime:0.000155s ]
INFO: [ template_filter ] --END-- [ RunTime:0.000226s ]
INFO: Run Behavior\ParseTemplateBehavior [ RunTime:0.032345s ]
INFO: [ view_parse ] --END-- [ RunTime:0.032420s ]
INFO: [ view_filter ] --START--
INFO: Run Behavior\WriteHtmlCacheBehavior [ RunTime:0.001356s ]
INFO: [ view_filter ] --END-- [ RunTime:0.001425s ]
INFO: [ app_end ] --START--
INFO: Run Behavior\ShowPageTraceBehavior [ RunTime:0.001626s ]
INFO: [ app_end ] --END-- [ RunTime:0.001693s ]

[ 2017-12-16T17:39:13+08:00 ] 111.178.13.212 /index.php/Index/Article/getclick/id/3.html
INFO: [ app_init ] --START--
INFO: Run Behavior\BuildLiteBehavior [ RunTime:0.000020s ]
INFO: [ app_init ] --END-- [ RunTime:0.000792s ]
SQL: SHOW COLUMNS FROM `lj_conf` [ RunTime:0.0097s ]
SQL: SELECT `confing` FROM `lj_conf` WHERE `id` = 0 LIMIT 1   [ RunTime:0.0004s ]
NOTIC: [8] Use of undefined constant __APP__ - assumed '__APP__' D:\wwwroot\yunguanjia_y81sj9\web\ThinkPHP\Common\functions.php 第 1003 行.
NOTIC: [8] Use of undefined constant __APP__ - assumed '__APP__' D:\wwwroot\yunguanjia_y81sj9\web\ThinkPHP\Common\functions.php 第 1003 行.
INFO: [ app_begin ] --START--
INFO: Run Behavior\ReadHtmlCacheBehavior [ RunTime:0.001102s ]
INFO: [ app_begin ] --END-- [ RunTime:0.001190s ]
NOTIC: [8192] mysql_connect(): The mysql extension is deprecated and will be removed in the future: use mysqli or PDO instead D:\wwwroot\yunguanjia_y81sj9\web\ThinkPHP\Library\Think\Session\Driver\Db.class.php 第 95 行.
SQL: SHOW COLUMNS FROM `lj_article` [ RunTime:0.0107s ]
SQL: UPDATE `lj_article` SET `click`=click+1 WHERE `id` = 3 [ RunTime:0.0005s ]
SQL: SELECT `click` FROM `lj_article` WHERE `id` = 3 LIMIT 1   [ RunTime:0.0004s ]
INFO: [ app_end ] --START--
INFO: Run Behavior\ShowPageTraceBehavior [ RunTime:0.001635s ]
INFO: [ app_end ] --END-- [ RunTime:0.001705s ]

[ 2017-12-16T17:39:16+08:00 ] 111.178.13.212 /index.php/Member/index
INFO: [ app_init ] --START--
INFO: Run Behavior\BuildLiteBehavior [ RunTime:0.000020s ]
INFO: [ app_init ] --END-- [ RunTime:0.000815s ]
SQL: SHOW COLUMNS FROM `lj_conf` [ RunTime:0.0104s ]
SQL: SELECT `confing` FROM `lj_conf` WHERE `id` = 0 LIMIT 1   [ RunTime:0.0004s ]
NOTIC: [8] Use of undefined constant __APP__ - assumed '__APP__' D:\wwwroot\yunguanjia_y81sj9\web\ThinkPHP\Common\functions.php 第 1003 行.
NOTIC: [8] Use of undefined constant __APP__ - assumed '__APP__' D:\wwwroot\yunguanjia_y81sj9\web\ThinkPHP\Common\functions.php 第 1003 行.
INFO: [ app_begin ] --START--
INFO: Run Behavior\ReadHtmlCacheBehavior [ RunTime:0.000941s ]
INFO: [ app_begin ] --END-- [ RunTime:0.001027s ]
NOTIC: [8192] mysql_connect(): The mysql extension is deprecated and will be removed in the future: use mysqli or PDO instead D:\wwwroot\yunguanjia_y81sj9\web\ThinkPHP\Library\Think\Session\Driver\Db.class.php 第 95 行.
SQL: SHOW COLUMNS FROM `lj_member` [ RunTime:0.0108s ]
SQL: SELECT * FROM `lj_member` WHERE `id` = null LIMIT 1   [ RunTime:0.0004s ]
SQL: SHOW COLUMNS FROM `lj_orders` [ RunTime:0.0108s ]
SQL: SELECT `id`,`sumprice`,`pname`,`order`,`price`,`num`,`buytime`,`status` FROM `lj_orders` WHERE `uid` = null AND `status` <> 0 ORDER BY id desc LIMIT 6   [ RunTime:0.0004s ]
SQL: SELECT `username`,`photo` FROM `lj_member` WHERE `yqrid` = null ORDER BY id desc  [ RunTime:0.0004s ]
INFO: [ view_parse ] --START--
INFO: [ template_filter ] --START--
INFO: Run Behavior\ContentReplaceBehavior [ RunTime:0.000126s ]
INFO: [ template_filter ] --END-- [ RunTime:0.000193s ]

[ 2017-12-16T17:39:39+08:00 ] 111.178.13.212 /index.php/Index/Article/getclick/id/3.html
INFO: [ app_init ] --START--
INFO: Run Behavior\BuildLiteBehavior [ RunTime:0.000021s ]
INFO: [ app_init ] --END-- [ RunTime:0.000799s ]
SQL: SHOW COLUMNS FROM `lj_conf` [ RunTime:0.0104s ]
SQL: SELECT `confing` FROM `lj_conf` WHERE `id` = 0 LIMIT 1   [ RunTime:0.0004s ]
NOTIC: [8] Use of undefined constant __APP__ - assumed '__APP__' D:\wwwroot\yunguanjia_y81sj9\web\ThinkPHP\Common\functions.php 第 1003 行.
NOTIC: [8] Use of undefined constant __APP__ - assumed '__APP__' D:\wwwroot\yunguanjia_y81sj9\web\ThinkPHP\Common\functions.php 第 1003 行.
INFO: [ app_begin ] --START--
INFO: Run Behavior\ReadHtmlCacheBehavior [ RunTime:0.000950s ]
INFO: [ app_begin ] --END-- [ RunTime:0.001037s ]
NOTIC: [8192] mysql_connect(): The mysql extension is deprecated and will be removed in the future: use mysqli or PDO instead D:\wwwroot\yunguanjia_y81sj9\web\ThinkPHP\Library\Think\Session\Driver\Db.class.php 第 95 行.
SQL: SHOW COLUMNS FROM `lj_article` [ RunTime:0.0107s ]
SQL: UPDATE `lj_article` SET `click`=click+1 WHERE `id` = 3 [ RunTime:0.0005s ]
SQL: SELECT `click` FROM `lj_article` WHERE `id` = 3 LIMIT 1   [ RunTime:0.0004s ]
INFO: [ app_end ] --START--
INFO: Run Behavior\ShowPageTraceBehavior [ RunTime:0.001658s ]
INFO: [ app_end ] --END-- [ RunTime:0.001729s ]

[ 2017-12-16T17:39:55+08:00 ] 111.178.13.212 /index.php/alist_1.html
INFO: [ app_init ] --START--
INFO: Run Behavior\BuildLiteBehavior [ RunTime:0.000020s ]
INFO: [ app_init ] --END-- [ RunTime:0.000811s ]
SQL: SHOW COLUMNS FROM `lj_conf` [ RunTime:0.0103s ]
SQL: SELECT `confing` FROM `lj_conf` WHERE `id` = 0 LIMIT 1   [ RunTime:0.0004s ]
NOTIC: [8] Use of undefined constant __APP__ - assumed '__APP__' D:\wwwroot\yunguanjia_y81sj9\web\ThinkPHP\Common\functions.php 第 1003 行.
NOTIC: [8] Use of undefined constant __APP__ - assumed '__APP__' D:\wwwroot\yunguanjia_y81sj9\web\ThinkPHP\Common\functions.php 第 1003 行.
INFO: [ app_begin ] --START--
INFO: Run Behavior\ReadHtmlCacheBehavior [ RunTime:0.000937s ]
INFO: [ app_begin ] --END-- [ RunTime:0.001028s ]
NOTIC: [8192] mysql_connect(): The mysql extension is deprecated and will be removed in the future: use mysqli or PDO instead D:\wwwroot\yunguanjia_y81sj9\web\ThinkPHP\Library\Think\Session\Driver\Db.class.php 第 95 行.
NOTIC: [8] Use of undefined constant intval - assumed 'intval' D:\wwwroot\yunguanjia_y81sj9\web\WEB\Index\Controller\ArticleController.class.php 第 9 行.
SQL: SHOW COLUMNS FROM `lj_cate` [ RunTime:0.0106s ]
SQL: SELECT * FROM `lj_cate` WHERE `pid` = 1  [ RunTime:0.0005s ]
SQL: SELECT * FROM `lj_cate` WHERE `id` = 1  [ RunTime:0.0005s ]
SQL: SELECT * FROM `lj_cate` WHERE `id` = 0  [ RunTime:0.0004s ]
NOTIC: [8] Undefined offset: 0 D:\wwwroot\yunguanjia_y81sj9\web\WEB\Index\Controller\ArticleController.class.php 第 50 行.
SQL: SHOW COLUMNS FROM `lj_article` [ RunTime:0.0105s ]
SQL: SELECT COUNT(*) AS tp_count FROM `lj_article` WHERE `cid` = 1 AND `del` = 0 LIMIT 1   [ RunTime:0.0004s ]
SQL: SELECT `attrid`,`id`,`title`,`description`,`time`,`click`,`cid`,`pic`,`author`,`tel`,`jf` FROM `lj_article` WHERE `cid` = 1 AND `del` = 0 ORDER BY time DESC,id DESC LIMIT 0,10   [ RunTime:0.0006s ]
NOTIC: [8] Use of undefined constant index_cx - assumed 'index_cx' D:\wwwroot\yunguanjia_y81sj9\web\WEB\Index\Controller\ArticleController.class.php 第 74 行.
INFO: [ view_parse ] --START--
INFO: [ template_filter ] --START--
INFO: Run Behavior\ContentReplaceBehavior [ RunTime:0.000103s ]
INFO: [ template_filter ] --END-- [ RunTime:0.000176s ]
INFO: Run Behavior\ParseTemplateBehavior [ RunTime:0.018737s ]
INFO: [ view_parse ] --END-- [ RunTime:0.018817s ]
INFO: [ view_filter ] --START--
INFO: Run Behavior\WriteHtmlCacheBehavior [ RunTime:0.001231s ]
INFO: [ view_filter ] --END-- [ RunTime:0.001291s ]
INFO: [ app_end ] --START--
INFO: Run Behavior\ShowPageTraceBehavior [ RunTime:0.001592s ]
INFO: [ app_end ] --END-- [ RunTime:0.001659s ]

[ 2017-12-16T17:39:59+08:00 ] 111.178.13.212 /index.php/goods_3.html
INFO: [ app_init ] --START--
INFO: Run Behavior\BuildLiteBehavior [ RunTime:0.000020s ]
INFO: [ app_init ] --END-- [ RunTime:0.000802s ]
SQL: SHOW COLUMNS FROM `lj_conf` [ RunTime:0.0104s ]
SQL: SELECT `confing` FROM `lj_conf` WHERE `id` = 0 LIMIT 1   [ RunTime:0.0004s ]
NOTIC: [8] Use of undefined constant __APP__ - assumed '__APP__' D:\wwwroot\yunguanjia_y81sj9\web\ThinkPHP\Common\functions.php 第 1003 行.
NOTIC: [8] Use of undefined constant __APP__ - assumed '__APP__' D:\wwwroot\yunguanjia_y81sj9\web\ThinkPHP\Common\functions.php 第 1003 行.
INFO: [ app_begin ] --START--
INFO: Run Behavior\ReadHtmlCacheBehavior [ RunTime:0.000966s ]
INFO: [ app_begin ] --END-- [ RunTime:0.001056s ]
NOTIC: [8192] mysql_connect(): The mysql extension is deprecated and will be removed in the future: use mysqli or PDO instead D:\wwwroot\yunguanjia_y81sj9\web\ThinkPHP\Library\Think\Session\Driver\Db.class.php 第 95 行.
NOTIC: [8] Use of undefined constant intval - assumed 'intval' D:\wwwroot\yunguanjia_y81sj9\web\WEB\Index\Controller\GoodsController.class.php 第 9 行.
NOTIC: [8] Use of undefined constant intval - assumed 'intval' D:\wwwroot\yunguanjia_y81sj9\web\WEB\Index\Controller\GoodsController.class.php 第 10 行.
SQL: SHOW COLUMNS FROM `lj_cate` [ RunTime:0.0106s ]
SQL: SELECT * FROM `lj_cate` WHERE `pid` = 3  [ RunTime:0.0004s ]
SQL: SHOW COLUMNS FROM `lj_class` [ RunTime:0.0125s ]
SQL: SELECT * FROM `lj_class`  [ RunTime:0.0003s ]
SQL: SELECT * FROM `lj_cate` WHERE `id` = 3  [ RunTime:0.0005s ]
SQL: SHOW COLUMNS FROM `lj_goods` [ RunTime:0.0126s ]
SQL: SELECT COUNT(*) AS tp_count FROM `lj_goods` WHERE ( cid in (4,5,6,7) and del=0 ) LIMIT 1   [ RunTime:0.0004s ]
SQL: SELECT `id`,`cid`,`title`,`description`,`pic`,`price`,`memprice`,`stock`,`classid`,`brand`,`unit`,`weight`,`isref`,`ishot`,`isdis`,`time`,`click` FROM `lj_goods` WHERE ( cid in (4,5,6,7) and del=0 ) ORDER BY id DESC LIMIT 0,10   [ RunTime:0.0005s ]
NOTIC: [8] Use of undefined constant cateindex - assumed 'cateindex' D:\wwwroot\yunguanjia_y81sj9\web\WEB\Index\Controller\GoodsController.class.php 第 52 行.
INFO: [ view_parse ] --START--
NOTIC: [8] Undefined index: limit D:\wwwroot\yunguanjia_y81sj9\web\WEB\TagLib\TagLibLj.class.php 第 198 行.
NOTIC: [8] Undefined index: limit D:\wwwroot\yunguanjia_y81sj9\web\WEB\TagLib\TagLibLj.class.php 第 198 行.
INFO: [ template_filter ] --START--
INFO: Run Behavior\ContentReplaceBehavior [ RunTime:0.000163s ]
INFO: [ template_filter ] --END-- [ RunTime:0.000230s ]
INFO: [ view_parse ] --START--
INFO: [ template_filter ] --START--
INFO: Run Behavior\ContentReplaceBehavior [ RunTime:0.000054s ]
INFO: [ template_filter ] --END-- [ RunTime:-0.013436s ]
SQL: SHOW COLUMNS FROM `lj_banner` [ RunTime:0.0123s ]
SQL: SELECT * FROM `lj_banner` WHERE ( type=1 and img is not null ) ORDER BY sort ASC,id DESC LIMIT 5   [ RunTime:0.0005s ]
INFO: Run Behavior\ParseTemplateBehavior [ RunTime:0.020340s ]
INFO: [ view_parse ] --END-- [ RunTime:0.020409s ]
INFO: [ view_filter ] --START--
INFO: Run Behavior\WriteHtmlCacheBehavior [ RunTime:0.001363s ]
INFO: [ view_filter ] --END-- [ RunTime:0.001429s ]
SQL: SELECT * FROM `lj_cate`  [ RunTime:0.0004s ]
NOTIC: [8] Use of undefined constant Article - assumed 'Article' D:\wwwroot\yunguanjia_y81sj9\web\WEB\Runtime\Cache\Index\0ec8cae4bf7bf284a853e908d874d181.php 第 25 行.
NOTIC: [8] Use of undefined constant Info - assumed 'Info' D:\wwwroot\yunguanjia_y81sj9\web\WEB\Runtime\Cache\Index\0ec8cae4bf7bf284a853e908d874d181.php 第 25 行.
NOTIC: [8] Use of undefined constant Atlas - assumed 'Atlas' D:\wwwroot\yunguanjia_y81sj9\web\WEB\Runtime\Cache\Index\0ec8cae4bf7bf284a853e908d874d181.php 第 25 行.
NOTIC: [8] Use of undefined constant Gbook - assumed 'Gbook' D:\wwwroot\yunguanjia_y81sj9\web\WEB\Runtime\Cache\Index\0ec8cae4bf7bf284a853e908d874d181.php 第 25 行.
NOTIC: [8] Use of undefined constant Slink - assumed 'Slink' D:\wwwroot\yunguanjia_y81sj9\web\WEB\Runtime\Cache\Index\0ec8cae4bf7bf284a853e908d874d181.php 第 25 行.
NOTIC: [8] Use of undefined constant Jobs - assumed 'Jobs' D:\wwwroot\yunguanjia_y81sj9\web\WEB\Runtime\Cache\Index\0ec8cae4bf7bf284a853e908d874d181.php 第 25 行.
NOTIC: [8] Use of undefined constant Goods - assumed 'Goods' D:\wwwroot\yunguanjia_y81sj9\web\WEB\Runtime\Cache\Index\0ec8cae4bf7bf284a853e908d874d181.php 第 25 行.
SQL: SELECT * FROM `lj_cate` WHERE `stauts` = 0 AND `pid` = 3 ORDER BY sort ASC,id ASC  [ RunTime:0.0005s ]
NOTIC: [8] Use of undefined constant Article - assumed 'Article' D:\wwwroot\yunguanjia_y81sj9\web\WEB\Runtime\Cache\Index\0ec8cae4bf7bf284a853e908d874d181.php 第 41 行.
NOTIC: [8] Use of undefined constant Info - assumed 'Info' D:\wwwroot\yunguanjia_y81sj9\web\WEB\Runtime\Cache\Index\0ec8cae4bf7bf284a853e908d874d181.php 第 41 行.
NOTIC: [8] Use of undefined constant Atlas - assumed 'Atlas' D:\wwwroot\yunguanjia_y81sj9\web\WEB\Runtime\Cache\Index\0ec8cae4bf7bf284a853e908d874d181.php 第 41 行.
NOTIC: [8] Use of undefined constant Gbook - assumed 'Gbook' D:\wwwroot\yunguanjia_y81sj9\web\WEB\Runtime\Cache\Index\0ec8cae4bf7bf284a853e908d874d181.php 第 41 行.
NOTIC: [8] Use of undefined constant Slink - assumed 'Slink' D:\wwwroot\yunguanjia_y81sj9\web\WEB\Runtime\Cache\Index\0ec8cae4bf7bf284a853e908d874d181.php 第 41 行.
NOTIC: [8] Use of undefined constant Jobs - assumed 'Jobs' D:\wwwroot\yunguanjia_y81sj9\web\WEB\Runtime\Cache\Index\0ec8cae4bf7bf284a853e908d874d181.php 第 41 行.
NOTIC: [8] Use of undefined constant Goods - assumed 'Goods' D:\wwwroot\yunguanjia_y81sj9\web\WEB\Runtime\Cache\Index\0ec8cae4bf7bf284a853e908d874d181.php 第 41 行.
NOTIC: [8] Use of undefined constant Article - assumed 'Article' D:\wwwroot\yunguanjia_y81sj9\web\WEB\Runtime\Cache\Index\0ec8cae4bf7bf284a853e908d874d181.php 第 41 行.
NOTIC: [8] Use of undefined constant Info - assumed 'Info' D:\wwwroot\yunguanjia_y81sj9\web\WEB\Runtime\Cache\Index\0ec8cae4bf7bf284a853e908d874d181.php 第 41 行.
NOTIC: [8] Use of undefined constant Atlas - assumed 'Atlas' D:\wwwroot\yunguanjia_y81sj9\web\WEB\Runtime\Cache\Index\0ec8cae4bf7bf284a853e908d874d181.php 第 41 行.
NOTIC: [8] Use of undefined constant Gbook - assumed 'Gbook' D:\wwwroot\yunguanjia_y81sj9\web\WEB\Runtime\Cache\Index\0ec8cae4bf7bf284a853e908d874d181.php 第 41 行.
NOTIC: [8] Use of undefined constant Slink - assumed 'Slink' D:\wwwroot\yunguanjia_y81sj9\web\WEB\Runtime\Cache\Index\0ec8cae4bf7bf284a853e908d874d181.php 第 41 行.
NOTIC: [8] Use of undefined constant Jobs - assumed 'Jobs' D:\wwwroot\yunguanjia_y81sj9\web\WEB\Runtime\Cache\Index\0ec8cae4bf7bf284a853e908d874d181.php 第 41 行.
NOTIC: [8] Use of undefined constant Goods - assumed 'Goods' D:\wwwroot\yunguanjia_y81sj9\web\WEB\Runtime\Cache\Index\0ec8cae4bf7bf284a853e908d874d181.php 第 41 行.
NOTIC: [8] Use of undefined constant Article - assumed 'Article' D:\wwwroot\yunguanjia_y81sj9\web\WEB\Runtime\Cache\Index\0ec8cae4bf7bf284a853e908d874d181.php 第 41 行.
NOTIC: [8] Use of undefined constant Info - assumed 'Info' D:\wwwroot\yunguanjia_y81sj9\web\WEB\Runtime\Cache\Index\0ec8cae4bf7bf284a853e908d874d181.php 第 41 行.
NOTIC: [8] Use of undefined constant Atlas - assumed 'Atlas' D:\wwwroot\yunguanjia_y81sj9\web\WEB\Runtime\Cache\Index\0ec8cae4bf7bf284a853e908d874d181.php 第 41 行.
NOTIC: [8] Use of undefined constant Gbook - assumed 'Gbook' D:\wwwroot\yunguanjia_y81sj9\web\WEB\Runtime\Cache\Index\0ec8cae4bf7bf284a853e908d874d181.php 第 41 行.
NOTIC: [8] Use of undefined constant Slink - assumed 'Slink' D:\wwwroot\yunguanjia_y81sj9\web\WEB\Runtime\Cache\Index\0ec8cae4bf7bf284a853e908d874d181.php 第 41 行.
NOTIC: [8] Use of undefined constant Jobs - assumed 'Jobs' D:\wwwroot\yunguanjia_y81sj9\web\WEB\Runtime\Cache\Index\0ec8cae4bf7bf284a853e908d874d181.php 第 41 行.
NOTIC: [8] Use of undefined constant Goods - assumed 'Goods' D:\wwwroot\yunguanjia_y81sj9\web\WEB\Runtime\Cache\Index\0ec8cae4bf7bf284a853e908d874d181.php 第 41 行.
NOTIC: [8] Use of undefined constant Article - assumed 'Article' D:\wwwroot\yunguanjia_y81sj9\web\WEB\Runtime\Cache\Index\0ec8cae4bf7bf284a853e908d874d181.php 第 41 行.
NOTIC: [8] Use of undefined constant Info - assumed 'Info' D:\wwwroot\yunguanjia_y81sj9\web\WEB\Runtime\Cache\Index\0ec8cae4bf7bf284a853e908d874d181.php 第 41 行.
NOTIC: [8] Use of undefined constant Atlas - assumed 'Atlas' D:\wwwroot\yunguanjia_y81sj9\web\WEB\Runtime\Cache\Index\0ec8cae4bf7bf284a853e908d874d181.php 第 41 行.
NOTIC: [8] Use of undefined constant Gbook - assumed 'Gbook' D:\wwwroot\yunguanjia_y81sj9\web\WEB\Runtime\Cache\Index\0ec8cae4bf7bf284a853e908d874d181.php 第 41 行.
NOTIC: [8] Use of undefined constant Slink - assumed 'Slink' D:\wwwroot\yunguanjia_y81sj9\web\WEB\Runtime\Cache\Index\0ec8cae4bf7bf284a853e908d874d181.php 第 41 行.
NOTIC: [8] Use of undefined constant Jobs - assumed 'Jobs' D:\wwwroot\yunguanjia_y81sj9\web\WEB\Runtime\Cache\Index\0ec8cae4bf7bf284a853e908d874d181.php 第 41 行.
NOTIC: [8] Use of undefined constant Goods - assumed 'Goods' D:\wwwroot\yunguanjia_y81sj9\web\WEB\Runtime\Cache\Index\0ec8cae4bf7bf284a853e908d874d181.php 第 41 行.
INFO: Run Behavior\ParseTemplateBehavior [ RunTime:0.024145s ]
INFO: [ view_parse ] --END-- [ RunTime:0.020409s ]
INFO: [ view_filter ] --START--
INFO: Run Behavior\WriteHtmlCacheBehavior [ RunTime:0.000014s ]
INFO: [ view_filter ] --END-- [ RunTime:-0.002367s ]
INFO: [ app_end ] --START--
INFO: Run Behavior\ShowPageTraceBehavior [ RunTime:0.001607s ]
INFO: [ app_end ] --END-- [ RunTime:0.001670s ]

[ 2017-12-16T17:40:00+08:00 ] 111.178.13.212 /index.php/alist_2.html
INFO: [ app_init ] --START--
INFO: Run Behavior\BuildLiteBehavior [ RunTime:0.000020s ]
INFO: [ app_init ] --END-- [ RunTime:0.000789s ]
SQL: SHOW COLUMNS FROM `lj_conf` [ RunTime:0.0100s ]
SQL: SELECT `confing` FROM `lj_conf` WHERE `id` = 0 LIMIT 1   [ RunTime:0.0004s ]
NOTIC: [8] Use of undefined constant __APP__ - assumed '__APP__' D:\wwwroot\yunguanjia_y81sj9\web\ThinkPHP\Common\functions.php 第 1003 行.
NOTIC: [8] Use of undefined constant __APP__ - assumed '__APP__' D:\wwwroot\yunguanjia_y81sj9\web\ThinkPHP\Common\functions.php 第 1003 行.
INFO: [ app_begin ] --START--
INFO: Run Behavior\ReadHtmlCacheBehavior [ RunTime:0.000951s ]
INFO: [ app_begin ] --END-- [ RunTime:0.001040s ]
NOTIC: [8192] mysql_connect(): The mysql extension is deprecated and will be removed in the future: use mysqli or PDO instead D:\wwwroot\yunguanjia_y81sj9\web\ThinkPHP\Library\Think\Session\Driver\Db.class.php 第 95 行.
NOTIC: [8] Use of undefined constant intval - assumed 'intval' D:\wwwroot\yunguanjia_y81sj9\web\WEB\Index\Controller\ArticleController.class.php 第 9 行.
SQL: SHOW COLUMNS FROM `lj_cate` [ RunTime:0.0106s ]
SQL: SELECT * FROM `lj_cate` WHERE `pid` = 2  [ RunTime:0.0004s ]
SQL: SELECT * FROM `lj_cate` WHERE `id` = 2  [ RunTime:0.0004s ]
SQL: SELECT * FROM `lj_cate` WHERE `id` = 0  [ RunTime:0.0004s ]
NOTIC: [8] Undefined offset: 0 D:\wwwroot\yunguanjia_y81sj9\web\WEB\Index\Controller\ArticleController.class.php 第 50 行.
SQL: SHOW COLUMNS FROM `lj_article` [ RunTime:0.0108s ]
SQL: SELECT COUNT(*) AS tp_count FROM `lj_article` WHERE `cid` = 2 AND `del` = 0 LIMIT 1   [ RunTime:0.0004s ]
SQL: SELECT `attrid`,`id`,`title`,`description`,`time`,`click`,`cid`,`pic`,`author`,`tel`,`jf` FROM `lj_article` WHERE `cid` = 2 AND `del` = 0 ORDER BY time DESC,id DESC LIMIT 0,10   [ RunTime:0.0006s ]
INFO: [ view_parse ] --START--
INFO: [ template_filter ] --START--
INFO: Run Behavior\ContentReplaceBehavior [ RunTime:0.000103s ]
INFO: [ template_filter ] --END-- [ RunTime:0.000174s ]
INFO: Run Behavior\ParseTemplateBehavior [ RunTime:0.021352s ]
INFO: [ view_parse ] --END-- [ RunTime:0.021431s ]
INFO: [ view_filter ] --START--
INFO: Run Behavior\WriteHtmlCacheBehavior [ RunTime:0.001274s ]
INFO: [ view_filter ] --END-- [ RunTime:0.001334s ]
INFO: [ app_end ] --START--
INFO: Run Behavior\ShowPageTraceBehavior [ RunTime:0.001512s ]
INFO: [ app_end ] --END-- [ RunTime:0.001579s ]

[ 2017-12-16T17:40:02+08:00 ] 111.178.13.212 /index.php/Member/index
INFO: [ app_init ] --START--
INFO: Run Behavior\BuildLiteBehavior [ RunTime:0.000020s ]
INFO: [ app_init ] --END-- [ RunTime:0.000806s ]
SQL: SHOW COLUMNS FROM `lj_conf` [ RunTime:0.0105s ]
SQL: SELECT `confing` FROM `lj_conf` WHERE `id` = 0 LIMIT 1   [ RunTime:0.0004s ]
NOTIC: [8] Use of undefined constant __APP__ - assumed '__APP__' D:\wwwroot\yunguanjia_y81sj9\web\ThinkPHP\Common\functions.php 第 1003 行.
NOTIC: [8] Use of undefined constant __APP__ - assumed '__APP__' D:\wwwroot\yunguanjia_y81sj9\web\ThinkPHP\Common\functions.php 第 1003 行.
INFO: [ app_begin ] --START--
INFO: Run Behavior\ReadHtmlCacheBehavior [ RunTime:0.000940s ]
INFO: [ app_begin ] --END-- [ RunTime:0.001026s ]
NOTIC: [8192] mysql_connect(): The mysql extension is deprecated and will be removed in the future: use mysqli or PDO instead D:\wwwroot\yunguanjia_y81sj9\web\ThinkPHP\Library\Think\Session\Driver\Db.class.php 第 95 行.
SQL: SHOW COLUMNS FROM `lj_member` [ RunTime:0.0107s ]
SQL: SELECT * FROM `lj_member` WHERE `id` = null LIMIT 1   [ RunTime:0.0004s ]
SQL: SHOW COLUMNS FROM `lj_orders` [ RunTime:0.0106s ]
SQL: SELECT `id`,`sumprice`,`pname`,`order`,`price`,`num`,`buytime`,`status` FROM `lj_orders` WHERE `uid` = null AND `status` <> 0 ORDER BY id desc LIMIT 6   [ RunTime:0.0004s ]
SQL: SELECT `username`,`photo` FROM `lj_member` WHERE `yqrid` = null ORDER BY id desc  [ RunTime:0.0005s ]
INFO: [ view_parse ] --START--
INFO: [ template_filter ] --START--
INFO: Run Behavior\ContentReplaceBehavior [ RunTime:0.000125s ]
INFO: [ template_filter ] --END-- [ RunTime:0.000196s ]

[ 2017-12-16T17:42:19+08:00 ] 111.178.13.212 /index.php/alist_2.html
INFO: [ app_init ] --START--
INFO: Run Behavior\BuildLiteBehavior [ RunTime:0.000020s ]
INFO: [ app_init ] --END-- [ RunTime:0.001096s ]
SQL: SHOW COLUMNS FROM `lj_conf` [ RunTime:0.0107s ]
SQL: SELECT `confing` FROM `lj_conf` WHERE `id` = 0 LIMIT 1   [ RunTime:0.0004s ]
NOTIC: [8] Use of undefined constant __APP__ - assumed '__APP__' D:\wwwroot\yunguanjia_y81sj9\web\ThinkPHP\Common\functions.php 第 1003 行.
NOTIC: [8] Use of undefined constant __APP__ - assumed '__APP__' D:\wwwroot\yunguanjia_y81sj9\web\ThinkPHP\Common\functions.php 第 1003 行.
INFO: [ app_begin ] --START--
INFO: Run Behavior\ReadHtmlCacheBehavior [ RunTime:0.001420s ]
INFO: [ app_begin ] --END-- [ RunTime:0.001510s ]
NOTIC: [8192] mysql_connect(): The mysql extension is deprecated and will be removed in the future: use mysqli or PDO instead D:\wwwroot\yunguanjia_y81sj9\web\ThinkPHP\Library\Think\Session\Driver\Db.class.php 第 95 行.
NOTIC: [8] Use of undefined constant intval - assumed 'intval' D:\wwwroot\yunguanjia_y81sj9\web\WEB\Index\Controller\ArticleController.class.php 第 9 行.
SQL: SHOW COLUMNS FROM `lj_cate` [ RunTime:0.0106s ]
SQL: SELECT * FROM `lj_cate` WHERE `pid` = 2  [ RunTime:0.0004s ]
SQL: SELECT * FROM `lj_cate` WHERE `id` = 2  [ RunTime:0.0005s ]
SQL: SELECT * FROM `lj_cate` WHERE `id` = 0  [ RunTime:0.0004s ]
NOTIC: [8] Undefined offset: 0 D:\wwwroot\yunguanjia_y81sj9\web\WEB\Index\Controller\ArticleController.class.php 第 50 行.
SQL: SHOW COLUMNS FROM `lj_article` [ RunTime:0.0105s ]
SQL: SELECT COUNT(*) AS tp_count FROM `lj_article` WHERE `cid` = 2 AND `del` = 0 LIMIT 1   [ RunTime:0.0004s ]
SQL: SELECT `attrid`,`id`,`title`,`description`,`time`,`click`,`cid`,`pic`,`author`,`tel`,`jf` FROM `lj_article` WHERE `cid` = 2 AND `del` = 0 ORDER BY time DESC,id DESC LIMIT 0,10   [ RunTime:0.0006s ]
INFO: [ view_parse ] --START--
INFO: [ template_filter ] --START--
INFO: Run Behavior\ContentReplaceBehavior [ RunTime:0.000104s ]
INFO: [ template_filter ] --END-- [ RunTime:0.000177s ]
INFO: Run Behavior\ParseTemplateBehavior [ RunTime:0.026025s ]
INFO: [ view_parse ] --END-- [ RunTime:0.026105s ]
INFO: [ view_filter ] --START--
INFO: Run Behavior\WriteHtmlCacheBehavior [ RunTime:0.000953s ]
INFO: [ view_filter ] --END-- [ RunTime:0.001012s ]
INFO: [ app_end ] --START--
INFO: Run Behavior\ShowPageTraceBehavior [ RunTime:0.001627s ]
INFO: [ app_end ] --END-- [ RunTime:0.001694s ]

[ 2017-12-16T17:42:19+08:00 ] 111.178.13.212 /index.php/alist_2.html
INFO: [ app_init ] --START--
INFO: Run Behavior\BuildLiteBehavior [ RunTime:0.000020s ]
INFO: [ app_init ] --END-- [ RunTime:0.001124s ]
SQL: SHOW COLUMNS FROM `lj_conf` [ RunTime:0.0106s ]
SQL: SELECT `confing` FROM `lj_conf` WHERE `id` = 0 LIMIT 1   [ RunTime:0.0004s ]
NOTIC: [8] Use of undefined constant __APP__ - assumed '__APP__' D:\wwwroot\yunguanjia_y81sj9\web\ThinkPHP\Common\functions.php 第 1003 行.
NOTIC: [8] Use of undefined constant __APP__ - assumed '__APP__' D:\wwwroot\yunguanjia_y81sj9\web\ThinkPHP\Common\functions.php 第 1003 行.
INFO: [ app_begin ] --START--
INFO: Run Behavior\ReadHtmlCacheBehavior [ RunTime:0.001247s ]
INFO: [ app_begin ] --END-- [ RunTime:0.001335s ]
NOTIC: [8192] mysql_connect(): The mysql extension is deprecated and will be removed in the future: use mysqli or PDO instead D:\wwwroot\yunguanjia_y81sj9\web\ThinkPHP\Library\Think\Session\Driver\Db.class.php 第 95 行.
NOTIC: [8] Use of undefined constant intval - assumed 'intval' D:\wwwroot\yunguanjia_y81sj9\web\WEB\Index\Controller\ArticleController.class.php 第 9 行.
SQL: SHOW COLUMNS FROM `lj_cate` [ RunTime:0.0106s ]
SQL: SELECT * FROM `lj_cate` WHERE `pid` = 2  [ RunTime:0.0004s ]
SQL: SELECT * FROM `lj_cate` WHERE `id` = 2  [ RunTime:0.0004s ]
SQL: SELECT * FROM `lj_cate` WHERE `id` = 0  [ RunTime:0.0004s ]
NOTIC: [8] Undefined offset: 0 D:\wwwroot\yunguanjia_y81sj9\web\WEB\Index\Controller\ArticleController.class.php 第 50 行.
SQL: SHOW COLUMNS FROM `lj_article` [ RunTime:0.0107s ]
SQL: SELECT COUNT(*) AS tp_count FROM `lj_article` WHERE `cid` = 2 AND `del` = 0 LIMIT 1   [ RunTime:0.0004s ]
SQL: SELECT `attrid`,`id`,`title`,`description`,`time`,`click`,`cid`,`pic`,`author`,`tel`,`jf` FROM `lj_article` WHERE `cid` = 2 AND `del` = 0 ORDER BY time DESC,id DESC LIMIT 0,10   [ RunTime:0.0006s ]
INFO: [ view_parse ] --START--
INFO: [ template_filter ] --START--
INFO: Run Behavior\ContentReplaceBehavior [ RunTime:0.000119s ]
INFO: [ template_filter ] --END-- [ RunTime:0.000191s ]
INFO: Run Behavior\ParseTemplateBehavior [ RunTime:0.048599s ]
INFO: [ view_parse ] --END-- [ RunTime:0.048675s ]
INFO: [ view_filter ] --START--
INFO: Run Behavior\WriteHtmlCacheBehavior [ RunTime:0.000898s ]
INFO: [ view_filter ] --END-- [ RunTime:0.000955s ]
INFO: [ app_end ] --START--
INFO: Run Behavior\ShowPageTraceBehavior [ RunTime:0.001156s ]
INFO: [ app_end ] --END-- [ RunTime:0.001221s ]

[ 2017-12-16T17:42:21+08:00 ] 111.178.13.212 /index.php/Index/Member/index
INFO: [ app_init ] --START--
INFO: Run Behavior\BuildLiteBehavior [ RunTime:0.000021s ]
INFO: [ app_init ] --END-- [ RunTime:0.000810s ]
SQL: SHOW COLUMNS FROM `lj_conf` [ RunTime:0.0107s ]
SQL: SELECT `confing` FROM `lj_conf` WHERE `id` = 0 LIMIT 1   [ RunTime:0.0004s ]
NOTIC: [8] Use of undefined constant __APP__ - assumed '__APP__' D:\wwwroot\yunguanjia_y81sj9\web\ThinkPHP\Common\functions.php 第 1003 行.
NOTIC: [8] Use of undefined constant __APP__ - assumed '__APP__' D:\wwwroot\yunguanjia_y81sj9\web\ThinkPHP\Common\functions.php 第 1003 行.
INFO: [ app_begin ] --START--
INFO: Run Behavior\ReadHtmlCacheBehavior [ RunTime:0.000944s ]
INFO: [ app_begin ] --END-- [ RunTime:0.001029s ]
NOTIC: [8192] mysql_connect(): The mysql extension is deprecated and will be removed in the future: use mysqli or PDO instead D:\wwwroot\yunguanjia_y81sj9\web\ThinkPHP\Library\Think\Session\Driver\Db.class.php 第 95 行.
SQL: SHOW COLUMNS FROM `lj_member` [ RunTime:0.0108s ]
SQL: SELECT * FROM `lj_member` WHERE `id` = null LIMIT 1   [ RunTime:0.0004s ]
SQL: SHOW COLUMNS FROM `lj_orders` [ RunTime:0.0108s ]
SQL: SELECT `id`,`sumprice`,`pname`,`order`,`price`,`num`,`buytime`,`status` FROM `lj_orders` WHERE `uid` = null AND `status` <> 0 ORDER BY id desc LIMIT 6   [ RunTime:0.0004s ]
SQL: SELECT `username`,`photo` FROM `lj_member` WHERE `yqrid` = null ORDER BY id desc  [ RunTime:0.0004s ]
INFO: [ view_parse ] --START--
INFO: [ template_filter ] --START--
INFO: Run Behavior\ContentReplaceBehavior [ RunTime:0.000126s ]
INFO: [ template_filter ] --END-- [ RunTime:0.000194s ]

[ 2017-12-16T17:46:52+08:00 ] 111.178.13.212 /index.php/Index/Member/index
INFO: [ app_init ] --START--
INFO: Run Behavior\BuildLiteBehavior [ RunTime:0.000022s ]
INFO: [ app_init ] --END-- [ RunTime:0.001105s ]
SQL: SHOW COLUMNS FROM `lj_conf` [ RunTime:0.0108s ]
SQL: SELECT `confing` FROM `lj_conf` WHERE `id` = 0 LIMIT 1   [ RunTime:0.0004s ]
NOTIC: [8] Use of undefined constant __APP__ - assumed '__APP__' D:\wwwroot\yunguanjia_y81sj9\web\ThinkPHP\Common\functions.php 第 1003 行.
NOTIC: [8] Use of undefined constant __APP__ - assumed '__APP__' D:\wwwroot\yunguanjia_y81sj9\web\ThinkPHP\Common\functions.php 第 1003 行.
INFO: [ app_begin ] --START--
INFO: Run Behavior\ReadHtmlCacheBehavior [ RunTime:0.001276s ]
INFO: [ app_begin ] --END-- [ RunTime:0.001361s ]
NOTIC: [8192] mysql_connect(): The mysql extension is deprecated and will be removed in the future: use mysqli or PDO instead D:\wwwroot\yunguanjia_y81sj9\web\ThinkPHP\Library\Think\Session\Driver\Db.class.php 第 95 行.
INFO: [ view_parse ] --START--
INFO: [ template_filter ] --START--
INFO: Run Behavior\ContentReplaceBehavior [ RunTime:0.000124s ]
INFO: [ template_filter ] --END-- [ RunTime:0.000192s ]

[ 2017-12-16T17:46:52+08:00 ] 111.178.13.212 /index.php/Index/Member/index
INFO: [ app_init ] --START--
INFO: Run Behavior\BuildLiteBehavior [ RunTime:0.000020s ]
INFO: [ app_init ] --END-- [ RunTime:0.001105s ]
SQL: SHOW COLUMNS FROM `lj_conf` [ RunTime:0.0103s ]
SQL: SELECT `confing` FROM `lj_conf` WHERE `id` = 0 LIMIT 1   [ RunTime:0.0004s ]
NOTIC: [8] Use of undefined constant __APP__ - assumed '__APP__' D:\wwwroot\yunguanjia_y81sj9\web\ThinkPHP\Common\functions.php 第 1003 行.
NOTIC: [8] Use of undefined constant __APP__ - assumed '__APP__' D:\wwwroot\yunguanjia_y81sj9\web\ThinkPHP\Common\functions.php 第 1003 行.
INFO: [ app_begin ] --START--
INFO: Run Behavior\ReadHtmlCacheBehavior [ RunTime:0.001289s ]
INFO: [ app_begin ] --END-- [ RunTime:0.001377s ]
NOTIC: [8192] mysql_connect(): The mysql extension is deprecated and will be removed in the future: use mysqli or PDO instead D:\wwwroot\yunguanjia_y81sj9\web\ThinkPHP\Library\Think\Session\Driver\Db.class.php 第 95 行.
INFO: [ view_parse ] --START--
INFO: [ template_filter ] --START--
INFO: Run Behavior\ContentReplaceBehavior [ RunTime:0.000124s ]
INFO: [ template_filter ] --END-- [ RunTime:0.000191s ]

[ 2017-12-16T17:46:54+08:00 ] 111.178.13.212 /index.php/Index/Member/index
INFO: [ app_init ] --START--
INFO: Run Behavior\BuildLiteBehavior [ RunTime:0.000020s ]
INFO: [ app_init ] --END-- [ RunTime:0.000796s ]
SQL: SHOW COLUMNS FROM `lj_conf` [ RunTime:0.0107s ]
SQL: SELECT `confing` FROM `lj_conf` WHERE `id` = 0 LIMIT 1   [ RunTime:0.0003s ]
NOTIC: [8] Use of undefined constant __APP__ - assumed '__APP__' D:\wwwroot\yunguanjia_y81sj9\web\ThinkPHP\Common\functions.php 第 1003 行.
NOTIC: [8] Use of undefined constant __APP__ - assumed '__APP__' D:\wwwroot\yunguanjia_y81sj9\web\ThinkPHP\Common\functions.php 第 1003 行.
INFO: [ app_begin ] --START--
INFO: Run Behavior\ReadHtmlCacheBehavior [ RunTime:0.000953s ]
INFO: [ app_begin ] --END-- [ RunTime:0.001045s ]
NOTIC: [8192] mysql_connect(): The mysql extension is deprecated and will be removed in the future: use mysqli or PDO instead D:\wwwroot\yunguanjia_y81sj9\web\ThinkPHP\Library\Think\Session\Driver\Db.class.php 第 95 行.
INFO: [ view_parse ] --START--
INFO: [ template_filter ] --START--
INFO: Run Behavior\ContentReplaceBehavior [ RunTime:0.000127s ]
INFO: [ template_filter ] --END-- [ RunTime:0.000196s ]

[ 2017-12-16T17:46:54+08:00 ] 111.178.13.212 /index.php/Index/Member/index
INFO: [ app_init ] --START--
INFO: Run Behavior\BuildLiteBehavior [ RunTime:0.000020s ]
INFO: [ app_init ] --END-- [ RunTime:0.000794s ]
SQL: SHOW COLUMNS FROM `lj_conf` [ RunTime:0.0106s ]
SQL: SELECT `confing` FROM `lj_conf` WHERE `id` = 0 LIMIT 1   [ RunTime:0.0004s ]
NOTIC: [8] Use of undefined constant __APP__ - assumed '__APP__' D:\wwwroot\yunguanjia_y81sj9\web\ThinkPHP\Common\functions.php 第 1003 行.
NOTIC: [8] Use of undefined constant __APP__ - assumed '__APP__' D:\wwwroot\yunguanjia_y81sj9\web\ThinkPHP\Common\functions.php 第 1003 行.
INFO: [ app_begin ] --START--
INFO: Run Behavior\ReadHtmlCacheBehavior [ RunTime:0.000938s ]
INFO: [ app_begin ] --END-- [ RunTime:0.001023s ]
NOTIC: [8192] mysql_connect(): The mysql extension is deprecated and will be removed in the future: use mysqli or PDO instead D:\wwwroot\yunguanjia_y81sj9\web\ThinkPHP\Library\Think\Session\Driver\Db.class.php 第 95 行.
INFO: [ view_parse ] --START--
INFO: [ template_filter ] --START--
INFO: Run Behavior\ContentReplaceBehavior [ RunTime:0.000126s ]
INFO: [ template_filter ] --END-- [ RunTime:0.000195s ]

[ 2017-12-16T17:47:05+08:00 ] 111.178.13.212 /index.php/goods_3.html
INFO: [ app_init ] --START--
INFO: Run Behavior\BuildLiteBehavior [ RunTime:0.000020s ]
INFO: [ app_init ] --END-- [ RunTime:0.000804s ]
SQL: SHOW COLUMNS FROM `lj_conf` [ RunTime:0.0107s ]
SQL: SELECT `confing` FROM `lj_conf` WHERE `id` = 0 LIMIT 1   [ RunTime:0.0004s ]
NOTIC: [8] Use of undefined constant __APP__ - assumed '__APP__' D:\wwwroot\yunguanjia_y81sj9\web\ThinkPHP\Common\functions.php 第 1003 行.
NOTIC: [8] Use of undefined constant __APP__ - assumed '__APP__' D:\wwwroot\yunguanjia_y81sj9\web\ThinkPHP\Common\functions.php 第 1003 行.
INFO: [ app_begin ] --START--
INFO: Run Behavior\ReadHtmlCacheBehavior [ RunTime:0.000980s ]
INFO: [ app_begin ] --END-- [ RunTime:0.001070s ]
NOTIC: [8192] mysql_connect(): The mysql extension is deprecated and will be removed in the future: use mysqli or PDO instead D:\wwwroot\yunguanjia_y81sj9\web\ThinkPHP\Library\Think\Session\Driver\Db.class.php 第 95 行.
NOTIC: [8] Use of undefined constant intval - assumed 'intval' D:\wwwroot\yunguanjia_y81sj9\web\WEB\Index\Controller\GoodsController.class.php 第 9 行.
NOTIC: [8] Use of undefined constant intval - assumed 'intval' D:\wwwroot\yunguanjia_y81sj9\web\WEB\Index\Controller\GoodsController.class.php 第 10 行.
SQL: SHOW COLUMNS FROM `lj_cate` [ RunTime:0.0108s ]
SQL: SELECT * FROM `lj_cate` WHERE `pid` = 3  [ RunTime:0.0004s ]
SQL: SHOW COLUMNS FROM `lj_class` [ RunTime:0.0107s ]
SQL: SELECT * FROM `lj_class`  [ RunTime:0.0004s ]
SQL: SELECT * FROM `lj_cate` WHERE `id` = 3  [ RunTime:0.0005s ]
SQL: SHOW COLUMNS FROM `lj_goods` [ RunTime:0.0108s ]
SQL: SELECT COUNT(*) AS tp_count FROM `lj_goods` WHERE ( cid in (4,5,6,7) and del=0 ) LIMIT 1   [ RunTime:0.0004s ]
SQL: SELECT `id`,`cid`,`title`,`description`,`pic`,`price`,`memprice`,`stock`,`classid`,`brand`,`unit`,`weight`,`isref`,`ishot`,`isdis`,`time`,`click` FROM `lj_goods` WHERE ( cid in (4,5,6,7) and del=0 ) ORDER BY id DESC LIMIT 0,10   [ RunTime:0.0005s ]
NOTIC: [8] Use of undefined constant cateindex - assumed 'cateindex' D:\wwwroot\yunguanjia_y81sj9\web\WEB\Index\Controller\GoodsController.class.php 第 52 行.
INFO: [ view_parse ] --START--
NOTIC: [8] Undefined index: limit D:\wwwroot\yunguanjia_y81sj9\web\WEB\TagLib\TagLibLj.class.php 第 198 行.
NOTIC: [8] Undefined index: limit D:\wwwroot\yunguanjia_y81sj9\web\WEB\TagLib\TagLibLj.class.php 第 198 行.
INFO: [ template_filter ] --START--
INFO: Run Behavior\ContentReplaceBehavior [ RunTime:0.000171s ]
INFO: [ template_filter ] --END-- [ RunTime:0.000241s ]
INFO: [ view_parse ] --START--
INFO: [ template_filter ] --START--
INFO: Run Behavior\ContentReplaceBehavior [ RunTime:0.000059s ]
INFO: [ template_filter ] --END-- [ RunTime:-0.012129s ]
SQL: SHOW COLUMNS FROM `lj_banner` [ RunTime:0.0107s ]
SQL: SELECT * FROM `lj_banner` WHERE ( type=1 and img is not null ) ORDER BY sort ASC,id DESC LIMIT 5   [ RunTime:0.0004s ]
INFO: Run Behavior\ParseTemplateBehavior [ RunTime:0.017733s ]
INFO: [ view_parse ] --END-- [ RunTime:0.017804s ]
INFO: [ view_filter ] --START--
INFO: Run Behavior\WriteHtmlCacheBehavior [ RunTime:0.001016s ]
INFO: [ view_filter ] --END-- [ RunTime:0.001081s ]
SQL: SELECT * FROM `lj_cate`  [ RunTime:0.0004s ]
NOTIC: [8] Use of undefined constant Article - assumed 'Article' D:\wwwroot\yunguanjia_y81sj9\web\WEB\Runtime\Cache\Index\0ec8cae4bf7bf284a853e908d874d181.php 第 25 行.
NOTIC: [8] Use of undefined constant Info - assumed 'Info' D:\wwwroot\yunguanjia_y81sj9\web\WEB\Runtime\Cache\Index\0ec8cae4bf7bf284a853e908d874d181.php 第 25 行.
NOTIC: [8] Use of undefined constant Atlas - assumed 'Atlas' D:\wwwroot\yunguanjia_y81sj9\web\WEB\Runtime\Cache\Index\0ec8cae4bf7bf284a853e908d874d181.php 第 25 行.
NOTIC: [8] Use of undefined constant Gbook - assumed 'Gbook' D:\wwwroot\yunguanjia_y81sj9\web\WEB\Runtime\Cache\Index\0ec8cae4bf7bf284a853e908d874d181.php 第 25 行.
NOTIC: [8] Use of undefined constant Slink - assumed 'Slink' D:\wwwroot\yunguanjia_y81sj9\web\WEB\Runtime\Cache\Index\0ec8cae4bf7bf284a853e908d874d181.php 第 25 行.
NOTIC: [8] Use of undefined constant Jobs - assumed 'Jobs' D:\wwwroot\yunguanjia_y81sj9\web\WEB\Runtime\Cache\Index\0ec8cae4bf7bf284a853e908d874d181.php 第 25 行.
NOTIC: [8] Use of undefined constant Goods - assumed 'Goods' D:\wwwroot\yunguanjia_y81sj9\web\WEB\Runtime\Cache\Index\0ec8cae4bf7bf284a853e908d874d181.php 第 25 行.
SQL: SELECT * FROM `lj_cate` WHERE `stauts` = 0 AND `pid` = 3 ORDER BY sort ASC,id ASC  [ RunTime:0.0005s ]
NOTIC: [8] Use of undefined constant Article - assumed 'Article' D:\wwwroot\yunguanjia_y81sj9\web\WEB\Runtime\Cache\Index\0ec8cae4bf7bf284a853e908d874d181.php 第 41 行.
NOTIC: [8] Use of undefined constant Info - assumed 'Info' D:\wwwroot\yunguanjia_y81sj9\web\WEB\Runtime\Cache\Index\0ec8cae4bf7bf284a853e908d874d181.php 第 41 行.
NOTIC: [8] Use of undefined constant Atlas - assumed 'Atlas' D:\wwwroot\yunguanjia_y81sj9\web\WEB\Runtime\Cache\Index\0ec8cae4bf7bf284a853e908d874d181.php 第 41 行.
NOTIC: [8] Use of undefined constant Gbook - assumed 'Gbook' D:\wwwroot\yunguanjia_y81sj9\web\WEB\Runtime\Cache\Index\0ec8cae4bf7bf284a853e908d874d181.php 第 41 行.
NOTIC: [8] Use of undefined constant Slink - assumed 'Slink' D:\wwwroot\yunguanjia_y81sj9\web\WEB\Runtime\Cache\Index\0ec8cae4bf7bf284a853e908d874d181.php 第 41 行.
NOTIC: [8] Use of undefined constant Jobs - assumed 'Jobs' D:\wwwroot\yunguanjia_y81sj9\web\WEB\Runtime\Cache\Index\0ec8cae4bf7bf284a853e908d874d181.php 第 41 行.
NOTIC: [8] Use of undefined constant Goods - assumed 'Goods' D:\wwwroot\yunguanjia_y81sj9\web\WEB\Runtime\Cache\Index\0ec8cae4bf7bf284a853e908d874d181.php 第 41 行.
NOTIC: [8] Use of undefined constant Article - assumed 'Article' D:\wwwroot\yunguanjia_y81sj9\web\WEB\Runtime\Cache\Index\0ec8cae4bf7bf284a853e908d874d181.php 第 41 行.
NOTIC: [8] Use of undefined constant Info - assumed 'Info' D:\wwwroot\yunguanjia_y81sj9\web\WEB\Runtime\Cache\Index\0ec8cae4bf7bf284a853e908d874d181.php 第 41 行.
NOTIC: [8] Use of undefined constant Atlas - assumed 'Atlas' D:\wwwroot\yunguanjia_y81sj9\web\WEB\Runtime\Cache\Index\0ec8cae4bf7bf284a853e908d874d181.php 第 41 行.
NOTIC: [8] Use of undefined constant Gbook - assumed 'Gbook' D:\wwwroot\yunguanjia_y81sj9\web\WEB\Runtime\Cache\Index\0ec8cae4bf7bf284a853e908d874d181.php 第 41 行.
NOTIC: [8] Use of undefined constant Slink - assumed 'Slink' D:\wwwroot\yunguanjia_y81sj9\web\WEB\Runtime\Cache\Index\0ec8cae4bf7bf284a853e908d874d181.php 第 41 行.
NOTIC: [8] Use of undefined constant Jobs - assumed 'Jobs' D:\wwwroot\yunguanjia_y81sj9\web\WEB\Runtime\Cache\Index\0ec8cae4bf7bf284a853e908d874d181.php 第 41 行.
NOTIC: [8] Use of undefined constant Goods - assumed 'Goods' D:\wwwroot\yunguanjia_y81sj9\web\WEB\Runtime\Cache\Index\0ec8cae4bf7bf284a853e908d874d181.php 第 41 行.
NOTIC: [8] Use of undefined constant Article - assumed 'Article' D:\wwwroot\yunguanjia_y81sj9\web\WEB\Runtime\Cache\Index\0ec8cae4bf7bf284a853e908d874d181.php 第 41 行.
NOTIC: [8] Use of undefined constant Info - assumed 'Info' D:\wwwroot\yunguanjia_y81sj9\web\WEB\Runtime\Cache\Index\0ec8cae4bf7bf284a853e908d874d181.php 第 41 行.
NOTIC: [8] Use of undefined constant Atlas - assumed 'Atlas' D:\wwwroot\yunguanjia_y81sj9\web\WEB\Runtime\Cache\Index\0ec8cae4bf7bf284a853e908d874d181.php 第 41 行.
NOTIC: [8] Use of undefined constant Gbook - assumed 'Gbook' D:\wwwroot\yunguanjia_y81sj9\web\WEB\Runtime\Cache\Index\0ec8cae4bf7bf284a853e908d874d181.php 第 41 行.
NOTIC: [8] Use of undefined constant Slink - assumed 'Slink' D:\wwwroot\yunguanjia_y81sj9\web\WEB\Runtime\Cache\Index\0ec8cae4bf7bf284a853e908d874d181.php 第 41 行.
NOTIC: [8] Use of undefined constant Jobs - assumed 'Jobs' D:\wwwroot\yunguanjia_y81sj9\web\WEB\Runtime\Cache\Index\0ec8cae4bf7bf284a853e908d874d181.php 第 41 行.
NOTIC: [8] Use of undefined constant Goods - assumed 'Goods' D:\wwwroot\yunguanjia_y81sj9\web\WEB\Runtime\Cache\Index\0ec8cae4bf7bf284a853e908d874d181.php 第 41 行.
NOTIC: [8] Use of undefined constant Article - assumed 'Article' D:\wwwroot\yunguanjia_y81sj9\web\WEB\Runtime\Cache\Index\0ec8cae4bf7bf284a853e908d874d181.php 第 41 行.
NOTIC: [8] Use of undefined constant Info - assumed 'Info' D:\wwwroot\yunguanjia_y81sj9\web\WEB\Runtime\Cache\Index\0ec8cae4bf7bf284a853e908d874d181.php 第 41 行.
NOTIC: [8] Use of undefined constant Atlas - assumed 'Atlas' D:\wwwroot\yunguanjia_y81sj9\web\WEB\Runtime\Cache\Index\0ec8cae4bf7bf284a853e908d874d181.php 第 41 行.
NOTIC: [8] Use of undefined constant Gbook - assumed 'Gbook' D:\wwwroot\yunguanjia_y81sj9\web\WEB\Runtime\Cache\Index\0ec8cae4bf7bf284a853e908d874d181.php 第 41 行.
NOTIC: [8] Use of undefined constant Slink - assumed 'Slink' D:\wwwroot\yunguanjia_y81sj9\web\WEB\Runtime\Cache\Index\0ec8cae4bf7bf284a853e908d874d181.php 第 41 行.
NOTIC: [8] Use of undefined constant Jobs - assumed 'Jobs' D:\wwwroot\yunguanjia_y81sj9\web\WEB\Runtime\Cache\Index\0ec8cae4bf7bf284a853e908d874d181.php 第 41 行.
NOTIC: [8] Use of undefined constant Goods - assumed 'Goods' D:\wwwroot\yunguanjia_y81sj9\web\WEB\Runtime\Cache\Index\0ec8cae4bf7bf284a853e908d874d181.php 第 41 行.
INFO: Run Behavior\ParseTemplateBehavior [ RunTime:0.021270s ]
INFO: [ view_parse ] --END-- [ RunTime:0.017804s ]
INFO: [ view_filter ] --START--
INFO: Run Behavior\WriteHtmlCacheBehavior [ RunTime:0.000014s ]
INFO: [ view_filter ] --END-- [ RunTime:-0.002447s ]
INFO: [ app_end ] --START--
INFO: Run Behavior\ShowPageTraceBehavior [ RunTime:0.001624s ]
INFO: [ app_end ] --END-- [ RunTime:0.001687s ]

[ 2017-12-16T17:47:07+08:00 ] 111.178.13.212 /index.php/alist_1.html
INFO: [ app_init ] --START--
INFO: Run Behavior\BuildLiteBehavior [ RunTime:0.000021s ]
INFO: [ app_init ] --END-- [ RunTime:0.000797s ]
SQL: SHOW COLUMNS FROM `lj_conf` [ RunTime:0.0101s ]
SQL: SELECT `confing` FROM `lj_conf` WHERE `id` = 0 LIMIT 1   [ RunTime:0.0004s ]
NOTIC: [8] Use of undefined constant __APP__ - assumed '__APP__' D:\wwwroot\yunguanjia_y81sj9\web\ThinkPHP\Common\functions.php 第 1003 行.
NOTIC: [8] Use of undefined constant __APP__ - assumed '__APP__' D:\wwwroot\yunguanjia_y81sj9\web\ThinkPHP\Common\functions.php 第 1003 行.
INFO: [ app_begin ] --START--
INFO: Run Behavior\ReadHtmlCacheBehavior [ RunTime:0.000933s ]
INFO: [ app_begin ] --END-- [ RunTime:0.001019s ]
NOTIC: [8192] mysql_connect(): The mysql extension is deprecated and will be removed in the future: use mysqli or PDO instead D:\wwwroot\yunguanjia_y81sj9\web\ThinkPHP\Library\Think\Session\Driver\Db.class.php 第 95 行.
NOTIC: [8] Use of undefined constant intval - assumed 'intval' D:\wwwroot\yunguanjia_y81sj9\web\WEB\Index\Controller\ArticleController.class.php 第 9 行.
SQL: SHOW COLUMNS FROM `lj_cate` [ RunTime:0.0108s ]
SQL: SELECT * FROM `lj_cate` WHERE `pid` = 1  [ RunTime:0.0004s ]
SQL: SELECT * FROM `lj_cate` WHERE `id` = 1  [ RunTime:0.0005s ]
SQL: SELECT * FROM `lj_cate` WHERE `id` = 0  [ RunTime:0.0004s ]
NOTIC: [8] Undefined offset: 0 D:\wwwroot\yunguanjia_y81sj9\web\WEB\Index\Controller\ArticleController.class.php 第 50 行.
SQL: SHOW COLUMNS FROM `lj_article` [ RunTime:0.0117s ]
SQL: SELECT COUNT(*) AS tp_count FROM `lj_article` WHERE `cid` = 1 AND `del` = 0 LIMIT 1   [ RunTime:0.0004s ]
SQL: SELECT `attrid`,`id`,`title`,`description`,`time`,`click`,`cid`,`pic`,`author`,`tel`,`jf` FROM `lj_article` WHERE `cid` = 1 AND `del` = 0 ORDER BY time DESC,id DESC LIMIT 0,10   [ RunTime:0.0006s ]
NOTIC: [8] Use of undefined constant index_cx - assumed 'index_cx' D:\wwwroot\yunguanjia_y81sj9\web\WEB\Index\Controller\ArticleController.class.php 第 74 行.
INFO: [ view_parse ] --START--
INFO: [ template_filter ] --START--
INFO: Run Behavior\ContentReplaceBehavior [ RunTime:0.000104s ]
INFO: [ template_filter ] --END-- [ RunTime:0.000176s ]
INFO: Run Behavior\ParseTemplateBehavior [ RunTime:0.018432s ]
INFO: [ view_parse ] --END-- [ RunTime:0.018513s ]
INFO: [ view_filter ] --START--
INFO: Run Behavior\WriteHtmlCacheBehavior [ RunTime:0.000594s ]
INFO: [ view_filter ] --END-- [ RunTime:0.000652s ]
INFO: [ app_end ] --START--
INFO: Run Behavior\ShowPageTraceBehavior [ RunTime:0.001607s ]
INFO: [ app_end ] --END-- [ RunTime:0.001674s ]

[ 2017-12-16T17:47:14+08:00 ] 111.178.13.212 /index.php/Index/Member/index
INFO: [ app_init ] --START--
INFO: Run Behavior\BuildLiteBehavior [ RunTime:0.000021s ]
INFO: [ app_init ] --END-- [ RunTime:0.000786s ]
SQL: SHOW COLUMNS FROM `lj_conf` [ RunTime:0.0100s ]
SQL: SELECT `confing` FROM `lj_conf` WHERE `id` = 0 LIMIT 1   [ RunTime:0.0004s ]
NOTIC: [8] Use of undefined constant __APP__ - assumed '__APP__' D:\wwwroot\yunguanjia_y81sj9\web\ThinkPHP\Common\functions.php 第 1003 行.
NOTIC: [8] Use of undefined constant __APP__ - assumed '__APP__' D:\wwwroot\yunguanjia_y81sj9\web\ThinkPHP\Common\functions.php 第 1003 行.
INFO: [ app_begin ] --START--
INFO: Run Behavior\ReadHtmlCacheBehavior [ RunTime:0.000955s ]
INFO: [ app_begin ] --END-- [ RunTime:0.001044s ]
NOTIC: [8192] mysql_connect(): The mysql extension is deprecated and will be removed in the future: use mysqli or PDO instead D:\wwwroot\yunguanjia_y81sj9\web\ThinkPHP\Library\Think\Session\Driver\Db.class.php 第 95 行.
INFO: [ view_parse ] --START--
INFO: [ template_filter ] --START--
INFO: Run Behavior\ContentReplaceBehavior [ RunTime:0.000126s ]
INFO: [ template_filter ] --END-- [ RunTime:0.000195s ]

[ 2017-12-16T17:47:45+08:00 ] 111.178.13.212 /index.php/Index/Member/index
INFO: [ app_init ] --START--
INFO: Run Behavior\BuildLiteBehavior [ RunTime:0.000021s ]
INFO: [ app_init ] --END-- [ RunTime:0.000806s ]
SQL: SHOW COLUMNS FROM `lj_conf` [ RunTime:0.0105s ]
SQL: SELECT `confing` FROM `lj_conf` WHERE `id` = 0 LIMIT 1   [ RunTime:0.0004s ]
NOTIC: [8] Use of undefined constant __APP__ - assumed '__APP__' D:\wwwroot\yunguanjia_y81sj9\web\ThinkPHP\Common\functions.php 第 1003 行.
NOTIC: [8] Use of undefined constant __APP__ - assumed '__APP__' D:\wwwroot\yunguanjia_y81sj9\web\ThinkPHP\Common\functions.php 第 1003 行.
INFO: [ app_begin ] --START--
INFO: Run Behavior\ReadHtmlCacheBehavior [ RunTime:0.000946s ]
INFO: [ app_begin ] --END-- [ RunTime:0.001061s ]
NOTIC: [8192] mysql_connect(): The mysql extension is deprecated and will be removed in the future: use mysqli or PDO instead D:\wwwroot\yunguanjia_y81sj9\web\ThinkPHP\Library\Think\Session\Driver\Db.class.php 第 95 行.
INFO: [ view_parse ] --START--
INFO: [ template_filter ] --START--
INFO: Run Behavior\ContentReplaceBehavior [ RunTime:0.000125s ]
INFO: [ template_filter ] --END-- [ RunTime:0.000191s ]

[ 2017-12-16T17:47:45+08:00 ] 111.178.13.212 /index.php/Index/Member
INFO: [ app_init ] --START--
INFO: Run Behavior\BuildLiteBehavior [ RunTime:0.000019s ]
INFO: [ app_init ] --END-- [ RunTime:0.000791s ]
SQL: SHOW COLUMNS FROM `lj_conf` [ RunTime:0.0103s ]
SQL: SELECT `confing` FROM `lj_conf` WHERE `id` = 0 LIMIT 1   [ RunTime:0.0004s ]
NOTIC: [8] Use of undefined constant __APP__ - assumed '__APP__' D:\wwwroot\yunguanjia_y81sj9\web\ThinkPHP\Common\functions.php 第 1003 行.
NOTIC: [8] Use of undefined constant __APP__ - assumed '__APP__' D:\wwwroot\yunguanjia_y81sj9\web\ThinkPHP\Common\functions.php 第 1003 行.
INFO: [ app_begin ] --START--
INFO: Run Behavior\ReadHtmlCacheBehavior [ RunTime:0.000941s ]
INFO: [ app_begin ] --END-- [ RunTime:0.001029s ]
NOTIC: [8192] mysql_connect(): The mysql extension is deprecated and will be removed in the future: use mysqli or PDO instead D:\wwwroot\yunguanjia_y81sj9\web\ThinkPHP\Library\Think\Session\Driver\Db.class.php 第 95 行.
INFO: [ view_parse ] --START--
INFO: [ template_filter ] --START--
INFO: Run Behavior\ContentReplaceBehavior [ RunTime:0.000123s ]
INFO: [ template_filter ] --END-- [ RunTime:0.000191s ]

[ 2017-12-16T18:11:17+08:00 ] 111.178.13.212 /index.php/Index/Member
INFO: [ app_init ] --START--
INFO: Run Behavior\BuildLiteBehavior [ RunTime:0.000020s ]
INFO: [ app_init ] --END-- [ RunTime:0.001131s ]
SQL: SHOW COLUMNS FROM `lj_conf` [ RunTime:0.0105s ]
SQL: SELECT `confing` FROM `lj_conf` WHERE `id` = 0 LIMIT 1   [ RunTime:0.0004s ]
NOTIC: [8] Use of undefined constant __APP__ - assumed '__APP__' D:\wwwroot\yunguanjia_y81sj9\web\ThinkPHP\Common\functions.php 第 1003 行.
NOTIC: [8] Use of undefined constant __APP__ - assumed '__APP__' D:\wwwroot\yunguanjia_y81sj9\web\ThinkPHP\Common\functions.php 第 1003 行.
INFO: [ app_begin ] --START--
INFO: Run Behavior\ReadHtmlCacheBehavior [ RunTime:0.001241s ]
INFO: [ app_begin ] --END-- [ RunTime:0.001331s ]
NOTIC: [8192] mysql_connect(): The mysql extension is deprecated and will be removed in the future: use mysqli or PDO instead D:\wwwroot\yunguanjia_y81sj9\web\ThinkPHP\Library\Think\Session\Driver\Db.class.php 第 95 行.
INFO: [ view_parse ] --START--
INFO: [ template_filter ] --START--
INFO: Run Behavior\ContentReplaceBehavior [ RunTime:0.000251s ]
INFO: [ template_filter ] --END-- [ RunTime:0.000367s ]

[ 2017-12-16T18:11:17+08:00 ] 111.178.13.212 /index.php/Index/Member
INFO: [ app_init ] --START--
INFO: Run Behavior\BuildLiteBehavior [ RunTime:0.000020s ]
INFO: [ app_init ] --END-- [ RunTime:0.001030s ]
SQL: SHOW COLUMNS FROM `lj_conf` [ RunTime:0.0102s ]
SQL: SELECT `confing` FROM `lj_conf` WHERE `id` = 0 LIMIT 1   [ RunTime:0.0004s ]
NOTIC: [8] Use of undefined constant __APP__ - assumed '__APP__' D:\wwwroot\yunguanjia_y81sj9\web\ThinkPHP\Common\functions.php 第 1003 行.
NOTIC: [8] Use of undefined constant __APP__ - assumed '__APP__' D:\wwwroot\yunguanjia_y81sj9\web\ThinkPHP\Common\functions.php 第 1003 行.
INFO: [ app_begin ] --START--
INFO: Run Behavior\ReadHtmlCacheBehavior [ RunTime:0.001259s ]
INFO: [ app_begin ] --END-- [ RunTime:0.001345s ]
NOTIC: [8192] mysql_connect(): The mysql extension is deprecated and will be removed in the future: use mysqli or PDO instead D:\wwwroot\yunguanjia_y81sj9\web\ThinkPHP\Library\Think\Session\Driver\Db.class.php 第 95 行.
INFO: [ view_parse ] --START--
INFO: [ template_filter ] --START--
INFO: Run Behavior\ContentReplaceBehavior [ RunTime:0.000125s ]
INFO: [ template_filter ] --END-- [ RunTime:0.000190s ]

