[ 2017-12-20T11:41:45+08:00 ] 127.0.0.1 /
INFO: [ app_init ] --START--
INFO: Run Behavior\BuildLiteBehavior [ RunTime:0.000024s ]
INFO: [ app_init ] --END-- [ RunTime:0.010625s ]
SQL: SHOW COLUMNS FROM `lj_conf` [ RunTime:0.0518s ]
SQL: SELECT `confing` FROM `lj_conf` WHERE `id` = 0 LIMIT 1   [ RunTime:0.0006s ]
NOTIC: [8] Use of undefined constant __APP__ - assumed '__APP__' D:\WWW\hbguanjia\ThinkPHP\Common\functions.php 第 1003 行.
NOTIC: [8] Use of undefined constant __APP__ - assumed '__APP__' D:\WWW\hbguanjia\ThinkPHP\Common\functions.php 第 1003 行.
INFO: [ app_begin ] --START--
INFO: Run Behavior\ReadHtmlCacheBehavior [ RunTime:0.007979s ]
INFO: [ app_begin ] --END-- [ RunTime:0.008078s ]
NOTIC: [8192] mysql_connect(): The mysql extension is deprecated and will be removed in the future: use mysqli or PDO instead D:\WWW\hbguanjia\ThinkPHP\Library\Think\Session\Driver\Db.class.php 第 95 行.
INFO: [ view_parse ] --START--
NOTIC: [8] Undefined index: flag D:\WWW\hbguanjia\WEB\TagLib\TagLibLj.class.php 第 47 行.
NOTIC: [8] Undefined index: attrid D:\WWW\hbguanjia\WEB\TagLib\TagLibLj.class.php 第 42 行.
NOTIC: [8] Undefined index: flag D:\WWW\hbguanjia\WEB\TagLib\TagLibLj.class.php 第 47 行.
INFO: [ template_filter ] --START--
INFO: Run Behavior\ContentReplaceBehavior [ RunTime:0.000131s ]
INFO: [ template_filter ] --END-- [ RunTime:0.000207s ]
INFO: [ view_parse ] --START--
INFO: [ template_filter ] --START--
INFO: Run Behavior\ContentReplaceBehavior [ RunTime:0.000052s ]
INFO: [ template_filter ] --END-- [ RunTime:-0.015781s ]
SQL: SHOW COLUMNS FROM `lj_banner` [ RunTime:0.0329s ]
SQL: SELECT * FROM `lj_banner` WHERE ( type=1 and img is not null ) ORDER BY sort ASC,id DESC LIMIT 5   [ RunTime:0.0006s ]
INFO: Run Behavior\ParseTemplateBehavior [ RunTime:0.038101s ]
INFO: [ view_parse ] --END-- [ RunTime:0.038172s ]
INFO: [ view_filter ] --START--
INFO: Run Behavior\WriteHtmlCacheBehavior [ RunTime:0.015949s ]
INFO: [ view_filter ] --END-- [ RunTime:0.016030s ]
SQL: SHOW COLUMNS FROM `lj_cate` [ RunTime:0.0292s ]
SQL: SELECT * FROM `lj_cate` WHERE `stauts` = 0 AND `pid` = 3 ORDER BY sort ASC,id ASC LIMIT 4   [ RunTime:0.0007s ]
SQL: SHOW COLUMNS FROM `lj_article` [ RunTime:0.0453s ]
SQL: SELECT `id`,`title`,`description`,`jf`,`pic`,`time`,`click` FROM `lj_article` INNER JOIN lj_article_attr ON lj_article.id = lj_article_attr.artid  WHERE ( cid in (2) and del=0 and pic<>'' ) ORDER BY time desc LIMIT 3   [ RunTime:0.0367s ]
SQL: SHOW COLUMNS FROM `lj_article` [ RunTime:0.0058s ]
SQL: SELECT `id`,`title`,`description`,`jf`,`pic`,`time`,`click` FROM `lj_article` WHERE ( cid in (2) and del=0 and pic<>'' ) ORDER BY time desc LIMIT 8   [ RunTime:0.0005s ]
SQL: SHOW COLUMNS FROM `lj_attr` [ RunTime:0.0345s ]
NOTIC: [8] Undefined index: mapping_order D:\WWW\hbguanjia\ThinkPHP\Library\Think\Model\RelationModel.class.php 第 186 行.
NOTIC: [8] Undefined index: mapping_limit D:\WWW\hbguanjia\ThinkPHP\Library\Think\Model\RelationModel.class.php 第 187 行.
SQL: SELECT b.* FROM lj_article_attr AS a, lj_attr AS b WHERE a.attrid = b.id AND a. artid='1' [ RunTime:0.0005s ]
NOTIC: [8] Undefined variable: cid D:\WWW\hbguanjia\WEB\Runtime\Cache\Index\a823037c95891132233348d6d2fce91e.php 第 73 行.
INFO: Run Behavior\ParseTemplateBehavior [ RunTime:0.222246s ]
INFO: [ view_parse ] --END-- [ RunTime:0.038172s ]
INFO: [ view_filter ] --START--
INFO: Run Behavior\WriteHtmlCacheBehavior [ RunTime:0.000017s ]
INFO: [ view_filter ] --END-- [ RunTime:-0.168109s ]
INFO: [ app_end ] --START--
INFO: Run Behavior\ShowPageTraceBehavior [ RunTime:0.016271s ]
INFO: [ app_end ] --END-- [ RunTime:0.016358s ]

[ 2017-12-20T11:41:57+08:00 ] 127.0.0.1 /index.php/goods_3.html
INFO: [ app_init ] --START--
INFO: Run Behavior\BuildLiteBehavior [ RunTime:0.000021s ]
INFO: [ app_init ] --END-- [ RunTime:0.000657s ]
SQL: SHOW COLUMNS FROM `lj_conf` [ RunTime:0.0051s ]
SQL: SELECT `confing` FROM `lj_conf` WHERE `id` = 0 LIMIT 1   [ RunTime:0.0004s ]
NOTIC: [8] Use of undefined constant __APP__ - assumed '__APP__' D:\WWW\hbguanjia\ThinkPHP\Common\functions.php 第 1003 行.
NOTIC: [8] Use of undefined constant __APP__ - assumed '__APP__' D:\WWW\hbguanjia\ThinkPHP\Common\functions.php 第 1003 行.
INFO: [ app_begin ] --START--
INFO: Run Behavior\ReadHtmlCacheBehavior [ RunTime:0.000831s ]
INFO: [ app_begin ] --END-- [ RunTime:0.000918s ]
NOTIC: [8192] mysql_connect(): The mysql extension is deprecated and will be removed in the future: use mysqli or PDO instead D:\WWW\hbguanjia\ThinkPHP\Library\Think\Session\Driver\Db.class.php 第 95 行.
NOTIC: [8] Use of undefined constant intval - assumed 'intval' D:\WWW\hbguanjia\WEB\Index\Controller\GoodsController.class.php 第 9 行.
NOTIC: [8] Use of undefined constant intval - assumed 'intval' D:\WWW\hbguanjia\WEB\Index\Controller\GoodsController.class.php 第 10 行.
SQL: SHOW COLUMNS FROM `lj_cate` [ RunTime:0.0054s ]
SQL: SELECT * FROM `lj_cate` WHERE `pid` = 3  [ RunTime:0.0006s ]
SQL: SHOW COLUMNS FROM `lj_class` [ RunTime:0.0776s ]
SQL: SELECT * FROM `lj_class`  [ RunTime:0.0004s ]
SQL: SELECT * FROM `lj_cate` WHERE `id` = 3  [ RunTime:0.0005s ]
SQL: SHOW COLUMNS FROM `lj_goods` [ RunTime:0.0678s ]
SQL: SELECT COUNT(*) AS tp_count FROM `lj_goods` WHERE ( cid in (4,5,6,7) and del=0 ) LIMIT 1   [ RunTime:0.0037s ]
SQL: SELECT `id`,`cid`,`title`,`description`,`pic`,`price`,`memprice`,`stock`,`classid`,`brand`,`unit`,`weight`,`isref`,`ishot`,`isdis`,`time`,`click` FROM `lj_goods` WHERE ( cid in (4,5,6,7) and del=0 ) ORDER BY id DESC LIMIT 0,10   [ RunTime:0.0007s ]
NOTIC: [8] Use of undefined constant cateindex - assumed 'cateindex' D:\WWW\hbguanjia\WEB\Index\Controller\GoodsController.class.php 第 52 行.
INFO: [ view_parse ] --START--
NOTIC: [8] Undefined index: limit D:\WWW\hbguanjia\WEB\TagLib\TagLibLj.class.php 第 198 行.
NOTIC: [8] Undefined index: limit D:\WWW\hbguanjia\WEB\TagLib\TagLibLj.class.php 第 198 行.
INFO: [ template_filter ] --START--
INFO: Run Behavior\ContentReplaceBehavior [ RunTime:0.000131s ]
INFO: [ template_filter ] --END-- [ RunTime:0.000203s ]
SQL: SELECT * FROM `lj_cate` WHERE `stauts` = 0 AND `pid` = 3 ORDER BY sort ASC,id ASC  [ RunTime:0.0007s ]
INFO: Run Behavior\ParseTemplateBehavior [ RunTime:0.034372s ]
INFO: [ view_parse ] --END-- [ RunTime:0.034442s ]
INFO: [ view_filter ] --START--
INFO: Run Behavior\WriteHtmlCacheBehavior [ RunTime:0.000678s ]
INFO: [ view_filter ] --END-- [ RunTime:0.000752s ]
INFO: [ app_end ] --START--
INFO: Run Behavior\ShowPageTraceBehavior [ RunTime:0.000940s ]
INFO: [ app_end ] --END-- [ RunTime:0.001015s ]

[ 2017-12-20T11:42:16+08:00 ] 127.0.0.1 /index.php/Index/details_2.html
INFO: [ app_init ] --START--
INFO: Run Behavior\BuildLiteBehavior [ RunTime:0.000021s ]
INFO: [ app_init ] --END-- [ RunTime:0.000687s ]
SQL: SHOW COLUMNS FROM `lj_conf` [ RunTime:0.0049s ]
SQL: SELECT `confing` FROM `lj_conf` WHERE `id` = 0 LIMIT 1   [ RunTime:0.0005s ]
NOTIC: [8] Use of undefined constant __APP__ - assumed '__APP__' D:\WWW\hbguanjia\ThinkPHP\Common\functions.php 第 1003 行.
NOTIC: [8] Use of undefined constant __APP__ - assumed '__APP__' D:\WWW\hbguanjia\ThinkPHP\Common\functions.php 第 1003 行.
INFO: [ app_begin ] --START--
INFO: Run Behavior\ReadHtmlCacheBehavior [ RunTime:0.002563s ]
INFO: [ app_begin ] --END-- [ RunTime:0.002689s ]
NOTIC: [8192] mysql_connect(): The mysql extension is deprecated and will be removed in the future: use mysqli or PDO instead D:\WWW\hbguanjia\ThinkPHP\Library\Think\Session\Driver\Db.class.php 第 95 行.
NOTIC: [8] Use of undefined constant intval - assumed 'intval' D:\WWW\hbguanjia\WEB\Index\Controller\GoodsController.class.php 第 93 行.
SQL: SHOW COLUMNS FROM `lj_goods` [ RunTime:0.0058s ]
SQL: SELECT * FROM `lj_goods` WHERE `id` = 2 LIMIT 1   [ RunTime:0.0005s ]
SQL: SHOW COLUMNS FROM `lj_class` [ RunTime:0.0059s ]
SQL: SELECT * FROM `lj_class` WHERE `id` = null LIMIT 1   [ RunTime:0.0004s ]
SQL: SHOW COLUMNS FROM `lj_ping` [ RunTime:0.0453s ]
SQL: SELECT COUNT(*) AS tp_count FROM `lj_ping` WHERE `fz` = 'Goods_2' AND `dis` = 1 LIMIT 1   [ RunTime:0.0004s ]
SQL: SELECT * FROM `lj_ping` LEFT JOIN lj_member ON lj_ping.mid = lj_member.id  WHERE `fz` = 'Goods_2' AND ( dis=1 or hfid <>0 ) ORDER BY lj_ping.id DESC  [ RunTime:0.0651s ]
SQL: SHOW COLUMNS FROM `lj_cate` [ RunTime:0.0057s ]
SQL: SELECT * FROM `lj_cate` WHERE `id` = 4  [ RunTime:0.0004s ]
SQL: SHOW COLUMNS FROM `lj_atlas` [ RunTime:0.0415s ]
SQL: SELECT * FROM `lj_atlas` WHERE `gid` = 2  [ RunTime:0.0006s ]
SQL: SELECT * FROM `lj_goods` WHERE `id` > 2 AND `del` = 0 AND `cid` = 4 ORDER BY `id` ASC LIMIT 1   [ RunTime:0.0007s ]
SQL: SELECT * FROM `lj_goods` WHERE `id` < 2 AND `del` = 0 AND `cid` = 4 ORDER BY `id` DESC LIMIT 1   [ RunTime:0.0006s ]
INFO: [ view_parse ] --START--
INFO: [ template_filter ] --START--
INFO: Run Behavior\ContentReplaceBehavior [ RunTime:0.000137s ]
INFO: [ template_filter ] --END-- [ RunTime:0.000215s ]
NOTIC: [8] Undefined variable: description D:\WWW\hbguanjia\WEB\Runtime\Cache\Index\341a630701d23114f21e25e40cf6843e.php 第 8 行.
INFO: [ view_parse ] --START--
INFO: [ template_filter ] --START--
INFO: Run Behavior\ContentReplaceBehavior [ RunTime:0.000054s ]
INFO: [ template_filter ] --END-- [ RunTime:-0.007101s ]
SQL: SHOW COLUMNS FROM `lj_banner` [ RunTime:0.0057s ]
SQL: SELECT * FROM `lj_banner` WHERE ( type=1 and img is not null ) ORDER BY sort ASC,id DESC LIMIT 5   [ RunTime:0.0005s ]
INFO: Run Behavior\ParseTemplateBehavior [ RunTime:0.012064s ]
INFO: [ view_parse ] --END-- [ RunTime:0.012136s ]
INFO: [ view_filter ] --START--
INFO: Run Behavior\WriteHtmlCacheBehavior [ RunTime:0.000697s ]
INFO: [ view_filter ] --END-- [ RunTime:0.000767s ]
SQL: SELECT * FROM `lj_cate`  [ RunTime:0.0005s ]
NOTIC: [8] Use of undefined constant isdis - assumed 'isdis' D:\WWW\hbguanjia\WEB\Runtime\Cache\Index\341a630701d23114f21e25e40cf6843e.php 第 69 行.
INFO: Run Behavior\ParseTemplateBehavior [ RunTime:0.014050s ]
INFO: [ view_parse ] --END-- [ RunTime:0.012136s ]
INFO: [ view_filter ] --START--
INFO: Run Behavior\WriteHtmlCacheBehavior [ RunTime:0.000016s ]
INFO: [ view_filter ] --END-- [ RunTime:-0.001211s ]
INFO: [ app_end ] --START--
INFO: Run Behavior\ShowPageTraceBehavior [ RunTime:0.001057s ]
INFO: [ app_end ] --END-- [ RunTime:0.001131s ]

[ 2017-12-20T11:42:18+08:00 ] 127.0.0.1 /index.php/Index/Goods/getclick/id/2.html
INFO: [ app_init ] --START--
INFO: Run Behavior\BuildLiteBehavior [ RunTime:0.000018s ]
INFO: [ app_init ] --END-- [ RunTime:0.000602s ]
SQL: SHOW COLUMNS FROM `lj_conf` [ RunTime:0.0052s ]
SQL: SELECT `confing` FROM `lj_conf` WHERE `id` = 0 LIMIT 1   [ RunTime:0.0005s ]
NOTIC: [8] Use of undefined constant __APP__ - assumed '__APP__' D:\WWW\hbguanjia\ThinkPHP\Common\functions.php 第 1003 行.
NOTIC: [8] Use of undefined constant __APP__ - assumed '__APP__' D:\WWW\hbguanjia\ThinkPHP\Common\functions.php 第 1003 行.
INFO: [ app_begin ] --START--
INFO: Run Behavior\ReadHtmlCacheBehavior [ RunTime:0.000988s ]
INFO: [ app_begin ] --END-- [ RunTime:0.001087s ]
NOTIC: [8192] mysql_connect(): The mysql extension is deprecated and will be removed in the future: use mysqli or PDO instead D:\WWW\hbguanjia\ThinkPHP\Library\Think\Session\Driver\Db.class.php 第 95 行.
SQL: SHOW COLUMNS FROM `lj_goods` [ RunTime:0.0055s ]
SQL: UPDATE `lj_goods` SET `click`=click+1 WHERE `id` = 2 [ RunTime:0.0004s ]
SQL: SELECT `click` FROM `lj_goods` WHERE `id` = 2 LIMIT 1   [ RunTime:0.0004s ]
INFO: [ app_end ] --START--
INFO: Run Behavior\ShowPageTraceBehavior [ RunTime:0.000841s ]
INFO: [ app_end ] --END-- [ RunTime:0.000910s ]

[ 2017-12-20T11:43:48+08:00 ] 127.0.0.1 /index.php/Index/details_2.html
INFO: [ app_init ] --START--
INFO: Run Behavior\BuildLiteBehavior [ RunTime:0.000021s ]
INFO: [ app_init ] --END-- [ RunTime:0.000847s ]
SQL: SHOW COLUMNS FROM `lj_conf` [ RunTime:0.0055s ]
SQL: SELECT `confing` FROM `lj_conf` WHERE `id` = 0 LIMIT 1   [ RunTime:0.0008s ]
NOTIC: [8] Use of undefined constant __APP__ - assumed '__APP__' D:\WWW\hbguanjia\ThinkPHP\Common\functions.php 第 1003 行.
NOTIC: [8] Use of undefined constant __APP__ - assumed '__APP__' D:\WWW\hbguanjia\ThinkPHP\Common\functions.php 第 1003 行.
INFO: [ app_begin ] --START--
INFO: Run Behavior\ReadHtmlCacheBehavior [ RunTime:0.001002s ]
INFO: [ app_begin ] --END-- [ RunTime:0.001100s ]
NOTIC: [8192] mysql_connect(): The mysql extension is deprecated and will be removed in the future: use mysqli or PDO instead D:\WWW\hbguanjia\ThinkPHP\Library\Think\Session\Driver\Db.class.php 第 95 行.
NOTIC: [8] Use of undefined constant intval - assumed 'intval' D:\WWW\hbguanjia\WEB\Index\Controller\GoodsController.class.php 第 93 行.
SQL: SHOW COLUMNS FROM `lj_goods` [ RunTime:0.0057s ]
SQL: SELECT * FROM `lj_goods` WHERE `id` = 2 LIMIT 1   [ RunTime:0.0005s ]
SQL: SHOW COLUMNS FROM `lj_class` [ RunTime:0.0058s ]
SQL: SELECT * FROM `lj_class` WHERE `id` = null LIMIT 1   [ RunTime:0.0004s ]
SQL: SHOW COLUMNS FROM `lj_ping` [ RunTime:0.0052s ]
SQL: SELECT COUNT(*) AS tp_count FROM `lj_ping` WHERE `fz` = 'Goods_2' AND `dis` = 1 LIMIT 1   [ RunTime:0.0004s ]
SQL: SELECT * FROM `lj_ping` LEFT JOIN lj_member ON lj_ping.mid = lj_member.id  WHERE `fz` = 'Goods_2' AND ( dis=1 or hfid <>0 ) ORDER BY lj_ping.id DESC  [ RunTime:0.0005s ]
SQL: SHOW COLUMNS FROM `lj_cate` [ RunTime:0.0053s ]
SQL: SELECT * FROM `lj_cate` WHERE `id` = 4  [ RunTime:0.0006s ]
SQL: SHOW COLUMNS FROM `lj_atlas` [ RunTime:0.0065s ]
SQL: SELECT * FROM `lj_atlas` WHERE `gid` = 2  [ RunTime:0.0004s ]
SQL: SELECT * FROM `lj_goods` WHERE `id` > 2 AND `del` = 0 AND `cid` = 4 ORDER BY `id` ASC LIMIT 1   [ RunTime:0.0006s ]
SQL: SELECT * FROM `lj_goods` WHERE `id` < 2 AND `del` = 0 AND `cid` = 4 ORDER BY `id` DESC LIMIT 1   [ RunTime:0.0005s ]
INFO: [ view_parse ] --START--
INFO: [ template_filter ] --START--
INFO: Run Behavior\ContentReplaceBehavior [ RunTime:0.000136s ]
INFO: [ template_filter ] --END-- [ RunTime:0.000221s ]
NOTIC: [8] Undefined variable: description D:\WWW\hbguanjia\WEB\Runtime\Cache\Index\341a630701d23114f21e25e40cf6843e.php 第 8 行.
INFO: [ view_parse ] --START--
INFO: [ template_filter ] --START--
INFO: Run Behavior\ContentReplaceBehavior [ RunTime:0.000052s ]
INFO: [ template_filter ] --END-- [ RunTime:-0.006430s ]
SQL: SHOW COLUMNS FROM `lj_banner` [ RunTime:0.0053s ]
SQL: SELECT * FROM `lj_banner` WHERE ( type=1 and img is not null ) ORDER BY sort ASC,id DESC LIMIT 5   [ RunTime:0.0005s ]
INFO: Run Behavior\ParseTemplateBehavior [ RunTime:0.010027s ]
INFO: [ view_parse ] --END-- [ RunTime:0.010093s ]
INFO: [ view_filter ] --START--
INFO: Run Behavior\WriteHtmlCacheBehavior [ RunTime:0.000726s ]
INFO: [ view_filter ] --END-- [ RunTime:0.000798s ]
SQL: SELECT * FROM `lj_cate`  [ RunTime:0.0005s ]
NOTIC: [8] Use of undefined constant isdis - assumed 'isdis' D:\WWW\hbguanjia\WEB\Runtime\Cache\Index\341a630701d23114f21e25e40cf6843e.php 第 69 行.
INFO: Run Behavior\ParseTemplateBehavior [ RunTime:0.012332s ]
INFO: [ view_parse ] --END-- [ RunTime:0.010093s ]
INFO: [ view_filter ] --START--
INFO: Run Behavior\WriteHtmlCacheBehavior [ RunTime:0.000017s ]
INFO: [ view_filter ] --END-- [ RunTime:-0.001499s ]
INFO: [ app_end ] --START--
INFO: Run Behavior\ShowPageTraceBehavior [ RunTime:0.001073s ]
INFO: [ app_end ] --END-- [ RunTime:0.001142s ]

[ 2017-12-20T11:43:50+08:00 ] 127.0.0.1 /index.php/Index/Goods/getclick/id/2.html
INFO: [ app_init ] --START--
INFO: Run Behavior\BuildLiteBehavior [ RunTime:0.000021s ]
INFO: [ app_init ] --END-- [ RunTime:0.000645s ]
SQL: SHOW COLUMNS FROM `lj_conf` [ RunTime:0.0077s ]
SQL: SELECT `confing` FROM `lj_conf` WHERE `id` = 0 LIMIT 1   [ RunTime:0.0005s ]
NOTIC: [8] Use of undefined constant __APP__ - assumed '__APP__' D:\WWW\hbguanjia\ThinkPHP\Common\functions.php 第 1003 行.
NOTIC: [8] Use of undefined constant __APP__ - assumed '__APP__' D:\WWW\hbguanjia\ThinkPHP\Common\functions.php 第 1003 行.
INFO: [ app_begin ] --START--
INFO: Run Behavior\ReadHtmlCacheBehavior [ RunTime:0.000942s ]
INFO: [ app_begin ] --END-- [ RunTime:0.001036s ]
NOTIC: [8192] mysql_connect(): The mysql extension is deprecated and will be removed in the future: use mysqli or PDO instead D:\WWW\hbguanjia\ThinkPHP\Library\Think\Session\Driver\Db.class.php 第 95 行.
SQL: SHOW COLUMNS FROM `lj_goods` [ RunTime:0.0054s ]
SQL: UPDATE `lj_goods` SET `click`=click+1 WHERE `id` = 2 [ RunTime:0.0005s ]
SQL: SELECT `click` FROM `lj_goods` WHERE `id` = 2 LIMIT 1   [ RunTime:0.0003s ]
INFO: [ app_end ] --START--
INFO: Run Behavior\ShowPageTraceBehavior [ RunTime:0.001106s ]
INFO: [ app_end ] --END-- [ RunTime:0.001185s ]

[ 2017-12-20T11:47:33+08:00 ] 127.0.0.1 /index.php/Index/details_2.html
INFO: [ app_init ] --START--
INFO: Run Behavior\BuildLiteBehavior [ RunTime:0.000021s ]
INFO: [ app_init ] --END-- [ RunTime:0.000849s ]
SQL: SHOW COLUMNS FROM `lj_conf` [ RunTime:0.0049s ]
SQL: SELECT `confing` FROM `lj_conf` WHERE `id` = 0 LIMIT 1   [ RunTime:0.0004s ]
NOTIC: [8] Use of undefined constant __APP__ - assumed '__APP__' D:\WWW\hbguanjia\ThinkPHP\Common\functions.php 第 1003 行.
NOTIC: [8] Use of undefined constant __APP__ - assumed '__APP__' D:\WWW\hbguanjia\ThinkPHP\Common\functions.php 第 1003 行.
INFO: [ app_begin ] --START--
INFO: Run Behavior\ReadHtmlCacheBehavior [ RunTime:0.000895s ]
INFO: [ app_begin ] --END-- [ RunTime:0.000982s ]
NOTIC: [8192] mysql_connect(): The mysql extension is deprecated and will be removed in the future: use mysqli or PDO instead D:\WWW\hbguanjia\ThinkPHP\Library\Think\Session\Driver\Db.class.php 第 95 行.
NOTIC: [8] Use of undefined constant intval - assumed 'intval' D:\WWW\hbguanjia\WEB\Index\Controller\GoodsController.class.php 第 93 行.
SQL: SHOW COLUMNS FROM `lj_goods` [ RunTime:0.0057s ]
SQL: SELECT * FROM `lj_goods` WHERE `id` = 2 LIMIT 1   [ RunTime:0.0005s ]
SQL: SHOW COLUMNS FROM `lj_class` [ RunTime:0.0052s ]
SQL: SELECT * FROM `lj_class` WHERE `id` = null LIMIT 1   [ RunTime:0.0004s ]
SQL: SHOW COLUMNS FROM `lj_ping` [ RunTime:0.0052s ]
SQL: SELECT COUNT(*) AS tp_count FROM `lj_ping` WHERE `fz` = 'Goods_2' AND `dis` = 1 LIMIT 1   [ RunTime:0.0004s ]
SQL: SELECT * FROM `lj_ping` LEFT JOIN lj_member ON lj_ping.mid = lj_member.id  WHERE `fz` = 'Goods_2' AND ( dis=1 or hfid <>0 ) ORDER BY lj_ping.id DESC  [ RunTime:0.0004s ]
SQL: SHOW COLUMNS FROM `lj_cate` [ RunTime:0.0054s ]
SQL: SELECT * FROM `lj_cate` WHERE `id` = 4  [ RunTime:0.0004s ]
SQL: SHOW COLUMNS FROM `lj_atlas` [ RunTime:0.0047s ]
SQL: SELECT * FROM `lj_atlas` WHERE `gid` = 2  [ RunTime:0.0003s ]
SQL: SELECT * FROM `lj_goods` WHERE `id` > 2 AND `del` = 0 AND `cid` = 4 ORDER BY `id` ASC LIMIT 1   [ RunTime:0.0005s ]
SQL: SELECT * FROM `lj_goods` WHERE `id` < 2 AND `del` = 0 AND `cid` = 4 ORDER BY `id` DESC LIMIT 1   [ RunTime:0.0007s ]
INFO: [ view_parse ] --START--
INFO: [ template_filter ] --START--
INFO: Run Behavior\ContentReplaceBehavior [ RunTime:0.000137s ]
INFO: [ template_filter ] --END-- [ RunTime:0.000212s ]
NOTIC: [8] Undefined variable: description D:\WWW\hbguanjia\WEB\Runtime\Cache\Index\341a630701d23114f21e25e40cf6843e.php 第 8 行.
INFO: [ view_parse ] --START--
INFO: [ template_filter ] --START--
INFO: Run Behavior\ContentReplaceBehavior [ RunTime:0.000053s ]
INFO: [ template_filter ] --END-- [ RunTime:-0.006946s ]
SQL: SHOW COLUMNS FROM `lj_banner` [ RunTime:0.0053s ]
SQL: SELECT * FROM `lj_banner` WHERE ( type=1 and img is not null ) ORDER BY sort ASC,id DESC LIMIT 5   [ RunTime:0.0008s ]
INFO: Run Behavior\ParseTemplateBehavior [ RunTime:0.010622s ]
INFO: [ view_parse ] --END-- [ RunTime:0.010740s ]
INFO: [ view_filter ] --START--
INFO: Run Behavior\WriteHtmlCacheBehavior [ RunTime:0.000727s ]
INFO: [ view_filter ] --END-- [ RunTime:0.000788s ]
SQL: SELECT * FROM `lj_cate`  [ RunTime:0.0006s ]
NOTIC: [8] Use of undefined constant isdis - assumed 'isdis' D:\WWW\hbguanjia\WEB\Runtime\Cache\Index\341a630701d23114f21e25e40cf6843e.php 第 69 行.
INFO: Run Behavior\ParseTemplateBehavior [ RunTime:0.012684s ]
INFO: [ view_parse ] --END-- [ RunTime:0.010740s ]
INFO: [ view_filter ] --START--
INFO: Run Behavior\WriteHtmlCacheBehavior [ RunTime:0.000016s ]
INFO: [ view_filter ] --END-- [ RunTime:-0.001261s ]
INFO: [ app_end ] --START--
INFO: Run Behavior\ShowPageTraceBehavior [ RunTime:0.001050s ]
INFO: [ app_end ] --END-- [ RunTime:0.001118s ]

[ 2017-12-20T11:47:35+08:00 ] 127.0.0.1 /index.php/Index/Goods/getclick/id/2.html
INFO: [ app_init ] --START--
INFO: Run Behavior\BuildLiteBehavior [ RunTime:0.000019s ]
INFO: [ app_init ] --END-- [ RunTime:0.000601s ]
SQL: SHOW COLUMNS FROM `lj_conf` [ RunTime:0.0055s ]
SQL: SELECT `confing` FROM `lj_conf` WHERE `id` = 0 LIMIT 1   [ RunTime:0.0017s ]
NOTIC: [8] Use of undefined constant __APP__ - assumed '__APP__' D:\WWW\hbguanjia\ThinkPHP\Common\functions.php 第 1003 行.
NOTIC: [8] Use of undefined constant __APP__ - assumed '__APP__' D:\WWW\hbguanjia\ThinkPHP\Common\functions.php 第 1003 行.
INFO: [ app_begin ] --START--
INFO: Run Behavior\ReadHtmlCacheBehavior [ RunTime:0.001116s ]
INFO: [ app_begin ] --END-- [ RunTime:0.001215s ]
NOTIC: [8192] mysql_connect(): The mysql extension is deprecated and will be removed in the future: use mysqli or PDO instead D:\WWW\hbguanjia\ThinkPHP\Library\Think\Session\Driver\Db.class.php 第 95 行.
SQL: SHOW COLUMNS FROM `lj_goods` [ RunTime:0.0056s ]
SQL: UPDATE `lj_goods` SET `click`=click+1 WHERE `id` = 2 [ RunTime:0.0005s ]
SQL: SELECT `click` FROM `lj_goods` WHERE `id` = 2 LIMIT 1   [ RunTime:0.0003s ]
INFO: [ app_end ] --START--
INFO: Run Behavior\ShowPageTraceBehavior [ RunTime:0.000971s ]
INFO: [ app_end ] --END-- [ RunTime:0.001044s ]

[ 2017-12-20T13:55:57+08:00 ] 127.0.0.1 /index.php/alist_2.html
INFO: [ app_init ] --START--
INFO: Run Behavior\BuildLiteBehavior [ RunTime:0.000019s ]
INFO: [ app_init ] --END-- [ RunTime:0.000779s ]
SQL: SHOW COLUMNS FROM `lj_conf` [ RunTime:0.0064s ]
SQL: SELECT `confing` FROM `lj_conf` WHERE `id` = 0 LIMIT 1   [ RunTime:0.0009s ]
NOTIC: [8] Use of undefined constant __APP__ - assumed '__APP__' D:\WWW\hbguanjia\ThinkPHP\Common\functions.php 第 1003 行.
NOTIC: [8] Use of undefined constant __APP__ - assumed '__APP__' D:\WWW\hbguanjia\ThinkPHP\Common\functions.php 第 1003 行.
INFO: [ app_begin ] --START--
INFO: Run Behavior\ReadHtmlCacheBehavior [ RunTime:0.001024s ]
INFO: [ app_begin ] --END-- [ RunTime:0.001121s ]
NOTIC: [8192] mysql_connect(): The mysql extension is deprecated and will be removed in the future: use mysqli or PDO instead D:\WWW\hbguanjia\ThinkPHP\Library\Think\Session\Driver\Db.class.php 第 95 行.
NOTIC: [8] Use of undefined constant intval - assumed 'intval' D:\WWW\hbguanjia\WEB\Index\Controller\ArticleController.class.php 第 9 行.
SQL: SHOW COLUMNS FROM `lj_cate` [ RunTime:0.0071s ]
SQL: SELECT * FROM `lj_cate` WHERE `pid` = 2  [ RunTime:0.0005s ]
SQL: SELECT * FROM `lj_cate` WHERE `id` = 2  [ RunTime:0.0005s ]
SQL: SELECT * FROM `lj_cate` WHERE `id` = 0  [ RunTime:0.0005s ]
NOTIC: [8] Undefined offset: 0 D:\WWW\hbguanjia\WEB\Index\Controller\ArticleController.class.php 第 50 行.
SQL: SHOW COLUMNS FROM `lj_article` [ RunTime:0.0063s ]
SQL: SELECT COUNT(*) AS tp_count FROM `lj_article` WHERE `cid` = 2 AND `del` = 0 LIMIT 1   [ RunTime:0.0006s ]
SQL: SELECT `attrid`,`id`,`title`,`description`,`time`,`click`,`cid`,`pic`,`author`,`tel`,`jf` FROM `lj_article` WHERE `cid` = 2 AND `del` = 0 ORDER BY time DESC,id DESC LIMIT 0,10   [ RunTime:0.0005s ]
INFO: [ view_parse ] --START--
INFO: [ template_filter ] --START--
INFO: Run Behavior\ContentReplaceBehavior [ RunTime:0.000109s ]
INFO: [ template_filter ] --END-- [ RunTime:0.000189s ]

[ 2017-12-20T13:56:00+08:00 ] 127.0.0.1 /index.php/alist_2.html
INFO: [ app_init ] --START--
INFO: Run Behavior\BuildLiteBehavior [ RunTime:0.000018s ]
INFO: [ app_init ] --END-- [ RunTime:0.000590s ]
SQL: SHOW COLUMNS FROM `lj_conf` [ RunTime:0.0051s ]
SQL: SELECT `confing` FROM `lj_conf` WHERE `id` = 0 LIMIT 1   [ RunTime:0.0004s ]
NOTIC: [8] Use of undefined constant __APP__ - assumed '__APP__' D:\WWW\hbguanjia\ThinkPHP\Common\functions.php 第 1003 行.
NOTIC: [8] Use of undefined constant __APP__ - assumed '__APP__' D:\WWW\hbguanjia\ThinkPHP\Common\functions.php 第 1003 行.
INFO: [ app_begin ] --START--
INFO: Run Behavior\ReadHtmlCacheBehavior [ RunTime:0.000886s ]
INFO: [ app_begin ] --END-- [ RunTime:0.000980s ]
NOTIC: [8192] mysql_connect(): The mysql extension is deprecated and will be removed in the future: use mysqli or PDO instead D:\WWW\hbguanjia\ThinkPHP\Library\Think\Session\Driver\Db.class.php 第 95 行.
NOTIC: [8] Use of undefined constant intval - assumed 'intval' D:\WWW\hbguanjia\WEB\Index\Controller\ArticleController.class.php 第 9 行.
SQL: SHOW COLUMNS FROM `lj_cate` [ RunTime:0.0053s ]
SQL: SELECT * FROM `lj_cate` WHERE `pid` = 2  [ RunTime:0.0013s ]
SQL: SELECT * FROM `lj_cate` WHERE `id` = 2  [ RunTime:0.0006s ]
SQL: SELECT * FROM `lj_cate` WHERE `id` = 0  [ RunTime:0.0004s ]
NOTIC: [8] Undefined offset: 0 D:\WWW\hbguanjia\WEB\Index\Controller\ArticleController.class.php 第 50 行.
SQL: SHOW COLUMNS FROM `lj_article` [ RunTime:0.0056s ]
SQL: SELECT COUNT(*) AS tp_count FROM `lj_article` WHERE `cid` = 2 AND `del` = 0 LIMIT 1   [ RunTime:0.0005s ]
SQL: SELECT `attrid`,`id`,`title`,`description`,`time`,`click`,`cid`,`pic`,`author`,`tel`,`jf` FROM `lj_article` WHERE `cid` = 2 AND `del` = 0 ORDER BY time DESC,id DESC LIMIT 0,10   [ RunTime:0.0006s ]
INFO: [ view_parse ] --START--
INFO: [ template_filter ] --START--
INFO: Run Behavior\ContentReplaceBehavior [ RunTime:0.000096s ]
INFO: [ template_filter ] --END-- [ RunTime:0.000178s ]

[ 2017-12-20T13:57:00+08:00 ] 127.0.0.1 /index.php/alist_2.html
INFO: [ app_init ] --START--
INFO: Run Behavior\BuildLiteBehavior [ RunTime:0.000020s ]
INFO: [ app_init ] --END-- [ RunTime:0.000769s ]
SQL: SHOW COLUMNS FROM `lj_conf` [ RunTime:0.0055s ]
SQL: SELECT `confing` FROM `lj_conf` WHERE `id` = 0 LIMIT 1   [ RunTime:0.0005s ]
NOTIC: [8] Use of undefined constant __APP__ - assumed '__APP__' D:\WWW\hbguanjia\ThinkPHP\Common\functions.php 第 1003 行.
NOTIC: [8] Use of undefined constant __APP__ - assumed '__APP__' D:\WWW\hbguanjia\ThinkPHP\Common\functions.php 第 1003 行.
INFO: [ app_begin ] --START--
INFO: Run Behavior\ReadHtmlCacheBehavior [ RunTime:0.000910s ]
INFO: [ app_begin ] --END-- [ RunTime:0.001003s ]
NOTIC: [8192] mysql_connect(): The mysql extension is deprecated and will be removed in the future: use mysqli or PDO instead D:\WWW\hbguanjia\ThinkPHP\Library\Think\Session\Driver\Db.class.php 第 95 行.
NOTIC: [8] Use of undefined constant intval - assumed 'intval' D:\WWW\hbguanjia\WEB\Index\Controller\ArticleController.class.php 第 9 行.
SQL: SHOW COLUMNS FROM `lj_cate` [ RunTime:0.0057s ]
SQL: SELECT * FROM `lj_cate` WHERE `pid` = 2  [ RunTime:0.0004s ]
SQL: SELECT * FROM `lj_cate` WHERE `id` = 2  [ RunTime:0.0005s ]
SQL: SELECT * FROM `lj_cate` WHERE `id` = 0  [ RunTime:0.0003s ]
NOTIC: [8] Undefined offset: 0 D:\WWW\hbguanjia\WEB\Index\Controller\ArticleController.class.php 第 50 行.
SQL: SHOW COLUMNS FROM `lj_article` [ RunTime:0.0051s ]
SQL: SELECT COUNT(*) AS tp_count FROM `lj_article` WHERE `cid` = 2 AND `del` = 0 LIMIT 1   [ RunTime:0.0004s ]
SQL: SELECT `attrid`,`id`,`title`,`description`,`time`,`click`,`cid`,`pic`,`author`,`tel`,`jf` FROM `lj_article` WHERE `cid` = 2 AND `del` = 0 ORDER BY time DESC,id DESC LIMIT 0,10   [ RunTime:0.0004s ]
INFO: [ view_parse ] --START--
INFO: [ template_filter ] --START--
INFO: Run Behavior\ContentReplaceBehavior [ RunTime:0.000096s ]
INFO: [ template_filter ] --END-- [ RunTime:0.000183s ]
INFO: Run Behavior\ParseTemplateBehavior [ RunTime:0.019795s ]
INFO: [ view_parse ] --END-- [ RunTime:0.019875s ]
INFO: [ view_filter ] --START--
INFO: Run Behavior\WriteHtmlCacheBehavior [ RunTime:0.000571s ]
INFO: [ view_filter ] --END-- [ RunTime:0.000633s ]
INFO: [ app_end ] --START--
INFO: Run Behavior\ShowPageTraceBehavior [ RunTime:0.000936s ]
INFO: [ app_end ] --END-- [ RunTime:0.001005s ]

[ 2017-12-20T14:01:33+08:00 ] 127.0.0.1 /index.php/alist_2.html
INFO: [ app_init ] --START--
INFO: Run Behavior\BuildLiteBehavior [ RunTime:0.000020s ]
INFO: [ app_init ] --END-- [ RunTime:0.000706s ]
SQL: SHOW COLUMNS FROM `lj_conf` [ RunTime:0.0054s ]
SQL: SELECT `confing` FROM `lj_conf` WHERE `id` = 0 LIMIT 1   [ RunTime:0.0004s ]
NOTIC: [8] Use of undefined constant __APP__ - assumed '__APP__' D:\WWW\hbguanjia\ThinkPHP\Common\functions.php 第 1003 行.
NOTIC: [8] Use of undefined constant __APP__ - assumed '__APP__' D:\WWW\hbguanjia\ThinkPHP\Common\functions.php 第 1003 行.
INFO: [ app_begin ] --START--
INFO: Run Behavior\ReadHtmlCacheBehavior [ RunTime:0.000975s ]
INFO: [ app_begin ] --END-- [ RunTime:0.001074s ]
NOTIC: [8192] mysql_connect(): The mysql extension is deprecated and will be removed in the future: use mysqli or PDO instead D:\WWW\hbguanjia\ThinkPHP\Library\Think\Session\Driver\Db.class.php 第 95 行.
NOTIC: [8] Use of undefined constant intval - assumed 'intval' D:\WWW\hbguanjia\WEB\Index\Controller\ArticleController.class.php 第 9 行.
SQL: SHOW COLUMNS FROM `lj_cate` [ RunTime:0.0052s ]
SQL: SELECT * FROM `lj_cate` WHERE `pid` = 2  [ RunTime:0.0004s ]
SQL: SELECT * FROM `lj_cate` WHERE `id` = 2  [ RunTime:0.0006s ]
SQL: SELECT * FROM `lj_cate` WHERE `id` = 0  [ RunTime:0.0004s ]
NOTIC: [8] Undefined offset: 0 D:\WWW\hbguanjia\WEB\Index\Controller\ArticleController.class.php 第 50 行.
SQL: SHOW COLUMNS FROM `lj_article` [ RunTime:0.0056s ]
SQL: SELECT COUNT(*) AS tp_count FROM `lj_article` WHERE `cid` = 2 AND `del` = 0 LIMIT 1   [ RunTime:0.0004s ]
SQL: SELECT `attrid`,`id`,`title`,`description`,`time`,`click`,`cid`,`pic`,`author`,`tel`,`jf` FROM `lj_article` WHERE `cid` = 2 AND `del` = 0 ORDER BY time DESC,id DESC LIMIT 0,10   [ RunTime:0.0005s ]
INFO: [ view_parse ] --START--
INFO: [ template_filter ] --START--
INFO: Run Behavior\ContentReplaceBehavior [ RunTime:0.000090s ]
INFO: [ template_filter ] --END-- [ RunTime:0.000168s ]
INFO: Run Behavior\ParseTemplateBehavior [ RunTime:0.019076s ]
INFO: [ view_parse ] --END-- [ RunTime:0.019174s ]
INFO: [ view_filter ] --START--
INFO: Run Behavior\WriteHtmlCacheBehavior [ RunTime:0.000619s ]
INFO: [ view_filter ] --END-- [ RunTime:0.000688s ]
INFO: [ app_end ] --START--
INFO: Run Behavior\ShowPageTraceBehavior [ RunTime:0.001115s ]
INFO: [ app_end ] --END-- [ RunTime:0.001198s ]

