[ 2018-07-19T15:26:22+08:00 ] 127.0.0.1 /index.php/Staff/add
INFO: [ app_init ] --START--
INFO: Run Behavior\BuildLiteBehavior [ RunTime:0.000020s ]
INFO: [ app_init ] --END-- [ RunTime:0.000729s ]
SQL: SHOW COLUMNS FROM `lj_conf` [ RunTime:0.0060s ]
SQL: SELECT `confing` FROM `lj_conf` WHERE `id` = 0 LIMIT 1   [ RunTime:0.0005s ]
NOTIC: [8] Use of undefined constant __APP__ - assumed '__APP__' D:\WWW\hbguanjia\ThinkPHP\Common\functions.php 第 1003 行.
NOTIC: [8] Use of undefined constant __APP__ - assumed '__APP__' D:\WWW\hbguanjia\ThinkPHP\Common\functions.php 第 1003 行.
INFO: [ app_begin ] --START--
INFO: Run Behavior\ReadHtmlCacheBehavior [ RunTime:0.001027s ]
INFO: [ app_begin ] --END-- [ RunTime:0.001116s ]
NOTIC: [8192] mysql_connect(): The mysql extension is deprecated and will be removed in the future: use mysqli or PDO instead D:\WWW\hbguanjia\ThinkPHP\Library\Think\Session\Driver\Db.class.php 第 95 行.
ERR: 无法加载控制器:Staff
NOTIC: [2] include(): Filename cannot be empty D:\WWW\hbguanjia\ThinkPHP\Library\Think\Think.class.php 第 314 行.
NOTIC: [2] include(): Failed opening '' for inclusion (include_path='.;C:\php\pear') D:\WWW\hbguanjia\ThinkPHP\Library\Think\Think.class.php 第 314 行.

[ 2018-07-19T15:26:42+08:00 ] 127.0.0.1 /index.php/Staff/add
INFO: [ app_init ] --START--
INFO: Run Behavior\BuildLiteBehavior [ RunTime:0.000017s ]
INFO: [ app_init ] --END-- [ RunTime:0.000576s ]
SQL: SHOW COLUMNS FROM `lj_conf` [ RunTime:0.0063s ]
SQL: SELECT `confing` FROM `lj_conf` WHERE `id` = 0 LIMIT 1   [ RunTime:0.0005s ]
NOTIC: [8] Use of undefined constant __APP__ - assumed '__APP__' D:\WWW\hbguanjia\ThinkPHP\Common\functions.php 第 1003 行.
NOTIC: [8] Use of undefined constant __APP__ - assumed '__APP__' D:\WWW\hbguanjia\ThinkPHP\Common\functions.php 第 1003 行.
INFO: [ app_begin ] --START--
INFO: Run Behavior\ReadHtmlCacheBehavior [ RunTime:0.000875s ]
INFO: [ app_begin ] --END-- [ RunTime:0.000958s ]
NOTIC: [8192] mysql_connect(): The mysql extension is deprecated and will be removed in the future: use mysqli or PDO instead D:\WWW\hbguanjia\ThinkPHP\Library\Think\Session\Driver\Db.class.php 第 95 行.
ERR: 无法加载控制器:Staff
NOTIC: [2] include(): Filename cannot be empty D:\WWW\hbguanjia\ThinkPHP\Library\Think\Think.class.php 第 314 行.
NOTIC: [2] include(): Failed opening '' for inclusion (include_path='.;C:\php\pear') D:\WWW\hbguanjia\ThinkPHP\Library\Think\Think.class.php 第 314 行.

[ 2018-07-19T15:26:48+08:00 ] 127.0.0.1 /index.php/Staff/add
INFO: [ app_init ] --START--
INFO: Run Behavior\BuildLiteBehavior [ RunTime:0.000020s ]
INFO: [ app_init ] --END-- [ RunTime:0.000658s ]
SQL: SHOW COLUMNS FROM `lj_conf` [ RunTime:0.0060s ]
SQL: SELECT `confing` FROM `lj_conf` WHERE `id` = 0 LIMIT 1   [ RunTime:0.0005s ]
NOTIC: [8] Use of undefined constant __APP__ - assumed '__APP__' D:\WWW\hbguanjia\ThinkPHP\Common\functions.php 第 1003 行.
NOTIC: [8] Use of undefined constant __APP__ - assumed '__APP__' D:\WWW\hbguanjia\ThinkPHP\Common\functions.php 第 1003 行.
INFO: [ app_begin ] --START--
INFO: Run Behavior\ReadHtmlCacheBehavior [ RunTime:0.000894s ]
INFO: [ app_begin ] --END-- [ RunTime:0.000979s ]
NOTIC: [8192] mysql_connect(): The mysql extension is deprecated and will be removed in the future: use mysqli or PDO instead D:\WWW\hbguanjia\ThinkPHP\Library\Think\Session\Driver\Db.class.php 第 95 行.
ERR: 无法加载控制器:Staff
NOTIC: [2] include(): Filename cannot be empty D:\WWW\hbguanjia\ThinkPHP\Library\Think\Think.class.php 第 314 行.
NOTIC: [2] include(): Failed opening '' for inclusion (include_path='.;C:\php\pear') D:\WWW\hbguanjia\ThinkPHP\Library\Think\Think.class.php 第 314 行.

[ 2018-07-19T15:26:52+08:00 ] 127.0.0.1 /index.php/Staff/add
INFO: [ app_init ] --START--
INFO: Run Behavior\BuildLiteBehavior [ RunTime:0.000021s ]
INFO: [ app_init ] --END-- [ RunTime:0.000794s ]
SQL: SHOW COLUMNS FROM `lj_conf` [ RunTime:0.0074s ]
SQL: SELECT `confing` FROM `lj_conf` WHERE `id` = 0 LIMIT 1   [ RunTime:0.0006s ]
NOTIC: [8] Use of undefined constant __APP__ - assumed '__APP__' D:\WWW\hbguanjia\ThinkPHP\Common\functions.php 第 1003 行.
NOTIC: [8] Use of undefined constant __APP__ - assumed '__APP__' D:\WWW\hbguanjia\ThinkPHP\Common\functions.php 第 1003 行.
INFO: [ app_begin ] --START--
INFO: Run Behavior\ReadHtmlCacheBehavior [ RunTime:0.001062s ]
INFO: [ app_begin ] --END-- [ RunTime:0.001151s ]
NOTIC: [8192] mysql_connect(): The mysql extension is deprecated and will be removed in the future: use mysqli or PDO instead D:\WWW\hbguanjia\ThinkPHP\Library\Think\Session\Driver\Db.class.php 第 95 行.
ERR: 无法加载控制器:Staff
NOTIC: [2] include(): Filename cannot be empty D:\WWW\hbguanjia\ThinkPHP\Library\Think\Think.class.php 第 314 行.
NOTIC: [2] include(): Failed opening '' for inclusion (include_path='.;C:\php\pear') D:\WWW\hbguanjia\ThinkPHP\Library\Think\Think.class.php 第 314 行.

[ 2018-07-19T15:26:56+08:00 ] 127.0.0.1 /index.php/Staff/add
INFO: [ app_init ] --START--
INFO: Run Behavior\BuildLiteBehavior [ RunTime:0.000018s ]
INFO: [ app_init ] --END-- [ RunTime:0.000601s ]
SQL: SHOW COLUMNS FROM `lj_conf` [ RunTime:0.0073s ]
SQL: SELECT `confing` FROM `lj_conf` WHERE `id` = 0 LIMIT 1   [ RunTime:0.0008s ]
NOTIC: [8] Use of undefined constant __APP__ - assumed '__APP__' D:\WWW\hbguanjia\ThinkPHP\Common\functions.php 第 1003 行.
NOTIC: [8] Use of undefined constant __APP__ - assumed '__APP__' D:\WWW\hbguanjia\ThinkPHP\Common\functions.php 第 1003 行.
INFO: [ app_begin ] --START--
INFO: Run Behavior\ReadHtmlCacheBehavior [ RunTime:0.000959s ]
INFO: [ app_begin ] --END-- [ RunTime:0.001069s ]
NOTIC: [8192] mysql_connect(): The mysql extension is deprecated and will be removed in the future: use mysqli or PDO instead D:\WWW\hbguanjia\ThinkPHP\Library\Think\Session\Driver\Db.class.php 第 95 行.
ERR: 无法加载控制器:Staff
NOTIC: [2] include(): Filename cannot be empty D:\WWW\hbguanjia\ThinkPHP\Library\Think\Think.class.php 第 314 行.
NOTIC: [2] include(): Failed opening '' for inclusion (include_path='.;C:\php\pear') D:\WWW\hbguanjia\ThinkPHP\Library\Think\Think.class.php 第 314 行.

