[ 2017-12-28T13:37:12+08:00 ] 111.178.3.200 /index.php/website
INFO: [ app_init ] --START--
INFO: Run Behavior\BuildLiteBehavior [ RunTime:0.000024s ]
INFO: [ app_init ] --END-- [ RunTime:0.000725s ]
INFO: [ app_begin ] --START--
INFO: Run Behavior\ReadHtmlCacheBehavior [ RunTime:0.000839s ]
INFO: [ app_begin ] --END-- [ RunTime:0.000921s ]
NOTIC: [8192] mysql_connect(): The mysql extension is deprecated and will be removed in the future: use mysqli or PDO instead D:\wwwroot\yunguanjia_y81sj9\web\ThinkPHP\Library\Think\Session\Driver\Db.class.php 第 95 行.

[ 2017-12-28T13:37:12+08:00 ] 111.178.3.200 /index.php/Website/Login/index
INFO: [ app_init ] --START--
INFO: Run Behavior\BuildLiteBehavior [ RunTime:0.000019s ]
INFO: [ app_init ] --END-- [ RunTime:0.000567s ]
INFO: [ app_begin ] --START--
INFO: Run Behavior\ReadHtmlCacheBehavior [ RunTime:0.000685s ]
INFO: [ app_begin ] --END-- [ RunTime:0.000760s ]
NOTIC: [8192] mysql_connect(): The mysql extension is deprecated and will be removed in the future: use mysqli or PDO instead D:\wwwroot\yunguanjia_y81sj9\web\ThinkPHP\Library\Think\Session\Driver\Db.class.php 第 95 行.
INFO: [ view_parse ] --START--
INFO: [ template_filter ] --START--
INFO: Run Behavior\ContentReplaceBehavior [ RunTime:0.000110s ]
INFO: [ template_filter ] --END-- [ RunTime:0.000178s ]
INFO: Run Behavior\ParseTemplateBehavior [ RunTime:0.039631s ]
INFO: [ view_parse ] --END-- [ RunTime:0.039711s ]
INFO: [ view_filter ] --START--
INFO: Run Behavior\WriteHtmlCacheBehavior [ RunTime:0.000623s ]
INFO: [ view_filter ] --END-- [ RunTime:0.000679s ]
INFO: [ app_end ] --START--
INFO: Run Behavior\ShowPageTraceBehavior [ RunTime:0.000919s ]
INFO: [ app_end ] --END-- [ RunTime:0.000984s ]

[ 2017-12-28T13:37:13+08:00 ] 111.178.3.200 /index.php/Website/Login/verify
INFO: [ app_init ] --START--
INFO: Run Behavior\BuildLiteBehavior [ RunTime:0.000019s ]
INFO: [ app_init ] --END-- [ RunTime:0.000593s ]
INFO: [ app_begin ] --START--
INFO: Run Behavior\ReadHtmlCacheBehavior [ RunTime:0.000655s ]
INFO: [ app_begin ] --END-- [ RunTime:0.000727s ]
NOTIC: [8192] mysql_connect(): The mysql extension is deprecated and will be removed in the future: use mysqli or PDO instead D:\wwwroot\yunguanjia_y81sj9\web\ThinkPHP\Library\Think\Session\Driver\Db.class.php 第 95 行.
INFO: [ app_end ] --START--
INFO: Run Behavior\ShowPageTraceBehavior [ RunTime:0.000990s ]
INFO: [ app_end ] --END-- [ RunTime:0.001078s ]

[ 2017-12-28T13:37:25+08:00 ] 111.178.3.200 /index.php/Website/Login/login
INFO: [ app_init ] --START--
INFO: Run Behavior\BuildLiteBehavior [ RunTime:0.000023s ]
INFO: [ app_init ] --END-- [ RunTime:0.000593s ]
INFO: [ app_begin ] --START--
INFO: Run Behavior\ReadHtmlCacheBehavior [ RunTime:0.000684s ]
INFO: [ app_begin ] --END-- [ RunTime:0.000767s ]
NOTIC: [8192] mysql_connect(): The mysql extension is deprecated and will be removed in the future: use mysqli or PDO instead D:\wwwroot\yunguanjia_y81sj9\web\ThinkPHP\Library\Think\Session\Driver\Db.class.php 第 95 行.
NOTIC: [8] Use of undefined constant md5 - assumed 'md5' D:\wwwroot\yunguanjia_y81sj9\web\WEB\Website\Controller\LoginController.class.php 第 48 行.
SQL: SHOW COLUMNS FROM `lj_user` [ RunTime:0.0117s ]
SQL: SELECT * FROM `lj_user` WHERE ( username = "lj_admin" ) LIMIT 1   [ RunTime:0.0005s ]
SQL: UPDATE `lj_user` SET `logintime`='1514439445',`loginip`='111.178.3.200' WHERE `id` = 1 [ RunTime:0.0004s ]
INFO: [ view_parse ] --START--
INFO: [ template_filter ] --START--
INFO: Run Behavior\ContentReplaceBehavior [ RunTime:0.000069s ]
INFO: [ template_filter ] --END-- [ RunTime:0.000136s ]
INFO: Run Behavior\ParseTemplateBehavior [ RunTime:0.019688s ]
INFO: [ view_parse ] --END-- [ RunTime:0.019768s ]
INFO: [ view_filter ] --START--
INFO: Run Behavior\WriteHtmlCacheBehavior [ RunTime:0.000584s ]
INFO: [ view_filter ] --END-- [ RunTime:0.000642s ]
INFO: [ app_end ] --START--
INFO: Run Behavior\ShowPageTraceBehavior [ RunTime:0.000956s ]
INFO: [ app_end ] --END-- [ RunTime:0.001021s ]

[ 2017-12-28T13:37:28+08:00 ] 111.178.3.200 /index.php/Website/Index/index
INFO: [ app_init ] --START--
INFO: Run Behavior\BuildLiteBehavior [ RunTime:0.000020s ]
INFO: [ app_init ] --END-- [ RunTime:0.000622s ]
INFO: [ app_begin ] --START--
INFO: Run Behavior\ReadHtmlCacheBehavior [ RunTime:0.000714s ]
INFO: [ app_begin ] --END-- [ RunTime:0.000798s ]
NOTIC: [8192] mysql_connect(): The mysql extension is deprecated and will be removed in the future: use mysqli or PDO instead D:\wwwroot\yunguanjia_y81sj9\web\ThinkPHP\Library\Think\Session\Driver\Db.class.php 第 95 行.
SQL: SHOW COLUMNS FROM `lj_article` [ RunTime:0.0085s ]
SQL: SELECT COUNT(*) AS tp_count FROM `lj_article` WHERE `del` = 0 LIMIT 1   [ RunTime:0.0003s ]
SQL: SHOW COLUMNS FROM `lj_goods` [ RunTime:0.0079s ]
SQL: SELECT COUNT(*) AS tp_count FROM `lj_goods` WHERE `del` = 0 LIMIT 1   [ RunTime:0.0003s ]
SQL: SHOW COLUMNS FROM `lj_article` [ RunTime:0.0080s ]
SQL: SELECT `id`,`cid`,`title`,`time` FROM `lj_article` WHERE `del` = 0 ORDER BY time desc LIMIT 9   [ RunTime:0.0003s ]
INFO: [ view_parse ] --START--
INFO: [ template_filter ] --START--
INFO: Run Behavior\ContentReplaceBehavior [ RunTime:0.000349s ]
INFO: [ template_filter ] --END-- [ RunTime:0.000418s ]
NOTIC: [8] Use of undefined constant System - assumed 'System' D:\wwwroot\yunguanjia_y81sj9\web\WEB\Runtime\Cache\Website\ae74629993cfa41cc96b9b04cbd4e0ee.php 第 72 行.
NOTIC: [8] Use of undefined constant Cate - assumed 'Cate' D:\wwwroot\yunguanjia_y81sj9\web\WEB\Runtime\Cache\Website\ae74629993cfa41cc96b9b04cbd4e0ee.php 第 72 行.
NOTIC: [8] Use of undefined constant Assort - assumed 'Assort' D:\wwwroot\yunguanjia_y81sj9\web\WEB\Runtime\Cache\Website\ae74629993cfa41cc96b9b04cbd4e0ee.php 第 72 行.
NOTIC: [8] Use of undefined constant Attr - assumed 'Attr' D:\wwwroot\yunguanjia_y81sj9\web\WEB\Runtime\Cache\Website\ae74629993cfa41cc96b9b04cbd4e0ee.php 第 72 行.
NOTIC: [8] Use of undefined constant Link - assumed 'Link' D:\wwwroot\yunguanjia_y81sj9\web\WEB\Runtime\Cache\Website\ae74629993cfa41cc96b9b04cbd4e0ee.php 第 72 行.
NOTIC: [8] Use of undefined constant Rbac - assumed 'Rbac' D:\wwwroot\yunguanjia_y81sj9\web\WEB\Runtime\Cache\Website\ae74629993cfa41cc96b9b04cbd4e0ee.php 第 84 行.
NOTIC: [8] Use of undefined constant Member - assumed 'Member' D:\wwwroot\yunguanjia_y81sj9\web\WEB\Runtime\Cache\Website\ae74629993cfa41cc96b9b04cbd4e0ee.php 第 84 行.
NOTIC: [8] Use of undefined constant Orders - assumed 'Orders' D:\wwwroot\yunguanjia_y81sj9\web\WEB\Runtime\Cache\Website\ae74629993cfa41cc96b9b04cbd4e0ee.php 第 91 行.
NOTIC: [8] Use of undefined constant id - assumed 'id' D:\wwwroot\yunguanjia_y81sj9\web\WEB\Runtime\Cache\Website\ae74629993cfa41cc96b9b04cbd4e0ee.php 第 94 行.
NOTIC: [8] Use of undefined constant id - assumed 'id' D:\wwwroot\yunguanjia_y81sj9\web\WEB\Runtime\Cache\Website\ae74629993cfa41cc96b9b04cbd4e0ee.php 第 95 行.
NOTIC: [8] Use of undefined constant id - assumed 'id' D:\wwwroot\yunguanjia_y81sj9\web\WEB\Runtime\Cache\Website\ae74629993cfa41cc96b9b04cbd4e0ee.php 第 96 行.
NOTIC: [8] Use of undefined constant id - assumed 'id' D:\wwwroot\yunguanjia_y81sj9\web\WEB\Runtime\Cache\Website\ae74629993cfa41cc96b9b04cbd4e0ee.php 第 97 行.
NOTIC: [8] Use of undefined constant Rbac - assumed 'Rbac' D:\wwwroot\yunguanjia_y81sj9\web\WEB\Runtime\Cache\Website\ae74629993cfa41cc96b9b04cbd4e0ee.php 第 102 行.
NOTIC: [8] Use of undefined constant Collect - assumed 'Collect' D:\wwwroot\yunguanjia_y81sj9\web\WEB\Runtime\Cache\Website\ae74629993cfa41cc96b9b04cbd4e0ee.php 第 110 行.
NOTIC: [8] Use of undefined constant Bak - assumed 'Bak' D:\wwwroot\yunguanjia_y81sj9\web\WEB\Runtime\Cache\Website\ae74629993cfa41cc96b9b04cbd4e0ee.php 第 110 行.
INFO: Run Behavior\ParseTemplateBehavior [ RunTime:0.071651s ]
INFO: [ view_parse ] --END-- [ RunTime:0.071725s ]
INFO: [ view_filter ] --START--
INFO: Run Behavior\WriteHtmlCacheBehavior [ RunTime:0.000655s ]
INFO: [ view_filter ] --END-- [ RunTime:0.000722s ]
INFO: [ app_end ] --START--
INFO: Run Behavior\ShowPageTraceBehavior [ RunTime:0.000956s ]
INFO: [ app_end ] --END-- [ RunTime:0.001022s ]

[ 2017-12-28T13:39:30+08:00 ] 111.178.3.200 /index.php/Website/Rbac/index
INFO: [ app_init ] --START--
INFO: Run Behavior\BuildLiteBehavior [ RunTime:0.000019s ]
INFO: [ app_init ] --END-- [ RunTime:0.000704s ]
INFO: [ app_begin ] --START--
INFO: Run Behavior\ReadHtmlCacheBehavior [ RunTime:0.000828s ]
INFO: [ app_begin ] --END-- [ RunTime:0.000908s ]
NOTIC: [8192] mysql_connect(): The mysql extension is deprecated and will be removed in the future: use mysqli or PDO instead D:\wwwroot\yunguanjia_y81sj9\web\ThinkPHP\Library\Think\Session\Driver\Db.class.php 第 95 行.
SQL: SHOW COLUMNS FROM `lj_user` [ RunTime:0.0126s ]
SQL: SELECT `id`,`username`,`logintime`,`loginip`,`lock`,`name` FROM `lj_user`  [ RunTime:0.0004s ]
SQL: SHOW COLUMNS FROM `lj_role` [ RunTime:0.0148s ]
NOTIC: [8] Undefined index: mapping_order D:\wwwroot\yunguanjia_y81sj9\web\ThinkPHP\Library\Think\Model\RelationModel.class.php 第 186 行.
NOTIC: [8] Undefined index: mapping_limit D:\wwwroot\yunguanjia_y81sj9\web\ThinkPHP\Library\Think\Model\RelationModel.class.php 第 187 行.
SQL: SELECT b.id,name,remark FROM lj_role_user AS a, lj_role AS b WHERE a.role_id = b.id AND a. user_id='1' [ RunTime:0.0003s ]
SQL: SHOW COLUMNS FROM `lj_role` [ RunTime:0.0148s ]
SQL: SELECT * FROM `lj_role`  [ RunTime:0.0004s ]
INFO: [ view_parse ] --START--
INFO: [ template_filter ] --START--
INFO: Run Behavior\ContentReplaceBehavior [ RunTime:0.000324s ]
INFO: [ template_filter ] --END-- [ RunTime:0.000401s ]
NOTIC: [8] Use of undefined constant System - assumed 'System' D:\wwwroot\yunguanjia_y81sj9\web\WEB\Runtime\Cache\Website\207f3faccd7ba695440ac92b49b3563d.php 第 67 行.
NOTIC: [8] Use of undefined constant Cate - assumed 'Cate' D:\wwwroot\yunguanjia_y81sj9\web\WEB\Runtime\Cache\Website\207f3faccd7ba695440ac92b49b3563d.php 第 67 行.
NOTIC: [8] Use of undefined constant Assort - assumed 'Assort' D:\wwwroot\yunguanjia_y81sj9\web\WEB\Runtime\Cache\Website\207f3faccd7ba695440ac92b49b3563d.php 第 67 行.
NOTIC: [8] Use of undefined constant Attr - assumed 'Attr' D:\wwwroot\yunguanjia_y81sj9\web\WEB\Runtime\Cache\Website\207f3faccd7ba695440ac92b49b3563d.php 第 67 行.
NOTIC: [8] Use of undefined constant Link - assumed 'Link' D:\wwwroot\yunguanjia_y81sj9\web\WEB\Runtime\Cache\Website\207f3faccd7ba695440ac92b49b3563d.php 第 67 行.
NOTIC: [8] Use of undefined constant Rbac - assumed 'Rbac' D:\wwwroot\yunguanjia_y81sj9\web\WEB\Runtime\Cache\Website\207f3faccd7ba695440ac92b49b3563d.php 第 79 行.
NOTIC: [8] Use of undefined constant Member - assumed 'Member' D:\wwwroot\yunguanjia_y81sj9\web\WEB\Runtime\Cache\Website\207f3faccd7ba695440ac92b49b3563d.php 第 79 行.
NOTIC: [8] Use of undefined constant index - assumed 'index' D:\wwwroot\yunguanjia_y81sj9\web\WEB\Runtime\Cache\Website\207f3faccd7ba695440ac92b49b3563d.php 第 79 行.
NOTIC: [8] Use of undefined constant Orders - assumed 'Orders' D:\wwwroot\yunguanjia_y81sj9\web\WEB\Runtime\Cache\Website\207f3faccd7ba695440ac92b49b3563d.php 第 86 行.
NOTIC: [8] Use of undefined constant id - assumed 'id' D:\wwwroot\yunguanjia_y81sj9\web\WEB\Runtime\Cache\Website\207f3faccd7ba695440ac92b49b3563d.php 第 89 行.
NOTIC: [8] Use of undefined constant id - assumed 'id' D:\wwwroot\yunguanjia_y81sj9\web\WEB\Runtime\Cache\Website\207f3faccd7ba695440ac92b49b3563d.php 第 90 行.
NOTIC: [8] Use of undefined constant id - assumed 'id' D:\wwwroot\yunguanjia_y81sj9\web\WEB\Runtime\Cache\Website\207f3faccd7ba695440ac92b49b3563d.php 第 91 行.
NOTIC: [8] Use of undefined constant id - assumed 'id' D:\wwwroot\yunguanjia_y81sj9\web\WEB\Runtime\Cache\Website\207f3faccd7ba695440ac92b49b3563d.php 第 92 行.
NOTIC: [8] Use of undefined constant Rbac - assumed 'Rbac' D:\wwwroot\yunguanjia_y81sj9\web\WEB\Runtime\Cache\Website\207f3faccd7ba695440ac92b49b3563d.php 第 97 行.
NOTIC: [8] Use of undefined constant index - assumed 'index' D:\wwwroot\yunguanjia_y81sj9\web\WEB\Runtime\Cache\Website\207f3faccd7ba695440ac92b49b3563d.php 第 97 行.
NOTIC: [8] Use of undefined constant Collect - assumed 'Collect' D:\wwwroot\yunguanjia_y81sj9\web\WEB\Runtime\Cache\Website\207f3faccd7ba695440ac92b49b3563d.php 第 105 行.
NOTIC: [8] Use of undefined constant Bak - assumed 'Bak' D:\wwwroot\yunguanjia_y81sj9\web\WEB\Runtime\Cache\Website\207f3faccd7ba695440ac92b49b3563d.php 第 105 行.
INFO: Run Behavior\ParseTemplateBehavior [ RunTime:0.053583s ]
INFO: [ view_parse ] --END-- [ RunTime:0.053666s ]
INFO: [ view_filter ] --START--
INFO: Run Behavior\WriteHtmlCacheBehavior [ RunTime:0.000623s ]
INFO: [ view_filter ] --END-- [ RunTime:0.000682s ]
INFO: [ app_end ] --START--
INFO: Run Behavior\ShowPageTraceBehavior [ RunTime:0.000962s ]
INFO: [ app_end ] --END-- [ RunTime:0.001026s ]

[ 2017-12-28T13:39:31+08:00 ] 111.178.3.200 /index.php/Website/Member/index
INFO: [ app_init ] --START--
INFO: Run Behavior\BuildLiteBehavior [ RunTime:0.000019s ]
INFO: [ app_init ] --END-- [ RunTime:0.000585s ]
INFO: [ app_begin ] --START--
INFO: Run Behavior\ReadHtmlCacheBehavior [ RunTime:0.000699s ]
INFO: [ app_begin ] --END-- [ RunTime:0.000779s ]
NOTIC: [8192] mysql_connect(): The mysql extension is deprecated and will be removed in the future: use mysqli or PDO instead D:\wwwroot\yunguanjia_y81sj9\web\ThinkPHP\Library\Think\Session\Driver\Db.class.php 第 95 行.
SQL: SHOW COLUMNS FROM `lj_member` [ RunTime:0.0095s ]
SQL: SELECT COUNT(*) AS tp_count FROM `lj_member` LIMIT 1   [ RunTime:0.0003s ]
SQL: SELECT * FROM `lj_member` LIMIT 0,20   [ RunTime:0.0005s ]
INFO: [ view_parse ] --START--
INFO: [ template_filter ] --START--
INFO: Run Behavior\ContentReplaceBehavior [ RunTime:0.000253s ]
INFO: [ template_filter ] --END-- [ RunTime:0.000338s ]
NOTIC: [8] Use of undefined constant System - assumed 'System' D:\wwwroot\yunguanjia_y81sj9\web\WEB\Runtime\Cache\Website\71c969c580135280ee5c3fcf729af398.php 第 62 行.
NOTIC: [8] Use of undefined constant Cate - assumed 'Cate' D:\wwwroot\yunguanjia_y81sj9\web\WEB\Runtime\Cache\Website\71c969c580135280ee5c3fcf729af398.php 第 62 行.
NOTIC: [8] Use of undefined constant Assort - assumed 'Assort' D:\wwwroot\yunguanjia_y81sj9\web\WEB\Runtime\Cache\Website\71c969c580135280ee5c3fcf729af398.php 第 62 行.
NOTIC: [8] Use of undefined constant Attr - assumed 'Attr' D:\wwwroot\yunguanjia_y81sj9\web\WEB\Runtime\Cache\Website\71c969c580135280ee5c3fcf729af398.php 第 62 行.
NOTIC: [8] Use of undefined constant Link - assumed 'Link' D:\wwwroot\yunguanjia_y81sj9\web\WEB\Runtime\Cache\Website\71c969c580135280ee5c3fcf729af398.php 第 62 行.
NOTIC: [8] Use of undefined constant Rbac - assumed 'Rbac' D:\wwwroot\yunguanjia_y81sj9\web\WEB\Runtime\Cache\Website\71c969c580135280ee5c3fcf729af398.php 第 74 行.
NOTIC: [8] Use of undefined constant Member - assumed 'Member' D:\wwwroot\yunguanjia_y81sj9\web\WEB\Runtime\Cache\Website\71c969c580135280ee5c3fcf729af398.php 第 74 行.
NOTIC: [8] Use of undefined constant index - assumed 'index' D:\wwwroot\yunguanjia_y81sj9\web\WEB\Runtime\Cache\Website\71c969c580135280ee5c3fcf729af398.php 第 74 行.
NOTIC: [8] Use of undefined constant Orders - assumed 'Orders' D:\wwwroot\yunguanjia_y81sj9\web\WEB\Runtime\Cache\Website\71c969c580135280ee5c3fcf729af398.php 第 81 行.
NOTIC: [8] Use of undefined constant id - assumed 'id' D:\wwwroot\yunguanjia_y81sj9\web\WEB\Runtime\Cache\Website\71c969c580135280ee5c3fcf729af398.php 第 84 行.
NOTIC: [8] Use of undefined constant id - assumed 'id' D:\wwwroot\yunguanjia_y81sj9\web\WEB\Runtime\Cache\Website\71c969c580135280ee5c3fcf729af398.php 第 85 行.
NOTIC: [8] Use of undefined constant id - assumed 'id' D:\wwwroot\yunguanjia_y81sj9\web\WEB\Runtime\Cache\Website\71c969c580135280ee5c3fcf729af398.php 第 86 行.
NOTIC: [8] Use of undefined constant id - assumed 'id' D:\wwwroot\yunguanjia_y81sj9\web\WEB\Runtime\Cache\Website\71c969c580135280ee5c3fcf729af398.php 第 87 行.
NOTIC: [8] Use of undefined constant Rbac - assumed 'Rbac' D:\wwwroot\yunguanjia_y81sj9\web\WEB\Runtime\Cache\Website\71c969c580135280ee5c3fcf729af398.php 第 92 行.
NOTIC: [8] Use of undefined constant Collect - assumed 'Collect' D:\wwwroot\yunguanjia_y81sj9\web\WEB\Runtime\Cache\Website\71c969c580135280ee5c3fcf729af398.php 第 100 行.
NOTIC: [8] Use of undefined constant Bak - assumed 'Bak' D:\wwwroot\yunguanjia_y81sj9\web\WEB\Runtime\Cache\Website\71c969c580135280ee5c3fcf729af398.php 第 100 行.
NOTIC: [8] Use of undefined constant id - assumed 'id' D:\wwwroot\yunguanjia_y81sj9\web\WEB\Runtime\Cache\Website\71c969c580135280ee5c3fcf729af398.php 第 246 行.
NOTIC: [8] Use of undefined constant id - assumed 'id' D:\wwwroot\yunguanjia_y81sj9\web\WEB\Runtime\Cache\Website\71c969c580135280ee5c3fcf729af398.php 第 246 行.
NOTIC: [8] Use of undefined constant id - assumed 'id' D:\wwwroot\yunguanjia_y81sj9\web\WEB\Runtime\Cache\Website\71c969c580135280ee5c3fcf729af398.php 第 246 行.
NOTIC: [8] Use of undefined constant id - assumed 'id' D:\wwwroot\yunguanjia_y81sj9\web\WEB\Runtime\Cache\Website\71c969c580135280ee5c3fcf729af398.php 第 246 行.
NOTIC: [8] Use of undefined constant id - assumed 'id' D:\wwwroot\yunguanjia_y81sj9\web\WEB\Runtime\Cache\Website\71c969c580135280ee5c3fcf729af398.php 第 246 行.
NOTIC: [8] Use of undefined constant id - assumed 'id' D:\wwwroot\yunguanjia_y81sj9\web\WEB\Runtime\Cache\Website\71c969c580135280ee5c3fcf729af398.php 第 246 行.
INFO: Run Behavior\ParseTemplateBehavior [ RunTime:0.045855s ]
INFO: [ view_parse ] --END-- [ RunTime:0.045920s ]
INFO: [ view_filter ] --START--
INFO: Run Behavior\WriteHtmlCacheBehavior [ RunTime:0.000645s ]
INFO: [ view_filter ] --END-- [ RunTime:0.000703s ]
INFO: [ app_end ] --START--
INFO: Run Behavior\ShowPageTraceBehavior [ RunTime:0.000925s ]
INFO: [ app_end ] --END-- [ RunTime:0.000990s ]

[ 2017-12-28T13:39:38+08:00 ] 111.178.3.200 /index.php/Website/Member/updata/id/10002
INFO: [ app_init ] --START--
INFO: Run Behavior\BuildLiteBehavior [ RunTime:0.000019s ]
INFO: [ app_init ] --END-- [ RunTime:0.000590s ]
INFO: [ app_begin ] --START--
INFO: Run Behavior\ReadHtmlCacheBehavior [ RunTime:0.000711s ]
INFO: [ app_begin ] --END-- [ RunTime:0.000796s ]
NOTIC: [8192] mysql_connect(): The mysql extension is deprecated and will be removed in the future: use mysqli or PDO instead D:\wwwroot\yunguanjia_y81sj9\web\ThinkPHP\Library\Think\Session\Driver\Db.class.php 第 95 行.
NOTIC: [8] Use of undefined constant intval - assumed 'intval' D:\wwwroot\yunguanjia_y81sj9\web\WEB\Website\Controller\MemberController.class.php 第 24 行.
SQL: SHOW COLUMNS FROM `lj_member` [ RunTime:0.0120s ]
SQL: SELECT * FROM `lj_member` WHERE `id` = 10002  [ RunTime:0.0005s ]
SQL: SHOW COLUMNS FROM `lj_jf` [ RunTime:0.0131s ]
SQL: SELECT * FROM `lj_jf` WHERE `mid` = 10002 ORDER BY time desc  [ RunTime:0.0004s ]
INFO: [ view_parse ] --START--
INFO: [ template_filter ] --START--
INFO: Run Behavior\ContentReplaceBehavior [ RunTime:0.000318s ]
INFO: [ template_filter ] --END-- [ RunTime:0.000391s ]
NOTIC: [8] Use of undefined constant System - assumed 'System' D:\wwwroot\yunguanjia_y81sj9\web\WEB\Runtime\Cache\Website\2c38032e72658fef24b1ae12285bcbd5.php 第 64 行.
NOTIC: [8] Use of undefined constant Cate - assumed 'Cate' D:\wwwroot\yunguanjia_y81sj9\web\WEB\Runtime\Cache\Website\2c38032e72658fef24b1ae12285bcbd5.php 第 64 行.
NOTIC: [8] Use of undefined constant Assort - assumed 'Assort' D:\wwwroot\yunguanjia_y81sj9\web\WEB\Runtime\Cache\Website\2c38032e72658fef24b1ae12285bcbd5.php 第 64 行.
NOTIC: [8] Use of undefined constant Attr - assumed 'Attr' D:\wwwroot\yunguanjia_y81sj9\web\WEB\Runtime\Cache\Website\2c38032e72658fef24b1ae12285bcbd5.php 第 64 行.
NOTIC: [8] Use of undefined constant Link - assumed 'Link' D:\wwwroot\yunguanjia_y81sj9\web\WEB\Runtime\Cache\Website\2c38032e72658fef24b1ae12285bcbd5.php 第 64 行.
NOTIC: [8] Use of undefined constant Rbac - assumed 'Rbac' D:\wwwroot\yunguanjia_y81sj9\web\WEB\Runtime\Cache\Website\2c38032e72658fef24b1ae12285bcbd5.php 第 76 行.
NOTIC: [8] Use of undefined constant Member - assumed 'Member' D:\wwwroot\yunguanjia_y81sj9\web\WEB\Runtime\Cache\Website\2c38032e72658fef24b1ae12285bcbd5.php 第 76 行.
NOTIC: [8] Use of undefined constant index - assumed 'index' D:\wwwroot\yunguanjia_y81sj9\web\WEB\Runtime\Cache\Website\2c38032e72658fef24b1ae12285bcbd5.php 第 76 行.
NOTIC: [8] Use of undefined constant Orders - assumed 'Orders' D:\wwwroot\yunguanjia_y81sj9\web\WEB\Runtime\Cache\Website\2c38032e72658fef24b1ae12285bcbd5.php 第 83 行.
NOTIC: [8] Use of undefined constant id - assumed 'id' D:\wwwroot\yunguanjia_y81sj9\web\WEB\Runtime\Cache\Website\2c38032e72658fef24b1ae12285bcbd5.php 第 86 行.
NOTIC: [8] Use of undefined constant id - assumed 'id' D:\wwwroot\yunguanjia_y81sj9\web\WEB\Runtime\Cache\Website\2c38032e72658fef24b1ae12285bcbd5.php 第 87 行.
NOTIC: [8] Use of undefined constant id - assumed 'id' D:\wwwroot\yunguanjia_y81sj9\web\WEB\Runtime\Cache\Website\2c38032e72658fef24b1ae12285bcbd5.php 第 88 行.
NOTIC: [8] Use of undefined constant id - assumed 'id' D:\wwwroot\yunguanjia_y81sj9\web\WEB\Runtime\Cache\Website\2c38032e72658fef24b1ae12285bcbd5.php 第 89 行.
NOTIC: [8] Use of undefined constant Rbac - assumed 'Rbac' D:\wwwroot\yunguanjia_y81sj9\web\WEB\Runtime\Cache\Website\2c38032e72658fef24b1ae12285bcbd5.php 第 94 行.
NOTIC: [8] Use of undefined constant Collect - assumed 'Collect' D:\wwwroot\yunguanjia_y81sj9\web\WEB\Runtime\Cache\Website\2c38032e72658fef24b1ae12285bcbd5.php 第 102 行.
NOTIC: [8] Use of undefined constant Bak - assumed 'Bak' D:\wwwroot\yunguanjia_y81sj9\web\WEB\Runtime\Cache\Website\2c38032e72658fef24b1ae12285bcbd5.php 第 102 行.
NOTIC: [8] Undefined index: QQ D:\wwwroot\yunguanjia_y81sj9\web\WEB\Runtime\Cache\Website\2c38032e72658fef24b1ae12285bcbd5.php 第 243 行.
INFO: Run Behavior\ParseTemplateBehavior [ RunTime:0.119150s ]
INFO: [ view_parse ] --END-- [ RunTime:0.119218s ]
INFO: [ view_filter ] --START--
INFO: Run Behavior\WriteHtmlCacheBehavior [ RunTime:0.000651s ]
INFO: [ view_filter ] --END-- [ RunTime:0.000710s ]
INFO: [ app_end ] --START--
INFO: Run Behavior\ShowPageTraceBehavior [ RunTime:0.001025s ]
INFO: [ app_end ] --END-- [ RunTime:0.001107s ]

[ 2017-12-28T13:40:46+08:00 ] 111.178.3.200 /index.php/Website/Menu/index
INFO: [ app_init ] --START--
INFO: Run Behavior\BuildLiteBehavior [ RunTime:0.000019s ]
INFO: [ app_init ] --END-- [ RunTime:0.000603s ]
INFO: [ app_begin ] --START--
INFO: Run Behavior\ReadHtmlCacheBehavior [ RunTime:0.000716s ]
INFO: [ app_begin ] --END-- [ RunTime:0.000795s ]
NOTIC: [8192] mysql_connect(): The mysql extension is deprecated and will be removed in the future: use mysqli or PDO instead D:\wwwroot\yunguanjia_y81sj9\web\ThinkPHP\Library\Think\Session\Driver\Db.class.php 第 95 行.
SQL: SHOW COLUMNS FROM `lj_article` [ RunTime:0.0112s ]
SQL: SELECT `id`,`cid`,`title`,`time` FROM `lj_article` WHERE `del` = 0 ORDER BY time desc LIMIT 15   [ RunTime:0.0004s ]
SQL: SHOW COLUMNS FROM `lj_goods` [ RunTime:0.0128s ]
SQL: SELECT `id`,`cid`,`title`,`time` FROM `lj_goods` WHERE `del` = 0 ORDER BY time desc LIMIT 15   [ RunTime:0.0004s ]
INFO: [ view_parse ] --START--
INFO: [ template_filter ] --START--
INFO: Run Behavior\ContentReplaceBehavior [ RunTime:0.000296s ]
INFO: [ template_filter ] --END-- [ RunTime:0.000370s ]
NOTIC: [8] Use of undefined constant System - assumed 'System' D:\wwwroot\yunguanjia_y81sj9\web\WEB\Runtime\Cache\Website\dcf670a0d8ae9eae59c5b9074dcec17c.php 第 65 行.
NOTIC: [8] Use of undefined constant Cate - assumed 'Cate' D:\wwwroot\yunguanjia_y81sj9\web\WEB\Runtime\Cache\Website\dcf670a0d8ae9eae59c5b9074dcec17c.php 第 65 行.
NOTIC: [8] Use of undefined constant Assort - assumed 'Assort' D:\wwwroot\yunguanjia_y81sj9\web\WEB\Runtime\Cache\Website\dcf670a0d8ae9eae59c5b9074dcec17c.php 第 65 行.
NOTIC: [8] Use of undefined constant Attr - assumed 'Attr' D:\wwwroot\yunguanjia_y81sj9\web\WEB\Runtime\Cache\Website\dcf670a0d8ae9eae59c5b9074dcec17c.php 第 65 行.
NOTIC: [8] Use of undefined constant Link - assumed 'Link' D:\wwwroot\yunguanjia_y81sj9\web\WEB\Runtime\Cache\Website\dcf670a0d8ae9eae59c5b9074dcec17c.php 第 65 行.
NOTIC: [8] Use of undefined constant Rbac - assumed 'Rbac' D:\wwwroot\yunguanjia_y81sj9\web\WEB\Runtime\Cache\Website\dcf670a0d8ae9eae59c5b9074dcec17c.php 第 77 行.
NOTIC: [8] Use of undefined constant Member - assumed 'Member' D:\wwwroot\yunguanjia_y81sj9\web\WEB\Runtime\Cache\Website\dcf670a0d8ae9eae59c5b9074dcec17c.php 第 77 行.
NOTIC: [8] Use of undefined constant Orders - assumed 'Orders' D:\wwwroot\yunguanjia_y81sj9\web\WEB\Runtime\Cache\Website\dcf670a0d8ae9eae59c5b9074dcec17c.php 第 84 行.
NOTIC: [8] Use of undefined constant id - assumed 'id' D:\wwwroot\yunguanjia_y81sj9\web\WEB\Runtime\Cache\Website\dcf670a0d8ae9eae59c5b9074dcec17c.php 第 87 行.
NOTIC: [8] Use of undefined constant id - assumed 'id' D:\wwwroot\yunguanjia_y81sj9\web\WEB\Runtime\Cache\Website\dcf670a0d8ae9eae59c5b9074dcec17c.php 第 88 行.
NOTIC: [8] Use of undefined constant id - assumed 'id' D:\wwwroot\yunguanjia_y81sj9\web\WEB\Runtime\Cache\Website\dcf670a0d8ae9eae59c5b9074dcec17c.php 第 89 行.
NOTIC: [8] Use of undefined constant id - assumed 'id' D:\wwwroot\yunguanjia_y81sj9\web\WEB\Runtime\Cache\Website\dcf670a0d8ae9eae59c5b9074dcec17c.php 第 90 行.
NOTIC: [8] Use of undefined constant Rbac - assumed 'Rbac' D:\wwwroot\yunguanjia_y81sj9\web\WEB\Runtime\Cache\Website\dcf670a0d8ae9eae59c5b9074dcec17c.php 第 95 行.
NOTIC: [8] Use of undefined constant Collect - assumed 'Collect' D:\wwwroot\yunguanjia_y81sj9\web\WEB\Runtime\Cache\Website\dcf670a0d8ae9eae59c5b9074dcec17c.php 第 103 行.
NOTIC: [8] Use of undefined constant Bak - assumed 'Bak' D:\wwwroot\yunguanjia_y81sj9\web\WEB\Runtime\Cache\Website\dcf670a0d8ae9eae59c5b9074dcec17c.php 第 103 行.
SQL: SHOW COLUMNS FROM `lj_cate` [ RunTime:0.0118s ]
SQL: SELECT `id`,`pid`,`name`,`model` FROM `lj_cate` ORDER BY sort ASC,id ASC  [ RunTime:0.0004s ]
INFO: [ view_parse ] --START--
INFO: [ template_filter ] --START--
INFO: Run Behavior\ContentReplaceBehavior [ RunTime:0.000067s ]
INFO: [ template_filter ] --END-- [ RunTime:-0.060621s ]
INFO: Run Behavior\ParseTemplateBehavior [ RunTime:0.047302s ]
INFO: [ view_parse ] --END-- [ RunTime:0.047376s ]
INFO: [ view_filter ] --START--
INFO: Run Behavior\WriteHtmlCacheBehavior [ RunTime:0.000630s ]
INFO: [ view_filter ] --END-- [ RunTime:0.000686s ]
NOTIC: [8] Undefined variable: searchg D:\wwwroot\yunguanjia_y81sj9\web\WEB\Runtime\Cache\Website\dcf670a0d8ae9eae59c5b9074dcec17c.php 第 219 行.
NOTIC: [8] Undefined index: attr D:\wwwroot\yunguanjia_y81sj9\web\WEB\Runtime\Cache\Website\dcf670a0d8ae9eae59c5b9074dcec17c.php 第 231 行.
NOTIC: [8] Undefined index: attr D:\wwwroot\yunguanjia_y81sj9\web\WEB\Runtime\Cache\Website\dcf670a0d8ae9eae59c5b9074dcec17c.php 第 231 行.
NOTIC: [8] Undefined index: attr D:\wwwroot\yunguanjia_y81sj9\web\WEB\Runtime\Cache\Website\dcf670a0d8ae9eae59c5b9074dcec17c.php 第 231 行.
INFO: Run Behavior\ParseTemplateBehavior [ RunTime:0.048616s ]
INFO: [ view_parse ] --END-- [ RunTime:0.047376s ]
INFO: [ view_filter ] --START--
INFO: Run Behavior\WriteHtmlCacheBehavior [ RunTime:0.000014s ]
INFO: [ view_filter ] --END-- [ RunTime:-0.000612s ]
INFO: [ app_end ] --START--
INFO: Run Behavior\ShowPageTraceBehavior [ RunTime:0.000970s ]
INFO: [ app_end ] --END-- [ RunTime:0.001033s ]

[ 2017-12-28T13:41:17+08:00 ] 111.178.3.200 /index.php/Website/Member/index
INFO: [ app_init ] --START--
INFO: Run Behavior\BuildLiteBehavior [ RunTime:0.000018s ]
INFO: [ app_init ] --END-- [ RunTime:0.000596s ]
INFO: [ app_begin ] --START--
INFO: Run Behavior\ReadHtmlCacheBehavior [ RunTime:0.000707s ]
INFO: [ app_begin ] --END-- [ RunTime:0.000786s ]
NOTIC: [8192] mysql_connect(): The mysql extension is deprecated and will be removed in the future: use mysqli or PDO instead D:\wwwroot\yunguanjia_y81sj9\web\ThinkPHP\Library\Think\Session\Driver\Db.class.php 第 95 行.
SQL: SHOW COLUMNS FROM `lj_member` [ RunTime:0.0097s ]
SQL: SELECT COUNT(*) AS tp_count FROM `lj_member` LIMIT 1   [ RunTime:0.0003s ]
SQL: SELECT * FROM `lj_member` LIMIT 0,20   [ RunTime:0.0006s ]
INFO: [ view_parse ] --START--
INFO: [ template_filter ] --START--
INFO: Run Behavior\ContentReplaceBehavior [ RunTime:0.000433s ]
INFO: [ template_filter ] --END-- [ RunTime:0.000555s ]
NOTIC: [8] Use of undefined constant System - assumed 'System' D:\wwwroot\yunguanjia_y81sj9\web\WEB\Runtime\Cache\Website\71c969c580135280ee5c3fcf729af398.php 第 62 行.
NOTIC: [8] Use of undefined constant Cate - assumed 'Cate' D:\wwwroot\yunguanjia_y81sj9\web\WEB\Runtime\Cache\Website\71c969c580135280ee5c3fcf729af398.php 第 62 行.
NOTIC: [8] Use of undefined constant Assort - assumed 'Assort' D:\wwwroot\yunguanjia_y81sj9\web\WEB\Runtime\Cache\Website\71c969c580135280ee5c3fcf729af398.php 第 62 行.
NOTIC: [8] Use of undefined constant Attr - assumed 'Attr' D:\wwwroot\yunguanjia_y81sj9\web\WEB\Runtime\Cache\Website\71c969c580135280ee5c3fcf729af398.php 第 62 行.
NOTIC: [8] Use of undefined constant Link - assumed 'Link' D:\wwwroot\yunguanjia_y81sj9\web\WEB\Runtime\Cache\Website\71c969c580135280ee5c3fcf729af398.php 第 62 行.
NOTIC: [8] Use of undefined constant Rbac - assumed 'Rbac' D:\wwwroot\yunguanjia_y81sj9\web\WEB\Runtime\Cache\Website\71c969c580135280ee5c3fcf729af398.php 第 74 行.
NOTIC: [8] Use of undefined constant Member - assumed 'Member' D:\wwwroot\yunguanjia_y81sj9\web\WEB\Runtime\Cache\Website\71c969c580135280ee5c3fcf729af398.php 第 74 行.
NOTIC: [8] Use of undefined constant index - assumed 'index' D:\wwwroot\yunguanjia_y81sj9\web\WEB\Runtime\Cache\Website\71c969c580135280ee5c3fcf729af398.php 第 74 行.
NOTIC: [8] Use of undefined constant Orders - assumed 'Orders' D:\wwwroot\yunguanjia_y81sj9\web\WEB\Runtime\Cache\Website\71c969c580135280ee5c3fcf729af398.php 第 81 行.
NOTIC: [8] Use of undefined constant id - assumed 'id' D:\wwwroot\yunguanjia_y81sj9\web\WEB\Runtime\Cache\Website\71c969c580135280ee5c3fcf729af398.php 第 84 行.
NOTIC: [8] Use of undefined constant id - assumed 'id' D:\wwwroot\yunguanjia_y81sj9\web\WEB\Runtime\Cache\Website\71c969c580135280ee5c3fcf729af398.php 第 85 行.
NOTIC: [8] Use of undefined constant id - assumed 'id' D:\wwwroot\yunguanjia_y81sj9\web\WEB\Runtime\Cache\Website\71c969c580135280ee5c3fcf729af398.php 第 86 行.
NOTIC: [8] Use of undefined constant id - assumed 'id' D:\wwwroot\yunguanjia_y81sj9\web\WEB\Runtime\Cache\Website\71c969c580135280ee5c3fcf729af398.php 第 87 行.
NOTIC: [8] Use of undefined constant Rbac - assumed 'Rbac' D:\wwwroot\yunguanjia_y81sj9\web\WEB\Runtime\Cache\Website\71c969c580135280ee5c3fcf729af398.php 第 92 行.
NOTIC: [8] Use of undefined constant Collect - assumed 'Collect' D:\wwwroot\yunguanjia_y81sj9\web\WEB\Runtime\Cache\Website\71c969c580135280ee5c3fcf729af398.php 第 100 行.
NOTIC: [8] Use of undefined constant Bak - assumed 'Bak' D:\wwwroot\yunguanjia_y81sj9\web\WEB\Runtime\Cache\Website\71c969c580135280ee5c3fcf729af398.php 第 100 行.
NOTIC: [8] Use of undefined constant id - assumed 'id' D:\wwwroot\yunguanjia_y81sj9\web\WEB\Runtime\Cache\Website\71c969c580135280ee5c3fcf729af398.php 第 246 行.
NOTIC: [8] Use of undefined constant id - assumed 'id' D:\wwwroot\yunguanjia_y81sj9\web\WEB\Runtime\Cache\Website\71c969c580135280ee5c3fcf729af398.php 第 246 行.
NOTIC: [8] Use of undefined constant id - assumed 'id' D:\wwwroot\yunguanjia_y81sj9\web\WEB\Runtime\Cache\Website\71c969c580135280ee5c3fcf729af398.php 第 246 行.
NOTIC: [8] Use of undefined constant id - assumed 'id' D:\wwwroot\yunguanjia_y81sj9\web\WEB\Runtime\Cache\Website\71c969c580135280ee5c3fcf729af398.php 第 246 行.
NOTIC: [8] Use of undefined constant id - assumed 'id' D:\wwwroot\yunguanjia_y81sj9\web\WEB\Runtime\Cache\Website\71c969c580135280ee5c3fcf729af398.php 第 246 行.
NOTIC: [8] Use of undefined constant id - assumed 'id' D:\wwwroot\yunguanjia_y81sj9\web\WEB\Runtime\Cache\Website\71c969c580135280ee5c3fcf729af398.php 第 246 行.
INFO: Run Behavior\ParseTemplateBehavior [ RunTime:0.048532s ]
INFO: [ view_parse ] --END-- [ RunTime:0.048645s ]
INFO: [ view_filter ] --START--
INFO: Run Behavior\WriteHtmlCacheBehavior [ RunTime:0.001003s ]
INFO: [ view_filter ] --END-- [ RunTime:0.001104s ]
INFO: [ app_end ] --START--
INFO: Run Behavior\ShowPageTraceBehavior [ RunTime:0.001517s ]
INFO: [ app_end ] --END-- [ RunTime:0.001623s ]

[ 2017-12-28T13:41:21+08:00 ] 111.178.3.200 /index.php/Website/Member/updata/id/10002
INFO: [ app_init ] --START--
INFO: Run Behavior\BuildLiteBehavior [ RunTime:0.000019s ]
INFO: [ app_init ] --END-- [ RunTime:0.000596s ]
INFO: [ app_begin ] --START--
INFO: Run Behavior\ReadHtmlCacheBehavior [ RunTime:0.000725s ]
INFO: [ app_begin ] --END-- [ RunTime:0.000804s ]
NOTIC: [8192] mysql_connect(): The mysql extension is deprecated and will be removed in the future: use mysqli or PDO instead D:\wwwroot\yunguanjia_y81sj9\web\ThinkPHP\Library\Think\Session\Driver\Db.class.php 第 95 行.
NOTIC: [8] Use of undefined constant intval - assumed 'intval' D:\wwwroot\yunguanjia_y81sj9\web\WEB\Website\Controller\MemberController.class.php 第 24 行.
SQL: SHOW COLUMNS FROM `lj_member` [ RunTime:0.0098s ]
SQL: SELECT * FROM `lj_member` WHERE `id` = 10002  [ RunTime:0.0005s ]
SQL: SHOW COLUMNS FROM `lj_jf` [ RunTime:0.0100s ]
SQL: SELECT * FROM `lj_jf` WHERE `mid` = 10002 ORDER BY time desc  [ RunTime:0.0005s ]
INFO: [ view_parse ] --START--
INFO: [ template_filter ] --START--
INFO: Run Behavior\ContentReplaceBehavior [ RunTime:0.000323s ]
INFO: [ template_filter ] --END-- [ RunTime:0.000394s ]
NOTIC: [8] Use of undefined constant System - assumed 'System' D:\wwwroot\yunguanjia_y81sj9\web\WEB\Runtime\Cache\Website\2c38032e72658fef24b1ae12285bcbd5.php 第 64 行.
NOTIC: [8] Use of undefined constant Cate - assumed 'Cate' D:\wwwroot\yunguanjia_y81sj9\web\WEB\Runtime\Cache\Website\2c38032e72658fef24b1ae12285bcbd5.php 第 64 行.
NOTIC: [8] Use of undefined constant Assort - assumed 'Assort' D:\wwwroot\yunguanjia_y81sj9\web\WEB\Runtime\Cache\Website\2c38032e72658fef24b1ae12285bcbd5.php 第 64 行.
NOTIC: [8] Use of undefined constant Attr - assumed 'Attr' D:\wwwroot\yunguanjia_y81sj9\web\WEB\Runtime\Cache\Website\2c38032e72658fef24b1ae12285bcbd5.php 第 64 行.
NOTIC: [8] Use of undefined constant Link - assumed 'Link' D:\wwwroot\yunguanjia_y81sj9\web\WEB\Runtime\Cache\Website\2c38032e72658fef24b1ae12285bcbd5.php 第 64 行.
NOTIC: [8] Use of undefined constant Rbac - assumed 'Rbac' D:\wwwroot\yunguanjia_y81sj9\web\WEB\Runtime\Cache\Website\2c38032e72658fef24b1ae12285bcbd5.php 第 76 行.
NOTIC: [8] Use of undefined constant Member - assumed 'Member' D:\wwwroot\yunguanjia_y81sj9\web\WEB\Runtime\Cache\Website\2c38032e72658fef24b1ae12285bcbd5.php 第 76 行.
NOTIC: [8] Use of undefined constant index - assumed 'index' D:\wwwroot\yunguanjia_y81sj9\web\WEB\Runtime\Cache\Website\2c38032e72658fef24b1ae12285bcbd5.php 第 76 行.
NOTIC: [8] Use of undefined constant Orders - assumed 'Orders' D:\wwwroot\yunguanjia_y81sj9\web\WEB\Runtime\Cache\Website\2c38032e72658fef24b1ae12285bcbd5.php 第 83 行.
NOTIC: [8] Use of undefined constant id - assumed 'id' D:\wwwroot\yunguanjia_y81sj9\web\WEB\Runtime\Cache\Website\2c38032e72658fef24b1ae12285bcbd5.php 第 86 行.
NOTIC: [8] Use of undefined constant id - assumed 'id' D:\wwwroot\yunguanjia_y81sj9\web\WEB\Runtime\Cache\Website\2c38032e72658fef24b1ae12285bcbd5.php 第 87 行.
NOTIC: [8] Use of undefined constant id - assumed 'id' D:\wwwroot\yunguanjia_y81sj9\web\WEB\Runtime\Cache\Website\2c38032e72658fef24b1ae12285bcbd5.php 第 88 行.
NOTIC: [8] Use of undefined constant id - assumed 'id' D:\wwwroot\yunguanjia_y81sj9\web\WEB\Runtime\Cache\Website\2c38032e72658fef24b1ae12285bcbd5.php 第 89 行.
NOTIC: [8] Use of undefined constant Rbac - assumed 'Rbac' D:\wwwroot\yunguanjia_y81sj9\web\WEB\Runtime\Cache\Website\2c38032e72658fef24b1ae12285bcbd5.php 第 94 行.
NOTIC: [8] Use of undefined constant Collect - assumed 'Collect' D:\wwwroot\yunguanjia_y81sj9\web\WEB\Runtime\Cache\Website\2c38032e72658fef24b1ae12285bcbd5.php 第 102 行.
NOTIC: [8] Use of undefined constant Bak - assumed 'Bak' D:\wwwroot\yunguanjia_y81sj9\web\WEB\Runtime\Cache\Website\2c38032e72658fef24b1ae12285bcbd5.php 第 102 行.
NOTIC: [8] Undefined index: QQ D:\wwwroot\yunguanjia_y81sj9\web\WEB\Runtime\Cache\Website\2c38032e72658fef24b1ae12285bcbd5.php 第 243 行.
INFO: Run Behavior\ParseTemplateBehavior [ RunTime:0.036951s ]
INFO: [ view_parse ] --END-- [ RunTime:0.037027s ]
INFO: [ view_filter ] --START--
INFO: Run Behavior\WriteHtmlCacheBehavior [ RunTime:0.000652s ]
INFO: [ view_filter ] --END-- [ RunTime:0.000709s ]
INFO: [ app_end ] --START--
INFO: Run Behavior\ShowPageTraceBehavior [ RunTime:0.000973s ]
INFO: [ app_end ] --END-- [ RunTime:0.001039s ]

