[ 2017-12-08T09:04:29+08:00 ] 127.0.0.1 /index.php/website
INFO: [ app_init ] --START--
INFO: Run Behavior\BuildLiteBehavior [ RunTime:0.000079s ]
INFO: [ app_init ] --END-- [ RunTime:0.015013s ]
INFO: [ app_begin ] --START--
INFO: Run Behavior\ReadHtmlCacheBehavior [ RunTime:0.013960s ]
INFO: [ app_begin ] --END-- [ RunTime:0.014100s ]

[ 2017-12-08T09:04:30+08:00 ] 127.0.0.1 /index.php/Website/Login/index
INFO: [ app_init ] --START--
INFO: Run Behavior\BuildLiteBehavior [ RunTime:0.000028s ]
INFO: [ app_init ] --END-- [ RunTime:0.000840s ]
INFO: [ app_begin ] --START--
INFO: Run Behavior\ReadHtmlCacheBehavior [ RunTime:0.000972s ]
INFO: [ app_begin ] --END-- [ RunTime:0.001060s ]
INFO: [ view_parse ] --START--
INFO: [ template_filter ] --START--
INFO: Run Behavior\ContentReplaceBehavior [ RunTime:0.009416s ]
INFO: [ template_filter ] --END-- [ RunTime:0.009532s ]
INFO: Run Behavior\ParseTemplateBehavior [ RunTime:0.198060s ]
INFO: [ view_parse ] --END-- [ RunTime:0.198165s ]
INFO: [ view_filter ] --START--
INFO: Run Behavior\WriteHtmlCacheBehavior [ RunTime:0.023089s ]
INFO: [ view_filter ] --END-- [ RunTime:0.023174s ]
INFO: [ app_end ] --START--
INFO: Run Behavior\ShowPageTraceBehavior [ RunTime:0.009454s ]
INFO: [ app_end ] --END-- [ RunTime:0.009536s ]

[ 2017-12-08T09:04:32+08:00 ] 127.0.0.1 /index.php/Website/Login/verify
INFO: [ app_init ] --START--
INFO: Run Behavior\BuildLiteBehavior [ RunTime:0.000026s ]
INFO: [ app_init ] --END-- [ RunTime:0.000783s ]
INFO: [ app_begin ] --START--
INFO: Run Behavior\ReadHtmlCacheBehavior [ RunTime:0.000929s ]
INFO: [ app_begin ] --END-- [ RunTime:0.001027s ]
INFO: [ app_end ] --START--
INFO: Run Behavior\ShowPageTraceBehavior [ RunTime:0.001095s ]
INFO: [ app_end ] --END-- [ RunTime:0.001201s ]

[ 2017-12-08T09:06:05+08:00 ] 127.0.0.1 /index.php/Website/Login/login
INFO: [ app_init ] --START--
INFO: Run Behavior\BuildLiteBehavior [ RunTime:0.000031s ]
INFO: [ app_init ] --END-- [ RunTime:0.001035s ]
INFO: [ app_begin ] --START--
INFO: Run Behavior\ReadHtmlCacheBehavior [ RunTime:0.001035s ]
INFO: [ app_begin ] --END-- [ RunTime:0.001148s ]
NOTIC: [8] Use of undefined constant md5 - assumed 'md5' D:\WWW\hbguanjia\WEB\Website\Controller\LoginController.class.php 第 48 行.
SQL: SHOW COLUMNS FROM `lj_user` [ RunTime:0.0285s ]
SQL: SELECT * FROM `lj_user` WHERE ( username = "lj_admin" ) LIMIT 1   [ RunTime:0.0010s ]
SQL: UPDATE `lj_user` SET `logintime`='1512695165',`loginip`='127.0.0.1' WHERE `id` = 1 [ RunTime:0.0007s ]
INFO: [ view_parse ] --START--
INFO: [ template_filter ] --START--
INFO: Run Behavior\ContentReplaceBehavior [ RunTime:0.000073s ]
INFO: [ template_filter ] --END-- [ RunTime:0.000162s ]
INFO: Run Behavior\ParseTemplateBehavior [ RunTime:0.028508s ]
INFO: [ view_parse ] --END-- [ RunTime:0.028623s ]
INFO: [ view_filter ] --START--
INFO: Run Behavior\WriteHtmlCacheBehavior [ RunTime:0.000634s ]
INFO: [ view_filter ] --END-- [ RunTime:0.000714s ]
INFO: [ app_end ] --START--
INFO: Run Behavior\ShowPageTraceBehavior [ RunTime:0.001091s ]
INFO: [ app_end ] --END-- [ RunTime:0.001191s ]

[ 2017-12-08T09:06:09+08:00 ] 127.0.0.1 /index.php/Website/Index/index
INFO: [ app_init ] --START--
INFO: Run Behavior\BuildLiteBehavior [ RunTime:0.000030s ]
INFO: [ app_init ] --END-- [ RunTime:0.003087s ]
INFO: [ app_begin ] --START--
INFO: Run Behavior\ReadHtmlCacheBehavior [ RunTime:0.001157s ]
INFO: [ app_begin ] --END-- [ RunTime:0.001250s ]
SQL: SHOW COLUMNS FROM `lj_article` [ RunTime:0.0431s ]
SQL: SELECT COUNT(*) AS tp_count FROM `lj_article` WHERE `del` = 0 LIMIT 1   [ RunTime:0.0005s ]
SQL: SHOW COLUMNS FROM `lj_goods` [ RunTime:0.0232s ]
SQL: SELECT COUNT(*) AS tp_count FROM `lj_goods` WHERE `del` = 0 LIMIT 1   [ RunTime:0.0004s ]
SQL: SHOW COLUMNS FROM `lj_article` [ RunTime:0.0049s ]
SQL: SELECT `id`,`cid`,`title`,`time` FROM `lj_article` WHERE `del` = 0 ORDER BY time desc LIMIT 9   [ RunTime:0.0005s ]
INFO: [ view_parse ] --START--
INFO: [ template_filter ] --START--
INFO: Run Behavior\ContentReplaceBehavior [ RunTime:0.000273s ]
INFO: [ template_filter ] --END-- [ RunTime:0.000357s ]
NOTIC: [8] Use of undefined constant System - assumed 'System' D:\WWW\hbguanjia\WEB\Runtime\Cache\Website\ae74629993cfa41cc96b9b04cbd4e0ee.php 第 72 行.
NOTIC: [8] Use of undefined constant Cate - assumed 'Cate' D:\WWW\hbguanjia\WEB\Runtime\Cache\Website\ae74629993cfa41cc96b9b04cbd4e0ee.php 第 72 行.
NOTIC: [8] Use of undefined constant Assort - assumed 'Assort' D:\WWW\hbguanjia\WEB\Runtime\Cache\Website\ae74629993cfa41cc96b9b04cbd4e0ee.php 第 72 行.
NOTIC: [8] Use of undefined constant Attr - assumed 'Attr' D:\WWW\hbguanjia\WEB\Runtime\Cache\Website\ae74629993cfa41cc96b9b04cbd4e0ee.php 第 72 行.
NOTIC: [8] Use of undefined constant Link - assumed 'Link' D:\WWW\hbguanjia\WEB\Runtime\Cache\Website\ae74629993cfa41cc96b9b04cbd4e0ee.php 第 72 行.
NOTIC: [8] Use of undefined constant Orders - assumed 'Orders' D:\WWW\hbguanjia\WEB\Runtime\Cache\Website\ae74629993cfa41cc96b9b04cbd4e0ee.php 第 85 行.
NOTIC: [8] Use of undefined constant id - assumed 'id' D:\WWW\hbguanjia\WEB\Runtime\Cache\Website\ae74629993cfa41cc96b9b04cbd4e0ee.php 第 88 行.
NOTIC: [8] Use of undefined constant id - assumed 'id' D:\WWW\hbguanjia\WEB\Runtime\Cache\Website\ae74629993cfa41cc96b9b04cbd4e0ee.php 第 89 行.
NOTIC: [8] Use of undefined constant id - assumed 'id' D:\WWW\hbguanjia\WEB\Runtime\Cache\Website\ae74629993cfa41cc96b9b04cbd4e0ee.php 第 90 行.
NOTIC: [8] Use of undefined constant Rbac - assumed 'Rbac' D:\WWW\hbguanjia\WEB\Runtime\Cache\Website\ae74629993cfa41cc96b9b04cbd4e0ee.php 第 94 行.
NOTIC: [8] Use of undefined constant Member - assumed 'Member' D:\WWW\hbguanjia\WEB\Runtime\Cache\Website\ae74629993cfa41cc96b9b04cbd4e0ee.php 第 94 行.
NOTIC: [8] Use of undefined constant Rbac - assumed 'Rbac' D:\WWW\hbguanjia\WEB\Runtime\Cache\Website\ae74629993cfa41cc96b9b04cbd4e0ee.php 第 102 行.
NOTIC: [8] Use of undefined constant Collect - assumed 'Collect' D:\WWW\hbguanjia\WEB\Runtime\Cache\Website\ae74629993cfa41cc96b9b04cbd4e0ee.php 第 110 行.
NOTIC: [8] Use of undefined constant Bak - assumed 'Bak' D:\WWW\hbguanjia\WEB\Runtime\Cache\Website\ae74629993cfa41cc96b9b04cbd4e0ee.php 第 110 行.
INFO: Run Behavior\ParseTemplateBehavior [ RunTime:0.051010s ]
INFO: [ view_parse ] --END-- [ RunTime:0.051128s ]
INFO: [ view_filter ] --START--
INFO: Run Behavior\WriteHtmlCacheBehavior [ RunTime:0.000978s ]
INFO: [ view_filter ] --END-- [ RunTime:0.001069s ]
INFO: [ app_end ] --START--
INFO: Run Behavior\ShowPageTraceBehavior [ RunTime:0.001370s ]
INFO: [ app_end ] --END-- [ RunTime:0.001468s ]

[ 2017-12-08T09:06:16+08:00 ] 127.0.0.1 /index.php/Website/Bak/index
INFO: [ app_init ] --START--
INFO: Run Behavior\BuildLiteBehavior [ RunTime:0.000024s ]
INFO: [ app_init ] --END-- [ RunTime:0.000808s ]
INFO: [ app_begin ] --START--
INFO: Run Behavior\ReadHtmlCacheBehavior [ RunTime:0.000981s ]
INFO: [ app_begin ] --END-- [ RunTime:0.001070s ]
INFO: [ view_parse ] --START--
INFO: [ template_filter ] --START--
INFO: Run Behavior\ContentReplaceBehavior [ RunTime:0.000190s ]
INFO: [ template_filter ] --END-- [ RunTime:0.000275s ]
NOTIC: [8] Use of undefined constant System - assumed 'System' D:\WWW\hbguanjia\WEB\Runtime\Cache\Website\b3b74ec4e2e634842ead14da92c788f2.php 第 62 行.
NOTIC: [8] Use of undefined constant Cate - assumed 'Cate' D:\WWW\hbguanjia\WEB\Runtime\Cache\Website\b3b74ec4e2e634842ead14da92c788f2.php 第 62 行.
NOTIC: [8] Use of undefined constant Assort - assumed 'Assort' D:\WWW\hbguanjia\WEB\Runtime\Cache\Website\b3b74ec4e2e634842ead14da92c788f2.php 第 62 行.
NOTIC: [8] Use of undefined constant Attr - assumed 'Attr' D:\WWW\hbguanjia\WEB\Runtime\Cache\Website\b3b74ec4e2e634842ead14da92c788f2.php 第 62 行.
NOTIC: [8] Use of undefined constant Link - assumed 'Link' D:\WWW\hbguanjia\WEB\Runtime\Cache\Website\b3b74ec4e2e634842ead14da92c788f2.php 第 62 行.
NOTIC: [8] Use of undefined constant Orders - assumed 'Orders' D:\WWW\hbguanjia\WEB\Runtime\Cache\Website\b3b74ec4e2e634842ead14da92c788f2.php 第 75 行.
NOTIC: [8] Use of undefined constant id - assumed 'id' D:\WWW\hbguanjia\WEB\Runtime\Cache\Website\b3b74ec4e2e634842ead14da92c788f2.php 第 78 行.
NOTIC: [8] Use of undefined constant id - assumed 'id' D:\WWW\hbguanjia\WEB\Runtime\Cache\Website\b3b74ec4e2e634842ead14da92c788f2.php 第 79 行.
NOTIC: [8] Use of undefined constant id - assumed 'id' D:\WWW\hbguanjia\WEB\Runtime\Cache\Website\b3b74ec4e2e634842ead14da92c788f2.php 第 80 行.
NOTIC: [8] Use of undefined constant Rbac - assumed 'Rbac' D:\WWW\hbguanjia\WEB\Runtime\Cache\Website\b3b74ec4e2e634842ead14da92c788f2.php 第 84 行.
NOTIC: [8] Use of undefined constant Member - assumed 'Member' D:\WWW\hbguanjia\WEB\Runtime\Cache\Website\b3b74ec4e2e634842ead14da92c788f2.php 第 84 行.
NOTIC: [8] Use of undefined constant Rbac - assumed 'Rbac' D:\WWW\hbguanjia\WEB\Runtime\Cache\Website\b3b74ec4e2e634842ead14da92c788f2.php 第 92 行.
NOTIC: [8] Use of undefined constant Collect - assumed 'Collect' D:\WWW\hbguanjia\WEB\Runtime\Cache\Website\b3b74ec4e2e634842ead14da92c788f2.php 第 100 行.
NOTIC: [8] Use of undefined constant Bak - assumed 'Bak' D:\WWW\hbguanjia\WEB\Runtime\Cache\Website\b3b74ec4e2e634842ead14da92c788f2.php 第 100 行.
INFO: Run Behavior\ParseTemplateBehavior [ RunTime:0.030322s ]
INFO: [ view_parse ] --END-- [ RunTime:0.030418s ]
INFO: [ view_filter ] --START--
INFO: Run Behavior\WriteHtmlCacheBehavior [ RunTime:0.000697s ]
INFO: [ view_filter ] --END-- [ RunTime:0.000770s ]
INFO: [ app_end ] --START--
INFO: Run Behavior\ShowPageTraceBehavior [ RunTime:0.001068s ]
INFO: [ app_end ] --END-- [ RunTime:0.001146s ]

[ 2017-12-08T09:06:19+08:00 ] 127.0.0.1 /index.php/Website/Bak/index/Action/backup
INFO: [ app_init ] --START--
INFO: Run Behavior\BuildLiteBehavior [ RunTime:0.000025s ]
INFO: [ app_init ] --END-- [ RunTime:0.000814s ]
INFO: [ app_begin ] --START--
INFO: Run Behavior\ReadHtmlCacheBehavior [ RunTime:0.000961s ]
INFO: [ app_begin ] --END-- [ RunTime:0.001047s ]
NOTIC: [2] mkdir(): File exists D:\WWW\hbguanjia\WEB\Website\Controller\BakController.class.php 第 9 行.
NOTIC: [8192] Function mysql_list_tables() is deprecated D:\WWW\hbguanjia\WEB\Lib\MySQLReback.class.php 第 125 行.
NOTIC: [8] Undefined variable: return D:\WWW\hbguanjia\WEB\Lib\MySQLReback.class.php 第 153 行.
NOTIC: [8] Undefined variable: return D:\WWW\hbguanjia\WEB\Lib\MySQLReback.class.php 第 153 行.
NOTIC: [8] Undefined variable: return D:\WWW\hbguanjia\WEB\Lib\MySQLReback.class.php 第 153 行.
NOTIC: [8] Undefined variable: return D:\WWW\hbguanjia\WEB\Lib\MySQLReback.class.php 第 153 行.
NOTIC: [8] Undefined variable: return D:\WWW\hbguanjia\WEB\Lib\MySQLReback.class.php 第 153 行.
NOTIC: [8] Undefined variable: return D:\WWW\hbguanjia\WEB\Lib\MySQLReback.class.php 第 153 行.
NOTIC: [8] Undefined variable: return D:\WWW\hbguanjia\WEB\Lib\MySQLReback.class.php 第 153 行.
NOTIC: [8] Undefined variable: return D:\WWW\hbguanjia\WEB\Lib\MySQLReback.class.php 第 153 行.
NOTIC: [8] Undefined variable: return D:\WWW\hbguanjia\WEB\Lib\MySQLReback.class.php 第 153 行.
NOTIC: [8] Undefined variable: return D:\WWW\hbguanjia\WEB\Lib\MySQLReback.class.php 第 153 行.
NOTIC: [8] Undefined variable: return D:\WWW\hbguanjia\WEB\Lib\MySQLReback.class.php 第 153 行.
NOTIC: [8] Undefined variable: return D:\WWW\hbguanjia\WEB\Lib\MySQLReback.class.php 第 153 行.
NOTIC: [8] Undefined variable: return D:\WWW\hbguanjia\WEB\Lib\MySQLReback.class.php 第 153 行.
NOTIC: [8] Undefined variable: return D:\WWW\hbguanjia\WEB\Lib\MySQLReback.class.php 第 153 行.
NOTIC: [8] Undefined variable: return D:\WWW\hbguanjia\WEB\Lib\MySQLReback.class.php 第 153 行.
NOTIC: [8] Undefined variable: return D:\WWW\hbguanjia\WEB\Lib\MySQLReback.class.php 第 153 行.
NOTIC: [8] Undefined variable: return D:\WWW\hbguanjia\WEB\Lib\MySQLReback.class.php 第 153 行.
NOTIC: [8] Undefined variable: return D:\WWW\hbguanjia\WEB\Lib\MySQLReback.class.php 第 153 行.
INFO: [ view_parse ] --START--
INFO: [ template_filter ] --START--
INFO: Run Behavior\ContentReplaceBehavior [ RunTime:0.000190s ]
INFO: [ template_filter ] --END-- [ RunTime:0.000277s ]
NOTIC: [8] Use of undefined constant System - assumed 'System' D:\WWW\hbguanjia\WEB\Runtime\Cache\Website\b3b74ec4e2e634842ead14da92c788f2.php 第 62 行.
NOTIC: [8] Use of undefined constant Cate - assumed 'Cate' D:\WWW\hbguanjia\WEB\Runtime\Cache\Website\b3b74ec4e2e634842ead14da92c788f2.php 第 62 行.
NOTIC: [8] Use of undefined constant Assort - assumed 'Assort' D:\WWW\hbguanjia\WEB\Runtime\Cache\Website\b3b74ec4e2e634842ead14da92c788f2.php 第 62 行.
NOTIC: [8] Use of undefined constant Attr - assumed 'Attr' D:\WWW\hbguanjia\WEB\Runtime\Cache\Website\b3b74ec4e2e634842ead14da92c788f2.php 第 62 行.
NOTIC: [8] Use of undefined constant Link - assumed 'Link' D:\WWW\hbguanjia\WEB\Runtime\Cache\Website\b3b74ec4e2e634842ead14da92c788f2.php 第 62 行.
NOTIC: [8] Use of undefined constant Orders - assumed 'Orders' D:\WWW\hbguanjia\WEB\Runtime\Cache\Website\b3b74ec4e2e634842ead14da92c788f2.php 第 75 行.
NOTIC: [8] Use of undefined constant id - assumed 'id' D:\WWW\hbguanjia\WEB\Runtime\Cache\Website\b3b74ec4e2e634842ead14da92c788f2.php 第 78 行.
NOTIC: [8] Use of undefined constant id - assumed 'id' D:\WWW\hbguanjia\WEB\Runtime\Cache\Website\b3b74ec4e2e634842ead14da92c788f2.php 第 79 行.
NOTIC: [8] Use of undefined constant id - assumed 'id' D:\WWW\hbguanjia\WEB\Runtime\Cache\Website\b3b74ec4e2e634842ead14da92c788f2.php 第 80 行.
NOTIC: [8] Use of undefined constant Rbac - assumed 'Rbac' D:\WWW\hbguanjia\WEB\Runtime\Cache\Website\b3b74ec4e2e634842ead14da92c788f2.php 第 84 行.
NOTIC: [8] Use of undefined constant Member - assumed 'Member' D:\WWW\hbguanjia\WEB\Runtime\Cache\Website\b3b74ec4e2e634842ead14da92c788f2.php 第 84 行.
NOTIC: [8] Use of undefined constant Rbac - assumed 'Rbac' D:\WWW\hbguanjia\WEB\Runtime\Cache\Website\b3b74ec4e2e634842ead14da92c788f2.php 第 92 行.
NOTIC: [8] Use of undefined constant Collect - assumed 'Collect' D:\WWW\hbguanjia\WEB\Runtime\Cache\Website\b3b74ec4e2e634842ead14da92c788f2.php 第 100 行.
NOTIC: [8] Use of undefined constant Bak - assumed 'Bak' D:\WWW\hbguanjia\WEB\Runtime\Cache\Website\b3b74ec4e2e634842ead14da92c788f2.php 第 100 行.
INFO: Run Behavior\ParseTemplateBehavior [ RunTime:0.028586s ]
INFO: [ view_parse ] --END-- [ RunTime:0.028671s ]
INFO: [ view_filter ] --START--
INFO: Run Behavior\WriteHtmlCacheBehavior [ RunTime:0.000662s ]
INFO: [ view_filter ] --END-- [ RunTime:0.000736s ]
INFO: [ app_end ] --START--
INFO: Run Behavior\ShowPageTraceBehavior [ RunTime:0.001069s ]
INFO: [ app_end ] --END-- [ RunTime:0.001146s ]

[ 2017-12-08T09:06:20+08:00 ] 127.0.0.1 /index.php/Website/Bak/index
INFO: [ app_init ] --START--
INFO: Run Behavior\BuildLiteBehavior [ RunTime:0.000029s ]
INFO: [ app_init ] --END-- [ RunTime:0.001118s ]
INFO: [ app_begin ] --START--
INFO: Run Behavior\ReadHtmlCacheBehavior [ RunTime:0.001087s ]
INFO: [ app_begin ] --END-- [ RunTime:0.001197s ]
NOTIC: [2] mkdir(): File exists D:\WWW\hbguanjia\WEB\Website\Controller\BakController.class.php 第 9 行.
INFO: [ view_parse ] --START--
INFO: [ template_filter ] --START--
INFO: Run Behavior\ContentReplaceBehavior [ RunTime:0.000204s ]
INFO: [ template_filter ] --END-- [ RunTime:0.000296s ]
NOTIC: [8] Use of undefined constant System - assumed 'System' D:\WWW\hbguanjia\WEB\Runtime\Cache\Website\b3b74ec4e2e634842ead14da92c788f2.php 第 62 行.
NOTIC: [8] Use of undefined constant Cate - assumed 'Cate' D:\WWW\hbguanjia\WEB\Runtime\Cache\Website\b3b74ec4e2e634842ead14da92c788f2.php 第 62 行.
NOTIC: [8] Use of undefined constant Assort - assumed 'Assort' D:\WWW\hbguanjia\WEB\Runtime\Cache\Website\b3b74ec4e2e634842ead14da92c788f2.php 第 62 行.
NOTIC: [8] Use of undefined constant Attr - assumed 'Attr' D:\WWW\hbguanjia\WEB\Runtime\Cache\Website\b3b74ec4e2e634842ead14da92c788f2.php 第 62 行.
NOTIC: [8] Use of undefined constant Link - assumed 'Link' D:\WWW\hbguanjia\WEB\Runtime\Cache\Website\b3b74ec4e2e634842ead14da92c788f2.php 第 62 行.
NOTIC: [8] Use of undefined constant Orders - assumed 'Orders' D:\WWW\hbguanjia\WEB\Runtime\Cache\Website\b3b74ec4e2e634842ead14da92c788f2.php 第 75 行.
NOTIC: [8] Use of undefined constant id - assumed 'id' D:\WWW\hbguanjia\WEB\Runtime\Cache\Website\b3b74ec4e2e634842ead14da92c788f2.php 第 78 行.
NOTIC: [8] Use of undefined constant id - assumed 'id' D:\WWW\hbguanjia\WEB\Runtime\Cache\Website\b3b74ec4e2e634842ead14da92c788f2.php 第 79 行.
NOTIC: [8] Use of undefined constant id - assumed 'id' D:\WWW\hbguanjia\WEB\Runtime\Cache\Website\b3b74ec4e2e634842ead14da92c788f2.php 第 80 行.
NOTIC: [8] Use of undefined constant Rbac - assumed 'Rbac' D:\WWW\hbguanjia\WEB\Runtime\Cache\Website\b3b74ec4e2e634842ead14da92c788f2.php 第 84 行.
NOTIC: [8] Use of undefined constant Member - assumed 'Member' D:\WWW\hbguanjia\WEB\Runtime\Cache\Website\b3b74ec4e2e634842ead14da92c788f2.php 第 84 行.
NOTIC: [8] Use of undefined constant Rbac - assumed 'Rbac' D:\WWW\hbguanjia\WEB\Runtime\Cache\Website\b3b74ec4e2e634842ead14da92c788f2.php 第 92 行.
NOTIC: [8] Use of undefined constant Collect - assumed 'Collect' D:\WWW\hbguanjia\WEB\Runtime\Cache\Website\b3b74ec4e2e634842ead14da92c788f2.php 第 100 行.
NOTIC: [8] Use of undefined constant Bak - assumed 'Bak' D:\WWW\hbguanjia\WEB\Runtime\Cache\Website\b3b74ec4e2e634842ead14da92c788f2.php 第 100 行.
INFO: Run Behavior\ParseTemplateBehavior [ RunTime:0.029523s ]
INFO: [ view_parse ] --END-- [ RunTime:0.029603s ]
INFO: [ view_filter ] --START--
INFO: Run Behavior\WriteHtmlCacheBehavior [ RunTime:0.000671s ]
INFO: [ view_filter ] --END-- [ RunTime:0.000738s ]
INFO: [ app_end ] --START--
INFO: Run Behavior\ShowPageTraceBehavior [ RunTime:0.000939s ]
INFO: [ app_end ] --END-- [ RunTime:0.001008s ]

[ 2017-12-08T09:06:36+08:00 ] 127.0.0.1 /index.php/Website/System/meter
INFO: [ app_init ] --START--
INFO: Run Behavior\BuildLiteBehavior [ RunTime:0.000022s ]
INFO: [ app_init ] --END-- [ RunTime:0.000750s ]
INFO: [ app_begin ] --START--
INFO: Run Behavior\ReadHtmlCacheBehavior [ RunTime:0.000919s ]
INFO: [ app_begin ] --END-- [ RunTime:0.000998s ]
SQL: SHOW COLUMNS FROM `lj_conf` [ RunTime:0.0046s ]
SQL: SELECT `confing` FROM `lj_conf` WHERE `id` = 0 LIMIT 1   [ RunTime:0.0005s ]
INFO: [ view_parse ] --START--
INFO: [ template_filter ] --START--
INFO: Run Behavior\ContentReplaceBehavior [ RunTime:0.000235s ]
INFO: [ template_filter ] --END-- [ RunTime:0.000337s ]
NOTIC: [8] Use of undefined constant System - assumed 'System' D:\WWW\hbguanjia\WEB\Runtime\Cache\Website\e99736f740d305e70558cdb6c8d8de3d.php 第 61 行.
NOTIC: [8] Use of undefined constant Cate - assumed 'Cate' D:\WWW\hbguanjia\WEB\Runtime\Cache\Website\e99736f740d305e70558cdb6c8d8de3d.php 第 61 行.
NOTIC: [8] Use of undefined constant Assort - assumed 'Assort' D:\WWW\hbguanjia\WEB\Runtime\Cache\Website\e99736f740d305e70558cdb6c8d8de3d.php 第 61 行.
NOTIC: [8] Use of undefined constant Attr - assumed 'Attr' D:\WWW\hbguanjia\WEB\Runtime\Cache\Website\e99736f740d305e70558cdb6c8d8de3d.php 第 61 行.
NOTIC: [8] Use of undefined constant Link - assumed 'Link' D:\WWW\hbguanjia\WEB\Runtime\Cache\Website\e99736f740d305e70558cdb6c8d8de3d.php 第 61 行.
NOTIC: [8] Use of undefined constant Orders - assumed 'Orders' D:\WWW\hbguanjia\WEB\Runtime\Cache\Website\e99736f740d305e70558cdb6c8d8de3d.php 第 74 行.
NOTIC: [8] Use of undefined constant id - assumed 'id' D:\WWW\hbguanjia\WEB\Runtime\Cache\Website\e99736f740d305e70558cdb6c8d8de3d.php 第 77 行.
NOTIC: [8] Use of undefined constant id - assumed 'id' D:\WWW\hbguanjia\WEB\Runtime\Cache\Website\e99736f740d305e70558cdb6c8d8de3d.php 第 78 行.
NOTIC: [8] Use of undefined constant id - assumed 'id' D:\WWW\hbguanjia\WEB\Runtime\Cache\Website\e99736f740d305e70558cdb6c8d8de3d.php 第 79 行.
NOTIC: [8] Use of undefined constant Rbac - assumed 'Rbac' D:\WWW\hbguanjia\WEB\Runtime\Cache\Website\e99736f740d305e70558cdb6c8d8de3d.php 第 83 行.
NOTIC: [8] Use of undefined constant Member - assumed 'Member' D:\WWW\hbguanjia\WEB\Runtime\Cache\Website\e99736f740d305e70558cdb6c8d8de3d.php 第 83 行.
NOTIC: [8] Use of undefined constant Rbac - assumed 'Rbac' D:\WWW\hbguanjia\WEB\Runtime\Cache\Website\e99736f740d305e70558cdb6c8d8de3d.php 第 91 行.
NOTIC: [8] Use of undefined constant Collect - assumed 'Collect' D:\WWW\hbguanjia\WEB\Runtime\Cache\Website\e99736f740d305e70558cdb6c8d8de3d.php 第 99 行.
NOTIC: [8] Use of undefined constant Bak - assumed 'Bak' D:\WWW\hbguanjia\WEB\Runtime\Cache\Website\e99736f740d305e70558cdb6c8d8de3d.php 第 99 行.
INFO: Run Behavior\ParseTemplateBehavior [ RunTime:0.043752s ]
INFO: [ view_parse ] --END-- [ RunTime:0.043853s ]
INFO: [ view_filter ] --START--
INFO: Run Behavior\WriteHtmlCacheBehavior [ RunTime:0.000755s ]
INFO: [ view_filter ] --END-- [ RunTime:0.000828s ]
INFO: [ app_end ] --START--
INFO: Run Behavior\ShowPageTraceBehavior [ RunTime:0.001219s ]
INFO: [ app_end ] --END-- [ RunTime:0.001316s ]

[ 2017-12-08T09:07:38+08:00 ] 127.0.0.1 /index.php/Website/System/index
INFO: [ app_init ] --START--
INFO: Run Behavior\BuildLiteBehavior [ RunTime:0.000025s ]
INFO: [ app_init ] --END-- [ RunTime:0.000900s ]
INFO: [ app_begin ] --START--
INFO: Run Behavior\ReadHtmlCacheBehavior [ RunTime:0.000971s ]
INFO: [ app_begin ] --END-- [ RunTime:0.001056s ]
INFO: [ view_parse ] --START--
INFO: [ template_filter ] --START--
INFO: Run Behavior\ContentReplaceBehavior [ RunTime:0.000194s ]
INFO: [ template_filter ] --END-- [ RunTime:0.000280s ]
NOTIC: [8] Use of undefined constant System - assumed 'System' D:\WWW\hbguanjia\WEB\Runtime\Cache\Website\e29987fbe42d70ba665f9061d4476029.php 第 61 行.
NOTIC: [8] Use of undefined constant Cate - assumed 'Cate' D:\WWW\hbguanjia\WEB\Runtime\Cache\Website\e29987fbe42d70ba665f9061d4476029.php 第 61 行.
NOTIC: [8] Use of undefined constant Assort - assumed 'Assort' D:\WWW\hbguanjia\WEB\Runtime\Cache\Website\e29987fbe42d70ba665f9061d4476029.php 第 61 行.
NOTIC: [8] Use of undefined constant Attr - assumed 'Attr' D:\WWW\hbguanjia\WEB\Runtime\Cache\Website\e29987fbe42d70ba665f9061d4476029.php 第 61 行.
NOTIC: [8] Use of undefined constant Link - assumed 'Link' D:\WWW\hbguanjia\WEB\Runtime\Cache\Website\e29987fbe42d70ba665f9061d4476029.php 第 61 行.
NOTIC: [8] Use of undefined constant Orders - assumed 'Orders' D:\WWW\hbguanjia\WEB\Runtime\Cache\Website\e29987fbe42d70ba665f9061d4476029.php 第 74 行.
NOTIC: [8] Use of undefined constant id - assumed 'id' D:\WWW\hbguanjia\WEB\Runtime\Cache\Website\e29987fbe42d70ba665f9061d4476029.php 第 77 行.
NOTIC: [8] Use of undefined constant id - assumed 'id' D:\WWW\hbguanjia\WEB\Runtime\Cache\Website\e29987fbe42d70ba665f9061d4476029.php 第 78 行.
NOTIC: [8] Use of undefined constant id - assumed 'id' D:\WWW\hbguanjia\WEB\Runtime\Cache\Website\e29987fbe42d70ba665f9061d4476029.php 第 79 行.
NOTIC: [8] Use of undefined constant Rbac - assumed 'Rbac' D:\WWW\hbguanjia\WEB\Runtime\Cache\Website\e29987fbe42d70ba665f9061d4476029.php 第 83 行.
NOTIC: [8] Use of undefined constant Member - assumed 'Member' D:\WWW\hbguanjia\WEB\Runtime\Cache\Website\e29987fbe42d70ba665f9061d4476029.php 第 83 行.
NOTIC: [8] Use of undefined constant Rbac - assumed 'Rbac' D:\WWW\hbguanjia\WEB\Runtime\Cache\Website\e29987fbe42d70ba665f9061d4476029.php 第 91 行.
NOTIC: [8] Use of undefined constant Collect - assumed 'Collect' D:\WWW\hbguanjia\WEB\Runtime\Cache\Website\e29987fbe42d70ba665f9061d4476029.php 第 99 行.
NOTIC: [8] Use of undefined constant Bak - assumed 'Bak' D:\WWW\hbguanjia\WEB\Runtime\Cache\Website\e29987fbe42d70ba665f9061d4476029.php 第 99 行.
INFO: Run Behavior\ParseTemplateBehavior [ RunTime:0.042392s ]
INFO: [ view_parse ] --END-- [ RunTime:0.042477s ]
INFO: [ view_filter ] --START--
INFO: Run Behavior\WriteHtmlCacheBehavior [ RunTime:0.000675s ]
INFO: [ view_filter ] --END-- [ RunTime:0.000749s ]
INFO: [ app_end ] --START--
INFO: Run Behavior\ShowPageTraceBehavior [ RunTime:0.001153s ]
INFO: [ app_end ] --END-- [ RunTime:0.001232s ]

[ 2017-12-08T09:07:42+08:00 ] 127.0.0.1 /index.php/Website/System/meter
INFO: [ app_init ] --START--
INFO: Run Behavior\BuildLiteBehavior [ RunTime:0.000027s ]
INFO: [ app_init ] --END-- [ RunTime:0.000765s ]
INFO: [ app_begin ] --START--
INFO: Run Behavior\ReadHtmlCacheBehavior [ RunTime:0.001159s ]
INFO: [ app_begin ] --END-- [ RunTime:0.001252s ]
SQL: SHOW COLUMNS FROM `lj_conf` [ RunTime:0.0057s ]
SQL: SELECT `confing` FROM `lj_conf` WHERE `id` = 0 LIMIT 1   [ RunTime:0.0005s ]
INFO: [ view_parse ] --START--
INFO: [ template_filter ] --START--
INFO: Run Behavior\ContentReplaceBehavior [ RunTime:0.000248s ]
INFO: [ template_filter ] --END-- [ RunTime:0.000335s ]
NOTIC: [8] Use of undefined constant System - assumed 'System' D:\WWW\hbguanjia\WEB\Runtime\Cache\Website\e99736f740d305e70558cdb6c8d8de3d.php 第 61 行.
NOTIC: [8] Use of undefined constant Cate - assumed 'Cate' D:\WWW\hbguanjia\WEB\Runtime\Cache\Website\e99736f740d305e70558cdb6c8d8de3d.php 第 61 行.
NOTIC: [8] Use of undefined constant Assort - assumed 'Assort' D:\WWW\hbguanjia\WEB\Runtime\Cache\Website\e99736f740d305e70558cdb6c8d8de3d.php 第 61 行.
NOTIC: [8] Use of undefined constant Attr - assumed 'Attr' D:\WWW\hbguanjia\WEB\Runtime\Cache\Website\e99736f740d305e70558cdb6c8d8de3d.php 第 61 行.
NOTIC: [8] Use of undefined constant Link - assumed 'Link' D:\WWW\hbguanjia\WEB\Runtime\Cache\Website\e99736f740d305e70558cdb6c8d8de3d.php 第 61 行.
NOTIC: [8] Use of undefined constant Orders - assumed 'Orders' D:\WWW\hbguanjia\WEB\Runtime\Cache\Website\e99736f740d305e70558cdb6c8d8de3d.php 第 74 行.
NOTIC: [8] Use of undefined constant id - assumed 'id' D:\WWW\hbguanjia\WEB\Runtime\Cache\Website\e99736f740d305e70558cdb6c8d8de3d.php 第 77 行.
NOTIC: [8] Use of undefined constant id - assumed 'id' D:\WWW\hbguanjia\WEB\Runtime\Cache\Website\e99736f740d305e70558cdb6c8d8de3d.php 第 78 行.
NOTIC: [8] Use of undefined constant id - assumed 'id' D:\WWW\hbguanjia\WEB\Runtime\Cache\Website\e99736f740d305e70558cdb6c8d8de3d.php 第 79 行.
NOTIC: [8] Use of undefined constant Rbac - assumed 'Rbac' D:\WWW\hbguanjia\WEB\Runtime\Cache\Website\e99736f740d305e70558cdb6c8d8de3d.php 第 83 行.
NOTIC: [8] Use of undefined constant Member - assumed 'Member' D:\WWW\hbguanjia\WEB\Runtime\Cache\Website\e99736f740d305e70558cdb6c8d8de3d.php 第 83 行.
NOTIC: [8] Use of undefined constant Rbac - assumed 'Rbac' D:\WWW\hbguanjia\WEB\Runtime\Cache\Website\e99736f740d305e70558cdb6c8d8de3d.php 第 91 行.
NOTIC: [8] Use of undefined constant Collect - assumed 'Collect' D:\WWW\hbguanjia\WEB\Runtime\Cache\Website\e99736f740d305e70558cdb6c8d8de3d.php 第 99 行.
NOTIC: [8] Use of undefined constant Bak - assumed 'Bak' D:\WWW\hbguanjia\WEB\Runtime\Cache\Website\e99736f740d305e70558cdb6c8d8de3d.php 第 99 行.
INFO: Run Behavior\ParseTemplateBehavior [ RunTime:0.030424s ]
INFO: [ view_parse ] --END-- [ RunTime:0.030519s ]
INFO: [ view_filter ] --START--
INFO: Run Behavior\WriteHtmlCacheBehavior [ RunTime:0.000670s ]
INFO: [ view_filter ] --END-- [ RunTime:0.000746s ]
INFO: [ app_end ] --START--
INFO: Run Behavior\ShowPageTraceBehavior [ RunTime:0.001097s ]
INFO: [ app_end ] --END-- [ RunTime:0.001195s ]

