[ 2017-12-07T16:18:33+08:00 ] 127.0.0.1 /index.php/website
INFO: [ app_init ] --START--
INFO: Run Behavior\BuildLiteBehavior [ RunTime:0.000025s ]
INFO: [ app_init ] --END-- [ RunTime:0.000800s ]
INFO: [ app_begin ] --START--
INFO: Run Behavior\ReadHtmlCacheBehavior [ RunTime:0.001155s ]
INFO: [ app_begin ] --END-- [ RunTime:0.001268s ]

[ 2017-12-07T16:18:34+08:00 ] 127.0.0.1 /index.php/Website/Login/index
INFO: [ app_init ] --START--
INFO: Run Behavior\BuildLiteBehavior [ RunTime:0.000029s ]
INFO: [ app_init ] --END-- [ RunTime:0.000943s ]
INFO: [ app_begin ] --START--
INFO: Run Behavior\ReadHtmlCacheBehavior [ RunTime:0.001040s ]
INFO: [ app_begin ] --END-- [ RunTime:0.001213s ]
INFO: [ view_parse ] --START--
INFO: [ template_filter ] --START--
INFO: Run Behavior\ContentReplaceBehavior [ RunTime:0.000131s ]
INFO: [ template_filter ] --END-- [ RunTime:0.000487s ]
INFO: Run Behavior\ParseTemplateBehavior [ RunTime:0.040776s ]
INFO: [ view_parse ] --END-- [ RunTime:0.040877s ]
INFO: [ view_filter ] --START--
INFO: Run Behavior\WriteHtmlCacheBehavior [ RunTime:0.000681s ]
INFO: [ view_filter ] --END-- [ RunTime:0.000757s ]
INFO: [ app_end ] --START--
INFO: Run Behavior\ShowPageTraceBehavior [ RunTime:0.001080s ]
INFO: [ app_end ] --END-- [ RunTime:0.001166s ]

[ 2017-12-07T16:18:35+08:00 ] 127.0.0.1 /index.php/Website/Login/verify
INFO: [ app_init ] --START--
INFO: Run Behavior\BuildLiteBehavior [ RunTime:0.000023s ]
INFO: [ app_init ] --END-- [ RunTime:0.000656s ]
INFO: [ app_begin ] --START--
INFO: Run Behavior\ReadHtmlCacheBehavior [ RunTime:0.002351s ]
INFO: [ app_begin ] --END-- [ RunTime:0.002494s ]
INFO: [ app_end ] --START--
INFO: Run Behavior\ShowPageTraceBehavior [ RunTime:0.000811s ]
INFO: [ app_end ] --END-- [ RunTime:0.000888s ]

[ 2017-12-07T16:18:50+08:00 ] 127.0.0.1 /index.php/Website/Login/login
INFO: [ app_init ] --START--
INFO: Run Behavior\BuildLiteBehavior [ RunTime:0.000033s ]
INFO: [ app_init ] --END-- [ RunTime:0.004597s ]
INFO: [ app_begin ] --START--
INFO: Run Behavior\ReadHtmlCacheBehavior [ RunTime:0.001095s ]
INFO: [ app_begin ] --END-- [ RunTime:0.001199s ]
NOTIC: [8] Use of undefined constant md5 - assumed 'md5' D:\WWW\hbguanjia\WEB\Website\Controller\LoginController.class.php 第 48 行.
SQL: SHOW COLUMNS FROM `lj_user` [ RunTime:0.0064s ]
SQL: SELECT * FROM `lj_user` WHERE ( username = "lj_admin" ) LIMIT 1   [ RunTime:0.0005s ]
SQL: UPDATE `lj_user` SET `logintime`='1512634730',`loginip`='127.0.0.1' WHERE `id` = 1 [ RunTime:0.0004s ]
INFO: [ view_parse ] --START--
INFO: [ template_filter ] --START--
INFO: Run Behavior\ContentReplaceBehavior [ RunTime:0.000063s ]
INFO: [ template_filter ] --END-- [ RunTime:0.000141s ]
INFO: Run Behavior\ParseTemplateBehavior [ RunTime:0.051882s ]
INFO: [ view_parse ] --END-- [ RunTime:0.051973s ]
INFO: [ view_filter ] --START--
INFO: Run Behavior\WriteHtmlCacheBehavior [ RunTime:0.000586s ]
INFO: [ view_filter ] --END-- [ RunTime:0.000653s ]
INFO: [ app_end ] --START--
INFO: Run Behavior\ShowPageTraceBehavior [ RunTime:0.001012s ]
INFO: [ app_end ] --END-- [ RunTime:0.001083s ]

[ 2017-12-07T16:18:53+08:00 ] 127.0.0.1 /index.php/Website/Index/index
INFO: [ app_init ] --START--
INFO: Run Behavior\BuildLiteBehavior [ RunTime:0.000030s ]
INFO: [ app_init ] --END-- [ RunTime:0.001700s ]
INFO: [ app_begin ] --START--
INFO: Run Behavior\ReadHtmlCacheBehavior [ RunTime:0.001058s ]
INFO: [ app_begin ] --END-- [ RunTime:0.001154s ]
SQL: SHOW COLUMNS FROM `lj_article` [ RunTime:0.0073s ]
SQL: SELECT COUNT(*) AS tp_count FROM `lj_article` WHERE `del` = 0 LIMIT 1   [ RunTime:0.0004s ]
SQL: SHOW COLUMNS FROM `lj_goods` [ RunTime:0.0063s ]
SQL: SELECT COUNT(*) AS tp_count FROM `lj_goods` WHERE `del` = 0 LIMIT 1   [ RunTime:0.0004s ]
SQL: SHOW COLUMNS FROM `lj_article` [ RunTime:0.0055s ]
SQL: SELECT `id`,`cid`,`title`,`time` FROM `lj_article` WHERE `del` = 0 ORDER BY time desc LIMIT 9   [ RunTime:0.0005s ]
INFO: [ view_parse ] --START--
INFO: [ template_filter ] --START--
INFO: Run Behavior\ContentReplaceBehavior [ RunTime:0.000246s ]
INFO: [ template_filter ] --END-- [ RunTime:0.000336s ]
NOTIC: [8] Use of undefined constant System - assumed 'System' D:\WWW\hbguanjia\WEB\Runtime\Cache\Website\ae74629993cfa41cc96b9b04cbd4e0ee.php 第 72 行.
NOTIC: [8] Use of undefined constant Cate - assumed 'Cate' D:\WWW\hbguanjia\WEB\Runtime\Cache\Website\ae74629993cfa41cc96b9b04cbd4e0ee.php 第 72 行.
NOTIC: [8] Use of undefined constant Assort - assumed 'Assort' D:\WWW\hbguanjia\WEB\Runtime\Cache\Website\ae74629993cfa41cc96b9b04cbd4e0ee.php 第 72 行.
NOTIC: [8] Use of undefined constant Attr - assumed 'Attr' D:\WWW\hbguanjia\WEB\Runtime\Cache\Website\ae74629993cfa41cc96b9b04cbd4e0ee.php 第 72 行.
NOTIC: [8] Use of undefined constant Link - assumed 'Link' D:\WWW\hbguanjia\WEB\Runtime\Cache\Website\ae74629993cfa41cc96b9b04cbd4e0ee.php 第 72 行.
NOTIC: [8] Use of undefined constant Orders - assumed 'Orders' D:\WWW\hbguanjia\WEB\Runtime\Cache\Website\ae74629993cfa41cc96b9b04cbd4e0ee.php 第 85 行.
NOTIC: [8] Use of undefined constant id - assumed 'id' D:\WWW\hbguanjia\WEB\Runtime\Cache\Website\ae74629993cfa41cc96b9b04cbd4e0ee.php 第 88 行.
NOTIC: [8] Use of undefined constant id - assumed 'id' D:\WWW\hbguanjia\WEB\Runtime\Cache\Website\ae74629993cfa41cc96b9b04cbd4e0ee.php 第 89 行.
NOTIC: [8] Use of undefined constant id - assumed 'id' D:\WWW\hbguanjia\WEB\Runtime\Cache\Website\ae74629993cfa41cc96b9b04cbd4e0ee.php 第 90 行.
NOTIC: [8] Use of undefined constant Rbac - assumed 'Rbac' D:\WWW\hbguanjia\WEB\Runtime\Cache\Website\ae74629993cfa41cc96b9b04cbd4e0ee.php 第 94 行.
NOTIC: [8] Use of undefined constant Member - assumed 'Member' D:\WWW\hbguanjia\WEB\Runtime\Cache\Website\ae74629993cfa41cc96b9b04cbd4e0ee.php 第 94 行.
NOTIC: [8] Use of undefined constant Rbac - assumed 'Rbac' D:\WWW\hbguanjia\WEB\Runtime\Cache\Website\ae74629993cfa41cc96b9b04cbd4e0ee.php 第 102 行.
NOTIC: [8] Use of undefined constant Collect - assumed 'Collect' D:\WWW\hbguanjia\WEB\Runtime\Cache\Website\ae74629993cfa41cc96b9b04cbd4e0ee.php 第 110 行.
NOTIC: [8] Use of undefined constant Bak - assumed 'Bak' D:\WWW\hbguanjia\WEB\Runtime\Cache\Website\ae74629993cfa41cc96b9b04cbd4e0ee.php 第 110 行.
INFO: Run Behavior\ParseTemplateBehavior [ RunTime:0.084482s ]
INFO: [ view_parse ] --END-- [ RunTime:0.084608s ]
INFO: [ view_filter ] --START--
INFO: Run Behavior\WriteHtmlCacheBehavior [ RunTime:0.001645s ]
INFO: [ view_filter ] --END-- [ RunTime:0.001732s ]
INFO: [ app_end ] --START--
INFO: Run Behavior\ShowPageTraceBehavior [ RunTime:0.001294s ]
INFO: [ app_end ] --END-- [ RunTime:0.001396s ]

[ 2017-12-07T16:18:59+08:00 ] 127.0.0.1 /index.php/Website/Menu/index
INFO: [ app_init ] --START--
INFO: Run Behavior\BuildLiteBehavior [ RunTime:0.000028s ]
INFO: [ app_init ] --END-- [ RunTime:0.000940s ]
INFO: [ app_begin ] --START--
INFO: Run Behavior\ReadHtmlCacheBehavior [ RunTime:0.001057s ]
INFO: [ app_begin ] --END-- [ RunTime:0.001149s ]
SQL: SHOW COLUMNS FROM `lj_article` [ RunTime:0.0062s ]
SQL: SELECT `id`,`cid`,`title`,`time` FROM `lj_article` WHERE `del` = 0 ORDER BY time desc LIMIT 15   [ RunTime:0.0004s ]
SQL: SHOW COLUMNS FROM `lj_goods` [ RunTime:0.0058s ]
SQL: SELECT `id`,`cid`,`title`,`time` FROM `lj_goods` WHERE `del` = 0 ORDER BY time desc LIMIT 15   [ RunTime:0.0004s ]
INFO: [ view_parse ] --START--
INFO: [ template_filter ] --START--
INFO: Run Behavior\ContentReplaceBehavior [ RunTime:0.000469s ]
INFO: [ template_filter ] --END-- [ RunTime:0.000574s ]
NOTIC: [8] Use of undefined constant System - assumed 'System' D:\WWW\hbguanjia\WEB\Runtime\Cache\Website\dcf670a0d8ae9eae59c5b9074dcec17c.php 第 65 行.
NOTIC: [8] Use of undefined constant Cate - assumed 'Cate' D:\WWW\hbguanjia\WEB\Runtime\Cache\Website\dcf670a0d8ae9eae59c5b9074dcec17c.php 第 65 行.
NOTIC: [8] Use of undefined constant Assort - assumed 'Assort' D:\WWW\hbguanjia\WEB\Runtime\Cache\Website\dcf670a0d8ae9eae59c5b9074dcec17c.php 第 65 行.
NOTIC: [8] Use of undefined constant Attr - assumed 'Attr' D:\WWW\hbguanjia\WEB\Runtime\Cache\Website\dcf670a0d8ae9eae59c5b9074dcec17c.php 第 65 行.
NOTIC: [8] Use of undefined constant Link - assumed 'Link' D:\WWW\hbguanjia\WEB\Runtime\Cache\Website\dcf670a0d8ae9eae59c5b9074dcec17c.php 第 65 行.
NOTIC: [8] Use of undefined constant Orders - assumed 'Orders' D:\WWW\hbguanjia\WEB\Runtime\Cache\Website\dcf670a0d8ae9eae59c5b9074dcec17c.php 第 78 行.
NOTIC: [8] Use of undefined constant id - assumed 'id' D:\WWW\hbguanjia\WEB\Runtime\Cache\Website\dcf670a0d8ae9eae59c5b9074dcec17c.php 第 81 行.
NOTIC: [8] Use of undefined constant id - assumed 'id' D:\WWW\hbguanjia\WEB\Runtime\Cache\Website\dcf670a0d8ae9eae59c5b9074dcec17c.php 第 82 行.
NOTIC: [8] Use of undefined constant id - assumed 'id' D:\WWW\hbguanjia\WEB\Runtime\Cache\Website\dcf670a0d8ae9eae59c5b9074dcec17c.php 第 83 行.
NOTIC: [8] Use of undefined constant Rbac - assumed 'Rbac' D:\WWW\hbguanjia\WEB\Runtime\Cache\Website\dcf670a0d8ae9eae59c5b9074dcec17c.php 第 87 行.
NOTIC: [8] Use of undefined constant Member - assumed 'Member' D:\WWW\hbguanjia\WEB\Runtime\Cache\Website\dcf670a0d8ae9eae59c5b9074dcec17c.php 第 87 行.
NOTIC: [8] Use of undefined constant Rbac - assumed 'Rbac' D:\WWW\hbguanjia\WEB\Runtime\Cache\Website\dcf670a0d8ae9eae59c5b9074dcec17c.php 第 95 行.
NOTIC: [8] Use of undefined constant Collect - assumed 'Collect' D:\WWW\hbguanjia\WEB\Runtime\Cache\Website\dcf670a0d8ae9eae59c5b9074dcec17c.php 第 103 行.
NOTIC: [8] Use of undefined constant Bak - assumed 'Bak' D:\WWW\hbguanjia\WEB\Runtime\Cache\Website\dcf670a0d8ae9eae59c5b9074dcec17c.php 第 103 行.
SQL: SHOW COLUMNS FROM `lj_cate` [ RunTime:0.0080s ]
SQL: SELECT `id`,`pid`,`name`,`model` FROM `lj_cate` ORDER BY sort ASC,id ASC  [ RunTime:0.0005s ]
INFO: [ view_parse ] --START--
INFO: [ template_filter ] --START--
INFO: Run Behavior\ContentReplaceBehavior [ RunTime:0.000069s ]
INFO: [ template_filter ] --END-- [ RunTime:-0.033207s ]
INFO: Run Behavior\ParseTemplateBehavior [ RunTime:0.015807s ]
INFO: [ view_parse ] --END-- [ RunTime:0.015909s ]
INFO: [ view_filter ] --START--
INFO: Run Behavior\WriteHtmlCacheBehavior [ RunTime:0.000713s ]
INFO: [ view_filter ] --END-- [ RunTime:0.000789s ]
NOTIC: [8] Undefined variable: searchg D:\WWW\hbguanjia\WEB\Runtime\Cache\Website\dcf670a0d8ae9eae59c5b9074dcec17c.php 第 219 行.
INFO: Run Behavior\ParseTemplateBehavior [ RunTime:0.016888s ]
INFO: [ view_parse ] --END-- [ RunTime:0.015909s ]
INFO: [ view_filter ] --START--
INFO: Run Behavior\WriteHtmlCacheBehavior [ RunTime:0.000023s ]
INFO: [ view_filter ] --END-- [ RunTime:-0.000292s ]
INFO: [ app_end ] --START--
INFO: Run Behavior\ShowPageTraceBehavior [ RunTime:0.001108s ]
INFO: [ app_end ] --END-- [ RunTime:0.001233s ]

[ 2017-12-07T16:19:04+08:00 ] 127.0.0.1 /index.php/Website/Index/index
INFO: [ app_init ] --START--
INFO: Run Behavior\BuildLiteBehavior [ RunTime:0.000023s ]
INFO: [ app_init ] --END-- [ RunTime:0.000726s ]
INFO: [ app_begin ] --START--
INFO: Run Behavior\ReadHtmlCacheBehavior [ RunTime:0.001109s ]
INFO: [ app_begin ] --END-- [ RunTime:0.001268s ]
SQL: SHOW COLUMNS FROM `lj_article` [ RunTime:0.0049s ]
SQL: SELECT COUNT(*) AS tp_count FROM `lj_article` WHERE `del` = 0 LIMIT 1   [ RunTime:0.0004s ]
SQL: SHOW COLUMNS FROM `lj_goods` [ RunTime:0.0047s ]
SQL: SELECT COUNT(*) AS tp_count FROM `lj_goods` WHERE `del` = 0 LIMIT 1   [ RunTime:0.0004s ]
SQL: SHOW COLUMNS FROM `lj_article` [ RunTime:0.0056s ]
SQL: SELECT `id`,`cid`,`title`,`time` FROM `lj_article` WHERE `del` = 0 ORDER BY time desc LIMIT 9   [ RunTime:0.0004s ]
INFO: [ view_parse ] --START--
INFO: [ template_filter ] --START--
INFO: Run Behavior\ContentReplaceBehavior [ RunTime:0.000248s ]
INFO: [ template_filter ] --END-- [ RunTime:0.000326s ]
NOTIC: [8] Use of undefined constant System - assumed 'System' D:\WWW\hbguanjia\WEB\Runtime\Cache\Website\ae74629993cfa41cc96b9b04cbd4e0ee.php 第 72 行.
NOTIC: [8] Use of undefined constant Cate - assumed 'Cate' D:\WWW\hbguanjia\WEB\Runtime\Cache\Website\ae74629993cfa41cc96b9b04cbd4e0ee.php 第 72 行.
NOTIC: [8] Use of undefined constant Assort - assumed 'Assort' D:\WWW\hbguanjia\WEB\Runtime\Cache\Website\ae74629993cfa41cc96b9b04cbd4e0ee.php 第 72 行.
NOTIC: [8] Use of undefined constant Attr - assumed 'Attr' D:\WWW\hbguanjia\WEB\Runtime\Cache\Website\ae74629993cfa41cc96b9b04cbd4e0ee.php 第 72 行.
NOTIC: [8] Use of undefined constant Link - assumed 'Link' D:\WWW\hbguanjia\WEB\Runtime\Cache\Website\ae74629993cfa41cc96b9b04cbd4e0ee.php 第 72 行.
NOTIC: [8] Use of undefined constant Orders - assumed 'Orders' D:\WWW\hbguanjia\WEB\Runtime\Cache\Website\ae74629993cfa41cc96b9b04cbd4e0ee.php 第 85 行.
NOTIC: [8] Use of undefined constant id - assumed 'id' D:\WWW\hbguanjia\WEB\Runtime\Cache\Website\ae74629993cfa41cc96b9b04cbd4e0ee.php 第 88 行.
NOTIC: [8] Use of undefined constant id - assumed 'id' D:\WWW\hbguanjia\WEB\Runtime\Cache\Website\ae74629993cfa41cc96b9b04cbd4e0ee.php 第 89 行.
NOTIC: [8] Use of undefined constant id - assumed 'id' D:\WWW\hbguanjia\WEB\Runtime\Cache\Website\ae74629993cfa41cc96b9b04cbd4e0ee.php 第 90 行.
NOTIC: [8] Use of undefined constant Rbac - assumed 'Rbac' D:\WWW\hbguanjia\WEB\Runtime\Cache\Website\ae74629993cfa41cc96b9b04cbd4e0ee.php 第 94 行.
NOTIC: [8] Use of undefined constant Member - assumed 'Member' D:\WWW\hbguanjia\WEB\Runtime\Cache\Website\ae74629993cfa41cc96b9b04cbd4e0ee.php 第 94 行.
NOTIC: [8] Use of undefined constant Rbac - assumed 'Rbac' D:\WWW\hbguanjia\WEB\Runtime\Cache\Website\ae74629993cfa41cc96b9b04cbd4e0ee.php 第 102 行.
NOTIC: [8] Use of undefined constant Collect - assumed 'Collect' D:\WWW\hbguanjia\WEB\Runtime\Cache\Website\ae74629993cfa41cc96b9b04cbd4e0ee.php 第 110 行.
NOTIC: [8] Use of undefined constant Bak - assumed 'Bak' D:\WWW\hbguanjia\WEB\Runtime\Cache\Website\ae74629993cfa41cc96b9b04cbd4e0ee.php 第 110 行.
INFO: Run Behavior\ParseTemplateBehavior [ RunTime:0.031826s ]
INFO: [ view_parse ] --END-- [ RunTime:0.033784s ]
INFO: [ view_filter ] --START--
INFO: Run Behavior\WriteHtmlCacheBehavior [ RunTime:0.001671s ]
INFO: [ view_filter ] --END-- [ RunTime:0.001743s ]
INFO: [ app_end ] --START--
INFO: Run Behavior\ShowPageTraceBehavior [ RunTime:0.000929s ]
INFO: [ app_end ] --END-- [ RunTime:0.000995s ]

[ 2017-12-07T16:19:05+08:00 ] 127.0.0.1 /index.php/Website/System/index
INFO: [ app_init ] --START--
INFO: Run Behavior\BuildLiteBehavior [ RunTime:0.000023s ]
INFO: [ app_init ] --END-- [ RunTime:0.000674s ]
INFO: [ app_begin ] --START--
INFO: Run Behavior\ReadHtmlCacheBehavior [ RunTime:0.000801s ]
INFO: [ app_begin ] --END-- [ RunTime:0.000883s ]
INFO: [ view_parse ] --START--
INFO: [ template_filter ] --START--
INFO: Run Behavior\ContentReplaceBehavior [ RunTime:0.000193s ]
INFO: [ template_filter ] --END-- [ RunTime:0.000280s ]
NOTIC: [8] Use of undefined constant System - assumed 'System' D:\WWW\hbguanjia\WEB\Runtime\Cache\Website\e29987fbe42d70ba665f9061d4476029.php 第 61 行.
NOTIC: [8] Use of undefined constant Cate - assumed 'Cate' D:\WWW\hbguanjia\WEB\Runtime\Cache\Website\e29987fbe42d70ba665f9061d4476029.php 第 61 行.
NOTIC: [8] Use of undefined constant Assort - assumed 'Assort' D:\WWW\hbguanjia\WEB\Runtime\Cache\Website\e29987fbe42d70ba665f9061d4476029.php 第 61 行.
NOTIC: [8] Use of undefined constant Attr - assumed 'Attr' D:\WWW\hbguanjia\WEB\Runtime\Cache\Website\e29987fbe42d70ba665f9061d4476029.php 第 61 行.
NOTIC: [8] Use of undefined constant Link - assumed 'Link' D:\WWW\hbguanjia\WEB\Runtime\Cache\Website\e29987fbe42d70ba665f9061d4476029.php 第 61 行.
NOTIC: [8] Use of undefined constant Orders - assumed 'Orders' D:\WWW\hbguanjia\WEB\Runtime\Cache\Website\e29987fbe42d70ba665f9061d4476029.php 第 74 行.
NOTIC: [8] Use of undefined constant id - assumed 'id' D:\WWW\hbguanjia\WEB\Runtime\Cache\Website\e29987fbe42d70ba665f9061d4476029.php 第 77 行.
NOTIC: [8] Use of undefined constant id - assumed 'id' D:\WWW\hbguanjia\WEB\Runtime\Cache\Website\e29987fbe42d70ba665f9061d4476029.php 第 78 行.
NOTIC: [8] Use of undefined constant id - assumed 'id' D:\WWW\hbguanjia\WEB\Runtime\Cache\Website\e29987fbe42d70ba665f9061d4476029.php 第 79 行.
NOTIC: [8] Use of undefined constant Rbac - assumed 'Rbac' D:\WWW\hbguanjia\WEB\Runtime\Cache\Website\e29987fbe42d70ba665f9061d4476029.php 第 83 行.
NOTIC: [8] Use of undefined constant Member - assumed 'Member' D:\WWW\hbguanjia\WEB\Runtime\Cache\Website\e29987fbe42d70ba665f9061d4476029.php 第 83 行.
NOTIC: [8] Use of undefined constant Rbac - assumed 'Rbac' D:\WWW\hbguanjia\WEB\Runtime\Cache\Website\e29987fbe42d70ba665f9061d4476029.php 第 91 行.
NOTIC: [8] Use of undefined constant Collect - assumed 'Collect' D:\WWW\hbguanjia\WEB\Runtime\Cache\Website\e29987fbe42d70ba665f9061d4476029.php 第 99 行.
NOTIC: [8] Use of undefined constant Bak - assumed 'Bak' D:\WWW\hbguanjia\WEB\Runtime\Cache\Website\e29987fbe42d70ba665f9061d4476029.php 第 99 行.
INFO: Run Behavior\ParseTemplateBehavior [ RunTime:0.042726s ]
INFO: [ view_parse ] --END-- [ RunTime:0.042819s ]
INFO: [ view_filter ] --START--
INFO: Run Behavior\WriteHtmlCacheBehavior [ RunTime:0.000686s ]
INFO: [ view_filter ] --END-- [ RunTime:0.000760s ]
INFO: [ app_end ] --START--
INFO: Run Behavior\ShowPageTraceBehavior [ RunTime:0.001108s ]
INFO: [ app_end ] --END-- [ RunTime:0.001189s ]

[ 2017-12-07T16:19:23+08:00 ] 127.0.0.1 /index.php/Website/System/updataSystem
INFO: [ app_init ] --START--
INFO: Run Behavior\BuildLiteBehavior [ RunTime:0.000027s ]
INFO: [ app_init ] --END-- [ RunTime:0.001027s ]
INFO: [ app_begin ] --START--
INFO: Run Behavior\ReadHtmlCacheBehavior [ RunTime:0.001333s ]
INFO: [ app_begin ] --END-- [ RunTime:0.001447s ]
INFO: [ view_parse ] --START--
INFO: [ template_filter ] --START--
INFO: Run Behavior\ContentReplaceBehavior [ RunTime:0.000075s ]
INFO: [ template_filter ] --END-- [ RunTime:0.000170s ]
INFO: Run Behavior\ParseTemplateBehavior [ RunTime:0.015898s ]
INFO: [ view_parse ] --END-- [ RunTime:0.015997s ]
INFO: [ view_filter ] --START--
INFO: Run Behavior\WriteHtmlCacheBehavior [ RunTime:0.000653s ]
INFO: [ view_filter ] --END-- [ RunTime:0.000724s ]
INFO: [ app_end ] --START--
INFO: Run Behavior\ShowPageTraceBehavior [ RunTime:0.001048s ]
INFO: [ app_end ] --END-- [ RunTime:0.001120s ]

[ 2017-12-07T16:19:25+08:00 ] 127.0.0.1 /index.php/Website/System/index
INFO: [ app_init ] --START--
INFO: Run Behavior\BuildLiteBehavior [ RunTime:0.000028s ]
INFO: [ app_init ] --END-- [ RunTime:0.000929s ]
INFO: [ app_begin ] --START--
INFO: Run Behavior\ReadHtmlCacheBehavior [ RunTime:0.001139s ]
INFO: [ app_begin ] --END-- [ RunTime:0.001253s ]
INFO: [ view_parse ] --START--
INFO: [ template_filter ] --START--
INFO: Run Behavior\ContentReplaceBehavior [ RunTime:0.000207s ]
INFO: [ template_filter ] --END-- [ RunTime:0.000292s ]
NOTIC: [8] Use of undefined constant System - assumed 'System' D:\WWW\hbguanjia\WEB\Runtime\Cache\Website\e29987fbe42d70ba665f9061d4476029.php 第 61 行.
NOTIC: [8] Use of undefined constant Cate - assumed 'Cate' D:\WWW\hbguanjia\WEB\Runtime\Cache\Website\e29987fbe42d70ba665f9061d4476029.php 第 61 行.
NOTIC: [8] Use of undefined constant Assort - assumed 'Assort' D:\WWW\hbguanjia\WEB\Runtime\Cache\Website\e29987fbe42d70ba665f9061d4476029.php 第 61 行.
NOTIC: [8] Use of undefined constant Attr - assumed 'Attr' D:\WWW\hbguanjia\WEB\Runtime\Cache\Website\e29987fbe42d70ba665f9061d4476029.php 第 61 行.
NOTIC: [8] Use of undefined constant Link - assumed 'Link' D:\WWW\hbguanjia\WEB\Runtime\Cache\Website\e29987fbe42d70ba665f9061d4476029.php 第 61 行.
NOTIC: [8] Use of undefined constant Orders - assumed 'Orders' D:\WWW\hbguanjia\WEB\Runtime\Cache\Website\e29987fbe42d70ba665f9061d4476029.php 第 74 行.
NOTIC: [8] Use of undefined constant id - assumed 'id' D:\WWW\hbguanjia\WEB\Runtime\Cache\Website\e29987fbe42d70ba665f9061d4476029.php 第 77 行.
NOTIC: [8] Use of undefined constant id - assumed 'id' D:\WWW\hbguanjia\WEB\Runtime\Cache\Website\e29987fbe42d70ba665f9061d4476029.php 第 78 行.
NOTIC: [8] Use of undefined constant id - assumed 'id' D:\WWW\hbguanjia\WEB\Runtime\Cache\Website\e29987fbe42d70ba665f9061d4476029.php 第 79 行.
NOTIC: [8] Use of undefined constant Rbac - assumed 'Rbac' D:\WWW\hbguanjia\WEB\Runtime\Cache\Website\e29987fbe42d70ba665f9061d4476029.php 第 83 行.
NOTIC: [8] Use of undefined constant Member - assumed 'Member' D:\WWW\hbguanjia\WEB\Runtime\Cache\Website\e29987fbe42d70ba665f9061d4476029.php 第 83 行.
NOTIC: [8] Use of undefined constant Rbac - assumed 'Rbac' D:\WWW\hbguanjia\WEB\Runtime\Cache\Website\e29987fbe42d70ba665f9061d4476029.php 第 91 行.
NOTIC: [8] Use of undefined constant Collect - assumed 'Collect' D:\WWW\hbguanjia\WEB\Runtime\Cache\Website\e29987fbe42d70ba665f9061d4476029.php 第 99 行.
NOTIC: [8] Use of undefined constant Bak - assumed 'Bak' D:\WWW\hbguanjia\WEB\Runtime\Cache\Website\e29987fbe42d70ba665f9061d4476029.php 第 99 行.
INFO: Run Behavior\ParseTemplateBehavior [ RunTime:0.028533s ]
INFO: [ view_parse ] --END-- [ RunTime:0.028616s ]
INFO: [ view_filter ] --START--
INFO: Run Behavior\WriteHtmlCacheBehavior [ RunTime:0.000606s ]
INFO: [ view_filter ] --END-- [ RunTime:0.000675s ]
INFO: [ app_end ] --START--
INFO: Run Behavior\ShowPageTraceBehavior [ RunTime:0.000989s ]
INFO: [ app_end ] --END-- [ RunTime:0.001059s ]

[ 2017-12-07T16:24:57+08:00 ] 127.0.0.1 /index.php/Website/System/updataSystem
INFO: [ app_init ] --START--
INFO: Run Behavior\BuildLiteBehavior [ RunTime:0.000025s ]
INFO: [ app_init ] --END-- [ RunTime:0.000799s ]
INFO: [ app_begin ] --START--
INFO: Run Behavior\ReadHtmlCacheBehavior [ RunTime:0.000901s ]
INFO: [ app_begin ] --END-- [ RunTime:0.000991s ]
INFO: [ view_parse ] --START--
INFO: [ template_filter ] --START--
INFO: Run Behavior\ContentReplaceBehavior [ RunTime:0.000069s ]
INFO: [ template_filter ] --END-- [ RunTime:0.000157s ]
INFO: Run Behavior\ParseTemplateBehavior [ RunTime:0.015459s ]
INFO: [ view_parse ] --END-- [ RunTime:0.015553s ]
INFO: [ view_filter ] --START--
INFO: Run Behavior\WriteHtmlCacheBehavior [ RunTime:0.000549s ]
INFO: [ view_filter ] --END-- [ RunTime:0.000626s ]
INFO: [ app_end ] --START--
INFO: Run Behavior\ShowPageTraceBehavior [ RunTime:0.001019s ]
INFO: [ app_end ] --END-- [ RunTime:0.001093s ]

[ 2017-12-07T16:24:59+08:00 ] 127.0.0.1 /index.php/Website/System/index
INFO: [ app_init ] --START--
INFO: Run Behavior\BuildLiteBehavior [ RunTime:0.000027s ]
INFO: [ app_init ] --END-- [ RunTime:0.000737s ]
INFO: [ app_begin ] --START--
INFO: Run Behavior\ReadHtmlCacheBehavior [ RunTime:0.000964s ]
INFO: [ app_begin ] --END-- [ RunTime:0.001060s ]
INFO: [ view_parse ] --START--
INFO: [ template_filter ] --START--
INFO: Run Behavior\ContentReplaceBehavior [ RunTime:0.000199s ]
INFO: [ template_filter ] --END-- [ RunTime:0.000296s ]
NOTIC: [8] Use of undefined constant System - assumed 'System' D:\WWW\hbguanjia\WEB\Runtime\Cache\Website\e29987fbe42d70ba665f9061d4476029.php 第 61 行.
NOTIC: [8] Use of undefined constant Cate - assumed 'Cate' D:\WWW\hbguanjia\WEB\Runtime\Cache\Website\e29987fbe42d70ba665f9061d4476029.php 第 61 行.
NOTIC: [8] Use of undefined constant Assort - assumed 'Assort' D:\WWW\hbguanjia\WEB\Runtime\Cache\Website\e29987fbe42d70ba665f9061d4476029.php 第 61 行.
NOTIC: [8] Use of undefined constant Attr - assumed 'Attr' D:\WWW\hbguanjia\WEB\Runtime\Cache\Website\e29987fbe42d70ba665f9061d4476029.php 第 61 行.
NOTIC: [8] Use of undefined constant Link - assumed 'Link' D:\WWW\hbguanjia\WEB\Runtime\Cache\Website\e29987fbe42d70ba665f9061d4476029.php 第 61 行.
NOTIC: [8] Use of undefined constant Orders - assumed 'Orders' D:\WWW\hbguanjia\WEB\Runtime\Cache\Website\e29987fbe42d70ba665f9061d4476029.php 第 74 行.
NOTIC: [8] Use of undefined constant id - assumed 'id' D:\WWW\hbguanjia\WEB\Runtime\Cache\Website\e29987fbe42d70ba665f9061d4476029.php 第 77 行.
NOTIC: [8] Use of undefined constant id - assumed 'id' D:\WWW\hbguanjia\WEB\Runtime\Cache\Website\e29987fbe42d70ba665f9061d4476029.php 第 78 行.
NOTIC: [8] Use of undefined constant id - assumed 'id' D:\WWW\hbguanjia\WEB\Runtime\Cache\Website\e29987fbe42d70ba665f9061d4476029.php 第 79 行.
NOTIC: [8] Use of undefined constant Rbac - assumed 'Rbac' D:\WWW\hbguanjia\WEB\Runtime\Cache\Website\e29987fbe42d70ba665f9061d4476029.php 第 83 行.
NOTIC: [8] Use of undefined constant Member - assumed 'Member' D:\WWW\hbguanjia\WEB\Runtime\Cache\Website\e29987fbe42d70ba665f9061d4476029.php 第 83 行.
NOTIC: [8] Use of undefined constant Rbac - assumed 'Rbac' D:\WWW\hbguanjia\WEB\Runtime\Cache\Website\e29987fbe42d70ba665f9061d4476029.php 第 91 行.
NOTIC: [8] Use of undefined constant Collect - assumed 'Collect' D:\WWW\hbguanjia\WEB\Runtime\Cache\Website\e29987fbe42d70ba665f9061d4476029.php 第 99 行.
NOTIC: [8] Use of undefined constant Bak - assumed 'Bak' D:\WWW\hbguanjia\WEB\Runtime\Cache\Website\e29987fbe42d70ba665f9061d4476029.php 第 99 行.
INFO: Run Behavior\ParseTemplateBehavior [ RunTime:0.031701s ]
INFO: [ view_parse ] --END-- [ RunTime:0.031873s ]
INFO: [ view_filter ] --START--
INFO: Run Behavior\WriteHtmlCacheBehavior [ RunTime:0.000779s ]
INFO: [ view_filter ] --END-- [ RunTime:0.000857s ]
INFO: [ app_end ] --START--
INFO: Run Behavior\ShowPageTraceBehavior [ RunTime:0.001376s ]
INFO: [ app_end ] --END-- [ RunTime:0.001464s ]

