[ 2017-12-11T09:58:38+08:00 ] 127.0.0.1 /index.php/website
INFO: [ app_init ] --START--
INFO: Run Behavior\BuildLiteBehavior [ RunTime:0.000039s ]
INFO: [ app_init ] --END-- [ RunTime:0.014908s ]
INFO: [ app_begin ] --START--
INFO: Run Behavior\ReadHtmlCacheBehavior [ RunTime:0.017166s ]
INFO: [ app_begin ] --END-- [ RunTime:0.017296s ]

[ 2017-12-11T09:58:39+08:00 ] 127.0.0.1 /index.php/Website/Login/index
INFO: [ app_init ] --START--
INFO: Run Behavior\BuildLiteBehavior [ RunTime:0.000027s ]
INFO: [ app_init ] --END-- [ RunTime:0.000809s ]
INFO: [ app_begin ] --START--
INFO: Run Behavior\ReadHtmlCacheBehavior [ RunTime:0.001922s ]
INFO: [ app_begin ] --END-- [ RunTime:0.002059s ]
INFO: [ view_parse ] --START--
INFO: [ template_filter ] --START--
INFO: Run Behavior\ContentReplaceBehavior [ RunTime:0.007173s ]
INFO: [ template_filter ] --END-- [ RunTime:0.007291s ]
INFO: Run Behavior\ParseTemplateBehavior [ RunTime:0.291016s ]
INFO: [ view_parse ] --END-- [ RunTime:0.291159s ]
INFO: [ view_filter ] --START--
INFO: Run Behavior\WriteHtmlCacheBehavior [ RunTime:0.030218s ]
INFO: [ view_filter ] --END-- [ RunTime:0.030309s ]
INFO: [ app_end ] --START--
INFO: Run Behavior\ShowPageTraceBehavior [ RunTime:0.009687s ]
INFO: [ app_end ] --END-- [ RunTime:0.009829s ]

[ 2017-12-11T09:58:41+08:00 ] 127.0.0.1 /index.php/Website/Login/verify
INFO: [ app_init ] --START--
INFO: Run Behavior\BuildLiteBehavior [ RunTime:0.000048s ]
INFO: [ app_init ] --END-- [ RunTime:0.001598s ]
INFO: [ app_begin ] --START--
INFO: Run Behavior\ReadHtmlCacheBehavior [ RunTime:0.001355s ]
INFO: [ app_begin ] --END-- [ RunTime:0.001476s ]
INFO: [ app_end ] --START--
INFO: Run Behavior\ShowPageTraceBehavior [ RunTime:0.001762s ]
INFO: [ app_end ] --END-- [ RunTime:0.001921s ]

[ 2017-12-11T09:59:02+08:00 ] 127.0.0.1 /index.php/Website/Login/login
INFO: [ app_init ] --START--
INFO: Run Behavior\BuildLiteBehavior [ RunTime:0.000024s ]
INFO: [ app_init ] --END-- [ RunTime:0.000715s ]
INFO: [ app_begin ] --START--
INFO: Run Behavior\ReadHtmlCacheBehavior [ RunTime:0.000894s ]
INFO: [ app_begin ] --END-- [ RunTime:0.000984s ]
NOTIC: [8] Use of undefined constant md5 - assumed 'md5' D:\WWW\hbguanjia\WEB\Website\Controller\LoginController.class.php 第 48 行.
SQL: SHOW COLUMNS FROM `lj_user` [ RunTime:0.0489s ]
SQL: SELECT * FROM `lj_user` WHERE ( username = "lj_admin" ) LIMIT 1   [ RunTime:0.0008s ]
SQL: UPDATE `lj_user` SET `logintime`='1512957542',`loginip`='127.0.0.1' WHERE `id` = 1 [ RunTime:0.0008s ]
INFO: [ view_parse ] --START--
INFO: [ template_filter ] --START--
INFO: Run Behavior\ContentReplaceBehavior [ RunTime:0.000111s ]
INFO: [ template_filter ] --END-- [ RunTime:0.000274s ]
INFO: Run Behavior\ParseTemplateBehavior [ RunTime:0.041706s ]
INFO: [ view_parse ] --END-- [ RunTime:0.041826s ]
INFO: [ view_filter ] --START--
INFO: Run Behavior\WriteHtmlCacheBehavior [ RunTime:0.000620s ]
INFO: [ view_filter ] --END-- [ RunTime:0.000709s ]
INFO: [ app_end ] --START--
INFO: Run Behavior\ShowPageTraceBehavior [ RunTime:0.001315s ]
INFO: [ app_end ] --END-- [ RunTime:0.001418s ]

[ 2017-12-11T09:59:05+08:00 ] 127.0.0.1 /index.php/Website/Index/index
INFO: [ app_init ] --START--
INFO: Run Behavior\BuildLiteBehavior [ RunTime:0.000036s ]
INFO: [ app_init ] --END-- [ RunTime:0.001226s ]
INFO: [ app_begin ] --START--
INFO: Run Behavior\ReadHtmlCacheBehavior [ RunTime:0.001386s ]
INFO: [ app_begin ] --END-- [ RunTime:0.001518s ]
SQL: SHOW COLUMNS FROM `lj_article` [ RunTime:0.0403s ]
SQL: SELECT COUNT(*) AS tp_count FROM `lj_article` WHERE `del` = 0 LIMIT 1   [ RunTime:0.0008s ]
SQL: SHOW COLUMNS FROM `lj_goods` [ RunTime:0.0504s ]
SQL: SELECT COUNT(*) AS tp_count FROM `lj_goods` WHERE `del` = 0 LIMIT 1   [ RunTime:0.0004s ]
SQL: SHOW COLUMNS FROM `lj_article` [ RunTime:0.0037s ]
SQL: SELECT `id`,`cid`,`title`,`time` FROM `lj_article` WHERE `del` = 0 ORDER BY time desc LIMIT 9   [ RunTime:0.0004s ]
INFO: [ view_parse ] --START--
INFO: [ template_filter ] --START--
INFO: Run Behavior\ContentReplaceBehavior [ RunTime:0.000218s ]
INFO: [ template_filter ] --END-- [ RunTime:0.000300s ]
NOTIC: [8] Use of undefined constant System - assumed 'System' D:\WWW\hbguanjia\WEB\Runtime\Cache\Website\ae74629993cfa41cc96b9b04cbd4e0ee.php 第 72 行.
NOTIC: [8] Use of undefined constant Cate - assumed 'Cate' D:\WWW\hbguanjia\WEB\Runtime\Cache\Website\ae74629993cfa41cc96b9b04cbd4e0ee.php 第 72 行.
NOTIC: [8] Use of undefined constant Assort - assumed 'Assort' D:\WWW\hbguanjia\WEB\Runtime\Cache\Website\ae74629993cfa41cc96b9b04cbd4e0ee.php 第 72 行.
NOTIC: [8] Use of undefined constant Attr - assumed 'Attr' D:\WWW\hbguanjia\WEB\Runtime\Cache\Website\ae74629993cfa41cc96b9b04cbd4e0ee.php 第 72 行.
NOTIC: [8] Use of undefined constant Link - assumed 'Link' D:\WWW\hbguanjia\WEB\Runtime\Cache\Website\ae74629993cfa41cc96b9b04cbd4e0ee.php 第 72 行.
NOTIC: [8] Use of undefined constant Orders - assumed 'Orders' D:\WWW\hbguanjia\WEB\Runtime\Cache\Website\ae74629993cfa41cc96b9b04cbd4e0ee.php 第 85 行.
NOTIC: [8] Use of undefined constant id - assumed 'id' D:\WWW\hbguanjia\WEB\Runtime\Cache\Website\ae74629993cfa41cc96b9b04cbd4e0ee.php 第 88 行.
NOTIC: [8] Use of undefined constant id - assumed 'id' D:\WWW\hbguanjia\WEB\Runtime\Cache\Website\ae74629993cfa41cc96b9b04cbd4e0ee.php 第 89 行.
NOTIC: [8] Use of undefined constant id - assumed 'id' D:\WWW\hbguanjia\WEB\Runtime\Cache\Website\ae74629993cfa41cc96b9b04cbd4e0ee.php 第 90 行.
NOTIC: [8] Use of undefined constant Rbac - assumed 'Rbac' D:\WWW\hbguanjia\WEB\Runtime\Cache\Website\ae74629993cfa41cc96b9b04cbd4e0ee.php 第 94 行.
NOTIC: [8] Use of undefined constant Member - assumed 'Member' D:\WWW\hbguanjia\WEB\Runtime\Cache\Website\ae74629993cfa41cc96b9b04cbd4e0ee.php 第 94 行.
NOTIC: [8] Use of undefined constant Rbac - assumed 'Rbac' D:\WWW\hbguanjia\WEB\Runtime\Cache\Website\ae74629993cfa41cc96b9b04cbd4e0ee.php 第 102 行.
NOTIC: [8] Use of undefined constant Collect - assumed 'Collect' D:\WWW\hbguanjia\WEB\Runtime\Cache\Website\ae74629993cfa41cc96b9b04cbd4e0ee.php 第 110 行.
NOTIC: [8] Use of undefined constant Bak - assumed 'Bak' D:\WWW\hbguanjia\WEB\Runtime\Cache\Website\ae74629993cfa41cc96b9b04cbd4e0ee.php 第 110 行.
INFO: Run Behavior\ParseTemplateBehavior [ RunTime:0.046048s ]
INFO: [ view_parse ] --END-- [ RunTime:0.046149s ]
INFO: [ view_filter ] --START--
INFO: Run Behavior\WriteHtmlCacheBehavior [ RunTime:0.000562s ]
INFO: [ view_filter ] --END-- [ RunTime:0.000630s ]
INFO: [ app_end ] --START--
INFO: Run Behavior\ShowPageTraceBehavior [ RunTime:0.002261s ]
INFO: [ app_end ] --END-- [ RunTime:0.002348s ]

[ 2017-12-11T09:59:13+08:00 ] 127.0.0.1 /index.php/Website/System/meter
INFO: [ app_init ] --START--
INFO: Run Behavior\BuildLiteBehavior [ RunTime:0.000026s ]
INFO: [ app_init ] --END-- [ RunTime:0.001049s ]
INFO: [ app_begin ] --START--
INFO: Run Behavior\ReadHtmlCacheBehavior [ RunTime:0.000920s ]
INFO: [ app_begin ] --END-- [ RunTime:0.001014s ]
SQL: SHOW COLUMNS FROM `lj_conf` [ RunTime:0.0520s ]
SQL: SELECT `confing` FROM `lj_conf` WHERE `id` = 0 LIMIT 1   [ RunTime:0.0008s ]
INFO: [ view_parse ] --START--
INFO: [ template_filter ] --START--
INFO: Run Behavior\ContentReplaceBehavior [ RunTime:0.000233s ]
INFO: [ template_filter ] --END-- [ RunTime:0.000327s ]
NOTIC: [8] Use of undefined constant System - assumed 'System' D:\WWW\hbguanjia\WEB\Runtime\Cache\Website\e99736f740d305e70558cdb6c8d8de3d.php 第 61 行.
NOTIC: [8] Use of undefined constant Cate - assumed 'Cate' D:\WWW\hbguanjia\WEB\Runtime\Cache\Website\e99736f740d305e70558cdb6c8d8de3d.php 第 61 行.
NOTIC: [8] Use of undefined constant Assort - assumed 'Assort' D:\WWW\hbguanjia\WEB\Runtime\Cache\Website\e99736f740d305e70558cdb6c8d8de3d.php 第 61 行.
NOTIC: [8] Use of undefined constant Attr - assumed 'Attr' D:\WWW\hbguanjia\WEB\Runtime\Cache\Website\e99736f740d305e70558cdb6c8d8de3d.php 第 61 行.
NOTIC: [8] Use of undefined constant Link - assumed 'Link' D:\WWW\hbguanjia\WEB\Runtime\Cache\Website\e99736f740d305e70558cdb6c8d8de3d.php 第 61 行.
NOTIC: [8] Use of undefined constant Orders - assumed 'Orders' D:\WWW\hbguanjia\WEB\Runtime\Cache\Website\e99736f740d305e70558cdb6c8d8de3d.php 第 74 行.
NOTIC: [8] Use of undefined constant id - assumed 'id' D:\WWW\hbguanjia\WEB\Runtime\Cache\Website\e99736f740d305e70558cdb6c8d8de3d.php 第 77 行.
NOTIC: [8] Use of undefined constant id - assumed 'id' D:\WWW\hbguanjia\WEB\Runtime\Cache\Website\e99736f740d305e70558cdb6c8d8de3d.php 第 78 行.
NOTIC: [8] Use of undefined constant id - assumed 'id' D:\WWW\hbguanjia\WEB\Runtime\Cache\Website\e99736f740d305e70558cdb6c8d8de3d.php 第 79 行.
NOTIC: [8] Use of undefined constant Rbac - assumed 'Rbac' D:\WWW\hbguanjia\WEB\Runtime\Cache\Website\e99736f740d305e70558cdb6c8d8de3d.php 第 83 行.
NOTIC: [8] Use of undefined constant Member - assumed 'Member' D:\WWW\hbguanjia\WEB\Runtime\Cache\Website\e99736f740d305e70558cdb6c8d8de3d.php 第 83 行.
NOTIC: [8] Use of undefined constant Rbac - assumed 'Rbac' D:\WWW\hbguanjia\WEB\Runtime\Cache\Website\e99736f740d305e70558cdb6c8d8de3d.php 第 91 行.
NOTIC: [8] Use of undefined constant Collect - assumed 'Collect' D:\WWW\hbguanjia\WEB\Runtime\Cache\Website\e99736f740d305e70558cdb6c8d8de3d.php 第 99 行.
NOTIC: [8] Use of undefined constant Bak - assumed 'Bak' D:\WWW\hbguanjia\WEB\Runtime\Cache\Website\e99736f740d305e70558cdb6c8d8de3d.php 第 99 行.
INFO: Run Behavior\ParseTemplateBehavior [ RunTime:0.048294s ]
INFO: [ view_parse ] --END-- [ RunTime:0.048398s ]
INFO: [ view_filter ] --START--
INFO: Run Behavior\WriteHtmlCacheBehavior [ RunTime:0.000844s ]
INFO: [ view_filter ] --END-- [ RunTime:0.000948s ]
INFO: [ app_end ] --START--
INFO: Run Behavior\ShowPageTraceBehavior [ RunTime:0.001266s ]
INFO: [ app_end ] --END-- [ RunTime:0.001406s ]

[ 2017-12-11T10:02:58+08:00 ] 127.0.0.1 /index.php/Website/System/meter
INFO: [ app_init ] --START--
INFO: Run Behavior\BuildLiteBehavior [ RunTime:0.000029s ]
INFO: [ app_init ] --END-- [ RunTime:0.001269s ]
INFO: [ app_begin ] --START--
INFO: Run Behavior\ReadHtmlCacheBehavior [ RunTime:0.000970s ]
INFO: [ app_begin ] --END-- [ RunTime:0.001060s ]
SQL: SHOW COLUMNS FROM `lj_conf` [ RunTime:0.0056s ]
SQL: SELECT `confing` FROM `lj_conf` WHERE `id` = 0 LIMIT 1   [ RunTime:0.0007s ]
INFO: [ view_parse ] --START--
INFO: [ template_filter ] --START--
INFO: Run Behavior\ContentReplaceBehavior [ RunTime:0.000202s ]
INFO: [ template_filter ] --END-- [ RunTime:0.000286s ]
NOTIC: [8] Use of undefined constant System - assumed 'System' D:\WWW\hbguanjia\WEB\Runtime\Cache\Website\e99736f740d305e70558cdb6c8d8de3d.php 第 61 行.
NOTIC: [8] Use of undefined constant Cate - assumed 'Cate' D:\WWW\hbguanjia\WEB\Runtime\Cache\Website\e99736f740d305e70558cdb6c8d8de3d.php 第 61 行.
NOTIC: [8] Use of undefined constant Assort - assumed 'Assort' D:\WWW\hbguanjia\WEB\Runtime\Cache\Website\e99736f740d305e70558cdb6c8d8de3d.php 第 61 行.
NOTIC: [8] Use of undefined constant Attr - assumed 'Attr' D:\WWW\hbguanjia\WEB\Runtime\Cache\Website\e99736f740d305e70558cdb6c8d8de3d.php 第 61 行.
NOTIC: [8] Use of undefined constant Link - assumed 'Link' D:\WWW\hbguanjia\WEB\Runtime\Cache\Website\e99736f740d305e70558cdb6c8d8de3d.php 第 61 行.
NOTIC: [8] Use of undefined constant Orders - assumed 'Orders' D:\WWW\hbguanjia\WEB\Runtime\Cache\Website\e99736f740d305e70558cdb6c8d8de3d.php 第 74 行.
NOTIC: [8] Use of undefined constant id - assumed 'id' D:\WWW\hbguanjia\WEB\Runtime\Cache\Website\e99736f740d305e70558cdb6c8d8de3d.php 第 77 行.
NOTIC: [8] Use of undefined constant id - assumed 'id' D:\WWW\hbguanjia\WEB\Runtime\Cache\Website\e99736f740d305e70558cdb6c8d8de3d.php 第 78 行.
NOTIC: [8] Use of undefined constant id - assumed 'id' D:\WWW\hbguanjia\WEB\Runtime\Cache\Website\e99736f740d305e70558cdb6c8d8de3d.php 第 79 行.
NOTIC: [8] Use of undefined constant Rbac - assumed 'Rbac' D:\WWW\hbguanjia\WEB\Runtime\Cache\Website\e99736f740d305e70558cdb6c8d8de3d.php 第 83 行.
NOTIC: [8] Use of undefined constant Member - assumed 'Member' D:\WWW\hbguanjia\WEB\Runtime\Cache\Website\e99736f740d305e70558cdb6c8d8de3d.php 第 83 行.
NOTIC: [8] Use of undefined constant Rbac - assumed 'Rbac' D:\WWW\hbguanjia\WEB\Runtime\Cache\Website\e99736f740d305e70558cdb6c8d8de3d.php 第 91 行.
NOTIC: [8] Use of undefined constant Collect - assumed 'Collect' D:\WWW\hbguanjia\WEB\Runtime\Cache\Website\e99736f740d305e70558cdb6c8d8de3d.php 第 99 行.
NOTIC: [8] Use of undefined constant Bak - assumed 'Bak' D:\WWW\hbguanjia\WEB\Runtime\Cache\Website\e99736f740d305e70558cdb6c8d8de3d.php 第 99 行.
NOTIC: [8] Undefined index: Appid D:\WWW\hbguanjia\WEB\Runtime\Cache\Website\e99736f740d305e70558cdb6c8d8de3d.php 第 284 行.
NOTIC: [8] Undefined index: AppSecret D:\WWW\hbguanjia\WEB\Runtime\Cache\Website\e99736f740d305e70558cdb6c8d8de3d.php 第 291 行.
INFO: Run Behavior\ParseTemplateBehavior [ RunTime:0.034655s ]
INFO: [ view_parse ] --END-- [ RunTime:0.034731s ]
INFO: [ view_filter ] --START--
INFO: Run Behavior\WriteHtmlCacheBehavior [ RunTime:0.001010s ]
INFO: [ view_filter ] --END-- [ RunTime:0.001103s ]
INFO: [ app_end ] --START--
INFO: Run Behavior\ShowPageTraceBehavior [ RunTime:0.002109s ]
INFO: [ app_end ] --END-- [ RunTime:0.002242s ]

[ 2017-12-11T10:03:31+08:00 ] 127.0.0.1 /index.php/Website/System/meter
INFO: [ app_init ] --START--
INFO: Run Behavior\BuildLiteBehavior [ RunTime:0.000024s ]
INFO: [ app_init ] --END-- [ RunTime:0.000740s ]
INFO: [ app_begin ] --START--
INFO: Run Behavior\ReadHtmlCacheBehavior [ RunTime:0.000888s ]
INFO: [ app_begin ] --END-- [ RunTime:0.000973s ]
SQL: SHOW COLUMNS FROM `lj_conf` [ RunTime:0.0035s ]
SQL: UPDATE `lj_conf` SET `confing`='a:12:{s:9:\"MAIL_HOST\";s:12:\"mail.dpwl.cn\";s:13:\"MAIL_SMTPAUTH\";s:4:\"true\";s:13:\"MAIL_USERNAME\";s:12:\"800@dpwL.net\";s:13:\"MAIL_PASSWORD\";s:6:\"112233\";s:13:\"MAIL_FROMNAME\";s:24:\"湖北大鹏网络科技\";s:9:\"MAIL_FROM\";s:12:\"800@dpwL.net\";s:12:\"MAIL_CHARSET\";s:5:\"utf-8\";s:11:\"MAIL_ISHTML\";s:4:\"true\";s:7:\"partner\";s:14:\"20889xxxxxxxxx\";s:3:\"key\";s:28:\"8066iwfyofXXXXXXXXXXXXXXXXXX\";s:5:\"Appid\";s:18:\"wx5ae5faf938adf927\";s:9:\"AppSecret\";s:32:\"e412e9d67bbb2ae65de320c41026bd8d\";}' WHERE `id` = 0 [ RunTime:0.0008s ]
INFO: [ view_parse ] --START--
INFO: [ template_filter ] --START--
INFO: Run Behavior\ContentReplaceBehavior [ RunTime:0.000122s ]
INFO: [ template_filter ] --END-- [ RunTime:0.000312s ]
INFO: Run Behavior\ParseTemplateBehavior [ RunTime:0.018199s ]
INFO: [ view_parse ] --END-- [ RunTime:0.018321s ]
INFO: [ view_filter ] --START--
INFO: Run Behavior\WriteHtmlCacheBehavior [ RunTime:0.000830s ]
INFO: [ view_filter ] --END-- [ RunTime:0.000925s ]
INFO: [ app_end ] --START--
INFO: Run Behavior\ShowPageTraceBehavior [ RunTime:0.001355s ]
INFO: [ app_end ] --END-- [ RunTime:0.001441s ]

[ 2017-12-11T10:03:34+08:00 ] 127.0.0.1 /index.php/Website/System/meter
INFO: [ app_init ] --START--
INFO: Run Behavior\BuildLiteBehavior [ RunTime:0.000144s ]
INFO: [ app_init ] --END-- [ RunTime:0.000968s ]
INFO: [ app_begin ] --START--
INFO: Run Behavior\ReadHtmlCacheBehavior [ RunTime:0.000918s ]
INFO: [ app_begin ] --END-- [ RunTime:0.001008s ]
SQL: SHOW COLUMNS FROM `lj_conf` [ RunTime:0.0039s ]
SQL: SELECT `confing` FROM `lj_conf` WHERE `id` = 0 LIMIT 1   [ RunTime:0.0006s ]
INFO: [ view_parse ] --START--
INFO: [ template_filter ] --START--
INFO: Run Behavior\ContentReplaceBehavior [ RunTime:0.000220s ]
INFO: [ template_filter ] --END-- [ RunTime:0.000309s ]
NOTIC: [8] Use of undefined constant System - assumed 'System' D:\WWW\hbguanjia\WEB\Runtime\Cache\Website\e99736f740d305e70558cdb6c8d8de3d.php 第 61 行.
NOTIC: [8] Use of undefined constant Cate - assumed 'Cate' D:\WWW\hbguanjia\WEB\Runtime\Cache\Website\e99736f740d305e70558cdb6c8d8de3d.php 第 61 行.
NOTIC: [8] Use of undefined constant Assort - assumed 'Assort' D:\WWW\hbguanjia\WEB\Runtime\Cache\Website\e99736f740d305e70558cdb6c8d8de3d.php 第 61 行.
NOTIC: [8] Use of undefined constant Attr - assumed 'Attr' D:\WWW\hbguanjia\WEB\Runtime\Cache\Website\e99736f740d305e70558cdb6c8d8de3d.php 第 61 行.
NOTIC: [8] Use of undefined constant Link - assumed 'Link' D:\WWW\hbguanjia\WEB\Runtime\Cache\Website\e99736f740d305e70558cdb6c8d8de3d.php 第 61 行.
NOTIC: [8] Use of undefined constant Orders - assumed 'Orders' D:\WWW\hbguanjia\WEB\Runtime\Cache\Website\e99736f740d305e70558cdb6c8d8de3d.php 第 74 行.
NOTIC: [8] Use of undefined constant id - assumed 'id' D:\WWW\hbguanjia\WEB\Runtime\Cache\Website\e99736f740d305e70558cdb6c8d8de3d.php 第 77 行.
NOTIC: [8] Use of undefined constant id - assumed 'id' D:\WWW\hbguanjia\WEB\Runtime\Cache\Website\e99736f740d305e70558cdb6c8d8de3d.php 第 78 行.
NOTIC: [8] Use of undefined constant id - assumed 'id' D:\WWW\hbguanjia\WEB\Runtime\Cache\Website\e99736f740d305e70558cdb6c8d8de3d.php 第 79 行.
NOTIC: [8] Use of undefined constant Rbac - assumed 'Rbac' D:\WWW\hbguanjia\WEB\Runtime\Cache\Website\e99736f740d305e70558cdb6c8d8de3d.php 第 83 行.
NOTIC: [8] Use of undefined constant Member - assumed 'Member' D:\WWW\hbguanjia\WEB\Runtime\Cache\Website\e99736f740d305e70558cdb6c8d8de3d.php 第 83 行.
NOTIC: [8] Use of undefined constant Rbac - assumed 'Rbac' D:\WWW\hbguanjia\WEB\Runtime\Cache\Website\e99736f740d305e70558cdb6c8d8de3d.php 第 91 行.
NOTIC: [8] Use of undefined constant Collect - assumed 'Collect' D:\WWW\hbguanjia\WEB\Runtime\Cache\Website\e99736f740d305e70558cdb6c8d8de3d.php 第 99 行.
NOTIC: [8] Use of undefined constant Bak - assumed 'Bak' D:\WWW\hbguanjia\WEB\Runtime\Cache\Website\e99736f740d305e70558cdb6c8d8de3d.php 第 99 行.
INFO: Run Behavior\ParseTemplateBehavior [ RunTime:0.034749s ]
INFO: [ view_parse ] --END-- [ RunTime:0.034834s ]
INFO: [ view_filter ] --START--
INFO: Run Behavior\WriteHtmlCacheBehavior [ RunTime:0.000705s ]
INFO: [ view_filter ] --END-- [ RunTime:0.000779s ]
INFO: [ app_end ] --START--
INFO: Run Behavior\ShowPageTraceBehavior [ RunTime:0.003168s ]
INFO: [ app_end ] --END-- [ RunTime:0.003303s ]

