[ 2017-12-19T15:42:36+08:00 ] 111.178.7.207 /index.php/website
INFO: [ app_init ] --START--
INFO: Run Behavior\BuildLiteBehavior [ RunTime:0.000019s ]
INFO: [ app_init ] --END-- [ RunTime:0.001151s ]
INFO: [ app_begin ] --START--
INFO: Run Behavior\ReadHtmlCacheBehavior [ RunTime:0.001257s ]
INFO: [ app_begin ] --END-- [ RunTime:0.001339s ]
NOTIC: [8192] mysql_connect(): The mysql extension is deprecated and will be removed in the future: use mysqli or PDO instead D:\wwwroot\yunguanjia_y81sj9\web\ThinkPHP\Library\Think\Session\Driver\Db.class.php 第 95 行.

[ 2017-12-19T15:42:36+08:00 ] 111.178.7.207 /index.php/Website/Login/index
INFO: [ app_init ] --START--
INFO: Run Behavior\BuildLiteBehavior [ RunTime:0.000016s ]
INFO: [ app_init ] --END-- [ RunTime:0.000695s ]
INFO: [ app_begin ] --START--
INFO: Run Behavior\ReadHtmlCacheBehavior [ RunTime:0.000828s ]
INFO: [ app_begin ] --END-- [ RunTime:0.000896s ]
NOTIC: [8192] mysql_connect(): The mysql extension is deprecated and will be removed in the future: use mysqli or PDO instead D:\wwwroot\yunguanjia_y81sj9\web\ThinkPHP\Library\Think\Session\Driver\Db.class.php 第 95 行.
INFO: [ view_parse ] --START--
INFO: [ template_filter ] --START--
INFO: Run Behavior\ContentReplaceBehavior [ RunTime:0.000110s ]
INFO: [ template_filter ] --END-- [ RunTime:0.000177s ]
INFO: Run Behavior\ParseTemplateBehavior [ RunTime:0.039083s ]
INFO: [ view_parse ] --END-- [ RunTime:0.039150s ]
INFO: [ view_filter ] --START--
INFO: Run Behavior\WriteHtmlCacheBehavior [ RunTime:0.000821s ]
INFO: [ view_filter ] --END-- [ RunTime:0.000872s ]
INFO: [ app_end ] --START--
INFO: Run Behavior\ShowPageTraceBehavior [ RunTime:0.001095s ]
INFO: [ app_end ] --END-- [ RunTime:0.001154s ]

[ 2017-12-19T15:42:36+08:00 ] 111.178.7.207 /index.php/Website/Login/verify
INFO: [ app_init ] --START--
INFO: Run Behavior\BuildLiteBehavior [ RunTime:0.000018s ]
INFO: [ app_init ] --END-- [ RunTime:0.000806s ]
INFO: [ app_begin ] --START--
INFO: Run Behavior\ReadHtmlCacheBehavior [ RunTime:0.000891s ]
INFO: [ app_begin ] --END-- [ RunTime:0.000970s ]
NOTIC: [8192] mysql_connect(): The mysql extension is deprecated and will be removed in the future: use mysqli or PDO instead D:\wwwroot\yunguanjia_y81sj9\web\ThinkPHP\Library\Think\Session\Driver\Db.class.php 第 95 行.
INFO: [ app_end ] --START--
INFO: Run Behavior\ShowPageTraceBehavior [ RunTime:0.000903s ]
INFO: [ app_end ] --END-- [ RunTime:0.000987s ]

[ 2017-12-19T15:42:52+08:00 ] 111.178.7.207 /index.php/Website/Login/login
INFO: [ app_init ] --START--
INFO: Run Behavior\BuildLiteBehavior [ RunTime:0.000019s ]
INFO: [ app_init ] --END-- [ RunTime:0.000740s ]
INFO: [ app_begin ] --START--
INFO: Run Behavior\ReadHtmlCacheBehavior [ RunTime:0.000812s ]
INFO: [ app_begin ] --END-- [ RunTime:0.000888s ]
NOTIC: [8192] mysql_connect(): The mysql extension is deprecated and will be removed in the future: use mysqli or PDO instead D:\wwwroot\yunguanjia_y81sj9\web\ThinkPHP\Library\Think\Session\Driver\Db.class.php 第 95 行.
NOTIC: [8] Use of undefined constant md5 - assumed 'md5' D:\wwwroot\yunguanjia_y81sj9\web\WEB\Website\Controller\LoginController.class.php 第 48 行.
SQL: SHOW COLUMNS FROM `lj_user` [ RunTime:0.0106s ]
SQL: SELECT * FROM `lj_user` WHERE ( username = "lj_admin" ) LIMIT 1   [ RunTime:0.0004s ]
SQL: UPDATE `lj_user` SET `logintime`='1513669372',`loginip`='111.178.7.207' WHERE `id` = 1 [ RunTime:0.0004s ]
INFO: [ view_parse ] --START--
INFO: [ template_filter ] --START--
INFO: Run Behavior\ContentReplaceBehavior [ RunTime:0.000067s ]
INFO: [ template_filter ] --END-- [ RunTime:0.000134s ]
INFO: Run Behavior\ParseTemplateBehavior [ RunTime:0.013908s ]
INFO: [ view_parse ] --END-- [ RunTime:0.013983s ]
INFO: [ view_filter ] --START--
INFO: Run Behavior\WriteHtmlCacheBehavior [ RunTime:0.000580s ]
INFO: [ view_filter ] --END-- [ RunTime:0.000638s ]
INFO: [ app_end ] --START--
INFO: Run Behavior\ShowPageTraceBehavior [ RunTime:0.000901s ]
INFO: [ app_end ] --END-- [ RunTime:0.000964s ]

[ 2017-12-19T15:42:56+08:00 ] 111.178.7.207 /index.php/Website/Index/index
INFO: [ app_init ] --START--
INFO: Run Behavior\BuildLiteBehavior [ RunTime:0.000019s ]
INFO: [ app_init ] --END-- [ RunTime:0.000750s ]
INFO: [ app_begin ] --START--
INFO: Run Behavior\ReadHtmlCacheBehavior [ RunTime:0.000903s ]
INFO: [ app_begin ] --END-- [ RunTime:0.000984s ]
NOTIC: [8192] mysql_connect(): The mysql extension is deprecated and will be removed in the future: use mysqli or PDO instead D:\wwwroot\yunguanjia_y81sj9\web\ThinkPHP\Library\Think\Session\Driver\Db.class.php 第 95 行.
SQL: SHOW COLUMNS FROM `lj_article` [ RunTime:0.0106s ]
SQL: SELECT COUNT(*) AS tp_count FROM `lj_article` WHERE `del` = 0 LIMIT 1   [ RunTime:0.0004s ]
SQL: SHOW COLUMNS FROM `lj_goods` [ RunTime:0.0108s ]
SQL: SELECT COUNT(*) AS tp_count FROM `lj_goods` WHERE `del` = 0 LIMIT 1   [ RunTime:0.0003s ]
SQL: SHOW COLUMNS FROM `lj_article` [ RunTime:0.0104s ]
SQL: SELECT `id`,`cid`,`title`,`time` FROM `lj_article` WHERE `del` = 0 ORDER BY time desc LIMIT 9   [ RunTime:0.0005s ]
INFO: [ view_parse ] --START--
INFO: [ template_filter ] --START--
INFO: Run Behavior\ContentReplaceBehavior [ RunTime:0.000328s ]
INFO: [ template_filter ] --END-- [ RunTime:0.000395s ]
NOTIC: [8] Use of undefined constant System - assumed 'System' D:\wwwroot\yunguanjia_y81sj9\web\WEB\Runtime\Cache\Website\ae74629993cfa41cc96b9b04cbd4e0ee.php 第 72 行.
NOTIC: [8] Use of undefined constant Cate - assumed 'Cate' D:\wwwroot\yunguanjia_y81sj9\web\WEB\Runtime\Cache\Website\ae74629993cfa41cc96b9b04cbd4e0ee.php 第 72 行.
NOTIC: [8] Use of undefined constant Assort - assumed 'Assort' D:\wwwroot\yunguanjia_y81sj9\web\WEB\Runtime\Cache\Website\ae74629993cfa41cc96b9b04cbd4e0ee.php 第 72 行.
NOTIC: [8] Use of undefined constant Attr - assumed 'Attr' D:\wwwroot\yunguanjia_y81sj9\web\WEB\Runtime\Cache\Website\ae74629993cfa41cc96b9b04cbd4e0ee.php 第 72 行.
NOTIC: [8] Use of undefined constant Link - assumed 'Link' D:\wwwroot\yunguanjia_y81sj9\web\WEB\Runtime\Cache\Website\ae74629993cfa41cc96b9b04cbd4e0ee.php 第 72 行.
NOTIC: [8] Use of undefined constant Rbac - assumed 'Rbac' D:\wwwroot\yunguanjia_y81sj9\web\WEB\Runtime\Cache\Website\ae74629993cfa41cc96b9b04cbd4e0ee.php 第 84 行.
NOTIC: [8] Use of undefined constant Member - assumed 'Member' D:\wwwroot\yunguanjia_y81sj9\web\WEB\Runtime\Cache\Website\ae74629993cfa41cc96b9b04cbd4e0ee.php 第 84 行.
NOTIC: [8] Use of undefined constant Orders - assumed 'Orders' D:\wwwroot\yunguanjia_y81sj9\web\WEB\Runtime\Cache\Website\ae74629993cfa41cc96b9b04cbd4e0ee.php 第 91 行.
NOTIC: [8] Use of undefined constant id - assumed 'id' D:\wwwroot\yunguanjia_y81sj9\web\WEB\Runtime\Cache\Website\ae74629993cfa41cc96b9b04cbd4e0ee.php 第 94 行.
NOTIC: [8] Use of undefined constant id - assumed 'id' D:\wwwroot\yunguanjia_y81sj9\web\WEB\Runtime\Cache\Website\ae74629993cfa41cc96b9b04cbd4e0ee.php 第 95 行.
NOTIC: [8] Use of undefined constant id - assumed 'id' D:\wwwroot\yunguanjia_y81sj9\web\WEB\Runtime\Cache\Website\ae74629993cfa41cc96b9b04cbd4e0ee.php 第 96 行.
NOTIC: [8] Use of undefined constant Rbac - assumed 'Rbac' D:\wwwroot\yunguanjia_y81sj9\web\WEB\Runtime\Cache\Website\ae74629993cfa41cc96b9b04cbd4e0ee.php 第 101 行.
NOTIC: [8] Use of undefined constant Collect - assumed 'Collect' D:\wwwroot\yunguanjia_y81sj9\web\WEB\Runtime\Cache\Website\ae74629993cfa41cc96b9b04cbd4e0ee.php 第 109 行.
NOTIC: [8] Use of undefined constant Bak - assumed 'Bak' D:\wwwroot\yunguanjia_y81sj9\web\WEB\Runtime\Cache\Website\ae74629993cfa41cc96b9b04cbd4e0ee.php 第 109 行.
INFO: Run Behavior\ParseTemplateBehavior [ RunTime:0.061727s ]
INFO: [ view_parse ] --END-- [ RunTime:0.061798s ]
INFO: [ view_filter ] --START--
INFO: Run Behavior\WriteHtmlCacheBehavior [ RunTime:0.000567s ]
INFO: [ view_filter ] --END-- [ RunTime:0.000622s ]
INFO: [ app_end ] --START--
INFO: Run Behavior\ShowPageTraceBehavior [ RunTime:0.000889s ]
INFO: [ app_end ] --END-- [ RunTime:0.000953s ]

[ 2017-12-19T15:43:06+08:00 ] 111.178.7.207 /index.php/Website/Comment/index
INFO: [ app_init ] --START--
INFO: Run Behavior\BuildLiteBehavior [ RunTime:0.000019s ]
INFO: [ app_init ] --END-- [ RunTime:0.000770s ]
INFO: [ app_begin ] --START--
INFO: Run Behavior\ReadHtmlCacheBehavior [ RunTime:0.000879s ]
INFO: [ app_begin ] --END-- [ RunTime:0.000957s ]
NOTIC: [8192] mysql_connect(): The mysql extension is deprecated and will be removed in the future: use mysqli or PDO instead D:\wwwroot\yunguanjia_y81sj9\web\ThinkPHP\Library\Think\Session\Driver\Db.class.php 第 95 行.
SQL: SHOW COLUMNS FROM `lj_ping` [ RunTime:0.0105s ]
SQL: SELECT `fz`,count(fz) as c,sum(dis) as s FROM `lj_ping` WHERE `hfid` = 0 GROUP BY fz  [ RunTime:0.0012s ]
INFO: [ view_parse ] --START--
INFO: [ template_filter ] --START--
INFO: Run Behavior\ContentReplaceBehavior [ RunTime:0.000235s ]
INFO: [ template_filter ] --END-- [ RunTime:0.000303s ]
NOTIC: [8] Use of undefined constant System - assumed 'System' D:\wwwroot\yunguanjia_y81sj9\web\WEB\Runtime\Cache\Website\0f1e157d7f3ca11c38d7f1864a325b3d.php 第 64 行.
NOTIC: [8] Use of undefined constant Cate - assumed 'Cate' D:\wwwroot\yunguanjia_y81sj9\web\WEB\Runtime\Cache\Website\0f1e157d7f3ca11c38d7f1864a325b3d.php 第 64 行.
NOTIC: [8] Use of undefined constant Assort - assumed 'Assort' D:\wwwroot\yunguanjia_y81sj9\web\WEB\Runtime\Cache\Website\0f1e157d7f3ca11c38d7f1864a325b3d.php 第 64 行.
NOTIC: [8] Use of undefined constant Attr - assumed 'Attr' D:\wwwroot\yunguanjia_y81sj9\web\WEB\Runtime\Cache\Website\0f1e157d7f3ca11c38d7f1864a325b3d.php 第 64 行.
NOTIC: [8] Use of undefined constant Link - assumed 'Link' D:\wwwroot\yunguanjia_y81sj9\web\WEB\Runtime\Cache\Website\0f1e157d7f3ca11c38d7f1864a325b3d.php 第 64 行.
NOTIC: [8] Use of undefined constant Rbac - assumed 'Rbac' D:\wwwroot\yunguanjia_y81sj9\web\WEB\Runtime\Cache\Website\0f1e157d7f3ca11c38d7f1864a325b3d.php 第 76 行.
NOTIC: [8] Use of undefined constant Member - assumed 'Member' D:\wwwroot\yunguanjia_y81sj9\web\WEB\Runtime\Cache\Website\0f1e157d7f3ca11c38d7f1864a325b3d.php 第 76 行.
NOTIC: [8] Use of undefined constant Orders - assumed 'Orders' D:\wwwroot\yunguanjia_y81sj9\web\WEB\Runtime\Cache\Website\0f1e157d7f3ca11c38d7f1864a325b3d.php 第 83 行.
NOTIC: [8] Use of undefined constant id - assumed 'id' D:\wwwroot\yunguanjia_y81sj9\web\WEB\Runtime\Cache\Website\0f1e157d7f3ca11c38d7f1864a325b3d.php 第 86 行.
NOTIC: [8] Use of undefined constant id - assumed 'id' D:\wwwroot\yunguanjia_y81sj9\web\WEB\Runtime\Cache\Website\0f1e157d7f3ca11c38d7f1864a325b3d.php 第 87 行.
NOTIC: [8] Use of undefined constant id - assumed 'id' D:\wwwroot\yunguanjia_y81sj9\web\WEB\Runtime\Cache\Website\0f1e157d7f3ca11c38d7f1864a325b3d.php 第 88 行.
NOTIC: [8] Use of undefined constant Rbac - assumed 'Rbac' D:\wwwroot\yunguanjia_y81sj9\web\WEB\Runtime\Cache\Website\0f1e157d7f3ca11c38d7f1864a325b3d.php 第 93 行.
NOTIC: [8] Use of undefined constant Collect - assumed 'Collect' D:\wwwroot\yunguanjia_y81sj9\web\WEB\Runtime\Cache\Website\0f1e157d7f3ca11c38d7f1864a325b3d.php 第 101 行.
NOTIC: [8] Use of undefined constant Bak - assumed 'Bak' D:\wwwroot\yunguanjia_y81sj9\web\WEB\Runtime\Cache\Website\0f1e157d7f3ca11c38d7f1864a325b3d.php 第 101 行.
INFO: Run Behavior\ParseTemplateBehavior [ RunTime:0.029236s ]
INFO: [ view_parse ] --END-- [ RunTime:0.029301s ]
INFO: [ view_filter ] --START--
INFO: Run Behavior\WriteHtmlCacheBehavior [ RunTime:0.000544s ]
INFO: [ view_filter ] --END-- [ RunTime:0.000598s ]
INFO: [ app_end ] --START--
INFO: Run Behavior\ShowPageTraceBehavior [ RunTime:0.000841s ]
INFO: [ app_end ] --END-- [ RunTime:0.000904s ]

[ 2017-12-19T15:43:11+08:00 ] 111.178.7.207 /index.php/Website/Cate/index
INFO: [ app_init ] --START--
INFO: Run Behavior\BuildLiteBehavior [ RunTime:0.000019s ]
INFO: [ app_init ] --END-- [ RunTime:0.000764s ]
INFO: [ app_begin ] --START--
INFO: Run Behavior\ReadHtmlCacheBehavior [ RunTime:0.000881s ]
INFO: [ app_begin ] --END-- [ RunTime:0.000959s ]
NOTIC: [8192] mysql_connect(): The mysql extension is deprecated and will be removed in the future: use mysqli or PDO instead D:\wwwroot\yunguanjia_y81sj9\web\ThinkPHP\Library\Think\Session\Driver\Db.class.php 第 95 行.
SQL: SHOW COLUMNS FROM `lj_cate` [ RunTime:0.0100s ]
SQL: SELECT * FROM `lj_cate` ORDER BY sort ASC  [ RunTime:0.0006s ]
INFO: [ view_parse ] --START--
INFO: [ template_filter ] --START--
INFO: Run Behavior\ContentReplaceBehavior [ RunTime:0.000251s ]
INFO: [ template_filter ] --END-- [ RunTime:0.000317s ]
NOTIC: [8] Use of undefined constant System - assumed 'System' D:\wwwroot\yunguanjia_y81sj9\web\WEB\Runtime\Cache\Website\28eafa1c949e317ac20caf9c0bdfccb4.php 第 62 行.
NOTIC: [8] Use of undefined constant Cate - assumed 'Cate' D:\wwwroot\yunguanjia_y81sj9\web\WEB\Runtime\Cache\Website\28eafa1c949e317ac20caf9c0bdfccb4.php 第 62 行.
NOTIC: [8] Use of undefined constant Assort - assumed 'Assort' D:\wwwroot\yunguanjia_y81sj9\web\WEB\Runtime\Cache\Website\28eafa1c949e317ac20caf9c0bdfccb4.php 第 62 行.
NOTIC: [8] Use of undefined constant Attr - assumed 'Attr' D:\wwwroot\yunguanjia_y81sj9\web\WEB\Runtime\Cache\Website\28eafa1c949e317ac20caf9c0bdfccb4.php 第 62 行.
NOTIC: [8] Use of undefined constant Link - assumed 'Link' D:\wwwroot\yunguanjia_y81sj9\web\WEB\Runtime\Cache\Website\28eafa1c949e317ac20caf9c0bdfccb4.php 第 62 行.
NOTIC: [8] Use of undefined constant Rbac - assumed 'Rbac' D:\wwwroot\yunguanjia_y81sj9\web\WEB\Runtime\Cache\Website\28eafa1c949e317ac20caf9c0bdfccb4.php 第 74 行.
NOTIC: [8] Use of undefined constant Member - assumed 'Member' D:\wwwroot\yunguanjia_y81sj9\web\WEB\Runtime\Cache\Website\28eafa1c949e317ac20caf9c0bdfccb4.php 第 74 行.
NOTIC: [8] Use of undefined constant Orders - assumed 'Orders' D:\wwwroot\yunguanjia_y81sj9\web\WEB\Runtime\Cache\Website\28eafa1c949e317ac20caf9c0bdfccb4.php 第 81 行.
NOTIC: [8] Use of undefined constant id - assumed 'id' D:\wwwroot\yunguanjia_y81sj9\web\WEB\Runtime\Cache\Website\28eafa1c949e317ac20caf9c0bdfccb4.php 第 84 行.
NOTIC: [8] Use of undefined constant id - assumed 'id' D:\wwwroot\yunguanjia_y81sj9\web\WEB\Runtime\Cache\Website\28eafa1c949e317ac20caf9c0bdfccb4.php 第 85 行.
NOTIC: [8] Use of undefined constant id - assumed 'id' D:\wwwroot\yunguanjia_y81sj9\web\WEB\Runtime\Cache\Website\28eafa1c949e317ac20caf9c0bdfccb4.php 第 86 行.
NOTIC: [8] Use of undefined constant Rbac - assumed 'Rbac' D:\wwwroot\yunguanjia_y81sj9\web\WEB\Runtime\Cache\Website\28eafa1c949e317ac20caf9c0bdfccb4.php 第 91 行.
NOTIC: [8] Use of undefined constant Collect - assumed 'Collect' D:\wwwroot\yunguanjia_y81sj9\web\WEB\Runtime\Cache\Website\28eafa1c949e317ac20caf9c0bdfccb4.php 第 99 行.
NOTIC: [8] Use of undefined constant Bak - assumed 'Bak' D:\wwwroot\yunguanjia_y81sj9\web\WEB\Runtime\Cache\Website\28eafa1c949e317ac20caf9c0bdfccb4.php 第 99 行.
INFO: Run Behavior\ParseTemplateBehavior [ RunTime:0.032116s ]
INFO: [ view_parse ] --END-- [ RunTime:0.032186s ]
INFO: [ view_filter ] --START--
INFO: Run Behavior\WriteHtmlCacheBehavior [ RunTime:0.000558s ]
INFO: [ view_filter ] --END-- [ RunTime:0.000611s ]
INFO: [ app_end ] --START--
INFO: Run Behavior\ShowPageTraceBehavior [ RunTime:0.000883s ]
INFO: [ app_end ] --END-- [ RunTime:0.000946s ]

[ 2017-12-19T16:04:21+08:00 ] 111.178.7.207 /index.php/Website/Menu/index
INFO: [ app_init ] --START--
INFO: Run Behavior\BuildLiteBehavior [ RunTime:0.000019s ]
INFO: [ app_init ] --END-- [ RunTime:0.001141s ]
INFO: [ app_begin ] --START--
INFO: Run Behavior\ReadHtmlCacheBehavior [ RunTime:0.001248s ]
INFO: [ app_begin ] --END-- [ RunTime:0.001339s ]
NOTIC: [8192] mysql_connect(): The mysql extension is deprecated and will be removed in the future: use mysqli or PDO instead D:\wwwroot\yunguanjia_y81sj9\web\ThinkPHP\Library\Think\Session\Driver\Db.class.php 第 95 行.
SQL: SHOW COLUMNS FROM `lj_article` [ RunTime:0.0105s ]
SQL: SELECT `id`,`cid`,`title`,`time` FROM `lj_article` WHERE `del` = 0 ORDER BY time desc LIMIT 15   [ RunTime:0.0005s ]
SQL: SHOW COLUMNS FROM `lj_goods` [ RunTime:0.0106s ]
SQL: SELECT `id`,`cid`,`title`,`time` FROM `lj_goods` WHERE `del` = 0 ORDER BY time desc LIMIT 15   [ RunTime:0.0003s ]
INFO: [ view_parse ] --START--
INFO: [ template_filter ] --START--
INFO: Run Behavior\ContentReplaceBehavior [ RunTime:0.000263s ]
INFO: [ template_filter ] --END-- [ RunTime:0.000332s ]
NOTIC: [8] Use of undefined constant System - assumed 'System' D:\wwwroot\yunguanjia_y81sj9\web\WEB\Runtime\Cache\Website\dcf670a0d8ae9eae59c5b9074dcec17c.php 第 65 行.
NOTIC: [8] Use of undefined constant Cate - assumed 'Cate' D:\wwwroot\yunguanjia_y81sj9\web\WEB\Runtime\Cache\Website\dcf670a0d8ae9eae59c5b9074dcec17c.php 第 65 行.
NOTIC: [8] Use of undefined constant Assort - assumed 'Assort' D:\wwwroot\yunguanjia_y81sj9\web\WEB\Runtime\Cache\Website\dcf670a0d8ae9eae59c5b9074dcec17c.php 第 65 行.
NOTIC: [8] Use of undefined constant Attr - assumed 'Attr' D:\wwwroot\yunguanjia_y81sj9\web\WEB\Runtime\Cache\Website\dcf670a0d8ae9eae59c5b9074dcec17c.php 第 65 行.
NOTIC: [8] Use of undefined constant Link - assumed 'Link' D:\wwwroot\yunguanjia_y81sj9\web\WEB\Runtime\Cache\Website\dcf670a0d8ae9eae59c5b9074dcec17c.php 第 65 行.
NOTIC: [8] Use of undefined constant Rbac - assumed 'Rbac' D:\wwwroot\yunguanjia_y81sj9\web\WEB\Runtime\Cache\Website\dcf670a0d8ae9eae59c5b9074dcec17c.php 第 77 行.
NOTIC: [8] Use of undefined constant Member - assumed 'Member' D:\wwwroot\yunguanjia_y81sj9\web\WEB\Runtime\Cache\Website\dcf670a0d8ae9eae59c5b9074dcec17c.php 第 77 行.
NOTIC: [8] Use of undefined constant Orders - assumed 'Orders' D:\wwwroot\yunguanjia_y81sj9\web\WEB\Runtime\Cache\Website\dcf670a0d8ae9eae59c5b9074dcec17c.php 第 84 行.
NOTIC: [8] Use of undefined constant id - assumed 'id' D:\wwwroot\yunguanjia_y81sj9\web\WEB\Runtime\Cache\Website\dcf670a0d8ae9eae59c5b9074dcec17c.php 第 87 行.
NOTIC: [8] Use of undefined constant id - assumed 'id' D:\wwwroot\yunguanjia_y81sj9\web\WEB\Runtime\Cache\Website\dcf670a0d8ae9eae59c5b9074dcec17c.php 第 88 行.
NOTIC: [8] Use of undefined constant id - assumed 'id' D:\wwwroot\yunguanjia_y81sj9\web\WEB\Runtime\Cache\Website\dcf670a0d8ae9eae59c5b9074dcec17c.php 第 89 行.
NOTIC: [8] Use of undefined constant Rbac - assumed 'Rbac' D:\wwwroot\yunguanjia_y81sj9\web\WEB\Runtime\Cache\Website\dcf670a0d8ae9eae59c5b9074dcec17c.php 第 94 行.
NOTIC: [8] Use of undefined constant Collect - assumed 'Collect' D:\wwwroot\yunguanjia_y81sj9\web\WEB\Runtime\Cache\Website\dcf670a0d8ae9eae59c5b9074dcec17c.php 第 102 行.
NOTIC: [8] Use of undefined constant Bak - assumed 'Bak' D:\wwwroot\yunguanjia_y81sj9\web\WEB\Runtime\Cache\Website\dcf670a0d8ae9eae59c5b9074dcec17c.php 第 102 行.
SQL: SHOW COLUMNS FROM `lj_cate` [ RunTime:0.0104s ]
SQL: SELECT `id`,`pid`,`name`,`model` FROM `lj_cate` ORDER BY sort ASC,id ASC  [ RunTime:0.0005s ]
INFO: [ view_parse ] --START--
INFO: [ template_filter ] --START--
INFO: Run Behavior\ContentReplaceBehavior [ RunTime:0.000063s ]
INFO: [ template_filter ] --END-- [ RunTime:-0.026973s ]
INFO: Run Behavior\ParseTemplateBehavior [ RunTime:0.008342s ]
INFO: [ view_parse ] --END-- [ RunTime:0.008414s ]
INFO: [ view_filter ] --START--
INFO: Run Behavior\WriteHtmlCacheBehavior [ RunTime:0.000938s ]
INFO: [ view_filter ] --END-- [ RunTime:0.000994s ]
NOTIC: [8] Undefined variable: searchg D:\wwwroot\yunguanjia_y81sj9\web\WEB\Runtime\Cache\Website\dcf670a0d8ae9eae59c5b9074dcec17c.php 第 218 行.
NOTIC: [8] Undefined index: attr D:\wwwroot\yunguanjia_y81sj9\web\WEB\Runtime\Cache\Website\dcf670a0d8ae9eae59c5b9074dcec17c.php 第 230 行.
NOTIC: [8] Undefined index: attr D:\wwwroot\yunguanjia_y81sj9\web\WEB\Runtime\Cache\Website\dcf670a0d8ae9eae59c5b9074dcec17c.php 第 230 行.
NOTIC: [8] Undefined index: attr D:\wwwroot\yunguanjia_y81sj9\web\WEB\Runtime\Cache\Website\dcf670a0d8ae9eae59c5b9074dcec17c.php 第 230 行.
INFO: Run Behavior\ParseTemplateBehavior [ RunTime:0.009947s ]
INFO: [ view_parse ] --END-- [ RunTime:0.008414s ]
INFO: [ view_filter ] --START--
INFO: Run Behavior\WriteHtmlCacheBehavior [ RunTime:0.000014s ]
INFO: [ view_filter ] --END-- [ RunTime:-0.000592s ]
INFO: [ app_end ] --START--
INFO: Run Behavior\ShowPageTraceBehavior [ RunTime:0.001317s ]
INFO: [ app_end ] --END-- [ RunTime:0.001381s ]

[ 2017-12-19T16:04:26+08:00 ] 111.178.7.207 /index.php/Website/Goods/index/id/4.htm
INFO: [ app_init ] --START--
INFO: Run Behavior\BuildLiteBehavior [ RunTime:0.000020s ]
INFO: [ app_init ] --END-- [ RunTime:0.000742s ]
INFO: [ app_begin ] --START--
INFO: Run Behavior\ReadHtmlCacheBehavior [ RunTime:0.000875s ]
INFO: [ app_begin ] --END-- [ RunTime:0.000953s ]
NOTIC: [8192] mysql_connect(): The mysql extension is deprecated and will be removed in the future: use mysqli or PDO instead D:\wwwroot\yunguanjia_y81sj9\web\ThinkPHP\Library\Think\Session\Driver\Db.class.php 第 95 行.
NOTIC: [8] Use of undefined constant intval - assumed 'intval' D:\wwwroot\yunguanjia_y81sj9\web\WEB\Website\Controller\GoodsController.class.php 第 11 行.
SQL: SHOW COLUMNS FROM `lj_cate` [ RunTime:0.0104s ]
SQL: SELECT `name` FROM `lj_cate` WHERE `id` = 4 LIMIT 1   [ RunTime:0.0004s ]
SQL: SHOW COLUMNS FROM `lj_goods` [ RunTime:0.0105s ]
SQL: SELECT COUNT(*) AS tp_count FROM `lj_goods` WHERE `cid` = 4 AND `del` = 0 LIMIT 1   [ RunTime:0.0003s ]
SQL: SELECT * FROM `lj_goods` WHERE `cid` = 4 AND `del` = 0  [ RunTime:0.0004s ]
INFO: [ view_parse ] --START--
INFO: [ template_filter ] --START--
INFO: Run Behavior\ContentReplaceBehavior [ RunTime:0.000244s ]
INFO: [ template_filter ] --END-- [ RunTime:0.000311s ]
NOTIC: [8] Use of undefined constant System - assumed 'System' D:\wwwroot\yunguanjia_y81sj9\web\WEB\Runtime\Cache\Website\24801c8a3e72a55afc2bf4a704130267.php 第 67 行.
NOTIC: [8] Use of undefined constant Cate - assumed 'Cate' D:\wwwroot\yunguanjia_y81sj9\web\WEB\Runtime\Cache\Website\24801c8a3e72a55afc2bf4a704130267.php 第 67 行.
NOTIC: [8] Use of undefined constant Assort - assumed 'Assort' D:\wwwroot\yunguanjia_y81sj9\web\WEB\Runtime\Cache\Website\24801c8a3e72a55afc2bf4a704130267.php 第 67 行.
NOTIC: [8] Use of undefined constant Attr - assumed 'Attr' D:\wwwroot\yunguanjia_y81sj9\web\WEB\Runtime\Cache\Website\24801c8a3e72a55afc2bf4a704130267.php 第 67 行.
NOTIC: [8] Use of undefined constant Link - assumed 'Link' D:\wwwroot\yunguanjia_y81sj9\web\WEB\Runtime\Cache\Website\24801c8a3e72a55afc2bf4a704130267.php 第 67 行.
NOTIC: [8] Use of undefined constant Rbac - assumed 'Rbac' D:\wwwroot\yunguanjia_y81sj9\web\WEB\Runtime\Cache\Website\24801c8a3e72a55afc2bf4a704130267.php 第 79 行.
NOTIC: [8] Use of undefined constant Member - assumed 'Member' D:\wwwroot\yunguanjia_y81sj9\web\WEB\Runtime\Cache\Website\24801c8a3e72a55afc2bf4a704130267.php 第 79 行.
NOTIC: [8] Use of undefined constant Orders - assumed 'Orders' D:\wwwroot\yunguanjia_y81sj9\web\WEB\Runtime\Cache\Website\24801c8a3e72a55afc2bf4a704130267.php 第 86 行.
NOTIC: [8] Use of undefined constant id - assumed 'id' D:\wwwroot\yunguanjia_y81sj9\web\WEB\Runtime\Cache\Website\24801c8a3e72a55afc2bf4a704130267.php 第 89 行.
NOTIC: [8] Use of undefined constant id - assumed 'id' D:\wwwroot\yunguanjia_y81sj9\web\WEB\Runtime\Cache\Website\24801c8a3e72a55afc2bf4a704130267.php 第 90 行.
NOTIC: [8] Use of undefined constant id - assumed 'id' D:\wwwroot\yunguanjia_y81sj9\web\WEB\Runtime\Cache\Website\24801c8a3e72a55afc2bf4a704130267.php 第 91 行.
NOTIC: [8] Use of undefined constant Rbac - assumed 'Rbac' D:\wwwroot\yunguanjia_y81sj9\web\WEB\Runtime\Cache\Website\24801c8a3e72a55afc2bf4a704130267.php 第 96 行.
NOTIC: [8] Use of undefined constant Collect - assumed 'Collect' D:\wwwroot\yunguanjia_y81sj9\web\WEB\Runtime\Cache\Website\24801c8a3e72a55afc2bf4a704130267.php 第 104 行.
NOTIC: [8] Use of undefined constant Bak - assumed 'Bak' D:\wwwroot\yunguanjia_y81sj9\web\WEB\Runtime\Cache\Website\24801c8a3e72a55afc2bf4a704130267.php 第 104 行.
SQL: SELECT `id`,`pid`,`name`,`model` FROM `lj_cate` ORDER BY sort ASC,id ASC  [ RunTime:0.0005s ]
INFO: [ view_parse ] --START--
INFO: [ template_filter ] --START--
INFO: Run Behavior\ContentReplaceBehavior [ RunTime:0.000062s ]
INFO: [ template_filter ] --END-- [ RunTime:-0.015241s ]
INFO: Run Behavior\ParseTemplateBehavior [ RunTime:0.007667s ]
INFO: [ view_parse ] --END-- [ RunTime:0.007741s ]
INFO: [ view_filter ] --START--
INFO: Run Behavior\WriteHtmlCacheBehavior [ RunTime:0.000543s ]
INFO: [ view_filter ] --END-- [ RunTime:0.000598s ]
INFO: Run Behavior\ParseTemplateBehavior [ RunTime:0.008477s ]
INFO: [ view_parse ] --END-- [ RunTime:0.007741s ]
INFO: [ view_filter ] --START--
INFO: Run Behavior\WriteHtmlCacheBehavior [ RunTime:0.000013s ]
INFO: [ view_filter ] --END-- [ RunTime:-0.000190s ]
INFO: [ app_end ] --START--
INFO: Run Behavior\ShowPageTraceBehavior [ RunTime:0.000888s ]
INFO: [ app_end ] --END-- [ RunTime:0.000949s ]

[ 2017-12-19T16:04:27+08:00 ] 111.178.7.207 /index.php/Website/Goods/add/cid/4
INFO: [ app_init ] --START--
INFO: Run Behavior\BuildLiteBehavior [ RunTime:0.000019s ]
INFO: [ app_init ] --END-- [ RunTime:0.000738s ]
INFO: [ app_begin ] --START--
INFO: Run Behavior\ReadHtmlCacheBehavior [ RunTime:0.000910s ]
INFO: [ app_begin ] --END-- [ RunTime:0.000987s ]
NOTIC: [8192] mysql_connect(): The mysql extension is deprecated and will be removed in the future: use mysqli or PDO instead D:\wwwroot\yunguanjia_y81sj9\web\ThinkPHP\Library\Think\Session\Driver\Db.class.php 第 95 行.
NOTIC: [8] Use of undefined constant intval - assumed 'intval' D:\wwwroot\yunguanjia_y81sj9\web\WEB\Website\Controller\GoodsController.class.php 第 31 行.
SQL: SHOW COLUMNS FROM `lj_cate` [ RunTime:0.0106s ]
SQL: SELECT `name` FROM `lj_cate` WHERE `id` = 4 LIMIT 1   [ RunTime:0.0004s ]
SQL: SHOW COLUMNS FROM `lj_class` [ RunTime:0.0101s ]
SQL: SELECT * FROM `lj_class`  [ RunTime:0.0003s ]
INFO: [ view_parse ] --START--
INFO: [ template_filter ] --START--
INFO: Run Behavior\ContentReplaceBehavior [ RunTime:0.000332s ]
INFO: [ template_filter ] --END-- [ RunTime:0.000397s ]
NOTIC: [8] Use of undefined constant System - assumed 'System' D:\wwwroot\yunguanjia_y81sj9\web\WEB\Runtime\Cache\Website\da229aa914883001d42f0e8912025ec0.php 第 90 行.
NOTIC: [8] Use of undefined constant Cate - assumed 'Cate' D:\wwwroot\yunguanjia_y81sj9\web\WEB\Runtime\Cache\Website\da229aa914883001d42f0e8912025ec0.php 第 90 行.
NOTIC: [8] Use of undefined constant Assort - assumed 'Assort' D:\wwwroot\yunguanjia_y81sj9\web\WEB\Runtime\Cache\Website\da229aa914883001d42f0e8912025ec0.php 第 90 行.
NOTIC: [8] Use of undefined constant Attr - assumed 'Attr' D:\wwwroot\yunguanjia_y81sj9\web\WEB\Runtime\Cache\Website\da229aa914883001d42f0e8912025ec0.php 第 90 行.
NOTIC: [8] Use of undefined constant Link - assumed 'Link' D:\wwwroot\yunguanjia_y81sj9\web\WEB\Runtime\Cache\Website\da229aa914883001d42f0e8912025ec0.php 第 90 行.
NOTIC: [8] Use of undefined constant Rbac - assumed 'Rbac' D:\wwwroot\yunguanjia_y81sj9\web\WEB\Runtime\Cache\Website\da229aa914883001d42f0e8912025ec0.php 第 102 行.
NOTIC: [8] Use of undefined constant Member - assumed 'Member' D:\wwwroot\yunguanjia_y81sj9\web\WEB\Runtime\Cache\Website\da229aa914883001d42f0e8912025ec0.php 第 102 行.
NOTIC: [8] Use of undefined constant Orders - assumed 'Orders' D:\wwwroot\yunguanjia_y81sj9\web\WEB\Runtime\Cache\Website\da229aa914883001d42f0e8912025ec0.php 第 109 行.
NOTIC: [8] Use of undefined constant id - assumed 'id' D:\wwwroot\yunguanjia_y81sj9\web\WEB\Runtime\Cache\Website\da229aa914883001d42f0e8912025ec0.php 第 112 行.
NOTIC: [8] Use of undefined constant id - assumed 'id' D:\wwwroot\yunguanjia_y81sj9\web\WEB\Runtime\Cache\Website\da229aa914883001d42f0e8912025ec0.php 第 113 行.
NOTIC: [8] Use of undefined constant id - assumed 'id' D:\wwwroot\yunguanjia_y81sj9\web\WEB\Runtime\Cache\Website\da229aa914883001d42f0e8912025ec0.php 第 114 行.
NOTIC: [8] Use of undefined constant Rbac - assumed 'Rbac' D:\wwwroot\yunguanjia_y81sj9\web\WEB\Runtime\Cache\Website\da229aa914883001d42f0e8912025ec0.php 第 119 行.
NOTIC: [8] Use of undefined constant Collect - assumed 'Collect' D:\wwwroot\yunguanjia_y81sj9\web\WEB\Runtime\Cache\Website\da229aa914883001d42f0e8912025ec0.php 第 127 行.
NOTIC: [8] Use of undefined constant Bak - assumed 'Bak' D:\wwwroot\yunguanjia_y81sj9\web\WEB\Runtime\Cache\Website\da229aa914883001d42f0e8912025ec0.php 第 127 行.
SQL: SELECT `id`,`pid`,`name`,`model` FROM `lj_cate` ORDER BY sort ASC,id ASC  [ RunTime:0.0004s ]
INFO: [ view_parse ] --START--
INFO: [ template_filter ] --START--
INFO: Run Behavior\ContentReplaceBehavior [ RunTime:0.000064s ]
INFO: [ template_filter ] --END-- [ RunTime:-0.014909s ]
INFO: Run Behavior\ParseTemplateBehavior [ RunTime:0.007633s ]
INFO: [ view_parse ] --END-- [ RunTime:0.007705s ]
INFO: [ view_filter ] --START--
INFO: Run Behavior\WriteHtmlCacheBehavior [ RunTime:0.000518s ]
INFO: [ view_filter ] --END-- [ RunTime:0.000571s ]
INFO: Run Behavior\ParseTemplateBehavior [ RunTime:0.008520s ]
INFO: [ view_parse ] --END-- [ RunTime:0.007705s ]
INFO: [ view_filter ] --START--
INFO: Run Behavior\WriteHtmlCacheBehavior [ RunTime:0.000013s ]
INFO: [ view_filter ] --END-- [ RunTime:-0.000311s ]
INFO: [ app_end ] --START--
INFO: Run Behavior\ShowPageTraceBehavior [ RunTime:0.000856s ]
INFO: [ app_end ] --END-- [ RunTime:0.000917s ]

[ 2017-12-19T16:09:21+08:00 ] 111.178.7.207 /index.php/Website/Menu/index
INFO: [ app_init ] --START--
INFO: Run Behavior\BuildLiteBehavior [ RunTime:0.000019s ]
INFO: [ app_init ] --END-- [ RunTime:0.001037s ]
INFO: [ app_begin ] --START--
INFO: Run Behavior\ReadHtmlCacheBehavior [ RunTime:0.001152s ]
INFO: [ app_begin ] --END-- [ RunTime:0.001233s ]
NOTIC: [8192] mysql_connect(): The mysql extension is deprecated and will be removed in the future: use mysqli or PDO instead D:\wwwroot\yunguanjia_y81sj9\web\ThinkPHP\Library\Think\Session\Driver\Db.class.php 第 95 行.
SQL: SHOW COLUMNS FROM `lj_article` [ RunTime:0.0105s ]
SQL: SELECT `id`,`cid`,`title`,`time` FROM `lj_article` WHERE `del` = 0 ORDER BY time desc LIMIT 15   [ RunTime:0.0005s ]
SQL: SHOW COLUMNS FROM `lj_goods` [ RunTime:0.0104s ]
SQL: SELECT `id`,`cid`,`title`,`time` FROM `lj_goods` WHERE `del` = 0 ORDER BY time desc LIMIT 15   [ RunTime:0.0003s ]
INFO: [ view_parse ] --START--
INFO: [ template_filter ] --START--
INFO: Run Behavior\ContentReplaceBehavior [ RunTime:0.000244s ]
INFO: [ template_filter ] --END-- [ RunTime:0.000310s ]
NOTIC: [8] Use of undefined constant System - assumed 'System' D:\wwwroot\yunguanjia_y81sj9\web\WEB\Runtime\Cache\Website\dcf670a0d8ae9eae59c5b9074dcec17c.php 第 65 行.
NOTIC: [8] Use of undefined constant Cate - assumed 'Cate' D:\wwwroot\yunguanjia_y81sj9\web\WEB\Runtime\Cache\Website\dcf670a0d8ae9eae59c5b9074dcec17c.php 第 65 行.
NOTIC: [8] Use of undefined constant Assort - assumed 'Assort' D:\wwwroot\yunguanjia_y81sj9\web\WEB\Runtime\Cache\Website\dcf670a0d8ae9eae59c5b9074dcec17c.php 第 65 行.
NOTIC: [8] Use of undefined constant Attr - assumed 'Attr' D:\wwwroot\yunguanjia_y81sj9\web\WEB\Runtime\Cache\Website\dcf670a0d8ae9eae59c5b9074dcec17c.php 第 65 行.
NOTIC: [8] Use of undefined constant Link - assumed 'Link' D:\wwwroot\yunguanjia_y81sj9\web\WEB\Runtime\Cache\Website\dcf670a0d8ae9eae59c5b9074dcec17c.php 第 65 行.
NOTIC: [8] Use of undefined constant Rbac - assumed 'Rbac' D:\wwwroot\yunguanjia_y81sj9\web\WEB\Runtime\Cache\Website\dcf670a0d8ae9eae59c5b9074dcec17c.php 第 77 行.
NOTIC: [8] Use of undefined constant Member - assumed 'Member' D:\wwwroot\yunguanjia_y81sj9\web\WEB\Runtime\Cache\Website\dcf670a0d8ae9eae59c5b9074dcec17c.php 第 77 行.
NOTIC: [8] Use of undefined constant Orders - assumed 'Orders' D:\wwwroot\yunguanjia_y81sj9\web\WEB\Runtime\Cache\Website\dcf670a0d8ae9eae59c5b9074dcec17c.php 第 84 行.
NOTIC: [8] Use of undefined constant id - assumed 'id' D:\wwwroot\yunguanjia_y81sj9\web\WEB\Runtime\Cache\Website\dcf670a0d8ae9eae59c5b9074dcec17c.php 第 87 行.
NOTIC: [8] Use of undefined constant id - assumed 'id' D:\wwwroot\yunguanjia_y81sj9\web\WEB\Runtime\Cache\Website\dcf670a0d8ae9eae59c5b9074dcec17c.php 第 88 行.
NOTIC: [8] Use of undefined constant id - assumed 'id' D:\wwwroot\yunguanjia_y81sj9\web\WEB\Runtime\Cache\Website\dcf670a0d8ae9eae59c5b9074dcec17c.php 第 89 行.
NOTIC: [8] Use of undefined constant Rbac - assumed 'Rbac' D:\wwwroot\yunguanjia_y81sj9\web\WEB\Runtime\Cache\Website\dcf670a0d8ae9eae59c5b9074dcec17c.php 第 94 行.
NOTIC: [8] Use of undefined constant Collect - assumed 'Collect' D:\wwwroot\yunguanjia_y81sj9\web\WEB\Runtime\Cache\Website\dcf670a0d8ae9eae59c5b9074dcec17c.php 第 102 行.
NOTIC: [8] Use of undefined constant Bak - assumed 'Bak' D:\wwwroot\yunguanjia_y81sj9\web\WEB\Runtime\Cache\Website\dcf670a0d8ae9eae59c5b9074dcec17c.php 第 102 行.
SQL: SHOW COLUMNS FROM `lj_cate` [ RunTime:0.0103s ]
SQL: SELECT `id`,`pid`,`name`,`model` FROM `lj_cate` ORDER BY sort ASC,id ASC  [ RunTime:0.0004s ]
INFO: [ view_parse ] --START--
INFO: [ template_filter ] --START--
INFO: Run Behavior\ContentReplaceBehavior [ RunTime:0.000062s ]
INFO: [ template_filter ] --END-- [ RunTime:-0.026616s ]
INFO: Run Behavior\ParseTemplateBehavior [ RunTime:0.008212s ]
INFO: [ view_parse ] --END-- [ RunTime:0.008286s ]
INFO: [ view_filter ] --START--
INFO: Run Behavior\WriteHtmlCacheBehavior [ RunTime:0.000852s ]
INFO: [ view_filter ] --END-- [ RunTime:0.000909s ]
NOTIC: [8] Undefined variable: searchg D:\wwwroot\yunguanjia_y81sj9\web\WEB\Runtime\Cache\Website\dcf670a0d8ae9eae59c5b9074dcec17c.php 第 218 行.
NOTIC: [8] Undefined index: attr D:\wwwroot\yunguanjia_y81sj9\web\WEB\Runtime\Cache\Website\dcf670a0d8ae9eae59c5b9074dcec17c.php 第 230 行.
NOTIC: [8] Undefined index: attr D:\wwwroot\yunguanjia_y81sj9\web\WEB\Runtime\Cache\Website\dcf670a0d8ae9eae59c5b9074dcec17c.php 第 230 行.
NOTIC: [8] Undefined index: attr D:\wwwroot\yunguanjia_y81sj9\web\WEB\Runtime\Cache\Website\dcf670a0d8ae9eae59c5b9074dcec17c.php 第 230 行.
INFO: Run Behavior\ParseTemplateBehavior [ RunTime:0.009704s ]
INFO: [ view_parse ] --END-- [ RunTime:0.008286s ]
INFO: [ view_filter ] --START--
INFO: Run Behavior\WriteHtmlCacheBehavior [ RunTime:0.000013s ]
INFO: [ view_filter ] --END-- [ RunTime:-0.000564s ]
INFO: [ app_end ] --START--
INFO: Run Behavior\ShowPageTraceBehavior [ RunTime:0.001186s ]
INFO: [ app_end ] --END-- [ RunTime:0.001246s ]

[ 2017-12-19T16:09:24+08:00 ] 111.178.7.207 /index.php/Website/Article/index/id/1.htm
INFO: [ app_init ] --START--
INFO: Run Behavior\BuildLiteBehavior [ RunTime:0.000019s ]
INFO: [ app_init ] --END-- [ RunTime:0.000755s ]
INFO: [ app_begin ] --START--
INFO: Run Behavior\ReadHtmlCacheBehavior [ RunTime:0.000892s ]
INFO: [ app_begin ] --END-- [ RunTime:0.000969s ]
NOTIC: [8192] mysql_connect(): The mysql extension is deprecated and will be removed in the future: use mysqli or PDO instead D:\wwwroot\yunguanjia_y81sj9\web\ThinkPHP\Library\Think\Session\Driver\Db.class.php 第 95 行.
NOTIC: [8] Use of undefined constant intval - assumed 'intval' D:\wwwroot\yunguanjia_y81sj9\web\WEB\Website\Controller\ArticleController.class.php 第 12 行.
SQL: SHOW COLUMNS FROM `lj_cate` [ RunTime:0.0107s ]
SQL: SELECT `name` FROM `lj_cate` WHERE `id` = 1 LIMIT 1   [ RunTime:0.0003s ]
SQL: SHOW COLUMNS FROM `lj_article` [ RunTime:0.0103s ]
SQL: SELECT COUNT(*) AS tp_count FROM `lj_article` WHERE `cid` = 1 AND `del` = 0 LIMIT 1   [ RunTime:0.0004s ]
SQL: SHOW COLUMNS FROM `lj_article` [ RunTime:0.0105s ]
SQL: SELECT `attrid`,`id`,`title`,`time`,`click`,`cid`,`author`,`tel`,`jf` FROM `lj_article` WHERE `cid` = 1 AND `del` = 0 ORDER BY id DESC  [ RunTime:0.0006s ]
SQL: SHOW COLUMNS FROM `lj_attr` [ RunTime:0.0102s ]
NOTIC: [8] Undefined index: mapping_order D:\wwwroot\yunguanjia_y81sj9\web\ThinkPHP\Library\Think\Model\RelationModel.class.php 第 186 行.
NOTIC: [8] Undefined index: mapping_limit D:\wwwroot\yunguanjia_y81sj9\web\ThinkPHP\Library\Think\Model\RelationModel.class.php 第 187 行.
SQL: SELECT b.* FROM lj_article_attr AS a, lj_attr AS b WHERE a.attrid = b.id AND a. artid='2' [ RunTime:0.0004s ]
INFO: [ view_parse ] --START--
INFO: [ template_filter ] --START--
INFO: Run Behavior\ContentReplaceBehavior [ RunTime:0.000261s ]
INFO: [ template_filter ] --END-- [ RunTime:0.000334s ]
NOTIC: [8] Use of undefined constant System - assumed 'System' D:\wwwroot\yunguanjia_y81sj9\web\WEB\Runtime\Cache\Website\5fc7964700616cb515f46215061c7f3a.php 第 67 行.
NOTIC: [8] Use of undefined constant Cate - assumed 'Cate' D:\wwwroot\yunguanjia_y81sj9\web\WEB\Runtime\Cache\Website\5fc7964700616cb515f46215061c7f3a.php 第 67 行.
NOTIC: [8] Use of undefined constant Assort - assumed 'Assort' D:\wwwroot\yunguanjia_y81sj9\web\WEB\Runtime\Cache\Website\5fc7964700616cb515f46215061c7f3a.php 第 67 行.
NOTIC: [8] Use of undefined constant Attr - assumed 'Attr' D:\wwwroot\yunguanjia_y81sj9\web\WEB\Runtime\Cache\Website\5fc7964700616cb515f46215061c7f3a.php 第 67 行.
NOTIC: [8] Use of undefined constant Link - assumed 'Link' D:\wwwroot\yunguanjia_y81sj9\web\WEB\Runtime\Cache\Website\5fc7964700616cb515f46215061c7f3a.php 第 67 行.
NOTIC: [8] Use of undefined constant Rbac - assumed 'Rbac' D:\wwwroot\yunguanjia_y81sj9\web\WEB\Runtime\Cache\Website\5fc7964700616cb515f46215061c7f3a.php 第 79 行.
NOTIC: [8] Use of undefined constant Member - assumed 'Member' D:\wwwroot\yunguanjia_y81sj9\web\WEB\Runtime\Cache\Website\5fc7964700616cb515f46215061c7f3a.php 第 79 行.
NOTIC: [8] Use of undefined constant Orders - assumed 'Orders' D:\wwwroot\yunguanjia_y81sj9\web\WEB\Runtime\Cache\Website\5fc7964700616cb515f46215061c7f3a.php 第 86 行.
NOTIC: [8] Use of undefined constant id - assumed 'id' D:\wwwroot\yunguanjia_y81sj9\web\WEB\Runtime\Cache\Website\5fc7964700616cb515f46215061c7f3a.php 第 89 行.
NOTIC: [8] Use of undefined constant id - assumed 'id' D:\wwwroot\yunguanjia_y81sj9\web\WEB\Runtime\Cache\Website\5fc7964700616cb515f46215061c7f3a.php 第 90 行.
NOTIC: [8] Use of undefined constant id - assumed 'id' D:\wwwroot\yunguanjia_y81sj9\web\WEB\Runtime\Cache\Website\5fc7964700616cb515f46215061c7f3a.php 第 91 行.
NOTIC: [8] Use of undefined constant Rbac - assumed 'Rbac' D:\wwwroot\yunguanjia_y81sj9\web\WEB\Runtime\Cache\Website\5fc7964700616cb515f46215061c7f3a.php 第 96 行.
NOTIC: [8] Use of undefined constant Collect - assumed 'Collect' D:\wwwroot\yunguanjia_y81sj9\web\WEB\Runtime\Cache\Website\5fc7964700616cb515f46215061c7f3a.php 第 104 行.
NOTIC: [8] Use of undefined constant Bak - assumed 'Bak' D:\wwwroot\yunguanjia_y81sj9\web\WEB\Runtime\Cache\Website\5fc7964700616cb515f46215061c7f3a.php 第 104 行.
SQL: SELECT `id`,`pid`,`name`,`model` FROM `lj_cate` ORDER BY sort ASC,id ASC  [ RunTime:0.0004s ]
INFO: [ view_parse ] --START--
INFO: [ template_filter ] --START--
INFO: Run Behavior\ContentReplaceBehavior [ RunTime:0.000067s ]
INFO: [ template_filter ] --END-- [ RunTime:-0.014003s ]
INFO: Run Behavior\ParseTemplateBehavior [ RunTime:0.008282s ]
INFO: [ view_parse ] --END-- [ RunTime:0.008356s ]
INFO: [ view_filter ] --START--
INFO: Run Behavior\WriteHtmlCacheBehavior [ RunTime:0.000498s ]
INFO: [ view_filter ] --END-- [ RunTime:0.000560s ]
INFO: Run Behavior\ParseTemplateBehavior [ RunTime:0.009232s ]
INFO: [ view_parse ] --END-- [ RunTime:0.008356s ]
INFO: [ view_filter ] --START--
INFO: Run Behavior\WriteHtmlCacheBehavior [ RunTime:0.000014s ]
INFO: [ view_filter ] --END-- [ RunTime:-0.000376s ]
INFO: [ app_end ] --START--
INFO: Run Behavior\ShowPageTraceBehavior [ RunTime:0.000931s ]
INFO: [ app_end ] --END-- [ RunTime:0.000999s ]

[ 2017-12-19T16:09:26+08:00 ] 111.178.7.207 /index.php/Website/Article/add/cid/1
INFO: [ app_init ] --START--
INFO: Run Behavior\BuildLiteBehavior [ RunTime:0.000023s ]
INFO: [ app_init ] --END-- [ RunTime:0.000821s ]
INFO: [ app_begin ] --START--
INFO: Run Behavior\ReadHtmlCacheBehavior [ RunTime:0.000908s ]
INFO: [ app_begin ] --END-- [ RunTime:0.000991s ]
NOTIC: [8192] mysql_connect(): The mysql extension is deprecated and will be removed in the future: use mysqli or PDO instead D:\wwwroot\yunguanjia_y81sj9\web\ThinkPHP\Library\Think\Session\Driver\Db.class.php 第 95 行.
NOTIC: [8] Use of undefined constant intval - assumed 'intval' D:\wwwroot\yunguanjia_y81sj9\web\WEB\Website\Controller\ArticleController.class.php 第 34 行.
SQL: SHOW COLUMNS FROM `lj_cate` [ RunTime:0.0107s ]
SQL: SELECT `name` FROM `lj_cate` WHERE `id` = 1 LIMIT 1   [ RunTime:0.0004s ]
SQL: SHOW COLUMNS FROM `lj_attr` [ RunTime:0.0101s ]
SQL: SELECT * FROM `lj_attr`  [ RunTime:0.0004s ]
INFO: [ view_parse ] --START--
INFO: [ template_filter ] --START--
INFO: Run Behavior\ContentReplaceBehavior [ RunTime:0.000349s ]
INFO: [ template_filter ] --END-- [ RunTime:0.000419s ]
NOTIC: [8] Use of undefined constant System - assumed 'System' D:\wwwroot\yunguanjia_y81sj9\web\WEB\Runtime\Cache\Website\65e398d4535f0bc97884af68bfefdb07.php 第 83 行.
NOTIC: [8] Use of undefined constant Cate - assumed 'Cate' D:\wwwroot\yunguanjia_y81sj9\web\WEB\Runtime\Cache\Website\65e398d4535f0bc97884af68bfefdb07.php 第 83 行.
NOTIC: [8] Use of undefined constant Assort - assumed 'Assort' D:\wwwroot\yunguanjia_y81sj9\web\WEB\Runtime\Cache\Website\65e398d4535f0bc97884af68bfefdb07.php 第 83 行.
NOTIC: [8] Use of undefined constant Attr - assumed 'Attr' D:\wwwroot\yunguanjia_y81sj9\web\WEB\Runtime\Cache\Website\65e398d4535f0bc97884af68bfefdb07.php 第 83 行.
NOTIC: [8] Use of undefined constant Link - assumed 'Link' D:\wwwroot\yunguanjia_y81sj9\web\WEB\Runtime\Cache\Website\65e398d4535f0bc97884af68bfefdb07.php 第 83 行.
NOTIC: [8] Use of undefined constant Rbac - assumed 'Rbac' D:\wwwroot\yunguanjia_y81sj9\web\WEB\Runtime\Cache\Website\65e398d4535f0bc97884af68bfefdb07.php 第 95 行.
NOTIC: [8] Use of undefined constant Member - assumed 'Member' D:\wwwroot\yunguanjia_y81sj9\web\WEB\Runtime\Cache\Website\65e398d4535f0bc97884af68bfefdb07.php 第 95 行.
NOTIC: [8] Use of undefined constant Orders - assumed 'Orders' D:\wwwroot\yunguanjia_y81sj9\web\WEB\Runtime\Cache\Website\65e398d4535f0bc97884af68bfefdb07.php 第 102 行.
NOTIC: [8] Use of undefined constant id - assumed 'id' D:\wwwroot\yunguanjia_y81sj9\web\WEB\Runtime\Cache\Website\65e398d4535f0bc97884af68bfefdb07.php 第 105 行.
NOTIC: [8] Use of undefined constant id - assumed 'id' D:\wwwroot\yunguanjia_y81sj9\web\WEB\Runtime\Cache\Website\65e398d4535f0bc97884af68bfefdb07.php 第 106 行.
NOTIC: [8] Use of undefined constant id - assumed 'id' D:\wwwroot\yunguanjia_y81sj9\web\WEB\Runtime\Cache\Website\65e398d4535f0bc97884af68bfefdb07.php 第 107 行.
NOTIC: [8] Use of undefined constant Rbac - assumed 'Rbac' D:\wwwroot\yunguanjia_y81sj9\web\WEB\Runtime\Cache\Website\65e398d4535f0bc97884af68bfefdb07.php 第 112 行.
NOTIC: [8] Use of undefined constant Collect - assumed 'Collect' D:\wwwroot\yunguanjia_y81sj9\web\WEB\Runtime\Cache\Website\65e398d4535f0bc97884af68bfefdb07.php 第 120 行.
NOTIC: [8] Use of undefined constant Bak - assumed 'Bak' D:\wwwroot\yunguanjia_y81sj9\web\WEB\Runtime\Cache\Website\65e398d4535f0bc97884af68bfefdb07.php 第 120 行.
SQL: SELECT `id`,`pid`,`name`,`model` FROM `lj_cate` ORDER BY sort ASC,id ASC  [ RunTime:0.0005s ]
INFO: [ view_parse ] --START--
INFO: [ template_filter ] --START--
INFO: Run Behavior\ContentReplaceBehavior [ RunTime:0.000063s ]
INFO: [ template_filter ] --END-- [ RunTime:-0.014398s ]
INFO: Run Behavior\ParseTemplateBehavior [ RunTime:0.007533s ]
INFO: [ view_parse ] --END-- [ RunTime:0.007606s ]
INFO: [ view_filter ] --START--
INFO: Run Behavior\WriteHtmlCacheBehavior [ RunTime:0.000574s ]
INFO: [ view_filter ] --END-- [ RunTime:0.000637s ]
INFO: Run Behavior\ParseTemplateBehavior [ RunTime:0.008464s ]
INFO: [ view_parse ] --END-- [ RunTime:0.007606s ]
INFO: [ view_filter ] --START--
INFO: Run Behavior\WriteHtmlCacheBehavior [ RunTime:0.000014s ]
INFO: [ view_filter ] --END-- [ RunTime:-0.000283s ]
INFO: [ app_end ] --START--
INFO: Run Behavior\ShowPageTraceBehavior [ RunTime:0.000940s ]
INFO: [ app_end ] --END-- [ RunTime:0.001003s ]

[ 2017-12-19T16:10:24+08:00 ] 111.178.7.207 /index.php/Website/Goods/index/id/4.htm
INFO: [ app_init ] --START--
INFO: Run Behavior\BuildLiteBehavior [ RunTime:0.000020s ]
INFO: [ app_init ] --END-- [ RunTime:0.000769s ]
INFO: [ app_begin ] --START--
INFO: Run Behavior\ReadHtmlCacheBehavior [ RunTime:0.000957s ]
INFO: [ app_begin ] --END-- [ RunTime:0.001034s ]
NOTIC: [8192] mysql_connect(): The mysql extension is deprecated and will be removed in the future: use mysqli or PDO instead D:\wwwroot\yunguanjia_y81sj9\web\ThinkPHP\Library\Think\Session\Driver\Db.class.php 第 95 行.
NOTIC: [8] Use of undefined constant intval - assumed 'intval' D:\wwwroot\yunguanjia_y81sj9\web\WEB\Website\Controller\GoodsController.class.php 第 11 行.
SQL: SHOW COLUMNS FROM `lj_cate` [ RunTime:0.0102s ]
SQL: SELECT `name` FROM `lj_cate` WHERE `id` = 4 LIMIT 1   [ RunTime:0.0003s ]
SQL: SHOW COLUMNS FROM `lj_goods` [ RunTime:0.0105s ]
SQL: SELECT COUNT(*) AS tp_count FROM `lj_goods` WHERE `cid` = 4 AND `del` = 0 LIMIT 1   [ RunTime:0.0003s ]
SQL: SELECT * FROM `lj_goods` WHERE `cid` = 4 AND `del` = 0  [ RunTime:0.0004s ]
INFO: [ view_parse ] --START--
INFO: [ template_filter ] --START--
INFO: Run Behavior\ContentReplaceBehavior [ RunTime:0.000181s ]
INFO: [ template_filter ] --END-- [ RunTime:0.000229s ]
NOTIC: [8] Use of undefined constant System - assumed 'System' D:\wwwroot\yunguanjia_y81sj9\web\WEB\Runtime\Cache\Website\24801c8a3e72a55afc2bf4a704130267.php 第 67 行.
NOTIC: [8] Use of undefined constant Cate - assumed 'Cate' D:\wwwroot\yunguanjia_y81sj9\web\WEB\Runtime\Cache\Website\24801c8a3e72a55afc2bf4a704130267.php 第 67 行.
NOTIC: [8] Use of undefined constant Assort - assumed 'Assort' D:\wwwroot\yunguanjia_y81sj9\web\WEB\Runtime\Cache\Website\24801c8a3e72a55afc2bf4a704130267.php 第 67 行.
NOTIC: [8] Use of undefined constant Attr - assumed 'Attr' D:\wwwroot\yunguanjia_y81sj9\web\WEB\Runtime\Cache\Website\24801c8a3e72a55afc2bf4a704130267.php 第 67 行.
NOTIC: [8] Use of undefined constant Link - assumed 'Link' D:\wwwroot\yunguanjia_y81sj9\web\WEB\Runtime\Cache\Website\24801c8a3e72a55afc2bf4a704130267.php 第 67 行.
NOTIC: [8] Use of undefined constant Rbac - assumed 'Rbac' D:\wwwroot\yunguanjia_y81sj9\web\WEB\Runtime\Cache\Website\24801c8a3e72a55afc2bf4a704130267.php 第 79 行.
NOTIC: [8] Use of undefined constant Member - assumed 'Member' D:\wwwroot\yunguanjia_y81sj9\web\WEB\Runtime\Cache\Website\24801c8a3e72a55afc2bf4a704130267.php 第 79 行.
NOTIC: [8] Use of undefined constant Orders - assumed 'Orders' D:\wwwroot\yunguanjia_y81sj9\web\WEB\Runtime\Cache\Website\24801c8a3e72a55afc2bf4a704130267.php 第 86 行.
NOTIC: [8] Use of undefined constant id - assumed 'id' D:\wwwroot\yunguanjia_y81sj9\web\WEB\Runtime\Cache\Website\24801c8a3e72a55afc2bf4a704130267.php 第 89 行.
NOTIC: [8] Use of undefined constant id - assumed 'id' D:\wwwroot\yunguanjia_y81sj9\web\WEB\Runtime\Cache\Website\24801c8a3e72a55afc2bf4a704130267.php 第 90 行.
NOTIC: [8] Use of undefined constant id - assumed 'id' D:\wwwroot\yunguanjia_y81sj9\web\WEB\Runtime\Cache\Website\24801c8a3e72a55afc2bf4a704130267.php 第 91 行.
NOTIC: [8] Use of undefined constant Rbac - assumed 'Rbac' D:\wwwroot\yunguanjia_y81sj9\web\WEB\Runtime\Cache\Website\24801c8a3e72a55afc2bf4a704130267.php 第 96 行.
NOTIC: [8] Use of undefined constant Collect - assumed 'Collect' D:\wwwroot\yunguanjia_y81sj9\web\WEB\Runtime\Cache\Website\24801c8a3e72a55afc2bf4a704130267.php 第 104 行.
NOTIC: [8] Use of undefined constant Bak - assumed 'Bak' D:\wwwroot\yunguanjia_y81sj9\web\WEB\Runtime\Cache\Website\24801c8a3e72a55afc2bf4a704130267.php 第 104 行.
SQL: SELECT `id`,`pid`,`name`,`model` FROM `lj_cate` ORDER BY sort ASC,id ASC  [ RunTime:0.0004s ]
INFO: [ view_parse ] --START--
INFO: [ template_filter ] --START--
INFO: Run Behavior\ContentReplaceBehavior [ RunTime:0.000066s ]
INFO: [ template_filter ] --END-- [ RunTime:-0.013666s ]
INFO: Run Behavior\ParseTemplateBehavior [ RunTime:0.007624s ]
INFO: [ view_parse ] --END-- [ RunTime:0.007698s ]
INFO: [ view_filter ] --START--
INFO: Run Behavior\WriteHtmlCacheBehavior [ RunTime:0.000536s ]
INFO: [ view_filter ] --END-- [ RunTime:0.000592s ]
INFO: Run Behavior\ParseTemplateBehavior [ RunTime:0.008424s ]
INFO: [ view_parse ] --END-- [ RunTime:0.007698s ]
INFO: [ view_filter ] --START--
INFO: Run Behavior\WriteHtmlCacheBehavior [ RunTime:0.000013s ]
INFO: [ view_filter ] --END-- [ RunTime:-0.000186s ]
INFO: [ app_end ] --START--
INFO: Run Behavior\ShowPageTraceBehavior [ RunTime:0.000887s ]
INFO: [ app_end ] --END-- [ RunTime:0.000948s ]

[ 2017-12-19T16:10:28+08:00 ] 111.178.7.207 /index.php/Website/Goods/add/cid/4
INFO: [ app_init ] --START--
INFO: Run Behavior\BuildLiteBehavior [ RunTime:0.000018s ]
INFO: [ app_init ] --END-- [ RunTime:0.000765s ]
INFO: [ app_begin ] --START--
INFO: Run Behavior\ReadHtmlCacheBehavior [ RunTime:0.000900s ]
INFO: [ app_begin ] --END-- [ RunTime:0.000977s ]
NOTIC: [8192] mysql_connect(): The mysql extension is deprecated and will be removed in the future: use mysqli or PDO instead D:\wwwroot\yunguanjia_y81sj9\web\ThinkPHP\Library\Think\Session\Driver\Db.class.php 第 95 行.
NOTIC: [8] Use of undefined constant intval - assumed 'intval' D:\wwwroot\yunguanjia_y81sj9\web\WEB\Website\Controller\GoodsController.class.php 第 31 行.
SQL: SHOW COLUMNS FROM `lj_cate` [ RunTime:0.0106s ]
SQL: SELECT `name` FROM `lj_cate` WHERE `id` = 4 LIMIT 1   [ RunTime:0.0003s ]
SQL: SHOW COLUMNS FROM `lj_class` [ RunTime:0.0106s ]
SQL: SELECT * FROM `lj_class`  [ RunTime:0.0003s ]
INFO: [ view_parse ] --START--
INFO: [ template_filter ] --START--
INFO: Run Behavior\ContentReplaceBehavior [ RunTime:0.000363s ]
INFO: [ template_filter ] --END-- [ RunTime:0.000431s ]
NOTIC: [8] Use of undefined constant System - assumed 'System' D:\wwwroot\yunguanjia_y81sj9\web\WEB\Runtime\Cache\Website\da229aa914883001d42f0e8912025ec0.php 第 90 行.
NOTIC: [8] Use of undefined constant Cate - assumed 'Cate' D:\wwwroot\yunguanjia_y81sj9\web\WEB\Runtime\Cache\Website\da229aa914883001d42f0e8912025ec0.php 第 90 行.
NOTIC: [8] Use of undefined constant Assort - assumed 'Assort' D:\wwwroot\yunguanjia_y81sj9\web\WEB\Runtime\Cache\Website\da229aa914883001d42f0e8912025ec0.php 第 90 行.
NOTIC: [8] Use of undefined constant Attr - assumed 'Attr' D:\wwwroot\yunguanjia_y81sj9\web\WEB\Runtime\Cache\Website\da229aa914883001d42f0e8912025ec0.php 第 90 行.
NOTIC: [8] Use of undefined constant Link - assumed 'Link' D:\wwwroot\yunguanjia_y81sj9\web\WEB\Runtime\Cache\Website\da229aa914883001d42f0e8912025ec0.php 第 90 行.
NOTIC: [8] Use of undefined constant Rbac - assumed 'Rbac' D:\wwwroot\yunguanjia_y81sj9\web\WEB\Runtime\Cache\Website\da229aa914883001d42f0e8912025ec0.php 第 102 行.
NOTIC: [8] Use of undefined constant Member - assumed 'Member' D:\wwwroot\yunguanjia_y81sj9\web\WEB\Runtime\Cache\Website\da229aa914883001d42f0e8912025ec0.php 第 102 行.
NOTIC: [8] Use of undefined constant Orders - assumed 'Orders' D:\wwwroot\yunguanjia_y81sj9\web\WEB\Runtime\Cache\Website\da229aa914883001d42f0e8912025ec0.php 第 109 行.
NOTIC: [8] Use of undefined constant id - assumed 'id' D:\wwwroot\yunguanjia_y81sj9\web\WEB\Runtime\Cache\Website\da229aa914883001d42f0e8912025ec0.php 第 112 行.
NOTIC: [8] Use of undefined constant id - assumed 'id' D:\wwwroot\yunguanjia_y81sj9\web\WEB\Runtime\Cache\Website\da229aa914883001d42f0e8912025ec0.php 第 113 行.
NOTIC: [8] Use of undefined constant id - assumed 'id' D:\wwwroot\yunguanjia_y81sj9\web\WEB\Runtime\Cache\Website\da229aa914883001d42f0e8912025ec0.php 第 114 行.
NOTIC: [8] Use of undefined constant Rbac - assumed 'Rbac' D:\wwwroot\yunguanjia_y81sj9\web\WEB\Runtime\Cache\Website\da229aa914883001d42f0e8912025ec0.php 第 119 行.
NOTIC: [8] Use of undefined constant Collect - assumed 'Collect' D:\wwwroot\yunguanjia_y81sj9\web\WEB\Runtime\Cache\Website\da229aa914883001d42f0e8912025ec0.php 第 127 行.
NOTIC: [8] Use of undefined constant Bak - assumed 'Bak' D:\wwwroot\yunguanjia_y81sj9\web\WEB\Runtime\Cache\Website\da229aa914883001d42f0e8912025ec0.php 第 127 行.
SQL: SELECT `id`,`pid`,`name`,`model` FROM `lj_cate` ORDER BY sort ASC,id ASC  [ RunTime:0.0004s ]
INFO: [ view_parse ] --START--
INFO: [ template_filter ] --START--
INFO: Run Behavior\ContentReplaceBehavior [ RunTime:0.000064s ]
INFO: [ template_filter ] --END-- [ RunTime:-0.014198s ]
INFO: Run Behavior\ParseTemplateBehavior [ RunTime:0.007624s ]
INFO: [ view_parse ] --END-- [ RunTime:0.007696s ]
INFO: [ view_filter ] --START--
INFO: Run Behavior\WriteHtmlCacheBehavior [ RunTime:0.000551s ]
INFO: [ view_filter ] --END-- [ RunTime:0.000605s ]
INFO: Run Behavior\ParseTemplateBehavior [ RunTime:0.008559s ]
INFO: [ view_parse ] --END-- [ RunTime:0.007696s ]
INFO: [ view_filter ] --START--
INFO: Run Behavior\WriteHtmlCacheBehavior [ RunTime:0.000013s ]
INFO: [ view_filter ] --END-- [ RunTime:-0.000323s ]
INFO: [ app_end ] --START--
INFO: Run Behavior\ShowPageTraceBehavior [ RunTime:0.000865s ]
INFO: [ app_end ] --END-- [ RunTime:0.000926s ]

